      "[I 2026-07-30 15:32:45,103] Trial 53 finished with value: 0.09513284660701427 and parameters: {'num_leaves': 19, 'min_data_in_leaf': 192, 'bagging_fraction': 0.8493375386937252, 'reg_alpha': 1.25761092032156, 'reg_lambda': 1.2665512583041045}. Best is trial 18 with value: 0.09632194587982865.\n",
      "[I 2026-07-30 15:32:54,951] Trial 54 finished with value: 0.09510597393238993 and parameters: {'num_leaves': 23, 'min_data_in_leaf': 184, 'bagging_fraction': 0.821190673712786, 'reg_alpha': 1.448761832018601, 'reg_lambda': 0.43461391572543595}. Best is trial 18 with value: 0.09632194587982865.\n",
      "[I 2026-07-30 15:33:04,914] Trial 55 finished with value: 0.09488400182186532 and parameters: {'num_leaves': 21, 'min_data_in_leaf': 189, 'bagging_fraction': 0.8315331510929559, 'reg_alpha': 1.2945232861764153, 'reg_lambda': 1.385065012940618}. Best is trial 18 with value: 0.09632194587982865.\n",
      "[I 2026-07-30 15:33:14,689] Trial 56 finished with value: 0.09540935962945737 and parameters: {'num_leaves': 17, 'min_data_in_leaf': 179, 'bagging_fraction': 0.7802278407003115, 'reg_alpha': 1.3991283948889048, 'reg_lambda': 0.09598059547546856}. Best is trial 18 with value: 0.09632194587982865.\n",
      "[I 2026-07-30 15:33:22,828] Trial 57 finished with value: 0.09300046981011031 and parameters: {'num_leaves': 24, 'min_data_in_leaf': 94, 'bagging_fraction': 0.7994734670218321, 'reg_alpha': 1.2235455181560435, 'reg_lambda': 1.4611275717906507}. Best is trial 18 with value: 0.09632194587982865.\n",
      "[I 2026-07-30 15:33:29,673] Trial 58 finished with value: 0.09160213203256702 and parameters: {'num_leaves': 19, 'min_data_in_leaf': 176, 'bagging_fraction': 0.7593827560794979, 'reg_alpha': 1.334502002072953, 'reg_lambda': 0.5571003075948207}. Best is trial 18 with value: 0.09632194587982865.\n",
      "[I 2026-07-30 15:33:36,776] Trial 59 finished with value: 0.09250284773259536 and parameters: {'num_leaves': 26, 'min_data_in_leaf': 168, 'bagging_fraction': 0.6321086062556903, 'reg_alpha': 1.1046505410476966, 'reg_lambda': 0.7552970523684915}. Best is trial 18 with value: 0.09632194587982865.\n",
      "[I 2026-07-30 15:33:45,714] Trial 60 finished with value: 0.09536578210064195 and parameters: {'num_leaves': 18, 'min_data_in_leaf': 164, 'bagging_fraction': 0.8189603135435538, 'reg_alpha': 1.496971147093364, 'reg_lambda': 0.9158165278548651}. Best is trial 18 with value: 0.09632194587982865.\n",
      "[I 2026-07-30 15:33:53,442] Trial 61 finished with value: 0.09242264818273911 and parameters: {'num_leaves': 15, 'min_data_in_leaf': 120, 'bagging_fraction': 0.7243982565621904, 'reg_alpha': 1.4458367263725806, 'reg_lambda': 1.2801227928317591}. Best is trial 18 with value: 0.09632194587982865.\n",
      "[I 2026-07-30 15:34:00,359] Trial 62 finished with value: 0.09222004435129669 and parameters: {'num_leaves': 11, 'min_data_in_leaf': 133, 'bagging_fraction': 0.7456331332083148, 'reg_alpha': 0.5267535164510133, 'reg_lambda': 1.1829626823539157}. Best is trial 18 with value: 0.09632194587982865.\n",
      "[I 2026-07-30 15:34:10,001] Trial 63 finished with value: 0.09437259809476184 and parameters: {'num_leaves': 14, 'min_data_in_leaf': 157, 'bagging_fraction': 0.7331061156711677, 'reg_alpha': 1.321115939383131, 'reg_lambda': 1.1084540316132423}. Best is trial 18 with value: 0.09632194587982865.\n",
      "[I 2026-07-30 15:34:20,216] Trial 64 finished with value: 0.09379153059066674 and parameters: {'num_leaves': 22, 'min_data_in_leaf': 102, 'bagging_fraction': 0.7514174421427755, 'reg_alpha': 0.5797920618641533, 'reg_lambda': 1.325892516447077}. Best is trial 18 with value: 0.09632194587982865.\n",
      "[I 2026-07-30 15:34:29,745] Trial 65 finished with value: 0.09490754297139306 and parameters: {'num_leaves': 13, 'min_data_in_leaf': 142, 'bagging_fraction': 0.7726170882919658, 'reg_alpha': 0.6893824936984246, 'reg_lambda': 0.5201237649270892}. Best is trial 18 with value: 0.09632194587982865.\n",
      "[I 2026-07-30 15:34:37,064] Trial 66 finished with value: 0.09122469962811867 and parameters: {'num_leaves': 9, 'min_data_in_leaf': 182, 'bagging_fraction': 0.8387262431516164, 'reg_alpha': 0.442655012315575, 'reg_lambda': 1.2179617862937657}. Best is trial 18 with value: 0.09632194587982865.\n",
      "[I 2026-07-30 15:34:44,670] Trial 67 finished with value: 0.09344526899512348 and parameters: {'num_leaves': 16, 'min_data_in_leaf': 148, 'bagging_fraction': 0.7842275126775052, 'reg_alpha': 0.8026883711442883, 'reg_lambda': 1.381643362075457}. Best is trial 18 with value: 0.09632194587982865.\n",
      "[I 2026-07-30 15:34:52,990] Trial 68 finished with value: 0.09433219264708452 and parameters: {'num_leaves': 20, 'min_data_in_leaf': 161, 'bagging_fraction': 0.7027314527826372, 'reg_alpha': 1.2302998581063882, 'reg_lambda': 0.6273033760637896}. Best is trial 18 with value: 0.09632194587982865.\n",
      "[I 2026-07-30 15:35:01,990] Trial 69 finished with value: 0.09611576303395149 and parameters: {'num_leaves': 21, 'min_data_in_leaf': 195, 'bagging_fraction': 0.8038435835500929, 'reg_alpha': 1.373384410593415, 'reg_lambda': 1.448549287646028}. Best is trial 18 with value: 0.09632194587982865.\n"
     ]
    },
    {
     "name": "stdout",
     "output_type": "stream",
     "text": [
      "[15:35:01] quality | LONG -> R2 0.0963\n",
      "[save_progress] Changes to be committed:\n",
      " M Week_8_results/lightgbm_sweep_final.json\n",
      "?? lgbm_final_reg_quality_LONG.db\n",
      "\n",
      "[main 8662d74] TPE REG Sweep completed: quality | LONG\n",
      " 2 files changed, 14 insertions(+)\n",
      " create mode 100644 lgbm_final_reg_quality_LONG.db\n",
      "[save_progress] Pulling latest from origin/main to check for divergence...\n",
      "PULL STDOUT: Already up to date.\n",
      "\n",
      "[save_progress] Successfully pushed to GitHub at 15:35:03\n"
     ]
    },
    {
     "name": "stderr",
     "output_type": "stream",
     "text": [
      "[I 2026-07-30 15:35:04,001] A new study created in RDB with name: lgbm_final_reg_quality_SHORT\n",
      "[I 2026-07-30 15:35:11,562] Trial 0 finished with value: 0.11068310349994459 and parameters: {'num_leaves': 16, 'min_data_in_leaf': 195, 'bagging_fraction': 0.7829984854528512, 'reg_alpha': 0.8979877262955549, 'reg_lambda': 0.23402796066365478}. Best is trial 0 with value: 0.11068310349994459.\n",
      "[I 2026-07-30 15:35:18,967] Trial 1 finished with value: 0.11060046607507264 and parameters: {'num_leaves': 10, 'min_data_in_leaf': 87, 'bagging_fraction': 0.8165440364437337, 'reg_alpha': 0.9016725176148133, 'reg_lambda': 1.0621088666940683}. Best is trial 0 with value: 0.11068310349994459.\n",
      "[I 2026-07-30 15:35:28,286] Trial 2 finished with value: 0.1100627473513569 and parameters: {'num_leaves': 7, 'min_data_in_leaf': 197, 'bagging_fraction': 0.8081106602001054, 'reg_alpha': 0.31850866601741423, 'reg_lambda': 0.2727374508106509}. Best is trial 0 with value: 0.11068310349994459.\n",
      "[I 2026-07-30 15:35:35,126] Trial 3 finished with value: 0.10963134827762924 and parameters: {'num_leaves': 11, 'min_data_in_leaf': 116, 'bagging_fraction': 0.7311891079080595, 'reg_alpha': 0.6479175279631737, 'reg_lambda': 0.43684371029706287}. Best is trial 0 with value: 0.11068310349994459.\n",
      "[I 2026-07-30 15:35:41,848] Trial 4 finished with value: 0.11066204530787967 and parameters: {'num_leaves': 22, 'min_data_in_leaf': 96, 'bagging_fraction': 0.6730361621338046, 'reg_alpha': 0.5495427649405376, 'reg_lambda': 0.6841049763255539}. Best is trial 0 with value: 0.11068310349994459.\n",
      "[I 2026-07-30 15:35:48,930] Trial 5 finished with value: 0.11110319635563355 and parameters: {'num_leaves': 26, 'min_data_in_leaf': 104, 'bagging_fraction': 0.7285586096034029, 'reg_alpha': 0.8886218532930636, 'reg_lambda': 0.06967561907999659}. Best is trial 5 with value: 0.11110319635563355.\n",
      "[I 2026-07-30 15:35:56,202] Trial 6 finished with value: 0.11150918384251815 and parameters: {'num_leaves': 22, 'min_data_in_leaf': 100, 'bagging_fraction': 0.6162628982463199, 'reg_alpha': 1.42332830588, 'reg_lambda': 1.448448049611839}. Best is trial 6 with value: 0.11150918384251815.\n",
      "[I 2026-07-30 15:36:03,490] Trial 7 finished with value: 0.11233563263828675 and parameters: {'num_leaves': 27, 'min_data_in_leaf': 116, 'bagging_fraction': 0.6244180285015959, 'reg_alpha': 1.0263495397682354, 'reg_lambda': 0.660228740609402}. Best is trial 7 with value: 0.11233563263828675.\n",
      "[I 2026-07-30 15:36:09,558] Trial 8 finished with value: 0.10681185463512025 and parameters: {'num_leaves': 10, 'min_data_in_leaf': 139, 'bagging_fraction': 0.6085971302788046, 'reg_alpha': 1.3639806031181732, 'reg_lambda': 0.3881699724000254}. Best is trial 7 with value: 0.11233563263828675.\n",
      "[I 2026-07-30 15:36:16,716] Trial 9 finished with value: 0.10983975392848182 and parameters: {'num_leaves': 23, 'min_data_in_leaf': 117, 'bagging_fraction': 0.7300170052944527, 'reg_alpha': 0.8200654190149195, 'reg_lambda': 0.27728168328829056}. Best is trial 7 with value: 0.11233563263828675.\n",
      "[I 2026-07-30 15:36:23,042] Trial 10 finished with value: 0.10850057364929049 and parameters: {'num_leaves': 31, 'min_data_in_leaf': 164, 'bagging_fraction': 0.6694742140625833, 'reg_alpha': 0.026942813422229483, 'reg_lambda': 0.8484196360221047}. Best is trial 7 with value: 0.11233563263828675.\n",
      "[I 2026-07-30 15:36:30,036] Trial 11 finished with value: 0.11103596723084072 and parameters: {'num_leaves': 29, 'min_data_in_leaf': 138, 'bagging_fraction': 0.6017730292832983, 'reg_alpha': 1.4709973700394472, 'reg_lambda': 1.4840983787011464}. Best is trial 7 with value: 0.11233563263828675.\n",
      "[I 2026-07-30 15:36:36,734] Trial 12 finished with value: 0.1111390629770013 and parameters: {'num_leaves': 20, 'min_data_in_leaf': 81, 'bagging_fraction': 0.6471303641353094, 'reg_alpha': 1.2326221884438224, 'reg_lambda': 1.4902032125659452}. Best is trial 7 with value: 0.11233563263828675.\n",
      "[I 2026-07-30 15:36:42,661] Trial 13 finished with value: 0.1073032729566425 and parameters: {'num_leaves': 26, 'min_data_in_leaf': 131, 'bagging_fraction': 0.6390272978541237, 'reg_alpha': 1.1468606984095293, 'reg_lambda': 1.099789218419312}. Best is trial 7 with value: 0.11233563263828675.\n",
      "[I 2026-07-30 15:36:49,207] Trial 14 finished with value: 0.11035581332039864 and parameters: {'num_leaves': 17, 'min_data_in_leaf': 112, 'bagging_fraction': 0.6364352589905092, 'reg_alpha': 1.169237607291361, 'reg_lambda': 1.1578860185701068}. Best is trial 7 with value: 0.11233563263828675.\n",
      "[I 2026-07-30 15:36:56,626] Trial 15 finished with value: 0.11032481092841226 and parameters: {'num_leaves': 26, 'min_data_in_leaf': 170, 'bagging_fraction': 0.6927197106162717, 'reg_alpha': 1.0713119847028256, 'reg_lambda': 0.6553930574351738}. Best is trial 7 with value: 0.11233563263828675.\n",
      "[I 2026-07-30 15:37:02,737] Trial 16 finished with value: 0.10976138020891571 and parameters: {'num_leaves': 17, 'min_data_in_leaf': 128, 'bagging_fraction': 0.6177520254530767, 'reg_alpha': 1.4965780412093181, 'reg_lambda': 1.2914510528521024}. Best is trial 7 with value: 0.11233563263828675.\n",
      "[I 2026-07-30 15:37:09,712] Trial 17 finished with value: 0.1106032108584349 and parameters: {'num_leaves': 23, 'min_data_in_leaf': 155, 'bagging_fraction': 0.6881999585475258, 'reg_alpha': 1.281188226491119, 'reg_lambda': 0.8699754350142687}. Best is trial 7 with value: 0.11233563263828675.\n",
      "[I 2026-07-30 15:37:17,493] Trial 18 finished with value: 0.11237447550260626 and parameters: {'num_leaves': 29, 'min_data_in_leaf': 97, 'bagging_fraction': 0.6513479904778116, 'reg_alpha': 1.0337337344772934, 'reg_lambda': 0.6359624105632746}. Best is trial 18 with value: 0.11237447550260626.\n",
      "[I 2026-07-30 15:37:25,349] Trial 19 finished with value: 0.11332240957071567 and parameters: {'num_leaves': 29, 'min_data_in_leaf': 90, 'bagging_fraction': 0.650224240551458, 'reg_alpha': 0.5824060118508949, 'reg_lambda': 0.5903181388009516}. Best is trial 19 with value: 0.11332240957071567.\n",
      "[I 2026-07-30 15:37:33,300] Trial 20 finished with value: 0.1115068977531077 and parameters: {'num_leaves': 31, 'min_data_in_leaf': 91, 'bagging_fraction': 0.7062280217783077, 'reg_alpha': 0.3715508637708874, 'reg_lambda': 0.5146415905975887}. Best is trial 19 with value: 0.11332240957071567.\n",
      "[I 2026-07-30 15:37:41,026] Trial 21 finished with value: 0.1133339525984304 and parameters: {'num_leaves': 28, 'min_data_in_leaf': 80, 'bagging_fraction': 0.6558499308345014, 'reg_alpha': 0.6895534069118407, 'reg_lambda': 0.6469761555423345}. Best is trial 21 with value: 0.1133339525984304.\n",
      "[I 2026-07-30 15:37:47,999] Trial 22 finished with value: 0.10995400890326221 and parameters: {'num_leaves': 29, 'min_data_in_leaf': 80, 'bagging_fraction': 0.6529996565278486, 'reg_alpha': 0.6736651074731526, 'reg_lambda': 0.8394213448969016}. Best is trial 21 with value: 0.1133339525984304.\n",
      "[I 2026-07-30 15:37:55,407] Trial 23 finished with value: 0.11180368259386537 and parameters: {'num_leaves': 28, 'min_data_in_leaf': 104, 'bagging_fraction': 0.6644879423343893, 'reg_alpha': 0.4912358814642314, 'reg_lambda': 0.5541473761752462}. Best is trial 21 with value: 0.1133339525984304.\n",
      "[I 2026-07-30 15:38:03,313] Trial 24 finished with value: 0.1125732392472915 and parameters: {'num_leaves': 31, 'min_data_in_leaf': 91, 'bagging_fraction': 0.7032921039287018, 'reg_alpha': 0.7354760308982581, 'reg_lambda': 0.7616168032173846}. Best is trial 21 with value: 0.1133339525984304.\n",
      "[I 2026-07-30 15:38:10,357] Trial 25 finished with value: 0.11142525601155714 and parameters: {'num_leaves': 31, 'min_data_in_leaf': 88, 'bagging_fraction': 0.7522783536292925, 'reg_alpha': 0.7708723393334553, 'reg_lambda': 0.9471699604053119}. Best is trial 21 with value: 0.1133339525984304.\n",
      "[I 2026-07-30 15:38:17,795] Trial 26 finished with value: 0.110894338823495 and parameters: {'num_leaves': 25, 'min_data_in_leaf': 80, 'bagging_fraction': 0.707256975337515, 'reg_alpha': 0.30204543138432416, 'reg_lambda': 0.7851056485723477}. Best is trial 21 with value: 0.1133339525984304.\n",
      "[I 2026-07-30 15:38:25,726] Trial 27 finished with value: 0.11241855196470127 and parameters: {'num_leaves': 29, 'min_data_in_leaf': 105, 'bagging_fraction': 0.7581575981905796, 'reg_alpha': 0.48378771102448914, 'reg_lambda': 0.9925164139434448}. Best is trial 21 with value: 0.1133339525984304.\n",
      "[I 2026-07-30 15:38:33,492] Trial 28 finished with value: 0.11125730376011647 and parameters: {'num_leaves': 30, 'min_data_in_leaf': 92, 'bagging_fraction': 0.8490563461013113, 'reg_alpha': 0.1745446860226696, 'reg_lambda': 0.7760288478210999}. Best is trial 21 with value: 0.1133339525984304.\n",
      "[I 2026-07-30 15:38:40,330] Trial 29 finished with value: 0.10737608294893361 and parameters: {'num_leaves': 24, 'min_data_in_leaf': 184, 'bagging_fraction': 0.6848677524608542, 'reg_alpha': 0.6695981442302567, 'reg_lambda': 0.010649447925208166}. Best is trial 21 with value: 0.1133339525984304.\n",
      "[I 2026-07-30 15:38:46,913] Trial 30 finished with value: 0.11039595737656982 and parameters: {'num_leaves': 20, 'min_data_in_leaf': 110, 'bagging_fraction': 0.7066913263353947, 'reg_alpha': 0.5527856727093062, 'reg_lambda': 0.3997185223585472}. Best is trial 21 with value: 0.1133339525984304.\n",
      "[I 2026-07-30 15:38:53,298] Trial 31 finished with value: 0.10934478785497681 and parameters: {'num_leaves': 28, 'min_data_in_leaf': 106, 'bagging_fraction': 0.7704097312067941, 'reg_alpha': 0.45134572511463716, 'reg_lambda': 0.9538870958964439}. Best is trial 21 with value: 0.1133339525984304.\n",
      "[I 2026-07-30 15:39:00,325] Trial 32 finished with value: 0.11042943336862991 and parameters: {'num_leaves': 28, 'min_data_in_leaf': 88, 'bagging_fraction': 0.7538777028506207, 'reg_alpha': 0.7636957758128395, 'reg_lambda': 0.9782587152972497}. Best is trial 21 with value: 0.1133339525984304.\n",
      "[I 2026-07-30 15:39:07,510] Trial 33 finished with value: 0.11103918995588007 and parameters: {'num_leaves': 27, 'min_data_in_leaf': 124, 'bagging_fraction': 0.7871097111293629, 'reg_alpha': 0.6012298219777813, 'reg_lambda': 0.5495689608328522}. Best is trial 21 with value: 0.1133339525984304.\n",
      "[I 2026-07-30 15:39:15,601] Trial 34 finished with value: 0.11158419797587363 and parameters: {'num_leaves': 30, 'min_data_in_leaf': 96, 'bagging_fraction': 0.7975323831363105, 'reg_alpha': 0.4428715563879203, 'reg_lambda': 1.2222408607588282}. Best is trial 21 with value: 0.1133339525984304.\n",
      "[I 2026-07-30 15:39:23,320] Trial 35 finished with value: 0.11338907054594934 and parameters: {'num_leaves': 30, 'min_data_in_leaf': 88, 'bagging_fraction': 0.7506353740923241, 'reg_alpha': 0.9024642899724764, 'reg_lambda': 0.7336157389022817}. Best is trial 35 with value: 0.11338907054594934.\n",
      "[I 2026-07-30 15:39:30,552] Trial 36 finished with value: 0.11228987547018879 and parameters: {'num_leaves': 31, 'min_data_in_leaf': 86, 'bagging_fraction': 0.7176200364234693, 'reg_alpha': 0.9557128350250567, 'reg_lambda': 0.7576587443531212}. Best is trial 35 with value: 0.11338907054594934.\n",
      "[I 2026-07-30 15:39:39,094] Trial 37 finished with value: 0.11263124471053873 and parameters: {'num_leaves': 25, 'min_data_in_leaf': 95, 'bagging_fraction': 0.7447925519202514, 'reg_alpha': 0.8541561151189463, 'reg_lambda': 0.46693462743264047}. Best is trial 35 with value: 0.11338907054594934.\n",
      "[I 2026-07-30 15:39:46,229] Trial 38 finished with value: 0.11251700937454205 and parameters: {'num_leaves': 13, 'min_data_in_leaf': 97, 'bagging_fraction': 0.8259641769808572, 'reg_alpha': 0.8947394616518004, 'reg_lambda': 0.31873583962141444}. Best is trial 35 with value: 0.11338907054594934.\n",
      "[I 2026-07-30 15:39:54,768] Trial 39 finished with value: 0.11166547202454377 and parameters: {'num_leaves': 7, 'min_data_in_leaf': 86, 'bagging_fraction': 0.7360012000221191, 'reg_alpha': 0.844268364594561, 'reg_lambda': 0.4777894751695725}. Best is trial 35 with value: 0.11338907054594934.\n",
      "[I 2026-07-30 15:40:03,115] Trial 40 finished with value: 0.11195191668128432 and parameters: {'num_leaves': 25, 'min_data_in_leaf': 101, 'bagging_fraction': 0.7710575666798437, 'reg_alpha': 0.9740061824946572, 'reg_lambda': 0.5955184132030511}. Best is trial 35 with value: 0.11338907054594934.\n",
      "[I 2026-07-30 15:40:10,465] Trial 41 finished with value: 0.11291275254816643 and parameters: {'num_leaves': 27, 'min_data_in_leaf': 93, 'bagging_fraction': 0.7409650283455012, 'reg_alpha': 0.754022234965901, 'reg_lambda': 0.17582309744536223}. Best is trial 35 with value: 0.11338907054594934.\n",
      "[I 2026-07-30 15:40:19,043] Trial 42 finished with value: 0.11393877489336705 and parameters: {'num_leaves': 25, 'min_data_in_leaf': 85, 'bagging_fraction': 0.7385686972543752, 'reg_alpha': 0.7191744466654904, 'reg_lambda': 0.19778818913000423}. Best is trial 42 with value: 0.11393877489336705.\n",
      "[I 2026-07-30 15:40:25,895] Trial 43 finished with value: 0.11192856616077726 and parameters: {'num_leaves': 21, 'min_data_in_leaf': 85, 'bagging_fraction': 0.7695286846856983, 'reg_alpha': 0.6101470361231982, 'reg_lambda': 0.16405350053473733}. Best is trial 42 with value: 0.11393877489336705.\n",
      "[I 2026-07-30 15:40:32,947] Trial 44 finished with value: 0.11272139866504197 and parameters: {'num_leaves': 27, 'min_data_in_leaf': 80, 'bagging_fraction': 0.7236095170700604, 'reg_alpha': 0.7172205568447791, 'reg_lambda': 0.1837771173104546}. Best is trial 42 with value: 0.11393877489336705.\n",
      "[I 2026-07-30 15:40:41,951] Trial 45 finished with value: 0.11309518214139931 and parameters: {'num_leaves': 24, 'min_data_in_leaf': 100, 'bagging_fraction': 0.7386961357045784, 'reg_alpha': 0.5550077401235802, 'reg_lambda': 0.08384803356878359}. Best is trial 42 with value: 0.11393877489336705.\n",
      "[I 2026-07-30 15:40:48,810] Trial 46 finished with value: 0.11286401429933801 and parameters: {'num_leaves': 23, 'min_data_in_leaf': 110, 'bagging_fraction': 0.6769668536586163, 'reg_alpha': 0.5785735606259239, 'reg_lambda': 0.09827407132044187}. Best is trial 42 with value: 0.11393877489336705.\n",
      "[I 2026-07-30 15:40:55,517] Trial 47 finished with value: 0.1122921743830387 and parameters: {'num_leaves': 24, 'min_data_in_leaf': 119, 'bagging_fraction': 0.6287339086563986, 'reg_alpha': 0.34570069888572186, 'reg_lambda': 0.3323219098156289}. Best is trial 42 with value: 0.11393877489336705.\n",
      "[I 2026-07-30 15:41:01,451] Trial 48 finished with value: 0.10839015749523866 and parameters: {'num_leaves': 22, 'min_data_in_leaf': 100, 'bagging_fraction': 0.6624914057708337, 'reg_alpha': 0.25864457284713105, 'reg_lambda': 0.25471221761783625}. Best is trial 42 with value: 0.11393877489336705.\n",
      "[I 2026-07-30 15:41:08,349] Trial 49 finished with value: 0.10984435584259407 and parameters: {'num_leaves': 26, 'min_data_in_leaf': 85, 'bagging_fraction': 0.7187285445992591, 'reg_alpha': 0.6566116391722808, 'reg_lambda': 0.07955587526648358}. Best is trial 42 with value: 0.11393877489336705.\n",
      "[I 2026-07-30 15:41:16,464] Trial 50 finished with value: 0.11300515952710766 and parameters: {'num_leaves': 19, 'min_data_in_leaf': 99, 'bagging_fraction': 0.8062524693534201, 'reg_alpha': 0.8110041984776752, 'reg_lambda': 0.7068445196021351}. Best is trial 42 with value: 0.11393877489336705.\n",
      "[I 2026-07-30 15:41:24,047] Trial 51 finished with value: 0.11317410642267875 and parameters: {'num_leaves': 16, 'min_data_in_leaf': 99, 'bagging_fraction': 0.8149985647422611, 'reg_alpha': 0.9435472947174071, 'reg_lambda': 0.706340130414369}. Best is trial 42 with value: 0.11393877489336705.\n",
