      "[I 2026-07-30 15:41:30,884] Trial 52 finished with value: 0.11203004747833496 and parameters: {'num_leaves': 13, 'min_data_in_leaf': 91, 'bagging_fraction': 0.8468677164024692, 'reg_alpha': 0.9848045647315091, 'reg_lambda': 0.6848424376870208}. Best is trial 42 with value: 0.11393877489336705.\n",
      "[I 2026-07-30 15:41:39,687] Trial 53 finished with value: 0.1122617757438907 and parameters: {'num_leaves': 12, 'min_data_in_leaf': 107, 'bagging_fraction': 0.8191415565924676, 'reg_alpha': 0.9210838323542285, 'reg_lambda': 0.8591149681726862}. Best is trial 42 with value: 0.11393877489336705.\n",
      "[I 2026-07-30 15:41:46,910] Trial 54 finished with value: 0.11312147503573419 and parameters: {'num_leaves': 15, 'min_data_in_leaf': 102, 'bagging_fraction': 0.8323624154918383, 'reg_alpha': 0.5323556005673313, 'reg_lambda': 0.5741633395816793}. Best is trial 42 with value: 0.11393877489336705.\n",
      "[I 2026-07-30 15:41:55,141] Trial 55 finished with value: 0.11389822041484372 and parameters: {'num_leaves': 15, 'min_data_in_leaf': 82, 'bagging_fraction': 0.839925239703698, 'reg_alpha': 0.7012501798624021, 'reg_lambda': 0.6027318297810296}. Best is trial 42 with value: 0.11393877489336705.\n",
      "[I 2026-07-30 15:42:01,152] Trial 56 finished with value: 0.10944648310450285 and parameters: {'num_leaves': 15, 'min_data_in_leaf': 84, 'bagging_fraction': 0.8348943465897961, 'reg_alpha': 1.1264498530103841, 'reg_lambda': 0.6179507838037371}. Best is trial 42 with value: 0.11393877489336705.\n",
      "[I 2026-07-30 15:42:07,462] Trial 57 finished with value: 0.10779381285573497 and parameters: {'num_leaves': 9, 'min_data_in_leaf': 89, 'bagging_fraction': 0.8024571246888602, 'reg_alpha': 0.7038351332920381, 'reg_lambda': 0.7268566072306837}. Best is trial 42 with value: 0.11393877489336705.\n",
      "[I 2026-07-30 15:42:15,189] Trial 58 finished with value: 0.11276021718430507 and parameters: {'num_leaves': 18, 'min_data_in_leaf': 83, 'bagging_fraction': 0.8163192224436477, 'reg_alpha': 1.0826958376866471, 'reg_lambda': 0.5078991464919628}. Best is trial 42 with value: 0.11393877489336705.\n",
      "[I 2026-07-30 15:42:22,725] Trial 59 finished with value: 0.11350963606745142 and parameters: {'num_leaves': 16, 'min_data_in_leaf': 94, 'bagging_fraction': 0.7907202365849415, 'reg_alpha': 0.7941491930361013, 'reg_lambda': 0.8976624660208807}. Best is trial 42 with value: 0.11393877489336705.\n",
      "[I 2026-07-30 15:42:30,302] Trial 60 finished with value: 0.11150167266681892 and parameters: {'num_leaves': 30, 'min_data_in_leaf': 94, 'bagging_fraction': 0.794062118647376, 'reg_alpha': 0.8022771773336734, 'reg_lambda': 0.9158165278548651}. Best is trial 42 with value: 0.11393877489336705.\n",
      "[I 2026-07-30 15:42:40,102] Trial 61 finished with value: 0.1136259919851715 and parameters: {'num_leaves': 16, 'min_data_in_leaf': 89, 'bagging_fraction': 0.8130858972893911, 'reg_alpha': 0.8605891124832884, 'reg_lambda': 1.035392908153025}. Best is trial 42 with value: 0.11393877489336705.\n",
      "[I 2026-07-30 15:42:48,314] Trial 62 finished with value: 0.11381539435700624 and parameters: {'num_leaves': 14, 'min_data_in_leaf': 89, 'bagging_fraction': 0.8377998071980389, 'reg_alpha': 0.8606329719794801, 'reg_lambda': 1.0909298881882492}. Best is trial 42 with value: 0.11393877489336705.\n",
      "[I 2026-07-30 15:42:57,365] Trial 63 finished with value: 0.11482269345045952 and parameters: {'num_leaves': 14, 'min_data_in_leaf': 80, 'bagging_fraction': 0.8428379110543555, 'reg_alpha': 0.8804706911380349, 'reg_lambda': 1.0698976565754132}. Best is trial 63 with value: 0.11482269345045952.\n",
      "[I 2026-07-30 15:43:05,449] Trial 64 finished with value: 0.11328395275622774 and parameters: {'num_leaves': 14, 'min_data_in_leaf': 89, 'bagging_fraction': 0.8416017679414974, 'reg_alpha': 0.8666645000142763, 'reg_lambda': 1.059371199574974}. Best is trial 63 with value: 0.11482269345045952.\n",
      "[I 2026-07-30 15:43:14,006] Trial 65 finished with value: 0.11292985962225521 and parameters: {'num_leaves': 17, 'min_data_in_leaf': 83, 'bagging_fraction': 0.830457122812312, 'reg_alpha': 1.0083551308699956, 'reg_lambda': 1.0774431589912181}. Best is trial 63 with value: 0.11482269345045952.\n",
      "[I 2026-07-30 15:43:22,871] Trial 66 finished with value: 0.11110671029424186 and parameters: {'num_leaves': 11, 'min_data_in_leaf': 94, 'bagging_fraction': 0.8248104021281135, 'reg_alpha': 0.8973157585044598, 'reg_lambda': 1.1702433744532792}. Best is trial 63 with value: 0.11482269345045952.\n",
      "[I 2026-07-30 15:43:29,348] Trial 67 finished with value: 0.11065029586622692 and parameters: {'num_leaves': 16, 'min_data_in_leaf': 88, 'bagging_fraction': 0.8405655363332635, 'reg_alpha': 0.804299138208851, 'reg_lambda': 1.3199966665162814}. Best is trial 63 with value: 0.11482269345045952.\n",
      "[I 2026-07-30 15:43:37,091] Trial 68 finished with value: 0.11081606653328968 and parameters: {'num_leaves': 15, 'min_data_in_leaf': 83, 'bagging_fraction': 0.7775623240322553, 'reg_alpha': 1.0695393246966771, 'reg_lambda': 1.051549603773285}. Best is trial 63 with value: 0.11482269345045952.\n",
      "[I 2026-07-30 15:43:46,162] Trial 69 finished with value: 0.11109254513961198 and parameters: {'num_leaves': 14, 'min_data_in_leaf': 92, 'bagging_fraction': 0.812119109240599, 'reg_alpha': 0.6349576192067308, 'reg_lambda': 1.1304887297066295}. Best is trial 63 with value: 0.11482269345045952.\n"
     ]
    },
    {
     "name": "stdout",
     "output_type": "stream",
     "text": [
      "[15:43:46] quality | SHORT -> R2 0.1148\n",
      "[save_progress] Changes to be committed:\n",
      " M Week_8_results/lightgbm_sweep_final.json\n",
      "?? lgbm_final_reg_quality_SHORT.db\n",
      "\n",
      "[main 48788c3] TPE REG Sweep completed: quality | SHORT\n",
      " 2 files changed, 14 insertions(+)\n",
      " create mode 100644 lgbm_final_reg_quality_SHORT.db\n",
      "[save_progress] Pulling latest from origin/main to check for divergence...\n",
      "PULL STDOUT: Already up to date.\n",
      "\n",
      "[save_progress] Successfully pushed to GitHub at 15:43:48\n"
     ]
    },
    {
     "name": "stderr",
     "output_type": "stream",
     "text": [
      "[I 2026-07-30 15:43:49,132] A new study created in RDB with name: lgbm_final_reg_danger_LONG\n",
      "[I 2026-07-30 15:44:00,430] Trial 0 finished with value: 0.5711025081077934 and parameters: {'num_leaves': 16, 'min_data_in_leaf': 39, 'bagging_fraction': 0.7829984854528512, 'reg_alpha': 0.5986584841970366, 'reg_lambda': 0.15601864044243652}. Best is trial 0 with value: 0.5711025081077934.\n",
      "[I 2026-07-30 15:44:19,280] Trial 1 finished with value: 0.57983785315885 and parameters: {'num_leaves': 10, 'min_data_in_leaf': 11, 'bagging_fraction': 0.8165440364437337, 'reg_alpha': 0.6011150117432088, 'reg_lambda': 0.7080725777960455}. Best is trial 1 with value: 0.57983785315885.\n",
      "[I 2026-07-30 15:44:32,919] Trial 2 finished with value: 0.5739694383082754 and parameters: {'num_leaves': 7, 'min_data_in_leaf': 40, 'bagging_fraction': 0.8081106602001054, 'reg_alpha': 0.21233911067827616, 'reg_lambda': 0.18182496720710062}. Best is trial 1 with value: 0.57983785315885.\n",
      "[I 2026-07-30 15:44:50,936] Trial 3 finished with value: 0.5771071754152286 and parameters: {'num_leaves': 11, 'min_data_in_leaf': 19, 'bagging_fraction': 0.7311891079080595, 'reg_alpha': 0.43194501864211576, 'reg_lambda': 0.2912291401980419}. Best is trial 1 with value: 0.57983785315885.\n",
      "[I 2026-07-30 15:45:02,589] Trial 4 finished with value: 0.5758006062130535 and parameters: {'num_leaves': 22, 'min_data_in_leaf': 14, 'bagging_fraction': 0.6730361621338046, 'reg_alpha': 0.3663618432936917, 'reg_lambda': 0.45606998421703593}. Best is trial 1 with value: 0.57983785315885.\n",
      "[I 2026-07-30 15:45:16,513] Trial 5 finished with value: 0.5749372764659144 and parameters: {'num_leaves': 26, 'min_data_in_leaf': 16, 'bagging_fraction': 0.7285586096034029, 'reg_alpha': 0.5924145688620425, 'reg_lambda': 0.046450412719997725}. Best is trial 1 with value: 0.57983785315885.\n",
      "[I 2026-07-30 15:45:30,153] Trial 6 finished with value: 0.5760475212756226 and parameters: {'num_leaves': 22, 'min_data_in_leaf': 15, 'bagging_fraction': 0.6162628982463199, 'reg_alpha': 0.9488855372533332, 'reg_lambda': 0.9656320330745594}. Best is trial 1 with value: 0.57983785315885.\n",
      "[I 2026-07-30 15:45:44,987] Trial 7 finished with value: 0.5749245602724418 and parameters: {'num_leaves': 27, 'min_data_in_leaf': 19, 'bagging_fraction': 0.6244180285015959, 'reg_alpha': 0.6842330265121569, 'reg_lambda': 0.4401524937396013}. Best is trial 1 with value: 0.57983785315885.\n",
      "[I 2026-07-30 15:45:59,857] Trial 8 finished with value: 0.5768853640018683 and parameters: {'num_leaves': 10, 'min_data_in_leaf': 25, 'bagging_fraction': 0.6085971302788046, 'reg_alpha': 0.9093204020787821, 'reg_lambda': 0.2587799816000169}. Best is trial 1 with value: 0.57983785315885.\n",
      "[I 2026-07-30 15:46:13,562] Trial 9 finished with value: 0.5756015124545706 and parameters: {'num_leaves': 23, 'min_data_in_leaf': 19, 'bagging_fraction': 0.7300170052944527, 'reg_alpha': 0.5467102793432796, 'reg_lambda': 0.18485445552552704}. Best is trial 1 with value: 0.57983785315885.\n",
      "[I 2026-07-30 15:46:28,371] Trial 10 finished with value: 0.5756701370309014 and parameters: {'num_leaves': 16, 'min_data_in_leaf': 31, 'bagging_fraction': 0.8423842776969664, 'reg_alpha': 0.017961875614819656, 'reg_lambda': 0.9740484042425333}. Best is trial 1 with value: 0.57983785315885.\n",
      "[I 2026-07-30 15:46:41,502] Trial 11 finished with value: 0.5773662759718017 and parameters: {'num_leaves': 13, 'min_data_in_leaf': 10, 'bagging_fraction': 0.7560208817930912, 'reg_alpha': 0.4067737164788682, 'reg_lambda': 0.7384055447250208}. Best is trial 1 with value: 0.57983785315885.\n",
      "[I 2026-07-30 15:46:59,370] Trial 12 finished with value: 0.5793326671922682 and parameters: {'num_leaves': 15, 'min_data_in_leaf': 10, 'bagging_fraction': 0.7765076138554214, 'reg_alpha': 0.7367533385070218, 'reg_lambda': 0.7359307233974031}. Best is trial 1 with value: 0.57983785315885.\n",
      "[I 2026-07-30 15:47:17,894] Trial 13 finished with value: 0.5769379398507176 and parameters: {'num_leaves': 17, 'min_data_in_leaf': 10, 'bagging_fraction': 0.8491486634009169, 'reg_alpha': 0.7814588266133906, 'reg_lambda': 0.7242393339184411}. Best is trial 1 with value: 0.57983785315885.\n",
      "[I 2026-07-30 15:47:31,805] Trial 14 finished with value: 0.5774150546874123 and parameters: {'num_leaves': 8, 'min_data_in_leaf': 10, 'bagging_fraction': 0.7946008482921455, 'reg_alpha': 0.7894770663194648, 'reg_lambda': 0.734795371617933}. Best is trial 1 with value: 0.57983785315885.\n",
      "[I 2026-07-30 15:47:49,173] Trial 15 finished with value: 0.5732573637293691 and parameters: {'num_leaves': 31, 'min_data_in_leaf': 24, 'bagging_fraction': 0.818398810154, 'reg_alpha': 0.8403982841668179, 'reg_lambda': 0.5837011097308827}. Best is trial 1 with value: 0.57983785315885.\n",
      "[I 2026-07-30 15:48:05,204] Trial 16 finished with value: 0.5779811068858132 and parameters: {'num_leaves': 13, 'min_data_in_leaf': 13, 'bagging_fraction': 0.760501178483847, 'reg_alpha': 0.7003952984630476, 'reg_lambda': 0.8439801017111948}. Best is trial 1 with value: 0.57983785315885.\n",
      "[I 2026-07-30 15:48:17,772] Trial 17 finished with value: 0.5777948644378317 and parameters: {'num_leaves': 18, 'min_data_in_leaf': 13, 'bagging_fraction': 0.6758615752221395, 'reg_alpha': 0.2943563711364206, 'reg_lambda': 0.5688324382285095}. Best is trial 1 with value: 0.57983785315885.\n",
      "[I 2026-07-30 15:48:35,359] Trial 18 finished with value: 0.5760637434091441 and parameters: {'num_leaves': 13, 'min_data_in_leaf': 23, 'bagging_fraction': 0.7732934132328221, 'reg_alpha': 0.5019070569584758, 'reg_lambda': 0.6097012467334685}. Best is trial 1 with value: 0.57983785315885.\n",
      "[I 2026-07-30 15:48:52,360] Trial 19 finished with value: 0.577169336011224 and parameters: {'num_leaves': 19, 'min_data_in_leaf': 17, 'bagging_fraction': 0.6719773248662659, 'reg_alpha': 0.6671966530274103, 'reg_lambda': 0.8405216523510918}. Best is trial 1 with value: 0.57983785315885.\n",
      "[I 2026-07-30 15:49:07,896] Trial 20 finished with value: 0.5794597114770086 and parameters: {'num_leaves': 10, 'min_data_in_leaf': 12, 'bagging_fraction': 0.8195790820427058, 'reg_alpha': 0.977266465595078, 'reg_lambda': 0.447458020946786}. Best is trial 1 with value: 0.57983785315885.\n",
      "[I 2026-07-30 15:49:23,249] Trial 21 finished with value: 0.5793821421652774 and parameters: {'num_leaves': 10, 'min_data_in_leaf': 12, 'bagging_fraction': 0.8283722598660525, 'reg_alpha': 0.8631604529282944, 'reg_lambda': 0.4834914402653654}. Best is trial 1 with value: 0.57983785315885.\n",
      "[I 2026-07-30 15:49:39,873] Trial 22 finished with value: 0.5797739346856788 and parameters: {'num_leaves': 10, 'min_data_in_leaf': 13, 'bagging_fraction': 0.8220633094264582, 'reg_alpha': 0.9913625685826065, 'reg_lambda': 0.436206171037035}. Best is trial 1 with value: 0.57983785315885.\n",
      "[I 2026-07-30 15:49:53,194] Trial 23 finished with value: 0.57765902116291 and parameters: {'num_leaves': 9, 'min_data_in_leaf': 17, 'bagging_fraction': 0.8074489520183481, 'reg_alpha': 0.9986177254700463, 'reg_lambda': 0.3203397352579166}. Best is trial 1 with value: 0.57983785315885.\n",
      "[I 2026-07-30 15:50:07,007] Trial 24 finished with value: 0.5774843047762611 and parameters: {'num_leaves': 12, 'min_data_in_leaf': 13, 'bagging_fraction': 0.8310530245246955, 'reg_alpha': 0.9652325178791947, 'reg_lambda': 0.3769959707663782}. Best is trial 1 with value: 0.57983785315885.\n",
      "[I 2026-07-30 15:50:21,696] Trial 25 finished with value: 0.5775790949821071 and parameters: {'num_leaves': 7, 'min_data_in_leaf': 22, 'bagging_fraction': 0.8007895567115269, 'reg_alpha': 0.8764326759464955, 'reg_lambda': 0.5335840533983096}. Best is trial 1 with value: 0.57983785315885.\n",
      "[I 2026-07-30 15:50:35,866] Trial 26 finished with value: 0.5752414449169155 and parameters: {'num_leaves': 14, 'min_data_in_leaf': 28, 'bagging_fraction': 0.8245745667047292, 'reg_alpha': 0.07951421909244305, 'reg_lambda': 0.676109975447065}. Best is trial 1 with value: 0.57983785315885.\n",
      "[I 2026-07-30 15:50:51,404] Trial 27 finished with value: 0.5792750626376478 and parameters: {'num_leaves': 10, 'min_data_in_leaf': 16, 'bagging_fraction': 0.846078310539622, 'reg_alpha': 0.9988958765133368, 'reg_lambda': 0.39756979013760596}. Best is trial 1 with value: 0.57983785315885.\n",
      "[I 2026-07-30 15:51:08,757] Trial 28 finished with value: 0.5779854119128458 and parameters: {'num_leaves': 11, 'min_data_in_leaf': 21, 'bagging_fraction': 0.7912625947933167, 'reg_alpha': 0.7970893935121078, 'reg_lambda': 0.6610214049722686}. Best is trial 1 with value: 0.57983785315885.\n",
      "[I 2026-07-30 15:51:20,918] Trial 29 finished with value: 0.5740214356294292 and parameters: {'num_leaves': 8, 'min_data_in_leaf': 36, 'bagging_fraction': 0.7557329496506846, 'reg_alpha': 0.22788955657798315, 'reg_lambda': 0.0031251691185242847}. Best is trial 1 with value: 0.57983785315885.\n",
      "[I 2026-07-30 15:51:36,395] Trial 30 finished with value: 0.5773931721572378 and parameters: {'num_leaves': 15, 'min_data_in_leaf': 12, 'bagging_fraction': 0.7837607157235673, 'reg_alpha': 0.89245572634062, 'reg_lambda': 0.8506171326413021}. Best is trial 1 with value: 0.57983785315885.\n",
      "[I 2026-07-30 15:51:55,286] Trial 31 finished with value: 0.5800762691563999 and parameters: {'num_leaves': 9, 'min_data_in_leaf': 12, 'bagging_fraction': 0.8196567516457582, 'reg_alpha': 0.84757348859871, 'reg_lambda': 0.4917972365297591}. Best is trial 31 with value: 0.5800762691563999.\n",
      "[I 2026-07-30 15:52:13,452] Trial 32 finished with value: 0.5787422874514465 and parameters: {'num_leaves': 7, 'min_data_in_leaf': 12, 'bagging_fraction': 0.8108478862554275, 'reg_alpha': 0.9267460340440107, 'reg_lambda': 0.5093917376885346}. Best is trial 31 with value: 0.5800762691563999.\n",
      "[I 2026-07-30 15:52:34,111] Trial 33 finished with value: 0.5794920416813568 and parameters: {'num_leaves': 9, 'min_data_in_leaf': 15, 'bagging_fraction': 0.8316287479436446, 'reg_alpha': 0.6130537102513527, 'reg_lambda': 0.38784055758899316}. Best is trial 31 with value: 0.5800762691563999.\n",
      "[I 2026-07-30 15:52:53,592] Trial 34 finished with value: 0.5795624567887163 and parameters: {'num_leaves': 9, 'min_data_in_leaf': 15, 'bagging_fraction': 0.8354816111629483, 'reg_alpha': 0.630643648384835, 'reg_lambda': 0.22098173989588385}. Best is trial 31 with value: 0.5800762691563999.\n",
      "[I 2026-07-30 15:53:09,748] Trial 35 finished with value: 0.5776343904663775 and parameters: {'num_leaves': 12, 'min_data_in_leaf': 18, 'bagging_fraction': 0.8087482064041587, 'reg_alpha': 0.4681290562208663, 'reg_lambda': 0.12818117555813402}. Best is trial 31 with value: 0.5800762691563999.\n",
      "[I 2026-07-30 15:53:27,416] Trial 36 finished with value: 0.5807402930454303 and parameters: {'num_leaves': 8, 'min_data_in_leaf': 15, 'bagging_fraction': 0.8339908154797181, 'reg_alpha': 0.5872694181039121, 'reg_lambda': 0.2801850422412146}. Best is trial 36 with value: 0.5807402930454303.\n",
      "[I 2026-07-30 15:53:39,394] Trial 37 finished with value: 0.5769950640045616 and parameters: {'num_leaves': 7, 'min_data_in_leaf': 20, 'bagging_fraction': 0.797038441207166, 'reg_alpha': 0.5387990064397854, 'reg_lambda': 0.31857736234637174}. Best is trial 36 with value: 0.5807402930454303.\n",
      "[I 2026-07-30 15:53:54,512] Trial 38 finished with value: 0.5789790658922559 and parameters: {'num_leaves': 11, 'min_data_in_leaf': 14, 'bagging_fraction': 0.8165582835979885, 'reg_alpha': 0.3264163026092506, 'reg_lambda': 0.2686546547499138}. Best is trial 36 with value: 0.5807402930454303.\n",
      "[I 2026-07-30 15:54:16,043] Trial 39 finished with value: 0.5786475418249398 and parameters: {'num_leaves': 8, 'min_data_in_leaf': 16, 'bagging_fraction': 0.7676719339678493, 'reg_alpha': 0.7353348473414587, 'reg_lambda': 0.33920293951736835}. Best is trial 36 with value: 0.5807402930454303.\n",
      "[I 2026-07-30 15:54:32,573] Trial 40 finished with value: 0.5789173853448751 and parameters: {'num_leaves': 12, 'min_data_in_leaf': 14, 'bagging_fraction': 0.742649926625751, 'reg_alpha': 0.5587288007031993, 'reg_lambda': 0.0972385796430224}. Best is trial 36 with value: 0.5807402930454303.\n",
      "[I 2026-07-30 15:54:44,786] Trial 41 finished with value: 0.5786699408796497 and parameters: {'num_leaves': 9, 'min_data_in_leaf': 15, 'bagging_fraction': 0.8393155265540724, 'reg_alpha': 0.6242725269547317, 'reg_lambda': 0.22682840181898922}. Best is trial 36 with value: 0.5807402930454303.\n",
      "[I 2026-07-30 15:55:02,850] Trial 42 finished with value: 0.579150678459621 and parameters: {'num_leaves': 11, 'min_data_in_leaf': 18, 'bagging_fraction': 0.8358397869791077, 'reg_alpha': 0.4442074977134738, 'reg_lambda': 0.24075561676709806}. Best is trial 36 with value: 0.5807402930454303.\n",
      "[I 2026-07-30 15:55:17,838] Trial 43 finished with value: 0.5781880842871943 and parameters: {'num_leaves': 9, 'min_data_in_leaf': 11, 'bagging_fraction': 0.7856591698776713, 'reg_alpha': 0.6383451737319766, 'reg_lambda': 0.1892448238816093}. Best is trial 36 with value: 0.5807402930454303.\n",
      "[I 2026-07-30 15:55:36,509] Trial 44 finished with value: 0.5788524679584753 and parameters: {'num_leaves': 8, 'min_data_in_leaf': 14, 'bagging_fraction': 0.8480657696090452, 'reg_alpha': 0.583347787577254, 'reg_lambda': 0.0989081780293562}. Best is trial 36 with value: 0.5807402930454303.\n",
      "[I 2026-07-30 15:55:52,898] Trial 45 finished with value: 0.5794486132906087 and parameters: {'num_leaves': 10, 'min_data_in_leaf': 11, 'bagging_fraction': 0.806731776984418, 'reg_alpha': 0.5126551350230284, 'reg_lambda': 0.41278271484023}. Best is trial 36 with value: 0.5807402930454303.\n",
      "[I 2026-07-30 15:56:08,299] Trial 46 finished with value: 0.5780735332747035 and parameters: {'num_leaves': 14, 'min_data_in_leaf': 16, 'bagging_fraction': 0.8222150813299386, 'reg_alpha': 0.7452700051793163, 'reg_lambda': 0.9116920204430079}. Best is trial 36 with value: 0.5807402930454303.\n",
      "[I 2026-07-30 15:56:25,063] Trial 47 finished with value: 0.5797460772578628 and parameters: {'num_leaves': 7, 'min_data_in_leaf': 14, 'bagging_fraction': 0.833626216653428, 'reg_alpha': 0.8205459336217893, 'reg_lambda': 0.2187908476186391}. Best is trial 36 with value: 0.5807402930454303.\n",
      "[I 2026-07-30 15:56:40,280] Trial 48 finished with value: 0.5777667069661624 and parameters: {'num_leaves': 7, 'min_data_in_leaf': 10, 'bagging_fraction': 0.7946730836275299, 'reg_alpha': 0.8353192960535331, 'reg_lambda': 0.2914465290395831}. Best is trial 36 with value: 0.5807402930454303.\n",
      "[I 2026-07-30 15:56:56,044] Trial 49 finished with value: 0.5774200503516072 and parameters: {'num_leaves': 11, 'min_data_in_leaf': 19, 'bagging_fraction': 0.8163078614224668, 'reg_alpha': 0.9203841273533305, 'reg_lambda': 0.35855379533511494}. Best is trial 36 with value: 0.5807402930454303.\n",
      "[I 2026-07-30 15:57:12,949] Trial 50 finished with value: 0.5807193611204211 and parameters: {'num_leaves': 8, 'min_data_in_leaf': 13, 'bagging_fraction': 0.8386185355567526, 'reg_alpha': 0.8047904844631842, 'reg_lambda': 0.17023434690890105}. Best is trial 36 with value: 0.5807402930454303.\n",
