      "[I 2026-07-30 16:56:50,926] Trial 39 finished with value: 0.0480174570361521 and parameters: {'num_leaves': 8, 'min_data_in_leaf': 153, 'bagging_fraction': 0.8206280398479687, 'reg_alpha': 0.7875912242473254, 'reg_lambda': 0.3135872305039418}. Best is trial 27 with value: 0.054971943840970816.\n"
     ]
    },
    {
     "name": "stdout",
     "output_type": "stream",
     "text": [
      "[16:56:50] exit_timing | SHORT -> R2 0.0550\n",
      "[save_progress] Changes to be committed:\n",
      " M Week_8_results/lightgbm_sweep_final.json\n",
      "?? lgbm_final_reg_exit_timing_SHORT.db\n",
      "\n",
      "[main feccd26] TPE REG Sweep completed: exit_timing | SHORT\n",
      " 2 files changed, 14 insertions(+)\n",
      " create mode 100644 lgbm_final_reg_exit_timing_SHORT.db\n",
      "[save_progress] Pulling latest from origin/main to check for divergence...\n",
      "PULL STDOUT: Already up to date.\n",
      "\n",
      "[save_progress] Successfully pushed to GitHub at 16:56:52\n",
      "\n",
      "[16:56:52] ALL SWEEPS COMPLETE.\n"
     ]
    }
   ],
   "source": [
    "# ============================================================\n",
    "# PART B — Final TPE Sweep, Per-Family Ranges\n",
    "# ============================================================\n",
    "import optuna\n",
    "import time\n",
    "import numpy as np\n",
    "import traceback\n",
    "from lightgbm import LGBMClassifier, LGBMRegressor, early_stopping\n",
    "from optuna.trial import TrialState\n",
    "\n",
    "# ------------------------------------------------------------\n",
    "# 0. MAP SECTION A GLOBALS\n",
    "# Explicitly mapping variables from earlier in the notebook\n",
    "# ------------------------------------------------------------\n",
    "class_targets = ['class_target_1', 'class_target_2', 'class_target_3_corrected', 'class_target_bad']\n",
    "reg_targets = list(REG_TARGETS.keys())\n",
    "\n",
    "direction_map = {\n",
    "    'LONG': (df_long, feat_set_long),\n",
    "    'SHORT': (df_short, feat_set_short)\n",
    "}\n",
    "\n",
    "# ------------------------------------------------------------\n",
    "# 1. PER-FAMILY SEARCH SPACES\n",
    "# ------------------------------------------------------------\n",
    "FAMILY_RANGES = {\n",
    "    \"classification\": dict(num_leaves=(15,31), min_data_in_leaf=(80,150),\n",
    "                            bagging_fraction=(0.6,0.85), reg_alpha=(0,1.5), reg_lambda=(0,1.0), n_trials=70),\n",
    "    \n",
    "    \"danger\":         dict(num_leaves=(7,31),  min_data_in_leaf=(10,40),\n",
    "                            bagging_fraction=(0.6,0.85), reg_alpha=(0,1.0), reg_lambda=(0,1.0), n_trials=80),\n",
    "    \n",
    "    \"profit_quality\": dict(num_leaves=(7,31),  min_data_in_leaf=(80,200),\n",
    "                            bagging_fraction=(0.6,0.85), reg_alpha=(0,1.5), reg_lambda=(0,1.5), n_trials=70),\n",
    "    \n",
    "    \"weak_timing\":    dict(num_leaves=(7,15),  min_data_in_leaf=(100,200),\n",
    "                            bagging_fraction=(0.6,0.85), reg_alpha=(0,1.0), reg_lambda=(0,1.0), n_trials=40),\n",
    "}\n",
    "\n",
    "def family_for_reg(target_name):\n",
    "    if target_name == \"danger\": return \"danger\"\n",
    "    if target_name in (\"profit\", \"quality\"): return \"profit_quality\"\n",
    "    return \"weak_timing\" \n",
    "\n",
    "def build_params(trial, fam):\n",
    "    r = FAMILY_RANGES[fam]\n",
    "    return {\n",
    "        \"num_leaves\": trial.suggest_int(\"num_leaves\", *r[\"num_leaves\"]),\n",
    "        \"min_data_in_leaf\": trial.suggest_int(\"min_data_in_leaf\", *r[\"min_data_in_leaf\"]),\n",
    "        \"bagging_fraction\": trial.suggest_float(\"bagging_fraction\", *r[\"bagging_fraction\"]),\n",
    "        \"reg_alpha\": trial.suggest_float(\"reg_alpha\", *r[\"reg_alpha\"]),\n",
    "        \"reg_lambda\": trial.suggest_float(\"reg_lambda\", *r[\"reg_lambda\"]),\n",
    "        \"learning_rate\": 0.05, \n",
    "        \"n_estimators\": 2000, \n",
    "        \"bagging_freq\": 1,\n",
    "        \"random_state\": 42, \n",
    "        \"n_jobs\": -1, \n",
    "        \"verbose\": -1,\n",
    "    }\n",
    "\n",
    "# ------------------------------------------------------------\n",
    "# 2. OBJECTIVE FUNCTIONS\n",
    "# ------------------------------------------------------------\n",
    "def objective_clf_final(trial, df_sub, feat_cols, target_col):\n",
    "    fam = \"classification\"\n",
    "    df_clean = df_sub.sort_values('checked_at_utc')[feat_cols + [target_col]].dropna()\n",
    "    X, y = df_clean[feat_cols].values, df_clean[target_col].values\n",
    "    \n",
    "    split_idx = int(len(X) * 0.85)\n",
    "    X_tr, X_val, y_tr, y_val = X[:split_idx], X[split_idx:], y[:split_idx], y[split_idx:]\n",
    "\n",
    "    params = build_params(trial, fam)\n",
    "    es_model = LGBMClassifier(**params)\n",
    "    \n",
    "    es_model.fit(X_tr, y_tr, eval_set=[(X_val, y_val)], eval_metric='auc',\n",
    "                 callbacks=[early_stopping(stopping_rounds=50, verbose=False)])\n",
    "    \n",
    "    best_n = es_model.best_iteration_\n",
    "    if best_n is None or best_n <= 0:\n",
    "        print(f\"    [Warning] CLF ES invalid ({best_n}) for {target_col}. Defaulting to 100.\")\n",
    "        best_n = 100\n",
    "        \n",
    "    params[\"n_estimators\"] = best_n\n",
    "    \n",
    "    cv_scores = cv_no_scaling(model=LGBMClassifier(**params), df_subset=df_clean,\n",
    "                               feature_cols=feat_cols, target_col=target_col, n_splits=5, gap=0)\n",
    "    \n",
    "    trial.set_user_attr(\"best_n\", best_n)\n",
    "    trial.set_user_attr(\"cv_precision\", cv_scores['precision'][0])\n",
    "    return cv_scores['auc'][0]\n",
    "\n",
    "def objective_reg_final(trial, df_sub, feat_cols, target_info, target_name):\n",
    "    fam = family_for_reg(target_name)\n",
    "    target_col, transform_str = target_info\n",
    "    df_clean = df_sub.sort_values('checked_at_utc')[feat_cols + [target_col]].replace([np.inf,-np.inf], np.nan).dropna()\n",
    "    X, y = df_clean[feat_cols].values, df_clean[target_col].values\n",
    "    \n",
    "    split_idx = int(len(X) * 0.85)\n",
    "    X_tr, X_val = X[:split_idx], X[split_idx:]\n",
    "    y_tr_raw, y_val_raw = y[:split_idx], y[split_idx:]\n",
    "\n",
    "    if transform_str == 'log1p':\n",
    "        assert np.all(y_tr_raw > -1.0) and np.all(y_val_raw > -1.0), f\"log1p domain error on {target_col}\"\n",
    "        y_tr, y_val = np.log1p(y_tr_raw), np.log1p(y_val_raw)\n",
    "    elif transform_str == 'log5p':\n",
    "        assert np.all(y_tr_raw > -5.0) and np.all(y_val_raw > -5.0), f\"log5p domain error on {target_col}\"\n",
    "        y_tr, y_val = np.log(y_tr_raw+5), np.log(y_val_raw+5)\n",
    "    else:\n",
    "        y_tr, y_val = y_tr_raw, y_val_raw\n",
    "\n",
    "    params = build_params(trial, fam)\n",
    "    es_model = LGBMRegressor(**params)\n",
    "    es_model.fit(X_tr, y_tr, eval_set=[(X_val, y_val)], eval_metric='rmse',\n",
    "                 callbacks=[early_stopping(stopping_rounds=50, verbose=False)])\n",
    "                 \n",
    "    best_n = es_model.best_iteration_\n",
    "    if best_n is None or best_n <= 0:\n",
    "        print(f\"    [Warning] REG ES invalid ({best_n}) for {target_col}. Defaulting to 100.\")\n",
    "        best_n = 100\n",
    "        \n",
    "    params[\"n_estimators\"] = best_n\n",
    "    \n",
    "    cv_scores = cv_regression(model=LGBMRegressor(**params), df_subset=df_clean, feature_cols=feat_cols,\n",
    "                               target_info=target_info, n_splits=5, gap=0, scale=False)\n",
    "                               \n",
    "    trial.set_user_attr(\"best_n\", best_n)\n",
    "    trial.set_user_attr(\"cv_mae\", cv_scores['mae'][0])\n",
    "    return cv_scores['r2'][0]\n",
    "\n",
    "# ------------------------------------------------------------\n",
    "# 3. EXECUTION LOOPS\n",
    "# ------------------------------------------------------------\n",
    "lightgbm_sweep_final = {'classification': {'LONG': {}, 'SHORT': {}}, 'regression': {'LONG': {}, 'SHORT': {}}}\n",
    "\n",
    "for c_target in class_targets:\n",
    "    for direction in ['LONG', 'SHORT']:\n",
    "        df_sub, feat_cols = direction_map[direction]\n",
    "        n_trials = FAMILY_RANGES[\"classification\"][\"n_trials\"]\n",
    "        study_name = f\"lgbm_final_clf_{c_target}_{direction}\"\n",
    "        \n",
    "        study = optuna.create_study(study_name=study_name, storage=f\"sqlite:///{study_name}.db\",\n",
    "                                     sampler=optuna.samplers.TPESampler(seed=42),\n",
    "                                     direction=\"maximize\", load_if_exists=True)\n",
    "                                     \n",
    "        remaining = n_trials - len([t for t in study.trials if t.state == TrialState.COMPLETE])\n",
    "        \n",
    "        try:\n",
    "            if remaining > 0:\n",
    "                study.optimize(lambda t: objective_clf_final(t, df_sub, feat_cols, c_target), n_trials=remaining)\n",
    "                \n",
    "            best_p = dict(study.best_params); best_p[\"n_estimators\"] = study.best_trial.user_attrs.get(\"best_n\", 100)\n",
    "            best_p[\"learning_rate\"] = 0.05; best_p[\"bagging_freq\"] = 1\n",
    "            \n",
    "            lightgbm_sweep_final['classification'][direction][c_target] = {\n",
    "                'Best_AUC': study.best_value,\n",
    "                'Best_Precision': study.best_trial.user_attrs.get(\"cv_precision\"),\n",
    "                'Params': best_p\n",
    "            }\n",
    "            \n",
    "            print(f\"[{time.strftime('%H:%M:%S')}] {c_target} | {direction} -> AUC {study.best_value:.4f}\")\n",
    "            \n",
    "            save_result_dict(lightgbm_sweep_final, \"lightgbm_sweep_final\")\n",
    "            save_progress(f\"TPE CLF Sweep completed: {c_target} | {direction}\")\n",
    "            \n",
    "        except Exception:\n",
    "            traceback.print_exc(); continue\n",
    "\n",
    "for r_target in reg_targets:\n",
    "    for direction in ['LONG', 'SHORT']:\n",
    "        df_sub, feat_cols = direction_map[direction]\n",
    "        target_info = REG_TARGETS[r_target]\n",
    "        fam = family_for_reg(r_target)\n",
    "        n_trials = FAMILY_RANGES[fam][\"n_trials\"]\n",
    "        study_name = f\"lgbm_final_reg_{r_target}_{direction}\"\n",
    "        \n",
    "        study = optuna.create_study(study_name=study_name, storage=f\"sqlite:///{study_name}.db\",\n",
    "                                     sampler=optuna.samplers.TPESampler(seed=42),\n",
    "                                     direction=\"maximize\", load_if_exists=True)\n",
    "                                     \n",
    "        remaining = n_trials - len([t for t in study.trials if t.state == TrialState.COMPLETE])\n",
    "        \n",
    "        try:\n",
    "            if remaining > 0:\n",
    "                study.optimize(lambda t: objective_reg_final(t, df_sub, feat_cols, target_info, r_target), n_trials=remaining)\n",
    "                \n",
    "            best_p = dict(study.best_params); best_p[\"n_estimators\"] = study.best_trial.user_attrs.get(\"best_n\", 100)\n",
    "            best_p[\"learning_rate\"] = 0.05; best_p[\"bagging_freq\"] = 1\n",
    "            \n",
    "            lightgbm_sweep_final['regression'][direction][r_target] = {\n",
    "                'Best_R2': study.best_value,\n",
    "                'Best_MAE': study.best_trial.user_attrs.get(\"cv_mae\"),\n",
    "                'Params': best_p\n",
    "            }\n",
    "            \n",
    "            print(f\"[{time.strftime('%H:%M:%S')}] {r_target} | {direction} -> R2 {study.best_value:.4f}\")\n",
    "            \n",
    "            save_result_dict(lightgbm_sweep_final, \"lightgbm_sweep_final\")\n",
    "            save_progress(f\"TPE REG Sweep completed: {r_target} | {direction}\")\n",
    "            \n",
    "        except Exception:\n",
    "            traceback.print_exc(); continue\n",
    "\n",
    "# ------------------------------------------------------------\n",
    "# 4. COMPLETENESS CHECK\n",
    "# ------------------------------------------------------------\n",
    "expected_clf = {(t,d) for t in class_targets for d in ['LONG','SHORT']}\n",
    "got_clf = {(t,d) for d in lightgbm_sweep_final['classification'] for t in lightgbm_sweep_final['classification'][d]}\n",
    "expected_reg = {(t,d) for t in reg_targets for d in ['LONG','SHORT']}\n",
    "got_reg = {(t,d) for d in lightgbm_sweep_final['regression'] for t in lightgbm_sweep_final['regression'][d]}\n",
    "\n",
    "if expected_clf - got_clf: print(\"MISSING CLF:\", expected_clf - got_clf)\n",
    "if expected_reg - got_reg: print(\"MISSING REG:\", expected_reg - got_reg)\n",
    "\n",
    "print(f\"\\n[{time.strftime('%H:%M:%S')}] ALL SWEEPS COMPLETE.\")"
   ]
  },
  {
   "cell_type": "markdown",
   "id": "9a36d30a",
   "metadata": {
    "papermill": {
     "duration": 0.056228,
     "end_time": "2026-07-30T16:56:52.579664+00:00",
     "exception": false,
     "start_time": "2026-07-30T16:56:52.523436+00:00",
     "status": "completed"
    },
    "tags": []
   },
   "source": [
    "### Deliverable — LightGBM vs XGBoost: speed and accuracy on your data (fill in)"
   ]
  },
  {
   "cell_type": "markdown",
   "id": "84acc767",
   "metadata": {
    "papermill": {
     "duration": 0.066985,
     "end_time": "2026-07-30T16:56:52.704246+00:00",
     "exception": false,
     "start_time": "2026-07-30T16:56:52.637261+00:00",
     "status": "completed"
    },
    "tags": []
   },
   "source": [
    "*(your comparison here — same targets, same CV folds; is the speed difference actually large enough to matter at this dataset size, or is that more true at bigger scale than you have?)*"
   ]
  },
  {
   "cell_type": "markdown",
   "id": "cdbf964e",
   "metadata": {
    "papermill": {
     "duration": 0.056699,
     "end_time": "2026-07-30T16:56:52.817258+00:00",
     "exception": false,
     "start_time": "2026-07-30T16:56:52.760559+00:00",
     "status": "completed"
    },
    "tags": []
   },
   "source": [
    "---"
   ]
  },
  {
   "cell_type": "markdown",
   "id": "3869ff26",
   "metadata": {
    "papermill": {
     "duration": 0.05707,
     "end_time": "2026-07-30T16:56:52.931173+00:00",
     "exception": false,
     "start_time": "2026-07-30T16:56:52.874103+00:00",
     "status": "completed"
    },
    "tags": []
   },
   "source": [
    "## PART C — SHAP Across RF, XGBoost, and LightGBM (Tuesday)"
   ]
  },
  {
   "cell_type": "markdown",
   "id": "41e555e3",
   "metadata": {
    "papermill": {
     "duration": 0.066986,
     "end_time": "2026-07-30T16:56:53.076131+00:00",
     "exception": false,
     "start_time": "2026-07-30T16:56:53.009145+00:00",
     "status": "completed"
    },
    "tags": []
   },
   "source": [
    "This is the deliverable Week 7 deferred, deliberately, so it could be done once across all three models instead of redone per-model. Do it that way now — resist the temptation to just run it on whichever model happens to be loaded in memory."
   ]
  },
  {
   "cell_type": "markdown",
   "id": "a3bca3a2",
   "metadata": {
    "papermill": {
     "duration": 0.056851,
     "end_time": "2026-07-30T16:56:53.189650+00:00",
     "exception": false,
     "start_time": "2026-07-30T16:56:53.132799+00:00",
     "status": "completed"
    },
    "tags": []
   },
   "source": [
    "### SHAP summary plot — do all three models agree on global importance and direction?"
   ]
  },
  {
   "cell_type": "code",
   "execution_count": 16,
   "id": "e9a89e3b",
   "metadata": {
    "execution": {
     "iopub.execute_input": "2026-07-30T16:56:53.305503Z",
     "iopub.status.busy": "2026-07-30T16:56:53.304577Z",
     "iopub.status.idle": "2026-07-30T16:56:53.309284Z",
     "shell.execute_reply": "2026-07-30T16:56:53.308537Z"
    },
    "papermill": {
     "duration": 0.064435,
     "end_time": "2026-07-30T16:56:53.311097+00:00",
     "exception": false,
     "start_time": "2026-07-30T16:56:53.246662+00:00",
     "status": "completed"
    },
    "tags": []
   },
   "outputs": [],
   "source": [
    "# TODO: import shap\n",
    "# TODO: for EACH of RF (Week 6's saved .joblib), XGBoost (Week 7's saved .joblib),\n",
    "#       and LightGBM (this week's model), build shap.TreeExplainer and shap_values\n",
    "#       on the SAME held-out fold / same feature set / same target, so the three are comparable.\n",
    "# TODO: shap.summary_plot() for each, side by side (or in one figure)\n",
    "# TODO: compare each model's top-10 SHAP features against Week 6's permutation-importance\n",
    "#       top-10 for the SAME target -- do all three agree with permutation more than MDI did\n",
    "#       in Week 6 (recall: MDI vs permutation only overlapped 4-6/10)?\n"
   ]
  },
  {
   "cell_type": "markdown",
   "id": "cddb2729",
   "metadata": {
    "papermill": {
     "duration": 0.0572,
     "end_time": "2026-07-30T16:56:53.424812+00:00",
     "exception": false,
     "start_time": "2026-07-30T16:56:53.367612+00:00",
     "status": "completed"
    },
    "tags": []
   },
   "source": [
    "### SHAP dependence plot — same feature, three models, one shape check"
   ]
  },
  {
   "cell_type": "code",
   "execution_count": 17,
   "id": "c55aa395",
   "metadata": {
    "execution": {
     "iopub.execute_input": "2026-07-30T16:56:53.542658Z",
     "iopub.status.busy": "2026-07-30T16:56:53.542191Z",
     "iopub.status.idle": "2026-07-30T16:56:53.546400Z",
     "shell.execute_reply": "2026-07-30T16:56:53.545495Z"
    },
    "papermill": {
     "duration": 0.064566,
     "end_time": "2026-07-30T16:56:53.548252+00:00",
     "exception": false,
     "start_time": "2026-07-30T16:56:53.483686+00:00",
     "status": "completed"
    },
    "tags": []
   },
   "outputs": [],
   "source": [
    "# TODO: pick Week 6's top permutation-importance feature (rsi_4h or ema_separation_4h)\n",
    "# TODO: shap.dependence_plot() for that feature, once per model (RF/XGBoost/LightGBM)\n",
    "# TODO: does the shape roughly match Week 6's PDP curve for the same feature, across all\n",
    "#       three models? A sanity check, not an expectation of identical curves.\n"
   ]
  },
  {
   "cell_type": "markdown",
   "id": "28b9ba3a",
   "metadata": {
    "papermill": {
     "duration": 0.05721,
     "end_time": "2026-07-30T16:56:53.661976+00:00",
     "exception": false,
     "start_time": "2026-07-30T16:56:53.604766+00:00",
     "status": "completed"
    },
    "tags": []
   },
   "source": [
    "### SHAP waterfall plot — one good signal, one bad signal, your current best model"
   ]
  },
  {
   "cell_type": "code",
   "execution_count": 18,
   "id": "a8679329",
   "metadata": {
    "execution": {
     "iopub.execute_input": "2026-07-30T16:56:53.779070Z",
     "iopub.status.busy": "2026-07-30T16:56:53.778046Z",
     "iopub.status.idle": "2026-07-30T16:56:53.782275Z",
     "shell.execute_reply": "2026-07-30T16:56:53.781592Z"
    },
    "papermill": {
     "duration": 0.065603,
     "end_time": "2026-07-30T16:56:53.784136+00:00",
     "exception": false,
     "start_time": "2026-07-30T16:56:53.718533+00:00",
     "status": "completed"
    },
    "tags": []
   },
   "outputs": [],
   "source": [
    "# TODO: pick one row where class_target_1 == 1, prediction confident and correct\n",
    "# TODO: pick one row where class_target_1 == 0, prediction confident and correct\n",
    "# TODO: shap.waterfall_plot() for each -- which features pushed the prediction each way?\n"
   ]
  },
  {
   "cell_type": "markdown",
   "id": "a033869a",
   "metadata": {
    "papermill": {
     "duration": 0.057011,
     "end_time": "2026-07-30T16:56:53.899201+00:00",
     "exception": false,
     "start_time": "2026-07-30T16:56:53.842190+00:00",
     "status": "completed"
    },
    "tags": []
   },
   "source": [
    "### Deliverable — three-way SHAP interpretation report (fill in)"
   ]
  },
  {
   "cell_type": "markdown",
   "id": "d2631757",
   "metadata": {
    "papermill": {
     "duration": 0.056538,
     "end_time": "2026-07-30T16:56:54.012935+00:00",
     "exception": false,
     "start_time": "2026-07-30T16:56:53.956397+00:00",
     "status": "completed"
    },
    "tags": []
   },
   "source": [
    "*(your notes here: agreement level between the three models' SHAP rankings; agreement with Week 6's permutation importance; any feature one model leans on that the other two don't, and your best guess why)*"
   ]
  },
  {
   "cell_type": "markdown",
   "id": "d1fe8e6f",
   "metadata": {
    "papermill": {
     "duration": 0.057995,
     "end_time": "2026-07-30T16:56:54.127897+00:00",
     "exception": false,
     "start_time": "2026-07-30T16:56:54.069902+00:00",
     "status": "completed"
    },
    "tags": []
   },
   "source": [
    "---"
   ]
  },
  {
   "cell_type": "markdown",
   "id": "03858324",
   "metadata": {
    "papermill": {
     "duration": 0.056114,
     "end_time": "2026-07-30T16:56:54.240644+00:00",
     "exception": false,
     "start_time": "2026-07-30T16:56:54.184530+00:00",
     "status": "completed"
    },
    "tags": []
   },
   "source": [
    "## PART D — Model Stacking Theory + Implementation (Wednesday)"
   ]
  },
  {
   "cell_type": "markdown",
   "id": "3c75cf3b",
   "metadata": {
    "papermill": {
     "duration": 0.054832,
     "end_time": "2026-07-30T16:56:54.350593+00:00",
     "exception": false,
     "start_time": "2026-07-30T16:56:54.295761+00:00",
     "status": "completed"
    },
    "tags": []
   },
   "source": [
    "**Concept:** a stacking ensemble trains a meta-model on the **out-of-fold prediction