{
 "cells": [
  {
   "cell_type": "markdown",
   "id": "abb9b320",
   "metadata": {
    "papermill": {
     "duration": 0.012227,
     "end_time": "2026-07-30T13:57:21.261426+00:00",
     "exception": false,
     "start_time": "2026-07-30T13:57:21.249199+00:00",
     "status": "completed"
    },
    "tags": []
   },
   "source": [
    "# Week 8 — Gradient Boosting II: LightGBM + SHAP + Model Stacking\n",
    "**Date:** July 28, 2026\n",
    "**Week:** 8 of 10 — follows Week 7 (XGBoost, closed out; SHAP explicitly deferred to this week)\n",
    "\n",
    "XGBoost edged out RF as your best single model this week just closed, but by a thin margin, and RF's two weak spots (`class_target_2`, `class_target_3_corrected` LONG) got closed rather than blown open — worth keeping in mind before this week's tools invite overconfidence. This week has four real jobs, in order: (1) finally compile the RF-vs-XGBoost win/loss tally Week 7 never assembled, so \"current best\" means something concrete; (2) add LightGBM as a third tree ensemble and run SHAP across all three models together — the interpretability pass Week 7 deliberately postponed rather than redoing later; (3) build a stacking ensemble to see whether combining model families beats any single one; (4) do a genuine mid-point review of every model trained since Week 1, plus a first look at regime-dependence (trending vs ranging markets). None of this is a free pass to treat this week's numbers as more solid than last week's — SHAP agreement, stacking gains, and regime splits are all new places for optimistic bias to hide if you don't check for it the same way you checked Week 4's `class_target_3`.\n"
   ]
  },
  {
   "cell_type": "markdown",
   "id": "138fdb6e",
   "metadata": {
    "papermill": {
     "duration": 0.010914,
     "end_time": "2026-07-30T13:57:21.283261+00:00",
     "exception": false,
     "start_time": "2026-07-30T13:57:21.272347+00:00",
     "status": "completed"
    },
    "tags": []
   },
   "source": [
    "---"
   ]
  },
  {
   "cell_type": "markdown",
   "id": "bdef9626",
   "metadata": {
    "papermill": {
     "duration": 0.011163,
     "end_time": "2026-07-30T13:57:21.305347+00:00",
     "exception": false,
     "start_time": "2026-07-30T13:57:21.294184+00:00",
     "status": "completed"
    },
    "tags": []
   },
   "source": [
    "## PART A — Setup (carried forward from Week 7, complete)"
   ]
  },
  {
   "cell_type": "markdown",
   "id": "f138bed3",
   "metadata": {
    "papermill": {
     "duration": 0.011412,
     "end_time": "2026-07-30T13:57:21.327721+00:00",
     "exception": false,
     "start_time": "2026-07-30T13:57:21.316309+00:00",
     "status": "completed"
    },
    "tags": []
   },
   "source": [
    "### A.0 — Carrying Week 7's lessons forward, explicitly\n",
    "\n",
    "Two of these bit you again *inside* Week 7 itself, after being named as fixed — read this before writing anything below.\n",
    "\n",
    "1. **`RESULTS_DIR`/`save_result_dict` shadowing recurred in Week 7's own Optuna tuning cells** (both classification and regression), *after* being named a standing rule earlier the same week. Both are defined once, in A.9 below. No downstream cell — tuning sweep, comparison table, anything copy-pasted from a prior cell or a prior week — should reassign `RESULTS_DIR = 'results'` or redefine `save_result_dict` locally. If you're about to paste a sweep cell from Week 7, check this first.\n",
    "2. **Git identity must be configured at the top of *this* session, not assumed carried over.** Week 7 hit `fatal: unable to auto-detect email address` again at close-out, on a fresh container, despite this being written up as a Week 7 fix already. Run A.9's identity cell before anything that calls `save_progress()`.\n",
    "3. **Any Optuna study over ~15 minutes uses persistent `storage=sqlite:///...`, not in-memory.** Week 7's 50-trial regression sweep ran close to 90 minutes in-memory; if a Kaggle session had died mid-sweep, all of it would have been lost.\n",
    "4. **If you narrow a hyperparameter search space around a previous round's best trial, say so explicitly in the record** — Week 7's round 2 measured local refinement around round 1's single best trial, not independent re-exploration. Don't report it as if it were a broader search.\n",
    "5. **Diff any fully-regenerated setup cell against the previous verified version before running it.** Week 7 lost `target_exit` this way once already.\n",
    "6. **Log1p A/B tests must pass the *string* transform key (`'log1p'`/`'log5p'`), not a bare `True`/`False`.** `cv_regression()`'s offset lookup is keyed on the string, so passing a boolean silently resolves to \"no transform\" on both sides of a comparison — a same-vs-same test that can't detect anything, even though it will still print numbers. Sanity-check any A/B cell you write below by confirming the \"no transform\" and \"with transform\" runs actually produce different R² before trusting the delta.\n"
   ]
  },
  {
   "cell_type": "markdown",
   "id": "69c41a69",
   "metadata": {
    "papermill": {
     "duration": 0.010585,
     "end_time": "2026-07-30T13:57:21.349299+00:00",
     "exception": false,
     "start_time": "2026-07-30T13:57:21.338714+00:00",
     "status": "completed"
    },
    "tags": []
   },
   "source": [
    "### A.0.1 — Standing checks from `ADVICE.md` (re-run this pulse-check every week, not just at Week 11)\n",
    "\n",
    "These aren't this week's main topic, but skipping them silently is exactly the pattern `ADVICE.md` was written to stop. Answer briefly before treating anything below as a \"win\":\n",
    "- Is the CV-leakage question (early-stopping slice overlapping the last walk-forward fold) still deferred? It was deferred once in Week 7 for RF/XGBoost comparability. If LightGBM's baseline this week inherits the same simplification, say so explicitly — don't let it quietly become a fourth week of \"comparable, but not rigorous.\"\n",
    "- Do you have even a rough \"would this have made money\" number yet for your current best model? Not required to be exact — a naive PnL-if-every-flagged-signal-was-taken number is enough to keep the actual goal in view.\n",
    "- Any target being leaned on as a leaderboard leader — is it still worth re-checking against the volatility-ablation pattern that caught `class_target_3_corrected`?\n"
   ]
  },
  {
   "cell_type": "code",
   "execution_count": 1,
   "id": "af5e0be3",
   "metadata": {
    "execution": {
     "iopub.execute_input": "2026-07-30T13:57:21.372443Z",
     "iopub.status.busy": "2026-07-30T13:57:21.372070Z",
     "iopub.status.idle": "2026-07-30T13:57:21.382622Z",
     "shell.execute_reply": "2026-07-30T13:57:21.381354Z"
    },
    "papermill": {
     "duration": 0.024616,
     "end_time": "2026-07-30T13:57:21.384525+00:00",
     "exception": false,
     "start_time": "2026-07-30T13:57:21.359909+00:00",
     "status": "completed"
    },
    "tags": []
   },
   "outputs": [
    {
     "name": "stdout",
     "output_type": "stream",
     "text": [
      "\n",
      "CV leakage status: ... so next week is supposed to be about about svm , am planning to either compress it and slow down to\n",
      "to actually address this means i will be modifying my curriculum,i am also going to expand the curriculum to explore other\n",
      "complex algorithm (deep learning etc) but right now i'll be sticking with the notebook plan, i will be testing everysingle one\n",
      "my models far asides that , the cv i'll be using would remain as is , i'll create another 3 set for those section and that's \n",
      "what i would be using going forward i'm going to focus more on understanding and less about making money for now\n",
      "also going forward am going to be seperating my validation set from source before anything touches them , test/training data\n",
      "would just be the top 60k, the rest 5k+ would be validation, this would be extremely strict, as new market shifts would be painfully \n",
      "obvious and any leakage would be very apparent , when i reach the comparism stage that's what i'll employ df_TT and df_OOS\n",
      "\n",
      "Rough PnL-if-taken number for current best model: ... regarding this i am also planning on shifting focus from auc to precision\n",
      "recall and accuracy moving forward, and optimizing for that, and am also adding mae for model evaluation i feel this is more easy\n",
      "to wrap my head around in terms of profit and loss\n",
      "Any leaderboard leader worth re-ablating: ... all of them would become painfully obvious when i start using the validation set\n",
      "i'll also be making a new data pipeline that fetches captures crossovers as they occur and running test on them directly next week\n",
      "i will decide by the end of the week to either shift week9, cancel it or merge it \n",
      "\n"
     ]
    }
   ],
   "source": [
    "# TODO: write 2-4 sentences per bullet above, based on this week's actual state --\n",
    "# not a restatement of last week's answer. If nothing has changed, say so explicitly\n",
    "# rather than leaving it blank.\n",
    "advice_pulse_check = \"\"\"\n",
    "CV leakage status: ... so next week is supposed to be about about svm , am planning to either compress it and slow down to\n",
    "to actually address this means i will be modifying my curriculum,i am also going to expand the curriculum to explore other\n",
    "complex algorithm (deep learning etc) but right now i'll be sticking with the notebook plan, i will be testing everysingle one\n",
    "my models far asides that , the cv i'll be using would remain as is , i'll create another 3 set for those section and that's \n",
    "what i would be using going forward i'm going to focus more on understanding and less about making money for now\n",
    "also going forward am going to be seperating my validation set from source before anything touches them , test/training data\n",
    "would just be the top 60k, the rest 5k+ would be validation, this would be extremely strict, as new market shifts would be painfully \n",
    "obvious and any leakage would be very apparent , when i reach the comparism stage that's what i'll employ df_TT and df_OOS\n",
    "\n",
    "Rough PnL-if-taken number for current best model: ... regarding this i am also planning on shifting focus from auc to precision\n",
    "recall and accuracy moving forward, and optimizing for that, and am also adding mae for model evaluation i feel this is more easy\n",
    "to wrap my head around in terms of profit and loss\n",
    "Any leaderboard leader worth re-ablating: ... all of them would become painfully obvious when i start using the validation set\n",
    "i'll also be making a new data pipeline that fetches captures crossovers as they occur and running test on them directly next week\n",
    "i will decide by the end of the week to either shift week9, cancel it or merge it \n",
    "\"\"\"\n",
    "print(advice_pulse_check)\n"
   ]
  },
  {
   "cell_type": "markdown",
   "id": "627fc2a7",
   "metadata": {
    "papermill": {
     "duration": 0.010842,
     "end_time": "2026-07-30T13:57:21.406057+00:00",
     "exception": false,
     "start_time": "2026-07-30T13:57:21.395215+00:00",
     "status": "completed"
    },
    "tags": []
   },
   "source": [
    "---"
   ]
  },
  {
   "cell_type": "markdown",
   "id": "91b4d5a5",
   "metadata": {
    "papermill": {
     "duration": 0.010743,
     "end_time": "2026-07-30T13:57:21.427429+00:00",
     "exception": false,
     "start_time": "2026-07-30T13:57:21.416686+00:00",
     "status": "completed"
    },
    "tags": []
   },
   "source": [
    "### A.1 — Install packages"
   ]
  },
  {
   "cell_type": "code",
   "execution_count": 2,
   "id": "fd66601e",
   "metadata": {
    "execution": {
     "iopub.execute_input": "2026-07-30T13:57:21.451016Z",
     "iopub.status.busy": "2026-07-30T13:57:21.450244Z",
     "iopub.status.idle": "2026-07-30T13:57:28.132471Z",
     "shell.execute_reply": "2026-07-30T13:57:28.131427Z"
    },
    "papermill": {
     "duration": 6.696929,
     "end_time": "2026-07-30T13:57:28.135003+00:00",
     "exception": false,
     "start_time": "2026-07-30T13:57:21.438074+00:00",
     "status": "completed"
    },
    "tags": []
   },
   "outputs": [
    {
     "name": "stdout",
     "output_type": "stream",
     "text": [
      "\u001b[2K   \u001b[90m━━━━━━━━━━━━━━━━━━━━━━━━━━━━━━━━━━━━━━━━\u001b[0m \u001b[32m48.4/48.4 kB\u001b[0m \u001b[31m3.0 MB/s\u001b[0m eta \u001b[36m0:00:00\u001b[0m\r\n",
      "\u001b[?25h"
     ]
    }
   ],
   "source": [
    "!pip install -q supabase scikit-learn statsmodels xgboost lightgbm shap optuna\n"
   ]
  },
  {
   "cell_type": "markdown",
   "id": "e2078bc1",
   "metadata": {
    "papermill": {
     "duration": 0.010614,
     "end_time": "2026-07-30T13:57:28.156685+00:00",
     "exception": false,
     "start_time": "2026-07-30T13:57:28.146071+00:00",
     "status": "completed"
    },
    "tags": []
   },
   "source": [
    "### A.2 — Environment detection + secrets (Kaggle-primary, Colab-compatible)"
   ]
  },
  {
   "cell_type": "code",
   "execution_count": 3,
   "id": "5da2bdb6",
   "metadata": {
    "execution": {
     "iopub.execute_input": "2026-07-30T13:57:28.181444Z",
     "iopub.status.busy": "2026-07-30T13:57:28.180923Z",
     "iopub.status.idle": "2026-07-30T13:57:28.197493Z",
     "shell.execute_reply": "2026-07-30T13:57:28.196663Z"
    },
    "papermill": {
     "duration": 0.031141,
     "end_time": "2026-07-30T13:57:28.199524+00:00",
     "exception": false,
     "start_time": "2026-07-30T13:57:28.168383+00:00",
     "status": "completed"
    },
    "tags": []
   },
   "outputs": [
    {
     "name": "stdout",
     "output_type": "stream",
     "text": [
      "Environment: Kaggle\n"
     ]
    }
   ],
   "source": [
    "import os\n",
    "\n",
    "IS_KAGGLE = 'KAGGLE_KERNEL_RUN_TYPE' in os.environ\n",
    "IS_COLAB = 'COLAB_RELEASE_TAG' in os.environ\n",
    "\n",
    "if IS_KAGGLE:\n",
    "    from kaggle_secrets import UserSecretsClient\n",
    "    secrets = UserSecretsClient()\n",
    "    get_secret = lambda k: secrets.get_secret(k).strip()\n",
    "elif IS_COLAB:\n",
    "    from google.colab import userdata\n",
    "    get_secret = lambda k: userdata.get(k)\n",
    "else:\n",
    "    # local/other -- read from os.environ as a fallback\n",
    "    get_secret = lambda k: os.environ[k]\n",
    "\n",
    "print(f\"Environment: {'Kaggle' if IS_KAGGLE else 'Colab' if IS_COLAB else 'Other/local'}\")\n",
    "# Do NOT unconditionally import google.colab.userdata below this cell \"just in case\" --\n",
    "# Week 7 carried a dead Colab import into a Kaggle session. Branch, don't duplicate.\n"
   ]
  },
  {
   "cell_type": "code",
   "execution_count": 4,
   "id": "d42ca9e0",
   "metadata": {
    "execution": {
     "iopub.execute_input": "2026-07-30T13:57:28.223279Z",
     "iopub.status.busy": "2026-07-30T13:57:28.222597Z",
     "iopub.status.idle": "2026-07-30T13:57:32.437924Z",
     "shell.execute_reply": "2026-07-30T13:57:32.436870Z"
    },
    "papermill": {
     "duration": 4.229087,
     "end_time": "2026-07-30T13:57:32.439603+00:00",
     "exception": false,
     "start_time": "2026-07-30T13:57:28.210516+00:00",
     "status": "completed"
    },
    "tags": []
   },
   "outputs": [
    {
     "name": "stdout",
     "output_type": "stream",
     "text": [
      "Environment ready\n",
      "test\n"
     ]
    }
   ],
   "source": [
    "# ============================================================\n",
    "# PART A.1 — IMPORTS\n",
    "# ============================================================\n",
    "\n",
    "import pandas as pd, numpy as np, matplotlib.pyplot as plt, seaborn as sns, warnings\n",
    "warnings.filterwarnings('ignore')\n",
    "\n",
    "from supabase import create_client\n",
    "\n",
    "from sklearn.base import clone\n",
    "from sklearn.model_selection import TimeSeriesSplit\n",
    "from sklearn.preprocessing import StandardScaler\n",
    "from sklearn.linear_model import LinearRegression, LogisticRegression\n",
    "from sklearn.tree import DecisionTreeClassifier, DecisionTreeRegressor, plot_tree\n",
    "from sklearn.ensemble import RandomForestClassifier, RandomForestRegressor\n",
    "from sklearn.inspection import permutation_importance, PartialDependenceDisplay\n",
    "from sklearn.metrics import (\n",
    "    mean_squared_error, mean_absolute_error, r2_score,\n",
    "    accuracy_score, precision_score, recall_score, f1_score, roc_auc_score\n",
    ")\n",
    "\n",
    "pd.set_option('display.max_columns', None)\n",
    "pd.set_option('display.max_rows', 100)\n",
    "sns.set_style('whitegrid')\n",
    "plt.rcParams['figure.figsize'] = (12, 5)\n",
    "print('Environment ready')\n",
    "print(\"test\")\n"
   ]
  },
  {
   "cell_type": "markdown",
   "id": "017a7bb3",
   "metadata": {
    "papermill": {
     "duration": 0.010511,
     "end_time": "2026-07-30T13:57:32.460908+00:00",
     "exception": false,
     "start_time": "2026-07-30T13:57:32.450397+00:00",
     "status": "completed"
    },
    "tags": []
   },
   "source": [
    "### A.3 — Git identity (set BEFORE anything calls save_progress, every session)"
   ]
  },
  {
   "cell_type": "code",
   "execution_count": 5,
   "id": "14900138",
   "metadata": {
    "execution": {
     "iopub.execute_input": "2026-07-30T13:57:32.483572Z",
     "iopub.status.busy": "2026-07-30T13:57:32.483003Z",
     "iopub.status.idle": "2026-07-30T13:57:32.515596Z",
     "shell.execute_reply": "2026-07-30T13:57:32.514669Z"
    },
    "papermill": {
     "duration": 0.045952,
     "end_time": "2026-07-30T13:57:32.517365+00:00",
     "exception": false,
     "start_time": "2026-07-30T13:57:32.471413+00:00",
     "status": "completed"
    },
    "tags": []
   },
   "outputs": [
    {
     "data": {
      "text/plain": [
       "CompletedProcess(args=['git', 'config', '--global', 'user.name', 'Jeshurun-B'], returncode=0)"
      ]
     },
     "execution_count": 5,
     "metadata": {},
     "output_type": "execute_result"
    }
   ],
   "source": [
    "import subprocess\n",
    "\n",
    "USER_EMAIL       = \"israelbajulaye@student.oauife.edu.ng\"\n",
    "GITHUB_USERNAME  = \"Jeshurun-B\"\n",
    "\n",
    "# TODO: run these two lines every session, unconditionally -- do not assume a fresh\n",
    "# container inherited a previous session's git identity.\n",
    "subprocess.run([\"git\", \"config\", \"--global\", \"user.email\", USER_EMAIL], check=True)\n",
    "subprocess.run([\"git\", \"config\", \"--global\", \"user.name\", GITHUB_USERNAME], check=True)\n"
   ]
  },
  {
   "cell_type": "markdown",
   "id": "0259094a",
   "metadata": {
    "papermill": {
     "duration": 0.010484,
     "end_time": "2026-07-30T13:57:32.538649+00:00",
     "exception": false,
     "start_time": "2026-07-30T13:57:32.528165+00:00",
     "status": "completed"
    },
    "tags": []
   },
   "source": [
    "### A.4 — Connect to both databases"
   ]
  },
  {
   "cell_type": "code",
   "execution_count": 6,
   "id": "a7b9d7a3",
   "metadata": {
    "execution": {
     "iopub.execute_input": "2026-07-30T13:57:32.563006Z",
     "iopub.status.busy": "2026-07-30T13:57:32.562372Z",
     "iopub.status.idle": "2026-07-30T13:57:33.524213Z",
     "shell.execute_reply": "2026-07-30T13:57:33.522981Z"
    },
    "papermill": {
     "duration": 0.97699,
     "end_time": "2026-07-30T13:57:33.526306+00:00",
     "exception": false,
     "start_time": "2026-07-30T13:57:32.549316+00:00",
     "status": "completed"
    },
    "tags": []
   },
   "outputs": [
    {
     "name": "stdout",
     "output_type": "stream",
     "text": [
      "Connected to both Supabase projects.\n"
     ]
    }
   ],
   "source": [
    "import pandas as pd\n",
    "import numpy as np\n",
    "from supabase import create_client\n",
    "\n",
    "# Main DB\n",
    "main_client = create_client(get_secret('SUPABASE_URL'), get_secret('SUPABASE_KEY'))\n",
    "\n",
    "# Analytics DB\n",
    "analytics_client = create_client(get_secret('ANALYTICS_SUPABASE_URL'), get_secret('ANALYTICS_SUPABASE_KEY'))\n",
    "\n",
    "print(\"Connected to both Supabase projects.\")\n"
   ]
  },
  {
   "cell_type": "markdown",
   "id": "8cdc7d7f",
   "metadata": {
    "papermill": {
     "duration": 0.012149,
     "end_time": "2026-07-30T13:57:33.549698+00:00",
     "exception": false,
     "start_time": "2026-07-30T13:57:33.537549+00:00",
     "status": "completed"
    },
    "tags": []
   },
   "source": [
    "### A.5 — Fetch + merge (keep exactly one merged dataframe)"
   ]
  },
  {
   "cell_type": "code",
   "execution_count": 7,
   "id": "ff9de43d",
   "metadata": {
    "execution": {
     "iopub.execute_input": "2026-07-30T13:57:33.574116Z",
     "iopub.status.busy": "2026-07-30T13:57:33.573565Z",
     "iopub.status.idle": "2026-07-30T13:57:58.493966Z",
     "shell.execute_reply": "2026-07-30T13:57:58.492873Z"
    },
    "papermill": {
     "duration": 24.935147,
     "end_time": "2026-07-30T13:57:58.496329+00:00",
     "exception": false,
     "start_time": "2026-07-30T13:57:33.561182+00:00",
     "status": "completed"
    },
    "tags": []
   },
   "outputs": [
    {
     "name": "stdout",
     "output_type": "stream",
     "text": [
      "Merged: 65,467 rows | 60 columns\n"
     ]
    }
   ],
   "source": [
    "# TODO: fetch df_main from 'signals' (status == 'analyzed'), df_analytics from 'crossover_analytics'\n",
    "# TODO: rename df_analytics 'crossover_utc' -> 'checked_at_utc'\n",
    "# TODO: inner-merge on ['checked_at_utc', 'symbol'] into ONE dataframe named df -- do not\n",
    "#       also keep a second parallel dataframe around (Week 3's df/df_all mistake)\n",
    "# TODO: print(f\"Merged: {len(df):,} rows | {df.shape[1]} columns\")\n",
    "\n",
    "# Fetch and format main signals data\n",
    "df_main = pd.DataFrame(main_client.table('signals').select('