      "[I 2026-07-30 16:19:18,511] Trial 40 finished with value: 0.532482745487121 and parameters: {'num_leaves': 14, 'min_data_in_leaf': 13, 'bagging_fraction': 0.7717573814908814, 'reg_alpha': 0.4337055344346319, 'reg_lambda': 0.21235035490004012}. Best is trial 29 with value: 0.5354203243944067.\n",
      "[I 2026-07-30 16:19:38,227] Trial 41 finished with value: 0.5354056944529687 and parameters: {'num_leaves': 11, 'min_data_in_leaf': 17, 'bagging_fraction': 0.7963275422768401, 'reg_alpha': 0.5086147316244322, 'reg_lambda': 0.08073305604491819}. Best is trial 29 with value: 0.5354203243944067.\n",
      "[I 2026-07-30 16:20:04,388] Trial 42 finished with value: 0.5337209257691855 and parameters: {'num_leaves': 12, 'min_data_in_leaf': 17, 'bagging_fraction': 0.8326983028292226, 'reg_alpha': 0.5024220455015767, 'reg_lambda': 0.15077299501285762}. Best is trial 29 with value: 0.5354203243944067.\n",
      "[I 2026-07-30 16:20:21,288] Trial 43 finished with value: 0.5365164276979488 and parameters: {'num_leaves': 11, 'min_data_in_leaf': 14, 'bagging_fraction': 0.7988936382402503, 'reg_alpha': 0.5672051554695593, 'reg_lambda': 0.5047472453180952}. Best is trial 43 with value: 0.5365164276979488.\n",
      "[I 2026-07-30 16:20:40,204] Trial 44 finished with value: 0.5349331340319542 and parameters: {'num_leaves': 11, 'min_data_in_leaf': 15, 'bagging_fraction': 0.8137662129658564, 'reg_alpha': 0.5794179059639032, 'reg_lambda': 0.4793058355855482}. Best is trial 43 with value: 0.5365164276979488.\n",
      "[I 2026-07-30 16:20:57,181] Trial 45 finished with value: 0.5329020436636115 and parameters: {'num_leaves': 14, 'min_data_in_leaf': 40, 'bagging_fraction': 0.800220041729686, 'reg_alpha': 0.42299217166217584, 'reg_lambda': 0.557564618950585}. Best is trial 43 with value: 0.5365164276979488.\n",
      "[I 2026-07-30 16:21:14,940] Trial 46 finished with value: 0.5347059378202215 and parameters: {'num_leaves': 11, 'min_data_in_leaf': 14, 'bagging_fraction': 0.8391540959441672, 'reg_alpha': 0.2696428516949985, 'reg_lambda': 0.4046047288196536}. Best is trial 43 with value: 0.5365164276979488.\n",
      "[I 2026-07-30 16:21:29,665] Trial 47 finished with value: 0.5349053331849147 and parameters: {'num_leaves': 15, 'min_data_in_leaf': 16, 'bagging_fraction': 0.6505063421971947, 'reg_alpha': 0.534246519840948, 'reg_lambda': 0.3237861800433544}. Best is trial 43 with value: 0.5365164276979488.\n",
      "[I 2026-07-30 16:21:46,232] Trial 48 finished with value: 0.5319959284173448 and parameters: {'num_leaves': 17, 'min_data_in_leaf': 13, 'bagging_fraction': 0.6861944240591235, 'reg_alpha': 0.610648226364423, 'reg_lambda': 0.7083235936992731}. Best is trial 43 with value: 0.5365164276979488.\n",
      "[I 2026-07-30 16:22:04,093] Trial 49 finished with value: 0.5337803323527385 and parameters: {'num_leaves': 13, 'min_data_in_leaf': 10, 'bagging_fraction': 0.7924932762348605, 'reg_alpha': 0.12231542722209088, 'reg_lambda': 0.27085116139502935}. Best is trial 43 with value: 0.5365164276979488.\n",
      "[I 2026-07-30 16:22:27,117] Trial 50 finished with value: 0.5341776034093315 and parameters: {'num_leaves': 10, 'min_data_in_leaf': 17, 'bagging_fraction': 0.8117082320144096, 'reg_alpha': 0.3969079364711539, 'reg_lambda': 0.4702213742658217}. Best is trial 43 with value: 0.5365164276979488.\n",
      "[I 2026-07-30 16:22:44,341] Trial 51 finished with value: 0.5345698761686352 and parameters: {'num_leaves': 9, 'min_data_in_leaf': 19, 'bagging_fraction': 0.7798143584004511, 'reg_alpha': 0.4789432651504132, 'reg_lambda': 0.06468700788617224}. Best is trial 43 with value: 0.5365164276979488.\n",
      "[I 2026-07-30 16:22:57,989] Trial 52 finished with value: 0.5359810953291483 and parameters: {'num_leaves': 12, 'min_data_in_leaf': 15, 'bagging_fraction': 0.7396477731150373, 'reg_alpha': 0.45327353642855467, 'reg_lambda': 0.19836458541734894}. Best is trial 43 with value: 0.5365164276979488.\n",
      "[I 2026-07-30 16:23:14,089] Trial 53 finished with value: 0.5336055080227455 and parameters: {'num_leaves': 13, 'min_data_in_leaf': 15, 'bagging_fraction': 0.7436546163716892, 'reg_alpha': 0.5538326471886973, 'reg_lambda': 0.2101211756066837}. Best is trial 43 with value: 0.5365164276979488.\n",
      "[I 2026-07-30 16:23:28,966] Trial 54 finished with value: 0.5345022382114649 and parameters: {'num_leaves': 12, 'min_data_in_leaf': 12, 'bagging_fraction': 0.72333142192333, 'reg_alpha': 0.6540316732299135, 'reg_lambda': 0.350251743298244}. Best is trial 43 with value: 0.5365164276979488.\n",
      "[I 2026-07-30 16:23:43,422] Trial 55 finished with value: 0.5351277704512098 and parameters: {'num_leaves': 12, 'min_data_in_leaf': 14, 'bagging_fraction': 0.603291810310011, 'reg_alpha': 0.4382256510946564, 'reg_lambda': 0.8181082074408466}. Best is trial 43 with value: 0.5365164276979488.\n",
      "[I 2026-07-30 16:23:57,932] Trial 56 finished with value: 0.5330503376267715 and parameters: {'num_leaves': 14, 'min_data_in_leaf': 18, 'bagging_fraction': 0.6634257466183007, 'reg_alpha': 0.3217922224400205, 'reg_lambda': 0.2888612342076793}. Best is trial 43 with value: 0.5365164276979488.\n",
      "[I 2026-07-30 16:24:19,010] Trial 57 finished with value: 0.5344252923135322 and parameters: {'num_leaves': 16, 'min_data_in_leaf': 12, 'bagging_fraction': 0.7969013822656676, 'reg_alpha': 0.5869749906501769, 'reg_lambda': 0.17923762420094086}. Best is trial 43 with value: 0.5365164276979488.\n",
      "[I 2026-07-30 16:24:42,747] Trial 58 finished with value: 0.5321777751815983 and parameters: {'num_leaves': 28, 'min_data_in_leaf': 14, 'bagging_fraction': 0.7619303652040641, 'reg_alpha': 0.9222422348986455, 'reg_lambda': 0.5674681230636865}. Best is trial 43 with value: 0.5365164276979488.\n",
      "[I 2026-07-30 16:24:57,913] Trial 59 finished with value: 0.5363156675487418 and parameters: {'num_leaves': 8, 'min_data_in_leaf': 31, 'bagging_fraction': 0.6226669242562344, 'reg_alpha': 0.3923364078137274, 'reg_lambda': 0.2456454590771996}. Best is trial 43 with value: 0.5365164276979488.\n",
      "[I 2026-07-30 16:25:14,784] Trial 60 finished with value: 0.5342632419295954 and parameters: {'num_leaves': 8, 'min_data_in_leaf': 31, 'bagging_fraction': 0.6271966306582457, 'reg_alpha': 0.36517634209618766, 'reg_lambda': 0.24508238462134116}. Best is trial 43 with value: 0.5365164276979488.\n",
      "[I 2026-07-30 16:25:36,914] Trial 61 finished with value: 0.5330656499908868 and parameters: {'num_leaves': 10, 'min_data_in_leaf': 16, 'bagging_fraction': 0.6162430766524296, 'reg_alpha': 0.5049432580964516, 'reg_lambda': 0.3864175154031928}. Best is trial 43 with value: 0.5365164276979488.\n",
      "[I 2026-07-30 16:25:51,794] Trial 62 finished with value: 0.532666878959305 and parameters: {'num_leaves': 11, 'min_data_in_leaf': 36, 'bagging_fraction': 0.6291478075181018, 'reg_alpha': 0.4522370202315625, 'reg_lambda': 0.12983480704883088}. Best is trial 43 with value: 0.5365164276979488.\n",
      "[I 2026-07-30 16:26:12,330] Trial 63 finished with value: 0.5316618433753729 and parameters: {'num_leaves': 10, 'min_data_in_leaf': 33, 'bagging_fraction': 0.6180939433989352, 'reg_alpha': 0.3856867528944037, 'reg_lambda': 0.04660758020841821}. Best is trial 43 with value: 0.5365164276979488.\n",
      "[I 2026-07-30 16:26:29,908] Trial 64 finished with value: 0.5347354630737491 and parameters: {'num_leaves': 8, 'min_data_in_leaf': 30, 'bagging_fraction': 0.7844833665880845, 'reg_alpha': 0.26480204479213854, 'reg_lambda': 0.2520353746910285}. Best is trial 43 with value: 0.5365164276979488.\n",
      "[I 2026-07-30 16:26:53,407] Trial 65 finished with value: 0.5335871329197894 and parameters: {'num_leaves': 7, 'min_data_in_leaf': 27, 'bagging_fraction': 0.6481496763926409, 'reg_alpha': 0.4042748771955393, 'reg_lambda': 0.18549790292400825}. Best is trial 43 with value: 0.5365164276979488.\n",
      "[I 2026-07-30 16:27:11,817] Trial 66 finished with value: 0.5328813680847138 and parameters: {'num_leaves': 11, 'min_data_in_leaf': 35, 'bagging_fraction': 0.6089750968635058, 'reg_alpha': 0.5442729585407277, 'reg_lambda': 0.32990580753696774}. Best is trial 43 with value: 0.5365164276979488.\n",
      "[I 2026-07-30 16:27:29,755] Trial 67 finished with value: 0.5351176874936249 and parameters: {'num_leaves': 9, 'min_data_in_leaf': 38, 'bagging_fraction': 0.7355042361928775, 'reg_alpha': 0.8145011794288293, 'reg_lambda': 0.29261575948250507}. Best is trial 43 with value: 0.5365164276979488.\n",
      "[I 2026-07-30 16:27:56,874] Trial 68 finished with value: 0.5320356223689211 and parameters: {'num_leaves': 12, 'min_data_in_leaf': 32, 'bagging_fraction': 0.8199061293103961, 'reg_alpha': 0.33306122798479604, 'reg_lambda': 0.21663174175748912}. Best is trial 43 with value: 0.5365164276979488.\n",
      "[I 2026-07-30 16:28:18,861] Trial 69 finished with value: 0.5310869043196079 and parameters: {'num_leaves': 24, 'min_data_in_leaf': 11, 'bagging_fraction': 0.7908762624597002, 'reg_alpha': 0.7051986665919979, 'reg_lambda': 0.13544322985645185}. Best is trial 43 with value: 0.5365164276979488.\n",
      "[I 2026-07-30 16:28:43,999] Trial 70 finished with value: 0.5334908333768353 and parameters: {'num_leaves': 10, 'min_data_in_leaf': 22, 'bagging_fraction': 0.779913473640576, 'reg_alpha': 0.4586191498434204, 'reg_lambda': 0.08539691764295011}. Best is trial 43 with value: 0.5365164276979488.\n",
      "[I 2026-07-30 16:29:01,737] Trial 71 finished with value: 0.5352800126241647 and parameters: {'num_leaves': 8, 'min_data_in_leaf': 18, 'bagging_fraction': 0.7640817175022737, 'reg_alpha': 0.50737538930607, 'reg_lambda': 0.0346778788972614}. Best is trial 43 with value: 0.5365164276979488.\n",
      "[I 2026-07-30 16:29:19,512] Trial 72 finished with value: 0.5343170679080822 and parameters: {'num_leaves': 8, 'min_data_in_leaf': 20, 'bagging_fraction': 0.7620999725658477, 'reg_alpha': 0.5062878006751068, 'reg_lambda': 0.017936155436231976}. Best is trial 43 with value: 0.5365164276979488.\n",
      "[I 2026-07-30 16:29:37,918] Trial 73 finished with value: 0.5358511356409086 and parameters: {'num_leaves': 7, 'min_data_in_leaf': 15, 'bagging_fraction': 0.6370666658889982, 'reg_alpha': 0.6369842235171675, 'reg_lambda': 0.051603523424708905}. Best is trial 43 with value: 0.5365164276979488.\n",
      "[I 2026-07-30 16:29:58,040] Trial 74 finished with value: 0.5346533034934211 and parameters: {'num_leaves': 7, 'min_data_in_leaf': 18, 'bagging_fraction': 0.6390722594031446, 'reg_alpha': 0.6180480751296077, 'reg_lambda': 0.038489090233930975}. Best is trial 43 with value: 0.5365164276979488.\n",
      "[I 2026-07-30 16:30:16,790] Trial 75 finished with value: 0.5365605270627427 and parameters: {'num_leaves': 8, 'min_data_in_leaf': 15, 'bagging_fraction': 0.63595912795187, 'reg_alpha': 0.6580159754264876, 'reg_lambda': 0.0544612829773824}. Best is trial 75 with value: 0.5365605270627427.\n",
      "[I 2026-07-30 16:30:36,647] Trial 76 finished with value: 0.5356737494016567 and parameters: {'num_leaves': 7, 'min_data_in_leaf': 16, 'bagging_fraction': 0.6627838353688978, 'reg_alpha': 0.6883565409394372, 'reg_lambda': 0.0653333305382352}. Best is trial 75 with value: 0.5365605270627427.\n",
      "[I 2026-07-30 16:31:03,159] Trial 77 finished with value: 0.5354735244060985 and parameters: {'num_leaves': 7, 'min_data_in_leaf': 16, 'bagging_fraction': 0.6582611897790883, 'reg_alpha': 0.6810236468460721, 'reg_lambda': 0.10780125874191042}. Best is trial 75 with value: 0.5365605270627427.\n",
      "[I 2026-07-30 16:31:25,137] Trial 78 finished with value: 0.535613254255289 and parameters: {'num_leaves': 7, 'min_data_in_leaf': 16, 'bagging_fraction': 0.6570944735059744, 'reg_alpha': 0.6616639859836604, 'reg_lambda': 0.11247401856904102}. Best is trial 75 with value: 0.5365605270627427.\n",
      "[I 2026-07-30 16:31:48,368] Trial 79 finished with value: 0.5369759123516868 and parameters: {'num_leaves': 7, 'min_data_in_leaf': 16, 'bagging_fraction': 0.657426420458063, 'reg_alpha': 0.6664133594213903, 'reg_lambda': 0.10746160843787954}. Best is trial 79 with value: 0.5369759123516868.\n"
     ]
    },
    {
     "name": "stdout",
     "output_type": "stream",
     "text": [
      "[16:31:48] danger | SHORT -> R2 0.5370\n",
      "[save_progress] Changes to be committed:\n",
      " M Week_8_results/lightgbm_sweep_final.json\n",
      "?? lgbm_final_reg_danger_SHORT.db\n",
      "\n",
      "[main 472e7db] TPE REG Sweep completed: danger | SHORT\n",
      " 2 files changed, 14 insertions(+)\n",
      " create mode 100644 lgbm_final_reg_danger_SHORT.db\n",
      "[save_progress] Pulling latest from origin/main to check for divergence...\n",
      "PULL STDOUT: Already up to date.\n",
      "\n",
      "[save_progress] Successfully pushed to GitHub at 16:31:50\n"
     ]
    },
    {
     "name": "stderr",
     "output_type": "stream",
     "text": [
      "[I 2026-07-30 16:31:50,728] A new study created in RDB with name: lgbm_final_reg_entry_timing_LONG\n",
      "[I 2026-07-30 16:31:58,603] Trial 0 finished with value: 0.019390479518069957 and parameters: {'num_leaves': 10, 'min_data_in_leaf': 196, 'bagging_fraction': 0.7829984854528512, 'reg_alpha': 0.5986584841970366, 'reg_lambda': 0.15601864044243652}. Best is trial 0 with value: 0.019390479518069957.\n",
      "[I 2026-07-30 16:32:06,413] Trial 1 finished with value: 0.019361415331859488 and parameters: {'num_leaves': 8, 'min_data_in_leaf': 105, 'bagging_fraction': 0.8165440364437337, 'reg_alpha': 0.6011150117432088, 'reg_lambda': 0.7080725777960455}. Best is trial 0 with value: 0.019390479518069957.\n",
      "[I 2026-07-30 16:32:11,266] Trial 2 finished with value: 0.020176933436872456 and parameters: {'num_leaves': 7, 'min_data_in_leaf': 197, 'bagging_fraction': 0.8081106602001054, 'reg_alpha': 0.21233911067827616, 'reg_lambda': 0.18182496720710062}. Best is trial 2 with value: 0.020176933436872456.\n",
      "[I 2026-07-30 16:32:18,639] Trial 3 finished with value: 0.01973492715573035 and parameters: {'num_leaves': 8, 'min_data_in_leaf': 130, 'bagging_fraction': 0.7311891079080595, 'reg_alpha': 0.43194501864211576, 'reg_lambda': 0.2912291401980419}. Best is trial 2 with value: 0.020176933436872456.\n",
      "[I 2026-07-30 16:32:25,460] Trial 4 finished with value: 0.018676299593047375 and parameters: {'num_leaves': 12, 'min_data_in_leaf': 114, 'bagging_fraction': 0.6730361621338046, 'reg_alpha': 0.3663618432936917, 'reg_lambda': 0.45606998421703593}. Best is trial 2 with value: 0.020176933436872456.\n",
      "[I 2026-07-30 16:32:30,907] Trial 5 finished with value: 0.019913427767215275 and parameters: {'num_leaves': 14, 'min_data_in_leaf': 120, 'bagging_fraction': 0.7285586096034029, 'reg_alpha': 0.5924145688620425, 'reg_lambda': 0.046450412719997725}. Best is trial 2 with value: 0.020176933436872456.\n",
      "[I 2026-07-30 16:32:38,249] Trial 6 finished with value: 0.018233705507840915 and parameters: {'num_leaves': 12, 'min_data_in_leaf': 117, 'bagging_fraction': 0.6162628982463199, 'reg_alpha': 0.9488855372533332, 'reg_lambda': 0.9656320330745594}. Best is trial 2 with value: 0.020176933436872456.\n",
      "[I 2026-07-30 16:32:44,537] Trial 7 finished with value: 0.020061185783439607 and parameters: {'num_leaves': 14, 'min_data_in_leaf': 130, 'bagging_fraction': 0.6244180285015959, 'reg_alpha': 0.6842330265121569, 'reg_lambda': 0.4401524937396013}. Best is trial 2 with value: 0.020176933436872456.\n",
      "[I 2026-07-30 16:32:52,617] Trial 8 finished with value: 0.018883288911828933 and parameters: {'num_leaves': 8, 'min_data_in_leaf': 150, 'bagging_fraction': 0.6085971302788046, 'reg_alpha': 0.9093204020787821, 'reg_lambda': 0.2587799816000169}. Best is trial 2 with value: 0.020176933436872456.\n",
      "[I 2026-07-30 16:32:59,371] Trial 9 finished with value: 0.019698819983771876 and parameters: {'num_leaves': 12, 'min_data_in_leaf': 131, 'bagging_fraction': 0.7300170052944527, 'reg_alpha': 0.5467102793432796, 'reg_lambda': 0.18485445552552704}. Best is trial 2 with value: 0.020176933436872456.\n",
      "[I 2026-07-30 16:33:06,475] Trial 10 finished with value: 0.020344636722895215 and parameters: {'num_leaves': 10, 'min_data_in_leaf': 191, 'bagging_fraction': 0.8423842776969664, 'reg_alpha': 0.017961875614819656, 'reg_lambda': 0.9617195437970019}. Best is trial 10 with value: 0.020344636722895215.\n",
      "[I 2026-07-30 16:33:13,608] Trial 11 finished with value: 0.01983018171210258 and parameters: {'num_leaves': 10, 'min_data_in_leaf': 199, 'bagging_fraction': 0.84495252750514, 'reg_alpha': 0.03893855962586468, 'reg_lambda': 0.9943441807688029}. Best is trial 10 with value: 0.020344636722895215.\n",
      "[I 2026-07-30 16:33:20,316] Trial 12 finished with value: 0.02043998105100746 and parameters: {'num_leaves': 7, 'min_data_in_leaf': 178, 'bagging_fraction': 0.786200680533451, 'reg_alpha': 0.028811030170391126, 'reg_lambda': 0.7413001238689232}. Best is trial 12 with value: 0.02043998105100746.\n",
      "[I 2026-07-30 16:33:25,420] Trial 13 finished with value: 0.02001411496562542 and parameters: {'num_leaves': 10, 'min_data_in_leaf': 175, 'bagging_fraction': 0.7744985268430363, 'reg_alpha': 0.0043155308422445065, 'reg_lambda': 0.7825540682387887}. Best is trial 12 with value: 0.02043998105100746.\n",
      "[I 2026-07-30 16:33:32,534] Trial 14 finished with value: 0.020792693484108483 and parameters: {'num_leaves': 7, 'min_data_in_leaf': 169, 'bagging_fraction': 0.8480624973503037, 'reg_alpha': 0.17188631197359788, 'reg_lambda': 0.7719240123800712}. Best is trial 14 with value: 0.020792693484108483.\n",
      "[I 2026-07-30 16:33:39,696] Trial 15 finished with value: 0.020668297814525793 and parameters: {'num_leaves': 7, 'min_data_in_leaf': 166, 'bagging_fraction': 0.7687664569133934, 'reg_alpha': 0.19738226420400568, 'reg_lambda': 0.7092189348776852}. Best is trial 14 with value: 0.020792693484108483.\n",
      "[I 2026-07-30 16:33:46,461] Trial 16 finished with value: 0.020532920364060646 and parameters: {'num_leaves': 7, 'min_data_in_leaf': 154, 'bagging_fraction': 0.6886604993892876, 'reg_alpha': 0.232948026049767, 'reg_lambda': 0.6035320913609132}. Best is trial 14 with value: 0.020792693484108483.\n",
      "[I 2026-07-30 16:33:52,016] Trial 17 finished with value: 0.019968757637525814 and parameters: {'num_leaves': 9, 'min_data_in_leaf': 161, 'bagging_fraction': 0.7608683538170187, 'reg_alpha': 0.1852597393840843, 'reg_lambda': 0.8320181271353893}. Best is trial 14 with value: 0.020792693484108483.\n",
      "[I 2026-07-30 16:33:58,380] Trial 18 finished with value: 0.020562953660150284 and parameters: {'num_leaves': 9, 'min_data_in_leaf': 170, 'bagging_fraction': 0.8157197496477576, 'reg_alpha': 0.29424160044289915, 'reg_lambda': 0.5891181269988669}. Best is trial 14 with value: 0.020792693484108483.\n",
      "[I 2026-07-30 16:34:05,630] Trial 19 finished with value: 0.020346442897064797 and parameters: {'num_leaves': 7, 'min_data_in_leaf': 149, 'bagging_fraction': 0.6960366334987793, 'reg_alpha': 0.13415663170814524, 'reg_lambda': 0.6125502967438483}. Best is trial 14 with value: 0.020792693484108483.\n",
      "[I 2026-07-30 16:34:10,734] Trial 20 finished with value: 0.020292063211151467 and parameters: {'num_leaves': 9, 'min_data_in_leaf': 183, 'bagging_fraction': 0.7523149890526281, 'reg_alpha': 0.4325315878192827, 'reg_lambda': 0.8658980253943008}. Best is trial 14 with value: 0.020792693484108483.\n",
      "[I 2026-07-30 16:34:17,100] Trial 21 finished with value: 0.020329209489591448 and parameters: {'num_leaves': 9, 'min_data_in_leaf': 164, 'bagging_fraction': 0.8178766625502952, 'reg_alpha': 0.3113970400686185, 'reg_lambda': 0.6198031465697538}. Best is trial 14 with value: 0.020792693484108483.\n",
      "[I 2026-07-30 16:34:23,517] Trial 22 finished with value: 0.020127484507079817 and parameters: {'num_leaves': 8, 'min_data_in_leaf': 167, 'bagging_fraction': 0.8247123011689931, 'reg_alpha': 0.30399388339732347, 'reg_lambda': 0.45718886010761506}. Best is trial 14 with value: 0.020792693484108483.\n",
      "[I 2026-07-30 16:34:29,316] Trial 23 finished with value: 0.02005281098591487 and parameters: {'num_leaves': 11, 'min_data_in_leaf': 171, 'bagging_fraction': 0.8040317700739059, 'reg_alpha': 0.11832960788679248, 'reg_lambda': 0.5473541208122904}. Best is trial 14 with value: 0.020792693484108483.\n",
      "[I 2026-07-30 16:34:36,744] Trial 24 finished with value: 0.0201800993179591 and parameters: {'num_leaves': 8, 'min_data_in_leaf': 157, 'bagging_fraction': 0.8487961344062643, 'reg_alpha': 0.28381571871585776, 'reg_lambda': 0.6861007458117498}. Best is trial 14 with value: 0.020792693484108483.\n",
      "[I 2026-07-30 16:34:41,912] Trial 25 finished with value: 0.020014308474411345 and parameters: {'num_leaves': 15, 'min_data_in_leaf': 183, 'bagging_fraction': 0.7971110533856581, 'reg_alpha': 0.4046083888036439, 'reg_lambda': 0.8787349945258458}. Best is trial 14 with value: 0.020792693484108483.\n",
      "[I 2026-07-30 16:34:49,222] Trial 26 finished with value: 0.01953826606904463 and parameters: {'num_leaves': 9, 'min_data_in_leaf': 142, 'bagging_fraction': 0.8308971835479768, 'reg_alpha': 0.12279989468203435, 'reg_lambda': 0.7852359963318504}. Best is trial 14 with value: 0.020792693484108483.\n",
      "[I 2026-07-30 16:34:57,024] Trial 27 finished with value: 0.020182218226756275 and parameters: {'num_leaves': 7, 'min_data_in_leaf': 143, 'bagging_fraction': 0.7581575981905796, 'reg_alpha': 0.170340787803596, 'reg_lambda': 0.542133999323936}. Best is trial 14 with value: 0.020792693484108483.\n",
      "[I 2026-07-30 16:35:04,309] Trial 28 finished with value: 0.020122448829186436 and parameters: {'num_leaves': 8, 'min_data_in_leaf': 183, 'bagging_fraction': 0.7939678724803187, 'reg_alpha': 0.25755394275405374, 'reg_lambda': 0.38360473558057656}. Best is trial 14 with value: 0.020792693484108483.\n",
