      "[I 2026-07-30 14:54:24,277] Trial 56 finished with value: 0.8520364863787027 and parameters: {'num_leaves': 16, 'min_data_in_leaf': 132, 'bagging_fraction': 0.8199515498749574, 'reg_alpha': 1.3520035489630997, 'reg_lambda': 0.30939912882241993}. Best is trial 42 with value: 0.8529534571359056.\n",
      "[I 2026-07-30 14:54:35,151] Trial 57 finished with value: 0.8518654190973409 and parameters: {'num_leaves': 15, 'min_data_in_leaf': 143, 'bagging_fraction': 0.7835934955402795, 'reg_alpha': 1.244795617522451, 'reg_lambda': 0.16831463137508815}. Best is trial 42 with value: 0.8529534571359056.\n",
      "[I 2026-07-30 14:54:45,584] Trial 58 finished with value: 0.8527223549379002 and parameters: {'num_leaves': 20, 'min_data_in_leaf': 137, 'bagging_fraction': 0.8496602331398215, 'reg_alpha': 1.1157751666974707, 'reg_lambda': 0.4116870480137309}. Best is trial 42 with value: 0.8529534571359056.\n",
      "[I 2026-07-30 14:54:56,018] Trial 59 finished with value: 0.8525397452364514 and parameters: {'num_leaves': 16, 'min_data_in_leaf': 92, 'bagging_fraction': 0.7970858925673135, 'reg_alpha': 1.379250164217103, 'reg_lambda': 0.21522953065682587}. Best is trial 42 with value: 0.8529534571359056.\n",
      "[I 2026-07-30 14:55:06,972] Trial 60 finished with value: 0.8521878941253183 and parameters: {'num_leaves': 24, 'min_data_in_leaf': 115, 'bagging_fraction': 0.8317689104852927, 'reg_alpha': 1.3064272052984993, 'reg_lambda': 0.6105443519032434}. Best is trial 42 with value: 0.8529534571359056.\n",
      "[I 2026-07-30 14:55:18,112] Trial 61 finished with value: 0.851662563421715 and parameters: {'num_leaves': 20, 'min_data_in_leaf': 137, 'bagging_fraction': 0.8442857250732515, 'reg_alpha': 1.121031024110113, 'reg_lambda': 0.23422242655205688}. Best is trial 42 with value: 0.8529534571359056.\n",
      "[I 2026-07-30 14:55:29,391] Trial 62 finished with value: 0.852666698444445 and parameters: {'num_leaves': 23, 'min_data_in_leaf': 134, 'bagging_fraction': 0.838844981768163, 'reg_alpha': 1.2231364135588603, 'reg_lambda': 0.4030262869785286}. Best is trial 42 with value: 0.8529534571359056.\n",
      "[I 2026-07-30 14:55:39,710] Trial 63 finished with value: 0.8521745504803702 and parameters: {'num_leaves': 21, 'min_data_in_leaf': 148, 'bagging_fraction': 0.8237416299404968, 'reg_alpha': 1.112305260514181, 'reg_lambda': 0.3250723646082023}. Best is trial 42 with value: 0.8529534571359056.\n",
      "[I 2026-07-30 14:55:51,468] Trial 64 finished with value: 0.8527186660494696 and parameters: {'num_leaves': 15, 'min_data_in_leaf': 142, 'bagging_fraction': 0.8499160873700978, 'reg_alpha': 1.0553721340190325, 'reg_lambda': 0.4222416134741301}. Best is trial 42 with value: 0.8529534571359056.\n",
      "[I 2026-07-30 14:56:03,282] Trial 65 finished with value: 0.8515917416237417 and parameters: {'num_leaves': 26, 'min_data_in_leaf': 138, 'bagging_fraction': 0.8048188596659638, 'reg_alpha': 1.3176370729840403, 'reg_lambda': 0.5084197548261621}. Best is trial 42 with value: 0.8529534571359056.\n",
      "[I 2026-07-30 14:56:13,682] Trial 66 finished with value: 0.8518934112403278 and parameters: {'num_leaves': 20, 'min_data_in_leaf': 130, 'bagging_fraction': 0.8147874035931786, 'reg_alpha': 1.195135447548477, 'reg_lambda': 0.057701415478381535}. Best is trial 42 with value: 0.8529534571359056.\n",
      "[I 2026-07-30 14:56:25,850] Trial 67 finished with value: 0.8517977245637569 and parameters: {'num_leaves': 16, 'min_data_in_leaf': 147, 'bagging_fraction': 0.8339611545829216, 'reg_alpha': 1.41672386445323, 'reg_lambda': 0.1295879937211355}. Best is trial 42 with value: 0.8529534571359056.\n",
      "[I 2026-07-30 14:56:38,291] Trial 68 finished with value: 0.8516923022357762 and parameters: {'num_leaves': 19, 'min_data_in_leaf': 110, 'bagging_fraction': 0.7668219549538193, 'reg_alpha': 0.7888361182126518, 'reg_lambda': 0.4622057138099414}. Best is trial 42 with value: 0.8529534571359056.\n",
      "[I 2026-07-30 14:56:49,166] Trial 69 finished with value: 0.8519430987811966 and parameters: {'num_leaves': 17, 'min_data_in_leaf': 135, 'bagging_fraction': 0.7578599441002445, 'reg_alpha': 0.5873253943281321, 'reg_lambda': 0.009283177793250053}. Best is trial 42 with value: 0.8529534571359056.\n"
     ]
    },
    {
     "name": "stdout",
     "output_type": "stream",
     "text": [
      "[14:56:49] class_target_bad | SHORT -> AUC 0.8530\n",
      "[save_progress] Changes to be committed:\n",
      " M Week_8_results/lightgbm_sweep_final.json\n",
      "?? lgbm_final_clf_class_target_bad_SHORT.db\n",
      "\n",
      "[main 4686ffc] TPE CLF Sweep completed: class_target_bad | SHORT\n",
      " 2 files changed, 14 insertions(+)\n",
      " create mode 100644 lgbm_final_clf_class_target_bad_SHORT.db\n",
      "[save_progress] Pulling latest from origin/main to check for divergence...\n",
      "PULL STDOUT: Already up to date.\n",
      "\n",
      "[save_progress] Successfully pushed to GitHub at 14:56:50\n"
     ]
    },
    {
     "name": "stderr",
     "output_type": "stream",
     "text": [
      "[I 2026-07-30 14:56:50,980] A new study created in RDB with name: lgbm_final_reg_profit_LONG\n",
      "[I 2026-07-30 14:57:01,863] Trial 0 finished with value: 0.17423814302717797 and parameters: {'num_leaves': 16, 'min_data_in_leaf': 195, 'bagging_fraction': 0.7829984854528512, 'reg_alpha': 0.8979877262955549, 'reg_lambda': 0.23402796066365478}. Best is trial 0 with value: 0.17423814302717797.\n",
      "[I 2026-07-30 14:57:15,126] Trial 1 finished with value: 0.17636557224341282 and parameters: {'num_leaves': 10, 'min_data_in_leaf': 87, 'bagging_fraction': 0.8165440364437337, 'reg_alpha': 0.9016725176148133, 'reg_lambda': 1.0621088666940683}. Best is trial 1 with value: 0.17636557224341282.\n",
      "[I 2026-07-30 14:57:29,588] Trial 2 finished with value: 0.17726046740927975 and parameters: {'num_leaves': 7, 'min_data_in_leaf': 197, 'bagging_fraction': 0.8081106602001054, 'reg_alpha': 0.31850866601741423, 'reg_lambda': 0.2727374508106509}. Best is trial 2 with value: 0.17726046740927975.\n",
      "[I 2026-07-30 14:57:42,255] Trial 3 finished with value: 0.17814526985948526 and parameters: {'num_leaves': 11, 'min_data_in_leaf': 116, 'bagging_fraction': 0.7311891079080595, 'reg_alpha': 0.6479175279631737, 'reg_lambda': 0.43684371029706287}. Best is trial 3 with value: 0.17814526985948526.\n",
      "[I 2026-07-30 14:57:54,699] Trial 4 finished with value: 0.1740391125198106 and parameters: {'num_leaves': 22, 'min_data_in_leaf': 96, 'bagging_fraction': 0.6730361621338046, 'reg_alpha': 0.5495427649405376, 'reg_lambda': 0.6841049763255539}. Best is trial 3 with value: 0.17814526985948526.\n",
      "[I 2026-07-30 14:58:08,006] Trial 5 finished with value: 0.17575474833478025 and parameters: {'num_leaves': 26, 'min_data_in_leaf': 104, 'bagging_fraction': 0.7285586096034029, 'reg_alpha': 0.8886218532930636, 'reg_lambda': 0.06967561907999659}. Best is trial 3 with value: 0.17814526985948526.\n",
      "[I 2026-07-30 14:58:18,289] Trial 6 finished with value: 0.17450103190922775 and parameters: {'num_leaves': 22, 'min_data_in_leaf': 100, 'bagging_fraction': 0.6162628982463199, 'reg_alpha': 1.42332830588, 'reg_lambda': 1.448448049611839}. Best is trial 3 with value: 0.17814526985948526.\n",
      "[I 2026-07-30 14:58:27,937] Trial 7 finished with value: 0.17404892460612995 and parameters: {'num_leaves': 27, 'min_data_in_leaf': 116, 'bagging_fraction': 0.6244180285015959, 'reg_alpha': 1.0263495397682354, 'reg_lambda': 0.660228740609402}. Best is trial 3 with value: 0.17814526985948526.\n",
      "[I 2026-07-30 14:58:37,642] Trial 8 finished with value: 0.1765264385364078 and parameters: {'num_leaves': 10, 'min_data_in_leaf': 139, 'bagging_fraction': 0.6085971302788046, 'reg_alpha': 1.3639806031181732, 'reg_lambda': 0.3881699724000254}. Best is trial 3 with value: 0.17814526985948526.\n",
      "[I 2026-07-30 14:58:47,439] Trial 9 finished with value: 0.17504979408331828 and parameters: {'num_leaves': 23, 'min_data_in_leaf': 117, 'bagging_fraction': 0.7300170052944527, 'reg_alpha': 0.8200654190149195, 'reg_lambda': 0.27728168328829056}. Best is trial 3 with value: 0.17814526985948526.\n",
      "[I 2026-07-30 14:58:58,364] Trial 10 finished with value: 0.17362676897048362 and parameters: {'num_leaves': 16, 'min_data_in_leaf': 164, 'bagging_fraction': 0.7295866051138236, 'reg_alpha': 0.026942813422229483, 'reg_lambda': 1.4421875589937174}. Best is trial 3 with value: 0.17814526985948526.\n",
      "[I 2026-07-30 14:59:09,565] Trial 11 finished with value: 0.1746256508578386 and parameters: {'num_leaves': 7, 'min_data_in_leaf': 196, 'bagging_fraction': 0.8440160506777099, 'reg_alpha': 0.30084825157996314, 'reg_lambda': 0.5694063651303352}. Best is trial 3 with value: 0.17814526985948526.\n",
      "[I 2026-07-30 14:59:22,931] Trial 12 finished with value: 0.17527218216550938 and parameters: {'num_leaves': 14, 'min_data_in_leaf': 164, 'bagging_fraction': 0.7772847535479005, 'reg_alpha': 0.4626041471947644, 'reg_lambda': 0.8245194428711564}. Best is trial 3 with value: 0.17814526985948526.\n",
      "[I 2026-07-30 14:59:35,323] Trial 13 finished with value: 0.17753287235344037 and parameters: {'num_leaves': 7, 'min_data_in_leaf': 149, 'bagging_fraction': 0.774897834171806, 'reg_alpha': 0.16713851267139376, 'reg_lambda': 0.017368415688018002}. Best is trial 3 with value: 0.17814526985948526.\n",
      "[I 2026-07-30 14:59:45,140] Trial 14 finished with value: 0.17422976611943308 and parameters: {'num_leaves': 12, 'min_data_in_leaf': 143, 'bagging_fraction': 0.6877026335380909, 'reg_alpha': 0.1295533827289057, 'reg_lambda': 0.024837927593582904}. Best is trial 3 with value: 0.17814526985948526.\n",
      "[I 2026-07-30 14:59:57,641] Trial 15 finished with value: 0.17197552976813765 and parameters: {'num_leaves': 31, 'min_data_in_leaf': 138, 'bagging_fraction': 0.7611986340017527, 'reg_alpha': 0.6298580979802328, 'reg_lambda': 0.9912835879384299}. Best is trial 3 with value: 0.17814526985948526.\n",
      "[I 2026-07-30 15:00:07,314] Trial 16 finished with value: 0.1750247241203841 and parameters: {'num_leaves': 17, 'min_data_in_leaf': 160, 'bagging_fraction': 0.6899524700960167, 'reg_alpha': 0.1953679951855189, 'reg_lambda': 0.46521820148083604}. Best is trial 3 with value: 0.17814526985948526.\n",
      "[I 2026-07-30 15:00:17,969] Trial 17 finished with value: 0.1774065277984185 and parameters: {'num_leaves': 10, 'min_data_in_leaf': 126, 'bagging_fraction': 0.7492152231408545, 'reg_alpha': 1.2120990516707464, 'reg_lambda': 0.0028411261415849168}. Best is trial 3 with value: 0.17814526985948526.\n",
      "[I 2026-07-30 15:00:30,460] Trial 18 finished with value: 0.1739114302555845 and parameters: {'num_leaves': 13, 'min_data_in_leaf': 173, 'bagging_fraction': 0.6495829425999055, 'reg_alpha': 0.6998217952710204, 'reg_lambda': 0.18645299759930953}. Best is trial 3 with value: 0.17814526985948526.\n",
      "[I 2026-07-30 15:00:41,765] Trial 19 finished with value: 0.17428535646745527 and parameters: {'num_leaves': 19, 'min_data_in_leaf': 150, 'bagging_fraction': 0.7166457146420109, 'reg_alpha': 0.41463733797664415, 'reg_lambda': 0.4481645729536639}. Best is trial 3 with value: 0.17814526985948526.\n",
      "[I 2026-07-30 15:00:54,698] Trial 20 finished with value: 0.1770487815759467 and parameters: {'num_leaves': 7, 'min_data_in_leaf': 180, 'bagging_fraction': 0.8019793911738983, 'reg_alpha': 1.177435522632587, 'reg_lambda': 1.2005161220026224}. Best is trial 3 with value: 0.17814526985948526.\n",
      "[I 2026-07-30 15:01:08,533] Trial 21 finished with value: 0.17704163298842462 and parameters: {'num_leaves': 10, 'min_data_in_leaf': 127, 'bagging_fraction': 0.756499481206617, 'reg_alpha': 1.1456210923722794, 'reg_lambda': 0.01955897464492163}. Best is trial 3 with value: 0.17814526985948526.\n",
      "[I 2026-07-30 15:01:20,401] Trial 22 finished with value: 0.17550322779121427 and parameters: {'num_leaves': 10, 'min_data_in_leaf': 127, 'bagging_fraction': 0.7550372269461393, 'reg_alpha': 0.7337130321241064, 'reg_lambda': 0.1476689999840497}. Best is trial 3 with value: 0.17814526985948526.\n",
      "[I 2026-07-30 15:01:30,923] Trial 23 finished with value: 0.17503383347978632 and parameters: {'num_leaves': 12, 'min_data_in_leaf': 118, 'bagging_fraction': 0.7130154354926114, 'reg_alpha': 1.1938161654029733, 'reg_lambda': 0.3342768691355888}. Best is trial 3 with value: 0.17814526985948526.\n",
      "[I 2026-07-30 15:01:44,491] Trial 24 finished with value: 0.17503350390720546 and parameters: {'num_leaves': 9, 'min_data_in_leaf': 128, 'bagging_fraction': 0.7804843360550866, 'reg_alpha': 0.541018795508335, 'reg_lambda': 0.07510327309846943}. Best is trial 3 with value: 0.17814526985948526.\n",
      "[I 2026-07-30 15:01:55,182] Trial 25 finished with value: 0.17474097435877678 and parameters: {'num_leaves': 14, 'min_data_in_leaf': 152, 'bagging_fraction': 0.7478794177489314, 'reg_alpha': 0.008736031662018584, 'reg_lambda': 0.5570429638049197}. Best is trial 3 with value: 0.17814526985948526.\n",
      "[I 2026-07-30 15:02:09,797] Trial 26 finished with value: 0.1755787520583177 and parameters: {'num_leaves': 8, 'min_data_in_leaf': 107, 'bagging_fraction': 0.83269279264101, 'reg_alpha': 1.319251193832105, 'reg_lambda': 0.1800667276291401}. Best is trial 3 with value: 0.17814526985948526.\n",
      "[I 2026-07-30 15:02:20,198] Trial 27 finished with value: 0.17350044076669385 and parameters: {'num_leaves': 12, 'min_data_in_leaf': 82, 'bagging_fraction': 0.6979908399140103, 'reg_alpha': 1.0879050285412089, 'reg_lambda': 0.797813076580101}. Best is trial 3 with value: 0.17814526985948526.\n",
      "[I 2026-07-30 15:02:32,243] Trial 28 finished with value: 0.17641294484777123 and parameters: {'num_leaves': 9, 'min_data_in_leaf': 130, 'bagging_fraction': 0.7936346418340895, 'reg_alpha': 0.22136671068091787, 'reg_lambda': 0.39640929255570156}. Best is trial 3 with value: 0.17814526985948526.\n",
      "[I 2026-07-30 15:02:44,484] Trial 29 finished with value: 0.17476347426071556 and parameters: {'num_leaves': 15, 'min_data_in_leaf': 184, 'bagging_fraction': 0.76835866675883, 'reg_alpha': 1.490764177574563, 'reg_lambda': 0.16455978066687987}. Best is trial 3 with value: 0.17814526985948526.\n",
      "[I 2026-07-30 15:02:57,106] Trial 30 finished with value: 0.17622816208902606 and parameters: {'num_leaves': 17, 'min_data_in_leaf': 110, 'bagging_fraction': 0.7430756088923796, 'reg_alpha': 0.9771553900573836, 'reg_lambda': 0.2630743727132679}. Best is trial 3 with value: 0.17814526985948526.\n",
      "[I 2026-07-30 15:03:10,403] Trial 31 finished with value: 0.17804911998401274 and parameters: {'num_leaves': 7, 'min_data_in_leaf': 188, 'bagging_fraction': 0.8196567516457582, 'reg_alpha': 0.35596371700312895, 'reg_lambda': 0.3226705912861362}. Best is trial 3 with value: 0.17814526985948526.\n",
      "[I 2026-07-30 15:03:22,729] Trial 32 finished with value: 0.17640942988174593 and parameters: {'num_leaves': 11, 'min_data_in_leaf': 187, 'bagging_fraction': 0.7882013392880034, 'reg_alpha': 0.37415071524208643, 'reg_lambda': 0.4977601382228009}. Best is trial 3 with value: 0.17814526985948526.\n",
      "[I 2026-07-30 15:03:36,951] Trial 33 finished with value: 0.17703442067513833 and parameters: {'num_leaves': 8, 'min_data_in_leaf': 95, 'bagging_fraction': 0.8255327477039671, 'reg_alpha': 0.15130649903538237, 'reg_lambda': 0.33753967679987623}. Best is trial 3 with value: 0.17814526985948526.\n",
      "[I 2026-07-30 15:03:49,834] Trial 34 finished with value: 0.17781154205033126 and parameters: {'num_leaves': 7, 'min_data_in_leaf': 151, 'bagging_fraction': 0.8157537147701819, 'reg_alpha': 0.2860864464172822, 'reg_lambda': 0.1387095422204762}. Best is trial 3 with value: 0.17814526985948526.\n",
      "[I 2026-07-30 15:04:05,948] Trial 35 finished with value: 0.17758390007665267 and parameters: {'num_leaves': 7, 'min_data_in_leaf': 170, 'bagging_fraction': 0.8498533735219214, 'reg_alpha': 0.31604057086655546, 'reg_lambda': 0.24213323512384272}. Best is trial 3 with value: 0.17814526985948526.\n",
      "[I 2026-07-30 15:04:21,091] Trial 36 finished with value: 0.1762190225103407 and parameters: {'num_leaves': 8, 'min_data_in_leaf': 175, 'bagging_fraction': 0.845393982844343, 'reg_alpha': 0.2844621301180965, 'reg_lambda': 0.3152089908215257}. Best is trial 3 with value: 0.17814526985948526.\n",
      "[I 2026-07-30 15:04:33,479] Trial 37 finished with value: 0.1770262316651892 and parameters: {'num_leaves': 9, 'min_data_in_leaf': 170, 'bagging_fraction': 0.815187902631453, 'reg_alpha': 0.5106631534167833, 'reg_lambda': 0.660365970240146}. Best is trial 3 with value: 0.17814526985948526.\n",
      "[I 2026-07-30 15:04:44,769] Trial 38 finished with value: 0.17518207002630762 and parameters: {'num_leaves': 11, 'min_data_in_leaf': 182, 'bagging_fraction': 0.8259641769808572, 'reg_alpha': 0.37107508048743687, 'reg_lambda': 0.10853978118890442}. Best is trial 3 with value: 0.17814526985948526.\n",
      "[I 2026-07-30 15:05:01,058] Trial 39 finished with value: 0.1777255821761605 and parameters: {'num_leaves': 7, 'min_data_in_leaf': 189, 'bagging_fraction': 0.8102931897610961, 'reg_alpha': 0.5844610815800045, 'reg_lambda': 0.23153834511977986}. Best is trial 3 with value: 0.17814526985948526.\n",
      "[I 2026-07-30 15:05:15,073] Trial 40 finished with value: 0.177492598027392 and parameters: {'num_leaves': 9, 'min_data_in_leaf': 194, 'bagging_fraction': 0.8058134592596574, 'reg_alpha': 0.6505583016519478, 'reg_lambda': 0.586755010386497}. Best is trial 3 with value: 0.17814526985948526.\n",
      "[I 2026-07-30 15:05:31,826] Trial 41 finished with value: 0.17605207109139426 and parameters: {'num_leaves': 7, 'min_data_in_leaf': 191, 'bagging_fraction': 0.8342261890412369, 'reg_alpha': 0.5936167847235613, 'reg_lambda': 0.22553093749694825}. Best is trial 3 with value: 0.17814526985948526.\n",
      "[I 2026-07-30 15:05:45,351] Trial 42 finished with value: 0.17655224302233025 and parameters: {'num_leaves': 8, 'min_data_in_leaf': 178, 'bagging_fraction': 0.8140606862896511, 'reg_alpha': 0.8117192087006921, 'reg_lambda': 0.3866113870944584}. Best is trial 3 with value: 0.17814526985948526.\n",
      "[I 2026-07-30 15:05:55,865] Trial 43 finished with value: 0.17376676828288434 and parameters: {'num_leaves': 7, 'min_data_in_leaf': 198, 'bagging_fraction': 0.8482150729716779, 'reg_alpha': 0.4704242113738655, 'reg_lambda': 0.2491677691959398}. Best is trial 3 with value: 0.17814526985948526.\n",
      "[I 2026-07-30 15:06:08,925] Trial 44 finished with value: 0.17467732296173116 and parameters: {'num_leaves': 11, 'min_data_in_leaf': 189, 'bagging_fraction': 0.797683429169503, 'reg_alpha': 0.28147235520582115, 'reg_lambda': 0.11587724553098208}. Best is trial 3 with value: 0.17814526985948526.\n",
      "[I 2026-07-30 15:06:22,382] Trial 45 finished with value: 0.17612856498673995 and parameters: {'num_leaves': 9, 'min_data_in_leaf': 168, 'bagging_fraction': 0.8214092641615013, 'reg_alpha': 0.42463069410204834, 'reg_lambda': 0.39520581426093937}. Best is trial 3 with value: 0.17814526985948526.\n",
      "[I 2026-07-30 15:06:34,938] Trial 46 finished with value: 0.17621714518451545 and parameters: {'num_leaves': 7, 'min_data_in_leaf': 158, 'bagging_fraction': 0.6528959710425254, 'reg_alpha': 0.07005917807973816, 'reg_lambda': 0.5078814668108655}. Best is trial 3 with value: 0.17814526985948526.\n",
      "[I 2026-07-30 15:06:47,003] Trial 47 finished with value: 0.17523853363660763 and parameters: {'num_leaves': 13, 'min_data_in_leaf': 186, 'bagging_fraction': 0.8373983914545186, 'reg_alpha': 0.34825815851891573, 'reg_lambda': 0.3058876407673969}. Best is trial 3 with value: 0.17814526985948526.\n",
      "[I 2026-07-30 15:06:59,662] Trial 48 finished with value: 0.17596546374119443 and parameters: {'num_leaves': 11, 'min_data_in_leaf': 91, 'bagging_fraction': 0.8069706601830345, 'reg_alpha': 0.24198101038962522, 'reg_lambda': 0.22716796457308952}. Best is trial 3 with value: 0.17814526985948526.\n",
      "[I 2026-07-30 15:07:15,975] Trial 49 finished with value: 0.1769446353128389 and parameters: {'num_leaves': 8, 'min_data_in_leaf': 156, 'bagging_fraction': 0.8350429278847651, 'reg_alpha': 0.7836870703358729, 'reg_lambda': 0.4412352656643265}. Best is trial 3 with value: 0.17814526985948526.\n",
      "[I 2026-07-30 15:07:29,734] Trial 50 finished with value: 0.17388768325773182 and parameters: {'num_leaves': 30, 'min_data_in_leaf': 164, 'bagging_fraction': 0.8184557715168347, 'reg_alpha': 0.5953619047067309, 'reg_lambda': 0.2079491346971946}. Best is trial 3 with value: 0.17814526985948526.\n",
      "[I 2026-07-30 15:07:42,265] Trial 51 finished with value: 0.17666107080276516 and parameters: {'num_leaves': 7, 'min_data_in_leaf': 143, 'bagging_fraction': 0.7698761807230797, 'reg_alpha': 0.16585789778651688, 'reg_lambda': 0.05766132617614006}. Best is trial 3 with value: 0.17814526985948526.\n",
      "[I 2026-07-30 15:07:57,102] Trial 52 finished with value: 0.1766207297404197 and parameters: {'num_leaves': 8, 'min_data_in_leaf': 146, 'bagging_fraction': 0.7868088739279204, 'reg_alpha': 0.10133430412503275, 'reg_lambda': 0.1401213284814392}. Best is trial 3 with value: 0.17814526985948526.\n",
      "[I 2026-07-30 15:08:09,959] Trial 53 finished with value: 0.17439712680497169 and parameters: {'num_leaves': 10, 'min_data_in_leaf': 199, 'bagging_fraction': 0.773319837463232, 'reg_alpha': 0.44946010793088725, 'reg_lambda': 0.07929242012334375}. Best is trial 3 with value: 0.17814526985948526.\n",
      "[I 2026-07-30 15:08:22,243] Trial 54 finished with value: 0.17646171000143757 and parameters: {'num_leaves': 7, 'min_data_in_leaf': 176, 'bagging_fraction': 0.7939521143380307, 'reg_alpha': 0.24342898996466006, 'reg_lambda': 0.0022327196537690087}. Best is trial 3 with value: 0.17814526985948526.\n",
