      "[I 2026-07-30 16:42:26,672] Trial 14 finished with value: 0.05333896699028928 and parameters: {'num_leaves': 8, 'min_data_in_leaf': 178, 'bagging_fraction': 0.6047169260395415, 'reg_alpha': 0.8217269824791446, 'reg_lambda': 0.6276429452559498}. Best is trial 8 with value: 0.06120654179944911.\n",
      "[I 2026-07-30 16:42:36,592] Trial 15 finished with value: 0.05827266747236082 and parameters: {'num_leaves': 7, 'min_data_in_leaf': 148, 'bagging_fraction': 0.6025001958707368, 'reg_alpha': 0.789529881398018, 'reg_lambda': 0.45654335665096274}. Best is trial 8 with value: 0.06120654179944911.\n",
      "[I 2026-07-30 16:42:50,320] Trial 16 finished with value: 0.0469106045895884 and parameters: {'num_leaves': 9, 'min_data_in_leaf': 179, 'bagging_fraction': 0.6386416751908611, 'reg_alpha': 0.8578632147124868, 'reg_lambda': 0.8095789183531144}. Best is trial 8 with value: 0.06120654179944911.\n",
      "[I 2026-07-30 16:42:57,419] Trial 17 finished with value: 0.060193015371521684 and parameters: {'num_leaves': 9, 'min_data_in_leaf': 143, 'bagging_fraction': 0.6338887192603934, 'reg_alpha': 0.8878755712041533, 'reg_lambda': 0.6044238389634611}. Best is trial 8 with value: 0.06120654179944911.\n",
      "[I 2026-07-30 16:43:06,543] Trial 18 finished with value: 0.05785736550587299 and parameters: {'num_leaves': 11, 'min_data_in_leaf': 175, 'bagging_fraction': 0.6950613512745504, 'reg_alpha': 0.762984086328978, 'reg_lambda': 0.3208501786198171}. Best is trial 8 with value: 0.06120654179944911.\n",
      "[I 2026-07-30 16:43:17,980] Trial 19 finished with value: 0.05165149685028556 and parameters: {'num_leaves': 9, 'min_data_in_leaf': 166, 'bagging_fraction': 0.642703333478359, 'reg_alpha': 0.7244824833540857, 'reg_lambda': 0.5347950522271925}. Best is trial 8 with value: 0.06120654179944911.\n",
      "[I 2026-07-30 16:43:26,280] Trial 20 finished with value: 0.05693259095209635 and parameters: {'num_leaves': 15, 'min_data_in_leaf': 145, 'bagging_fraction': 0.6007768375956062, 'reg_alpha': 0.9190582766476008, 'reg_lambda': 0.004740119653089292}. Best is trial 8 with value: 0.06120654179944911.\n",
      "[I 2026-07-30 16:43:37,912] Trial 21 finished with value: 0.05192540196913007 and parameters: {'num_leaves': 9, 'min_data_in_leaf': 146, 'bagging_fraction': 0.6386810676320502, 'reg_alpha': 0.8827003468306195, 'reg_lambda': 0.5909014735100748}. Best is trial 8 with value: 0.06120654179944911.\n",
      "[I 2026-07-30 16:43:49,373] Trial 22 finished with value: 0.054524460431746816 and parameters: {'num_leaves': 8, 'min_data_in_leaf': 139, 'bagging_fraction': 0.6294939100836746, 'reg_alpha': 0.9817274959591035, 'reg_lambda': 0.8706280011519396}. Best is trial 8 with value: 0.06120654179944911.\n",
      "[I 2026-07-30 16:44:01,063] Trial 23 finished with value: 0.05460641107121582 and parameters: {'num_leaves': 7, 'min_data_in_leaf': 152, 'bagging_fraction': 0.6866376148599667, 'reg_alpha': 0.6908321509099095, 'reg_lambda': 0.6790463942747123}. Best is trial 8 with value: 0.06120654179944911.\n",
      "[I 2026-07-30 16:44:09,969] Trial 24 finished with value: 0.056828422026589685 and parameters: {'num_leaves': 9, 'min_data_in_leaf': 137, 'bagging_fraction': 0.651147990928674, 'reg_alpha': 0.848343983779818, 'reg_lambda': 0.33437535416104563}. Best is trial 8 with value: 0.06120654179944911.\n",
      "[I 2026-07-30 16:44:17,308] Trial 25 finished with value: 0.06071252189880798 and parameters: {'num_leaves': 11, 'min_data_in_leaf': 167, 'bagging_fraction': 0.6245425786622536, 'reg_alpha': 0.9088855603252826, 'reg_lambda': 0.5372060270777521}. Best is trial 8 with value: 0.06120654179944911.\n",
      "[I 2026-07-30 16:44:29,955] Trial 26 finished with value: 0.047822831893905994 and parameters: {'num_leaves': 11, 'min_data_in_leaf': 172, 'bagging_fraction': 0.6194629133713191, 'reg_alpha': 0.7368252935126084, 'reg_lambda': 0.38186759253914615}. Best is trial 8 with value: 0.06120654179944911.\n",
      "[I 2026-07-30 16:44:37,573] Trial 27 finished with value: 0.05929492626731514 and parameters: {'num_leaves': 11, 'min_data_in_leaf': 185, 'bagging_fraction': 0.7067337023218363, 'reg_alpha': 0.9986444584154872, 'reg_lambda': 0.5539687212529079}. Best is trial 8 with value: 0.06120654179944911.\n",
      "[I 2026-07-30 16:44:46,912] Trial 28 finished with value: 0.05819179435587105 and parameters: {'num_leaves': 13, 'min_data_in_leaf': 157, 'bagging_fraction': 0.8490563461013113, 'reg_alpha': 0.8014965855688496, 'reg_lambda': 0.8153856716345942}. Best is trial 8 with value: 0.06120654179944911.\n",
      "[I 2026-07-30 16:44:55,340] Trial 29 finished with value: 0.0572051249473499 and parameters: {'num_leaves': 11, 'min_data_in_leaf': 187, 'bagging_fraction': 0.617898762192131, 'reg_alpha': 0.6462502245070127, 'reg_lambda': 0.24894478377523876}. Best is trial 8 with value: 0.06120654179944911.\n",
      "[I 2026-07-30 16:45:04,601] Trial 30 finished with value: 0.0551999544042864 and parameters: {'num_leaves': 10, 'min_data_in_leaf': 168, 'bagging_fraction': 0.6457431833430685, 'reg_alpha': 0.5220060205542619, 'reg_lambda': 0.09299298979564799}. Best is trial 8 with value: 0.06120654179944911.\n",
      "[I 2026-07-30 16:45:15,452] Trial 31 finished with value: 0.054506833895844854 and parameters: {'num_leaves': 9, 'min_data_in_leaf': 156, 'bagging_fraction': 0.6259468933994691, 'reg_alpha': 0.8856785210658944, 'reg_lambda': 0.5147799657795966}. Best is trial 8 with value: 0.06120654179944911.\n",
      "[I 2026-07-30 16:45:27,764] Trial 32 finished with value: 0.04987516002691646 and parameters: {'num_leaves': 8, 'min_data_in_leaf': 140, 'bagging_fraction': 0.6117447990416555, 'reg_alpha': 0.9081524384835834, 'reg_lambda': 0.6580620870046029}. Best is trial 8 with value: 0.06120654179944911.\n",
      "[I 2026-07-30 16:45:39,418] Trial 33 finished with value: 0.05431754583944035 and parameters: {'num_leaves': 7, 'min_data_in_leaf': 151, 'bagging_fraction': 0.6304158454443999, 'reg_alpha': 0.8295492801691509, 'reg_lambda': 0.772774605551797}. Best is trial 8 with value: 0.06120654179944911.\n",
      "[I 2026-07-30 16:45:51,419] Trial 34 finished with value: 0.0537271539878174 and parameters: {'num_leaves': 8, 'min_data_in_leaf': 162, 'bagging_fraction': 0.6591478282852535, 'reg_alpha': 0.9443128111491831, 'reg_lambda': 0.7309035085419258}. Best is trial 8 with value: 0.06120654179944911.\n",
      "[I 2026-07-30 16:46:07,170] Trial 35 finished with value: 0.04524704965496573 and parameters: {'num_leaves': 10, 'min_data_in_leaf': 103, 'bagging_fraction': 0.6002430494393418, 'reg_alpha': 0.7836078714048398, 'reg_lambda': 0.6250646845172698}. Best is trial 8 with value: 0.06120654179944911.\n",
      "[I 2026-07-30 16:46:20,529] Trial 36 finished with value: 0.05319716173979831 and parameters: {'num_leaves': 8, 'min_data_in_leaf': 185, 'bagging_fraction': 0.6795571286232265, 'reg_alpha': 0.9264958745255356, 'reg_lambda': 0.4105514295444024}. Best is trial 8 with value: 0.06120654179944911.\n",
      "[I 2026-07-30 16:46:34,475] Trial 37 finished with value: 0.04905978672017759 and parameters: {'num_leaves': 9, 'min_data_in_leaf': 123, 'bagging_fraction': 0.6484177723553888, 'reg_alpha': 0.3512786202203141, 'reg_lambda': 0.5034128064684413}. Best is trial 8 with value: 0.06120654179944911.\n",
      "[I 2026-07-30 16:46:43,614] Trial 38 finished with value: 0.056918323503744525 and parameters: {'num_leaves': 13, 'min_data_in_leaf': 193, 'bagging_fraction': 0.6319896309359476, 'reg_alpha': 0.6809155473358139, 'reg_lambda': 0.23874015649642003}. Best is trial 8 with value: 0.06120654179944911.\n",
      "[I 2026-07-30 16:46:58,297] Trial 39 finished with value: 0.05334500075237121 and parameters: {'num_leaves': 7, 'min_data_in_leaf': 170, 'bagging_fraction': 0.7606595240183935, 'reg_alpha': 0.8724031380555421, 'reg_lambda': 0.589803520416251}. Best is trial 8 with value: 0.06120654179944911.\n"
     ]
    },
    {
     "name": "stdout",
     "output_type": "stream",
     "text": [
      "[16:46:58] exit_timing | LONG -> R2 0.0612\n",
      "[save_progress] Changes to be committed:\n",
      " M Week_8_results/lightgbm_sweep_final.json\n",
      "?? lgbm_final_reg_exit_timing_LONG.db\n",
      "\n",
      "[main 4baf16c] TPE REG Sweep completed: exit_timing | LONG\n",
      " 2 files changed, 14 insertions(+)\n",
      " create mode 100644 lgbm_final_reg_exit_timing_LONG.db\n",
      "[save_progress] Pulling latest from origin/main to check for divergence...\n",
      "PULL STDOUT: Already up to date.\n",
      "\n",
      "[save_progress] Successfully pushed to GitHub at 16:46:59\n"
     ]
    },
    {
     "name": "stderr",
     "output_type": "stream",
     "text": [
      "[I 2026-07-30 16:47:00,054] A new study created in RDB with name: lgbm_final_reg_exit_timing_SHORT\n",
      "[I 2026-07-30 16:47:16,391] Trial 0 finished with value: 0.04616672736706058 and parameters: {'num_leaves': 10, 'min_data_in_leaf': 196, 'bagging_fraction': 0.7829984854528512, 'reg_alpha': 0.5986584841970366, 'reg_lambda': 0.15601864044243652}. Best is trial 0 with value: 0.04616672736706058.\n",
      "[I 2026-07-30 16:47:34,127] Trial 1 finished with value: 0.04625072161554751 and parameters: {'num_leaves': 8, 'min_data_in_leaf': 105, 'bagging_fraction': 0.8165440364437337, 'reg_alpha': 0.6011150117432088, 'reg_lambda': 0.7080725777960455}. Best is trial 1 with value: 0.04625072161554751.\n",
      "[I 2026-07-30 16:47:50,274] Trial 2 finished with value: 0.04954053252111059 and parameters: {'num_leaves': 7, 'min_data_in_leaf': 197, 'bagging_fraction': 0.8081106602001054, 'reg_alpha': 0.21233911067827616, 'reg_lambda': 0.18182496720710062}. Best is trial 2 with value: 0.04954053252111059.\n",
      "[I 2026-07-30 16:48:03,207] Trial 3 finished with value: 0.05212391534460896 and parameters: {'num_leaves': 8, 'min_data_in_leaf': 130, 'bagging_fraction': 0.7311891079080595, 'reg_alpha': 0.43194501864211576, 'reg_lambda': 0.2912291401980419}. Best is trial 3 with value: 0.05212391534460896.\n",
      "[I 2026-07-30 16:48:18,094] Trial 4 finished with value: 0.04365207092970007 and parameters: {'num_leaves': 12, 'min_data_in_leaf': 114, 'bagging_fraction': 0.6730361621338046, 'reg_alpha': 0.3663618432936917, 'reg_lambda': 0.45606998421703593}. Best is trial 3 with value: 0.05212391534460896.\n",
      "[I 2026-07-30 16:48:32,350] Trial 5 finished with value: 0.04640318409782555 and parameters: {'num_leaves': 14, 'min_data_in_leaf': 120, 'bagging_fraction': 0.7285586096034029, 'reg_alpha': 0.5924145688620425, 'reg_lambda': 0.046450412719997725}. Best is trial 3 with value: 0.05212391534460896.\n",
      "[I 2026-07-30 16:48:44,607] Trial 6 finished with value: 0.051022793130814925 and parameters: {'num_leaves': 12, 'min_data_in_leaf': 117, 'bagging_fraction': 0.6162628982463199, 'reg_alpha': 0.9488855372533332, 'reg_lambda': 0.9656320330745594}. Best is trial 3 with value: 0.05212391534460896.\n",
      "[I 2026-07-30 16:48:56,345] Trial 7 finished with value: 0.05086000442696792 and parameters: {'num_leaves': 14, 'min_data_in_leaf': 130, 'bagging_fraction': 0.6244180285015959, 'reg_alpha': 0.6842330265121569, 'reg_lambda': 0.4401524937396013}. Best is trial 3 with value: 0.05212391534460896.\n",
      "[I 2026-07-30 16:49:08,760] Trial 8 finished with value: 0.05322280625012103 and parameters: {'num_leaves': 8, 'min_data_in_leaf': 150, 'bagging_fraction': 0.6085971302788046, 'reg_alpha': 0.9093204020787821, 'reg_lambda': 0.2587799816000169}. Best is trial 8 with value: 0.05322280625012103.\n",
      "[I 2026-07-30 16:49:24,000] Trial 9 finished with value: 0.047072516438932156 and parameters: {'num_leaves': 12, 'min_data_in_leaf': 131, 'bagging_fraction': 0.7300170052944527, 'reg_alpha': 0.5467102793432796, 'reg_lambda': 0.18485445552552704}. Best is trial 8 with value: 0.05322280625012103.\n",
      "[I 2026-07-30 16:49:37,723] Trial 10 finished with value: 0.04965063414297277 and parameters: {'num_leaves': 10, 'min_data_in_leaf': 162, 'bagging_fraction': 0.6701995787974486, 'reg_alpha': 0.017961875614819656, 'reg_lambda': 0.9614933274957964}. Best is trial 8 with value: 0.05322280625012103.\n",
      "[I 2026-07-30 16:49:49,608] Trial 11 finished with value: 0.053705561255753695 and parameters: {'num_leaves': 9, 'min_data_in_leaf': 153, 'bagging_fraction': 0.7372043405073934, 'reg_alpha': 0.9469618763901494, 'reg_lambda': 0.3796042434202234}. Best is trial 11 with value: 0.053705561255753695.\n",
      "[I 2026-07-30 16:50:06,545] Trial 12 finished with value: 0.04352016718529106 and parameters: {'num_leaves': 9, 'min_data_in_leaf': 156, 'bagging_fraction': 0.6714635771112748, 'reg_alpha': 0.9942346110770872, 'reg_lambda': 0.44581062468837446}. Best is trial 11 with value: 0.053705561255753695.\n",
      "[I 2026-07-30 16:50:24,552] Trial 13 finished with value: 0.04956092845541911 and parameters: {'num_leaves': 7, 'min_data_in_leaf': 157, 'bagging_fraction': 0.8490163166150745, 'reg_alpha': 0.8224640506009633, 'reg_lambda': 0.6202453298294528}. Best is trial 11 with value: 0.053705561255753695.\n",
      "[I 2026-07-30 16:50:38,738] Trial 14 finished with value: 0.04927451825050413 and parameters: {'num_leaves': 10, 'min_data_in_leaf': 172, 'bagging_fraction': 0.7527902291150873, 'reg_alpha': 0.8217269824791446, 'reg_lambda': 0.3476334304965827}. Best is trial 11 with value: 0.053705561255753695.\n",
      "[I 2026-07-30 16:50:52,497] Trial 15 finished with value: 0.049240134355563715 and parameters: {'num_leaves': 9, 'min_data_in_leaf': 146, 'bagging_fraction': 0.6398534898339415, 'reg_alpha': 0.8469961233886656, 'reg_lambda': 0.6608557252922866}. Best is trial 11 with value: 0.053705561255753695.\n",
      "[I 2026-07-30 16:51:04,025] Trial 16 finished with value: 0.05470405222233654 and parameters: {'num_leaves': 8, 'min_data_in_leaf': 180, 'bagging_fraction': 0.6932196397322554, 'reg_alpha': 0.7771736934238545, 'reg_lambda': 0.3122349359221164}. Best is trial 16 with value: 0.05470405222233654.\n",
      "[I 2026-07-30 16:51:17,086] Trial 17 finished with value: 0.05110023584209922 and parameters: {'num_leaves': 11, 'min_data_in_leaf': 177, 'bagging_fraction': 0.6981377708960224, 'reg_alpha': 0.7054653100634254, 'reg_lambda': 0.006272048491782867}. Best is trial 16 with value: 0.05470405222233654.\n",
      "[I 2026-07-30 16:51:29,162] Trial 18 finished with value: 0.052753086022045405 and parameters: {'num_leaves': 9, 'min_data_in_leaf': 178, 'bagging_fraction': 0.703801654090825, 'reg_alpha': 0.735700236032585, 'reg_lambda': 0.5565519265771978}. Best is trial 16 with value: 0.05470405222233654.\n",
      "[I 2026-07-30 16:51:47,052] Trial 19 finished with value: 0.04846184717204349 and parameters: {'num_leaves': 7, 'min_data_in_leaf': 188, 'bagging_fraction': 0.6999150965866643, 'reg_alpha': 0.774155689389534, 'reg_lambda': 0.7810386441369601}. Best is trial 16 with value: 0.05470405222233654.\n",
      "[I 2026-07-30 16:52:01,916] Trial 20 finished with value: 0.043759706329319914 and parameters: {'num_leaves': 15, 'min_data_in_leaf': 166, 'bagging_fraction': 0.7676362856512217, 'reg_alpha': 0.8945518775900294, 'reg_lambda': 0.35919855471673395}. Best is trial 16 with value: 0.05470405222233654.\n",
      "[I 2026-07-30 16:52:18,982] Trial 21 finished with value: 0.042934389032672174 and parameters: {'num_leaves': 8, 'min_data_in_leaf': 146, 'bagging_fraction': 0.6025001467983443, 'reg_alpha': 0.9016884458598032, 'reg_lambda': 0.27259051553534125}. Best is trial 16 with value: 0.05470405222233654.\n",
      "[I 2026-07-30 16:52:31,848] Trial 22 finished with value: 0.052141237406544125 and parameters: {'num_leaves': 8, 'min_data_in_leaf': 149, 'bagging_fraction': 0.6592120480129732, 'reg_alpha': 0.9901830460275531, 'reg_lambda': 0.51171458781454}. Best is trial 16 with value: 0.05470405222233654.\n",
      "[I 2026-07-30 16:52:45,134] Trial 23 finished with value: 0.05112569053947793 and parameters: {'num_leaves': 9, 'min_data_in_leaf': 141, 'bagging_fraction': 0.6484813644778754, 'reg_alpha': 0.8957337939099776, 'reg_lambda': 0.24927702441464034}. Best is trial 16 with value: 0.05470405222233654.\n",
      "[I 2026-07-30 16:52:58,173] Trial 24 finished with value: 0.0526876309664952 and parameters: {'num_leaves': 8, 'min_data_in_leaf': 182, 'bagging_fraction': 0.7469711251615689, 'reg_alpha': 0.7623680815409668, 'reg_lambda': 0.3769959707663782}. Best is trial 16 with value: 0.05470405222233654.\n",
      "[I 2026-07-30 16:53:15,814] Trial 25 finished with value: 0.04026186673575547 and parameters: {'num_leaves': 11, 'min_data_in_leaf': 169, 'bagging_fraction': 0.6925616394084315, 'reg_alpha': 0.6650268237162827, 'reg_lambda': 0.0901740529474277}. Best is trial 16 with value: 0.05470405222233654.\n",
      "[I 2026-07-30 16:53:33,401] Trial 26 finished with value: 0.04795517968839933 and parameters: {'num_leaves': 7, 'min_data_in_leaf': 140, 'bagging_fraction': 0.7786706432090152, 'reg_alpha': 0.9083282065688387, 'reg_lambda': 0.21826603829740315}. Best is trial 16 with value: 0.05470405222233654.\n",
      "[I 2026-07-30 16:53:45,538] Trial 27 finished with value: 0.054971943840970816 and parameters: {'num_leaves': 9, 'min_data_in_leaf': 159, 'bagging_fraction': 0.7197218887906432, 'reg_alpha': 0.822725620391907, 'reg_lambda': 0.1092037161146521}. Best is trial 27 with value: 0.054971943840970816.\n",
      "[I 2026-07-30 16:53:57,878] Trial 28 finished with value: 0.051023478072437276 and parameters: {'num_leaves': 10, 'min_data_in_leaf': 189, 'bagging_fraction': 0.719590003098286, 'reg_alpha': 0.7882937674472152, 'reg_lambda': 0.09682462289147739}. Best is trial 27 with value: 0.054971943840970816.\n",
      "[I 2026-07-30 16:54:13,350] Trial 29 finished with value: 0.045631322100864645 and parameters: {'num_leaves': 11, 'min_data_in_leaf': 161, 'bagging_fraction': 0.7572957326010799, 'reg_alpha': 0.5246755933136392, 'reg_lambda': 0.12397193541524776}. Best is trial 27 with value: 0.054971943840970816.\n",
      "[I 2026-07-30 16:54:28,778] Trial 30 finished with value: 0.04835932447849003 and parameters: {'num_leaves': 10, 'min_data_in_leaf': 188, 'bagging_fraction': 0.8009753953190377, 'reg_alpha': 0.6521594688337714, 'reg_lambda': 0.3411942226512419}. Best is trial 27 with value: 0.054971943840970816.\n",
      "[I 2026-07-30 16:54:44,309] Trial 31 finished with value: 0.04860051143551325 and parameters: {'num_leaves': 9, 'min_data_in_leaf': 151, 'bagging_fraction': 0.7119797383835034, 'reg_alpha': 0.8384074365698345, 'reg_lambda': 0.2942795210605835}. Best is trial 27 with value: 0.054971943840970816.\n",
      "[I 2026-07-30 16:54:59,994] Trial 32 finished with value: 0.04891044627172394 and parameters: {'num_leaves': 8, 'min_data_in_leaf': 155, 'bagging_fraction': 0.6840783091382378, 'reg_alpha': 0.9469457488118133, 'reg_lambda': 0.13292354948891724}. Best is trial 27 with value: 0.054971943840970816.\n",
      "[I 2026-07-30 16:55:14,274] Trial 33 finished with value: 0.05102466832759132 and parameters: {'num_leaves': 9, 'min_data_in_leaf': 136, 'bagging_fraction': 0.7424763689074351, 'reg_alpha': 0.8449665342652453, 'reg_lambda': 0.20895659738520495}. Best is trial 27 with value: 0.054971943840970816.\n",
      "[I 2026-07-30 16:55:31,439] Trial 34 finished with value: 0.047404107782883044 and parameters: {'num_leaves': 8, 'min_data_in_leaf': 164, 'bagging_fraction': 0.7766852867671238, 'reg_alpha': 0.9959229625660536, 'reg_lambda': 0.38838352532771914}. Best is trial 27 with value: 0.054971943840970816.\n",
      "[I 2026-07-30 16:55:46,945] Trial 35 finished with value: 0.049373332240666715 and parameters: {'num_leaves': 7, 'min_data_in_leaf': 198, 'bagging_fraction': 0.6328471231652446, 'reg_alpha': 0.7290638965654732, 'reg_lambda': 0.520272042286412}. Best is trial 27 with value: 0.054971943840970816.\n",
      "[I 2026-07-30 16:56:02,858] Trial 36 finished with value: 0.04892449955849831 and parameters: {'num_leaves': 8, 'min_data_in_leaf': 103, 'bagging_fraction': 0.7202225714262468, 'reg_alpha': 0.2698018845414131, 'reg_lambda': 0.2802200766100589}. Best is trial 27 with value: 0.054971943840970816.\n",
      "[I 2026-07-30 16:56:17,714] Trial 37 finished with value: 0.04904611731742812 and parameters: {'num_leaves': 9, 'min_data_in_leaf': 171, 'bagging_fraction': 0.7330353815708981, 'reg_alpha': 0.6231598739799997, 'reg_lambda': 0.17410672679600553}. Best is trial 27 with value: 0.054971943840970816.\n",
      "[I 2026-07-30 16:56:34,122] Trial 38 finished with value: 0.046059357391790054 and parameters: {'num_leaves': 10, 'min_data_in_leaf': 122, 'bagging_fraction': 0.7935050866831401, 'reg_alpha': 0.9468888011452078, 'reg_lambda': 0.02365492260989388}. Best is trial 27 with value: 0.054971943840970816.\n",
