      "[I 2026-07-30 14:42:01,478] Trial 57 finished with value: 0.8405261476464417 and parameters: {'num_leaves': 27, 'min_data_in_leaf': 148, 'bagging_fraction': 0.7975973995356512, 'reg_alpha': 0.13827701612623816, 'reg_lambda': 0.14788477976709324}. Best is trial 46 with value: 0.8445348730913542.\n",
      "[I 2026-07-30 14:42:10,957] Trial 58 finished with value: 0.8436397648009052 and parameters: {'num_leaves': 28, 'min_data_in_leaf': 135, 'bagging_fraction': 0.8168833769728677, 'reg_alpha': 1.3770678361852264, 'reg_lambda': 0.09817437545086496}. Best is trial 46 with value: 0.8445348730913542.\n",
      "[I 2026-07-30 14:42:20,881] Trial 59 finished with value: 0.8425515250608022 and parameters: {'num_leaves': 24, 'min_data_in_leaf': 147, 'bagging_fraction': 0.810683725625944, 'reg_alpha': 0.2869943407450771, 'reg_lambda': 0.20563332197392917}. Best is trial 46 with value: 0.8445348730913542.\n",
      "[I 2026-07-30 14:42:29,412] Trial 60 finished with value: 0.8433058500124921 and parameters: {'num_leaves': 29, 'min_data_in_leaf': 141, 'bagging_fraction': 0.8269685770000808, 'reg_alpha': 1.2509479530737604, 'reg_lambda': 0.044743647086939814}. Best is trial 46 with value: 0.8445348730913542.\n",
      "[I 2026-07-30 14:42:39,987] Trial 61 finished with value: 0.8434603343115585 and parameters: {'num_leaves': 28, 'min_data_in_leaf': 144, 'bagging_fraction': 0.8173860851679521, 'reg_alpha': 1.3834978038466978, 'reg_lambda': 0.09038452047714736}. Best is trial 46 with value: 0.8445348730913542.\n",
      "[I 2026-07-30 14:42:52,221] Trial 62 finished with value: 0.8423005645626732 and parameters: {'num_leaves': 26, 'min_data_in_leaf': 134, 'bagging_fraction': 0.8053940598448225, 'reg_alpha': 1.3799344325639118, 'reg_lambda': 0.1637560027967177}. Best is trial 46 with value: 0.8445348730913542.\n",
      "[I 2026-07-30 14:43:03,575] Trial 63 finished with value: 0.8425248023899323 and parameters: {'num_leaves': 28, 'min_data_in_leaf': 126, 'bagging_fraction': 0.7898476533409133, 'reg_alpha': 1.4708708505344248, 'reg_lambda': 0.27090370376362494}. Best is trial 46 with value: 0.8445348730913542.\n",
      "[I 2026-07-30 14:43:12,129] Trial 64 finished with value: 0.8432889409952737 and parameters: {'num_leaves': 29, 'min_data_in_leaf': 115, 'bagging_fraction': 0.8387730162691459, 'reg_alpha': 1.2973582651906663, 'reg_lambda': 0.33157359350145804}. Best is trial 46 with value: 0.8445348730913542.\n",
      "[I 2026-07-30 14:43:23,713] Trial 65 finished with value: 0.8424228481226164 and parameters: {'num_leaves': 27, 'min_data_in_leaf': 148, 'bagging_fraction': 0.8207984241390365, 'reg_alpha': 1.4623950261423166, 'reg_lambda': 0.058610576950335655}. Best is trial 46 with value: 0.8445348730913542.\n",
      "[I 2026-07-30 14:43:31,615] Trial 66 finished with value: 0.8429499627605288 and parameters: {'num_leaves': 25, 'min_data_in_leaf': 142, 'bagging_fraction': 0.8322211048093549, 'reg_alpha': 0.5128384011071072, 'reg_lambda': 0.1469751859192023}. Best is trial 46 with value: 0.8445348730913542.\n",
      "[I 2026-07-30 14:43:43,462] Trial 67 finished with value: 0.8421206434455822 and parameters: {'num_leaves': 26, 'min_data_in_leaf': 103, 'bagging_fraction': 0.8041975742203442, 'reg_alpha': 1.351574694649929, 'reg_lambda': 0.22876330276683043}. Best is trial 46 with value: 0.8445348730913542.\n",
      "[I 2026-07-30 14:43:52,355] Trial 68 finished with value: 0.8417807612879947 and parameters: {'num_leaves': 31, 'min_data_in_leaf': 119, 'bagging_fraction': 0.8180386025802932, 'reg_alpha': 1.3861329817160324, 'reg_lambda': 0.17747104021031865}. Best is trial 46 with value: 0.8445348730913542.\n",
      "[I 2026-07-30 14:44:00,589] Trial 69 finished with value: 0.8433062024031223 and parameters: {'num_leaves': 28, 'min_data_in_leaf': 145, 'bagging_fraction': 0.7900442041044305, 'reg_alpha': 1.2321855491745086, 'reg_lambda': 0.07295401311076435}. Best is trial 46 with value: 0.8445348730913542.\n"
     ]
    },
    {
     "name": "stdout",
     "output_type": "stream",
     "text": [
      "[14:44:00] class_target_bad | LONG -> AUC 0.8445\n",
      "[save_progress] Changes to be committed:\n",
      " M Week_8_results/lightgbm_sweep_final.json\n",
      "?? lgbm_final_clf_class_target_bad_LONG.db\n",
      "\n",
      "[main 04ee701] TPE CLF Sweep completed: class_target_bad | LONG\n",
      " 2 files changed, 14 insertions(+)\n",
      " create mode 100644 lgbm_final_clf_class_target_bad_LONG.db\n",
      "[save_progress] Pulling latest from origin/main to check for divergence...\n",
      "PULL STDOUT: Already up to date.\n",
      "\n",
      "[save_progress] Successfully pushed to GitHub at 14:44:03\n"
     ]
    },
    {
     "name": "stderr",
     "output_type": "stream",
     "text": [
      "[I 2026-07-30 14:44:03,795] A new study created in RDB with name: lgbm_final_clf_class_target_bad_SHORT\n",
      "[I 2026-07-30 14:44:16,672] Trial 0 finished with value: 0.8514000547339038 and parameters: {'num_leaves': 21, 'min_data_in_leaf': 147, 'bagging_fraction': 0.7829984854528512, 'reg_alpha': 0.8979877262955549, 'reg_lambda': 0.15601864044243652}. Best is trial 0 with value: 0.8514000547339038.\n",
      "[I 2026-07-30 14:44:27,898] Trial 1 finished with value: 0.8513487643668741 and parameters: {'num_leaves': 17, 'min_data_in_leaf': 84, 'bagging_fraction': 0.8165440364437337, 'reg_alpha': 0.9016725176148133, 'reg_lambda': 0.7080725777960455}. Best is trial 0 with value: 0.8514000547339038.\n",
      "[I 2026-07-30 14:44:37,457] Trial 2 finished with value: 0.8527243924428622 and parameters: {'num_leaves': 15, 'min_data_in_leaf': 148, 'bagging_fraction': 0.8081106602001054, 'reg_alpha': 0.31850866601741423, 'reg_lambda': 0.18182496720710062}. Best is trial 2 with value: 0.8527243924428622.\n",
      "[I 2026-07-30 14:44:46,943] Trial 3 finished with value: 0.852076854565896 and parameters: {'num_leaves': 18, 'min_data_in_leaf': 101, 'bagging_fraction': 0.7311891079080595, 'reg_alpha': 0.6479175279631737, 'reg_lambda': 0.2912291401980419}. Best is trial 2 with value: 0.8527243924428622.\n",
      "[I 2026-07-30 14:44:58,158] Trial 4 finished with value: 0.851472877351495 and parameters: {'num_leaves': 25, 'min_data_in_leaf': 89, 'bagging_fraction': 0.6730361621338046, 'reg_alpha': 0.5495427649405376, 'reg_lambda': 0.45606998421703593}. Best is trial 2 with value: 0.8527243924428622.\n",
      "[I 2026-07-30 14:45:07,291] Trial 5 finished with value: 0.851438028414664 and parameters: {'num_leaves': 28, 'min_data_in_leaf': 94, 'bagging_fraction': 0.7285586096034029, 'reg_alpha': 0.8886218532930636, 'reg_lambda': 0.046450412719997725}. Best is trial 2 with value: 0.8527243924428622.\n",
      "[I 2026-07-30 14:45:18,750] Trial 6 finished with value: 0.8496014637613338 and parameters: {'num_leaves': 25, 'min_data_in_leaf': 92, 'bagging_fraction': 0.6162628982463199, 'reg_alpha': 1.42332830588, 'reg_lambda': 0.9656320330745594}. Best is trial 2 with value: 0.8527243924428622.\n",
      "[I 2026-07-30 14:45:30,718] Trial 7 finished with value: 0.850560913951662 and parameters: {'num_leaves': 28, 'min_data_in_leaf': 101, 'bagging_fraction': 0.6244180285015959, 'reg_alpha': 1.0263495397682354, 'reg_lambda': 0.4401524937396013}. Best is trial 2 with value: 0.8527243924428622.\n",
      "[I 2026-07-30 14:45:40,111] Trial 8 finished with value: 0.8516910838716866 and parameters: {'num_leaves': 17, 'min_data_in_leaf': 115, 'bagging_fraction': 0.6085971302788046, 'reg_alpha': 1.3639806031181732, 'reg_lambda': 0.2587799816000169}. Best is trial 2 with value: 0.8527243924428622.\n",
      "[I 2026-07-30 14:45:50,611] Trial 9 finished with value: 0.8515955486124737 and parameters: {'num_leaves': 26, 'min_data_in_leaf': 102, 'bagging_fraction': 0.7300170052944527, 'reg_alpha': 0.8200654190149195, 'reg_lambda': 0.18485445552552704}. Best is trial 2 with value: 0.8527243924428622.\n",
      "[I 2026-07-30 14:46:02,334] Trial 10 finished with value: 0.851374360162179 and parameters: {'num_leaves': 31, 'min_data_in_leaf': 144, 'bagging_fraction': 0.8423842776969664, 'reg_alpha': 0.026942813422229483, 'reg_lambda': 0.9617195437970019}. Best is trial 2 with value: 0.8527243924428622.\n",
      "[I 2026-07-30 14:46:12,071] Trial 11 finished with value: 0.852485938052123 and parameters: {'num_leaves': 15, 'min_data_in_leaf': 128, 'bagging_fraction': 0.7594929388027651, 'reg_alpha': 0.30084825157996314, 'reg_lambda': 0.3796042434202234}. Best is trial 2 with value: 0.8527243924428622.\n",
      "[I 2026-07-30 14:46:22,808] Trial 12 finished with value: 0.851912345344202 and parameters: {'num_leaves': 15, 'min_data_in_leaf': 132, 'bagging_fraction': 0.786200680533451, 'reg_alpha': 0.2018388854539881, 'reg_lambda': 0.47271400665794866}. Best is trial 2 with value: 0.8527243924428622.\n",
      "[I 2026-07-30 14:46:31,620] Trial 13 finished with value: 0.8523473819251486 and parameters: {'num_leaves': 15, 'min_data_in_leaf': 130, 'bagging_fraction': 0.777236946076885, 'reg_alpha': 0.35196714938197565, 'reg_lambda': 0.6458564407032412}. Best is trial 2 with value: 0.8527243924428622.\n",
      "[I 2026-07-30 14:46:42,075] Trial 14 finished with value: 0.8519531230221791 and parameters: {'num_leaves': 20, 'min_data_in_leaf': 128, 'bagging_fraction': 0.7522684658584361, 'reg_alpha': 0.38613346658614467, 'reg_lambda': 0.3476334304965827}. Best is trial 2 with value: 0.8527243924428622.\n",
      "[I 2026-07-30 14:46:54,254] Trial 15 finished with value: 0.8502107950421965 and parameters: {'num_leaves': 20, 'min_data_in_leaf': 138, 'bagging_fraction': 0.6856998220665791, 'reg_alpha': 0.11769357745017084, 'reg_lambda': 0.003075272577900745}. Best is trial 2 with value: 0.8527243924428622.\n",
      "[I 2026-07-30 14:47:03,091] Trial 16 finished with value: 0.852776378375264 and parameters: {'num_leaves': 15, 'min_data_in_leaf': 118, 'bagging_fraction': 0.8214383507345915, 'reg_alpha': 0.36233239947050944, 'reg_lambda': 0.6882295119501992}. Best is trial 16 with value: 0.852776378375264.\n",
      "[I 2026-07-30 14:47:12,521] Trial 17 finished with value: 0.8523903950237257 and parameters: {'num_leaves': 18, 'min_data_in_leaf': 116, 'bagging_fraction': 0.8413344865163638, 'reg_alpha': 0.5634932293057244, 'reg_lambda': 0.7631207566191545}. Best is trial 16 with value: 0.852776378375264.\n",
      "[I 2026-07-30 14:47:23,087] Trial 18 finished with value: 0.8515445432070928 and parameters: {'num_leaves': 22, 'min_data_in_leaf': 117, 'bagging_fraction': 0.8120393748290726, 'reg_alpha': 0.46742310631030304, 'reg_lambda': 0.5673970730545758}. Best is trial 16 with value: 0.852776378375264.\n",
      "[I 2026-07-30 14:47:32,593] Trial 19 finished with value: 0.8526947229632528 and parameters: {'num_leaves': 17, 'min_data_in_leaf': 150, 'bagging_fraction': 0.8077086063852683, 'reg_alpha': 0.22764580069461293, 'reg_lambda': 0.8145901286801431}. Best is trial 16 with value: 0.852776378375264.\n",
      "[I 2026-07-30 14:47:42,652] Trial 20 finished with value: 0.8522609798254506 and parameters: {'num_leaves': 19, 'min_data_in_leaf': 110, 'bagging_fraction': 0.8496807861214397, 'reg_alpha': 0.6946635283732789, 'reg_lambda': 0.5610676643303689}. Best is trial 16 with value: 0.852776378375264.\n",
      "[I 2026-07-30 14:47:52,857] Trial 21 finished with value: 0.8515527324706215 and parameters: {'num_leaves': 16, 'min_data_in_leaf': 149, 'bagging_fraction': 0.8090182036942255, 'reg_alpha': 0.2284264763201746, 'reg_lambda': 0.8596498751955515}. Best is trial 16 with value: 0.852776378375264.\n",
      "[I 2026-07-30 14:48:03,491] Trial 22 finished with value: 0.8518755768491898 and parameters: {'num_leaves': 17, 'min_data_in_leaf': 140, 'bagging_fraction': 0.8202894063039774, 'reg_alpha': 0.016596980183886667, 'reg_lambda': 0.8215223822888729}. Best is trial 16 with value: 0.852776378375264.\n",
      "[I 2026-07-30 14:48:13,823] Trial 23 finished with value: 0.8518440608744875 and parameters: {'num_leaves': 16, 'min_data_in_leaf': 137, 'bagging_fraction': 0.7953863970795658, 'reg_alpha': 0.17678243191968185, 'reg_lambda': 0.8964826964510862}. Best is trial 16 with value: 0.852776378375264.\n",
      "[I 2026-07-30 14:48:25,274] Trial 24 finished with value: 0.8516965484745225 and parameters: {'num_leaves': 19, 'min_data_in_leaf': 150, 'bagging_fraction': 0.8260409883285258, 'reg_alpha': 0.4284546214338753, 'reg_lambda': 0.7048553106943286}. Best is trial 16 with value: 0.852776378375264.\n",
      "[I 2026-07-30 14:48:38,110] Trial 25 finished with value: 0.8518914089720209 and parameters: {'num_leaves': 22, 'min_data_in_leaf': 122, 'bagging_fraction': 0.7655046248781914, 'reg_alpha': 0.28882928663447965, 'reg_lambda': 0.5556017694217218}. Best is trial 16 with value: 0.852776378375264.\n",
      "[I 2026-07-30 14:48:50,997] Trial 26 finished with value: 0.8516174603401521 and parameters: {'num_leaves': 16, 'min_data_in_leaf': 143, 'bagging_fraction': 0.7996534561886447, 'reg_alpha': 0.5270815516502546, 'reg_lambda': 0.7826535784754309}. Best is trial 16 with value: 0.852776378375264.\n",
      "[I 2026-07-30 14:49:05,608] Trial 27 finished with value: 0.8500959424924771 and parameters: {'num_leaves': 18, 'min_data_in_leaf': 123, 'bagging_fraction': 0.8312291339963693, 'reg_alpha': 0.11175313361590519, 'reg_lambda': 0.6434602107031347}. Best is trial 16 with value: 0.852776378375264.\n",
      "[I 2026-07-30 14:49:16,209] Trial 28 finished with value: 0.8528552795745157 and parameters: {'num_leaves': 15, 'min_data_in_leaf': 136, 'bagging_fraction': 0.7462602691549352, 'reg_alpha': 1.182440651170823, 'reg_lambda': 0.9015855134270361}. Best is trial 28 with value: 0.8528552795745157.\n",
      "[I 2026-07-30 14:49:25,504] Trial 29 finished with value: 0.8518190054858372 and parameters: {'num_leaves': 15, 'min_data_in_leaf': 135, 'bagging_fraction': 0.703355385444298, 'reg_alpha': 1.1591604577738697, 'reg_lambda': 0.11315151444651189}. Best is trial 28 with value: 0.8528552795745157.\n",
      "[I 2026-07-30 14:49:36,507] Trial 30 finished with value: 0.8525634988090832 and parameters: {'num_leaves': 16, 'min_data_in_leaf': 109, 'bagging_fraction': 0.776442226526449, 'reg_alpha': 1.302135393931161, 'reg_lambda': 0.8948639271282514}. Best is trial 28 with value: 0.8528552795745157.\n",
      "[I 2026-07-30 14:49:46,331] Trial 31 finished with value: 0.8520125621392551 and parameters: {'num_leaves': 17, 'min_data_in_leaf': 145, 'bagging_fraction': 0.7460984922623872, 'reg_alpha': 1.1021670439828828, 'reg_lambda': 0.9696048638251105}. Best is trial 28 with value: 0.8528552795745157.\n",
      "[I 2026-07-30 14:49:58,906] Trial 32 finished with value: 0.8513371800064986 and parameters: {'num_leaves': 15, 'min_data_in_leaf': 141, 'bagging_fraction': 0.7949206761308287, 'reg_alpha': 0.7187343724972999, 'reg_lambda': 0.7414056222018488}. Best is trial 28 with value: 0.8528552795745157.\n",
      "[I 2026-07-30 14:50:11,051] Trial 33 finished with value: 0.8519137496470686 and parameters: {'num_leaves': 17, 'min_data_in_leaf': 146, 'bagging_fraction': 0.8068237460771945, 'reg_alpha': 1.276477150941963, 'reg_lambda': 0.8334850521182937}. Best is trial 28 with value: 0.8528552795745157.\n",
      "[I 2026-07-30 14:50:23,467] Trial 34 finished with value: 0.8512839654127378 and parameters: {'num_leaves': 19, 'min_data_in_leaf': 150, 'bagging_fraction': 0.772572101722934, 'reg_alpha': 0.6218876348924061, 'reg_lambda': 0.6913526486122963}. Best is trial 28 with value: 0.8528552795745157.\n",
      "[I 2026-07-30 14:50:36,364] Trial 35 finished with value: 0.8508537849647763 and parameters: {'num_leaves': 16, 'min_data_in_leaf': 82, 'bagging_fraction': 0.7034965521006754, 'reg_alpha': 0.9562575882875153, 'reg_lambda': 0.9164057664293339}. Best is trial 28 with value: 0.8528552795745157.\n",
      "[I 2026-07-30 14:50:46,795] Trial 36 finished with value: 0.8517549704337197 and parameters: {'num_leaves': 18, 'min_data_in_leaf': 133, 'bagging_fraction': 0.642990051861589, 'reg_alpha': 0.8122765035038988, 'reg_lambda': 0.18968467800480138}. Best is trial 28 with value: 0.8528552795745157.\n",
      "[I 2026-07-30 14:50:58,322] Trial 37 finished with value: 0.8520122742744413 and parameters: {'num_leaves': 17, 'min_data_in_leaf': 146, 'bagging_fraction': 0.7436550783425583, 'reg_alpha': 0.30405159209815785, 'reg_lambda': 0.8032781995005782}. Best is trial 28 with value: 0.8528552795745157.\n",
      "[I 2026-07-30 14:51:09,070] Trial 38 finished with value: 0.8509374690673681 and parameters: {'num_leaves': 15, 'min_data_in_leaf': 125, 'bagging_fraction': 0.7127213054460184, 'reg_alpha': 0.47402860049466033, 'reg_lambda': 0.2724893095122949}. Best is trial 28 with value: 0.8528552795745157.\n",
      "[I 2026-07-30 14:51:20,060] Trial 39 finished with value: 0.8524539952198038 and parameters: {'num_leaves': 21, 'min_data_in_leaf': 140, 'bagging_fraction': 0.8294769846826386, 'reg_alpha': 0.10654079162468841, 'reg_lambda': 0.9909776637868204}. Best is trial 28 with value: 0.8528552795745157.\n",
      "[I 2026-07-30 14:51:31,297] Trial 40 finished with value: 0.8509184155545967 and parameters: {'num_leaves': 16, 'min_data_in_leaf': 87, 'bagging_fraction': 0.6557953909258376, 'reg_alpha': 1.4608854333018897, 'reg_lambda': 0.6472183657712327}. Best is trial 28 with value: 0.8528552795745157.\n",
      "[I 2026-07-30 14:51:42,682] Trial 41 finished with value: 0.8528687622832688 and parameters: {'num_leaves': 16, 'min_data_in_leaf': 112, 'bagging_fraction': 0.7704895456933171, 'reg_alpha': 1.260017921169908, 'reg_lambda': 0.8908994729007482}. Best is trial 41 with value: 0.8528687622832688.\n",
      "[I 2026-07-30 14:51:53,794] Trial 42 finished with value: 0.8529534571359056 and parameters: {'num_leaves': 17, 'min_data_in_leaf': 106, 'bagging_fraction': 0.7929155998318818, 'reg_alpha': 1.1542680514321868, 'reg_lambda': 0.8783490634945318}. Best is trial 42 with value: 0.8529534571359056.\n",
      "[I 2026-07-30 14:52:05,076] Trial 43 finished with value: 0.8522313564445353 and parameters: {'num_leaves': 18, 'min_data_in_leaf': 106, 'bagging_fraction': 0.7888083609732034, 'reg_alpha': 1.1843018196135655, 'reg_lambda': 0.9203665022040962}. Best is trial 42 with value: 0.8529534571359056.\n",
      "[I 2026-07-30 14:52:15,958] Trial 44 finished with value: 0.8523425972595857 and parameters: {'num_leaves': 15, 'min_data_in_leaf': 96, 'bagging_fraction': 0.7641660662939931, 'reg_alpha': 1.0159795282678648, 'reg_lambda': 0.8775000028952753}. Best is trial 42 with value: 0.8529534571359056.\n",
      "[I 2026-07-30 14:52:28,541] Trial 45 finished with value: 0.8520802901372491 and parameters: {'num_leaves': 16, 'min_data_in_leaf': 97, 'bagging_fraction': 0.7386961357045784, 'reg_alpha': 1.3553563256375107, 'reg_lambda': 0.9496770633991515}. Best is trial 42 with value: 0.8529534571359056.\n",
      "[I 2026-07-30 14:52:38,663] Trial 46 finished with value: 0.8516224943313755 and parameters: {'num_leaves': 15, 'min_data_in_leaf': 112, 'bagging_fraction': 0.7819048497428978, 'reg_alpha': 1.239680289208539, 'reg_lambda': 0.5015565284408895}. Best is trial 42 with value: 0.8529534571359056.\n",
      "[I 2026-07-30 14:52:47,332] Trial 47 finished with value: 0.8520594889859027 and parameters: {'num_leaves': 17, 'min_data_in_leaf': 119, 'bagging_fraction': 0.7553826318131037, 'reg_alpha': 1.065866743283429, 'reg_lambda': 0.3620691288568192}. Best is trial 42 with value: 0.8529534571359056.\n",
      "[I 2026-07-30 14:52:57,444] Trial 48 finished with value: 0.8517922239571287 and parameters: {'num_leaves': 29, 'min_data_in_leaf': 104, 'bagging_fraction': 0.7219567912215646, 'reg_alpha': 1.411830636506932, 'reg_lambda': 0.9982835861660033}. Best is trial 42 with value: 0.8529534571359056.\n",
      "[I 2026-07-30 14:53:08,206] Trial 49 finished with value: 0.8515892296690893 and parameters: {'num_leaves': 18, 'min_data_in_leaf': 113, 'bagging_fraction': 0.8381775702843219, 'reg_alpha': 0.8549253811573823, 'reg_lambda': 0.8534778083000841}. Best is trial 42 with value: 0.8529534571359056.\n",
      "[I 2026-07-30 14:53:19,212] Trial 50 finished with value: 0.8522888269436617 and parameters: {'num_leaves': 15, 'min_data_in_leaf': 107, 'bagging_fraction': 0.8200008970193184, 'reg_alpha': 1.4937081095617746, 'reg_lambda': 0.09194260886377843}. Best is trial 42 with value: 0.8529534571359056.\n",
      "[I 2026-07-30 14:53:29,720] Trial 51 finished with value: 0.8523120716171213 and parameters: {'num_leaves': 17, 'min_data_in_leaf': 99, 'bagging_fraction': 0.8032003724557285, 'reg_alpha': 1.1732634343620336, 'reg_lambda': 0.7462034059552389}. Best is trial 42 with value: 0.8529534571359056.\n",
      "[I 2026-07-30 14:53:41,589] Trial 52 finished with value: 0.8520725677997142 and parameters: {'num_leaves': 16, 'min_data_in_leaf': 120, 'bagging_fraction': 0.8133408900566977, 'reg_alpha': 0.38223251948294173, 'reg_lambda': 0.9385786978879139}. Best is trial 42 with value: 0.8529534571359056.\n",
      "[I 2026-07-30 14:53:52,948] Trial 53 finished with value: 0.8515973532483233 and parameters: {'num_leaves': 19, 'min_data_in_leaf': 103, 'bagging_fraction': 0.7897659496121199, 'reg_alpha': 0.9725732979049003, 'reg_lambda': 0.8067770954508998}. Best is trial 42 with value: 0.8529534571359056.\n",
      "[I 2026-07-30 14:54:03,678] Trial 54 finished with value: 0.852046629009355 and parameters: {'num_leaves': 17, 'min_data_in_leaf': 127, 'bagging_fraction': 0.7717794655836219, 'reg_alpha': 0.22336115319150338, 'reg_lambda': 0.8529183200032513}. Best is trial 42 with value: 0.8529534571359056.\n",
      "[I 2026-07-30 14:54:13,383] Trial 55 finished with value: 0.8528590033993098 and parameters: {'num_leaves': 16, 'min_data_in_leaf': 143, 'bagging_fraction': 0.8199158358081622, 'reg_alpha': 1.3681404385172393, 'reg_lambda': 0.4018212198540197}. Best is trial 42 with value: 0.8529534571359056.\n",
