      "[I 2026-07-30 15:57:25,366] Trial 51 finished with value: 0.5778260987977795 and parameters: {'num_leaves': 8, 'min_data_in_leaf': 13, 'bagging_fraction': 0.8422545054601647, 'reg_alpha': 0.685715340258542, 'reg_lambda': 0.1555706489105267}. Best is trial 36 with value: 0.5807402930454303.\n",
      "[I 2026-07-30 15:57:41,682] Trial 52 finished with value: 0.5803306128289829 and parameters: {'num_leaves': 7, 'min_data_in_leaf': 11, 'bagging_fraction': 0.8252783466085, 'reg_alpha': 0.8335115832815543, 'reg_lambda': 0.04889092612165363}. Best is trial 36 with value: 0.5807402930454303.\n",
      "[I 2026-07-30 15:57:59,434] Trial 53 finished with value: 0.5793962576940437 and parameters: {'num_leaves': 10, 'min_data_in_leaf': 11, 'bagging_fraction': 0.8247581065221664, 'reg_alpha': 0.7603428816830131, 'reg_lambda': 0.05681839643743211}. Best is trial 36 with value: 0.5807402930454303.\n",
      "[I 2026-07-30 15:58:14,891] Trial 54 finished with value: 0.5789762053175661 and parameters: {'num_leaves': 8, 'min_data_in_leaf': 11, 'bagging_fraction': 0.8044316465032662, 'reg_alpha': 0.7157263301216746, 'reg_lambda': 0.06768521843417982}. Best is trial 36 with value: 0.5807402930454303.\n",
      "[I 2026-07-30 15:58:31,405] Trial 55 finished with value: 0.5778638460657242 and parameters: {'num_leaves': 12, 'min_data_in_leaf': 10, 'bagging_fraction': 0.8122882668796385, 'reg_alpha': 0.9426773191465173, 'reg_lambda': 0.0026679612772813055}. Best is trial 36 with value: 0.5807402930454303.\n",
      "[I 2026-07-30 15:58:45,789] Trial 56 finished with value: 0.5740282901784342 and parameters: {'num_leaves': 29, 'min_data_in_leaf': 13, 'bagging_fraction': 0.8476727869037243, 'reg_alpha': 0.8513447976255055, 'reg_lambda': 0.14844634029471718}. Best is trial 36 with value: 0.5807402930454303.\n",
      "[I 2026-07-30 15:59:07,300] Trial 57 finished with value: 0.5753033045611408 and parameters: {'num_leaves': 24, 'min_data_in_leaf': 17, 'bagging_fraction': 0.823522978388548, 'reg_alpha': 0.8133941585971214, 'reg_lambda': 0.46956994328222124}. Best is trial 36 with value: 0.5807402930454303.\n",
      "[I 2026-07-30 15:59:19,056] Trial 58 finished with value: 0.5778759553891946 and parameters: {'num_leaves': 9, 'min_data_in_leaf': 12, 'bagging_fraction': 0.7093875364908337, 'reg_alpha': 0.37996249828141376, 'reg_lambda': 0.8042057119114855}. Best is trial 36 with value: 0.5807402930454303.\n",
      "[I 2026-07-30 15:59:31,231] Trial 59 finished with value: 0.5736992479650581 and parameters: {'num_leaves': 13, 'min_data_in_leaf': 37, 'bagging_fraction': 0.6321086062556903, 'reg_alpha': 0.873921624821009, 'reg_lambda': 0.6578635224133526}. Best is trial 36 with value: 0.5807402930454303.\n",
      "[I 2026-07-30 15:59:46,454] Trial 60 finished with value: 0.579247563995382 and parameters: {'num_leaves': 20, 'min_data_in_leaf': 13, 'bagging_fraction': 0.7761069507385082, 'reg_alpha': 0.6552186975891114, 'reg_lambda': 0.6105443519032434}. Best is trial 36 with value: 0.5807402930454303.\n",
      "[I 2026-07-30 15:59:59,510] Trial 61 finished with value: 0.5795231325526954 and parameters: {'num_leaves': 7, 'min_data_in_leaf': 15, 'bagging_fraction': 0.8329894935837012, 'reg_alpha': 0.777764805166273, 'reg_lambda': 0.2811592977684903}. Best is trial 36 with value: 0.5807402930454303.\n",
      "[I 2026-07-30 16:00:16,419] Trial 62 finished with value: 0.5794373448374275 and parameters: {'num_leaves': 7, 'min_data_in_leaf': 14, 'bagging_fraction': 0.8390856226748725, 'reg_alpha': 0.8275002896958854, 'reg_lambda': 0.2105023638327802}. Best is trial 36 with value: 0.5807402930454303.\n",
      "[I 2026-07-30 16:00:33,375] Trial 63 finished with value: 0.5787296906198491 and parameters: {'num_leaves': 10, 'min_data_in_leaf': 11, 'bagging_fraction': 0.8303795923883851, 'reg_alpha': 0.9019746631339198, 'reg_lambda': 0.4345385242780787}. Best is trial 36 with value: 0.5807402930454303.\n",
      "[I 2026-07-30 16:00:49,418] Trial 64 finished with value: 0.5789205836911165 and parameters: {'num_leaves': 8, 'min_data_in_leaf': 12, 'bagging_fraction': 0.8003519390570129, 'reg_alpha': 0.7069508570531174, 'reg_lambda': 0.11811460040158978}. Best is trial 36 with value: 0.5807402930454303.\n",
      "[I 2026-07-30 16:01:03,198] Trial 65 finished with value: 0.578012279913672 and parameters: {'num_leaves': 9, 'min_data_in_leaf': 17, 'bagging_fraction': 0.817488104012769, 'reg_alpha': 0.7994789758802768, 'reg_lambda': 0.17416774573803825}. Best is trial 36 with value: 0.5807402930454303.\n",
      "[I 2026-07-30 16:01:19,851] Trial 66 finished with value: 0.5790480898350289 and parameters: {'num_leaves': 11, 'min_data_in_leaf': 15, 'bagging_fraction': 0.7907174539239, 'reg_alpha': 0.5864881529301885, 'reg_lambda': 0.18780344847842667}. Best is trial 36 with value: 0.5807402930454303.\n",
      "[I 2026-07-30 16:01:36,661] Trial 67 finished with value: 0.5801890188998341 and parameters: {'num_leaves': 7, 'min_data_in_leaf': 10, 'bagging_fraction': 0.8250065567804438, 'reg_alpha': 0.9584456583048238, 'reg_lambda': 0.5617785170495526}. Best is trial 36 with value: 0.5807402930454303.\n",
      "[I 2026-07-30 16:01:55,637] Trial 68 finished with value: 0.5797097800583805 and parameters: {'num_leaves': 10, 'min_data_in_leaf': 10, 'bagging_fraction': 0.8270808668304737, 'reg_alpha': 0.9677206149419769, 'reg_lambda': 0.5458927440871069}. Best is trial 36 with value: 0.5807402930454303.\n",
      "[I 2026-07-30 16:02:12,152] Trial 69 finished with value: 0.579900838919085 and parameters: {'num_leaves': 8, 'min_data_in_leaf': 12, 'bagging_fraction': 0.8166257001080179, 'reg_alpha': 0.8893001346198774, 'reg_lambda': 0.5159725396126349}. Best is trial 36 with value: 0.5807402930454303.\n",
      "[I 2026-07-30 16:02:28,287] Trial 70 finished with value: 0.5798332284314245 and parameters: {'num_leaves': 8, 'min_data_in_leaf': 12, 'bagging_fraction': 0.8140004708946234, 'reg_alpha': 0.899763591358524, 'reg_lambda': 0.5139522262927984}. Best is trial 36 with value: 0.5807402930454303.\n",
      "[I 2026-07-30 16:02:45,784] Trial 71 finished with value: 0.5804372592610507 and parameters: {'num_leaves': 8, 'min_data_in_leaf': 12, 'bagging_fraction': 0.8120963347351274, 'reg_alpha': 0.8856516068734611, 'reg_lambda': 0.4937391838462861}. Best is trial 36 with value: 0.5807402930454303.\n",
      "[I 2026-07-30 16:03:00,272] Trial 72 finished with value: 0.5803702312407804 and parameters: {'num_leaves': 8, 'min_data_in_leaf': 10, 'bagging_fraction': 0.8021405730267681, 'reg_alpha': 0.9357743663803871, 'reg_lambda': 0.626827794139378}. Best is trial 36 with value: 0.5807402930454303.\n",
      "[I 2026-07-30 16:03:17,898] Trial 73 finished with value: 0.5795279985799965 and parameters: {'num_leaves': 8, 'min_data_in_leaf': 10, 'bagging_fraction': 0.8020800136470904, 'reg_alpha': 0.9479570302724765, 'reg_lambda': 0.6046602932260383}. Best is trial 36 with value: 0.5807402930454303.\n",
      "[I 2026-07-30 16:03:33,852] Trial 74 finished with value: 0.5789238307133385 and parameters: {'num_leaves': 7, 'min_data_in_leaf': 13, 'bagging_fraction': 0.7836032702879583, 'reg_alpha': 0.8652144907736158, 'reg_lambda': 0.5780428369489692}. Best is trial 36 with value: 0.5807402930454303.\n",
      "[I 2026-07-30 16:03:52,627] Trial 75 finished with value: 0.581311413635692 and parameters: {'num_leaves': 9, 'min_data_in_leaf': 11, 'bagging_fraction': 0.84136236621392, 'reg_alpha': 0.9305178591845217, 'reg_lambda': 0.49260407304788495}. Best is trial 75 with value: 0.581311413635692.\n",
      "[I 2026-07-30 16:04:07,457] Trial 76 finished with value: 0.5796632640692948 and parameters: {'num_leaves': 9, 'min_data_in_leaf': 10, 'bagging_fraction': 0.8419303282570475, 'reg_alpha': 0.9357739455601668, 'reg_lambda': 0.48384698488170835}. Best is trial 75 with value: 0.581311413635692.\n",
      "[I 2026-07-30 16:04:26,978] Trial 77 finished with value: 0.5801169757530846 and parameters: {'num_leaves': 9, 'min_data_in_leaf': 11, 'bagging_fraction': 0.849796729869658, 'reg_alpha': 0.9721972042447642, 'reg_lambda': 0.6306572583660274}. Best is trial 75 with value: 0.581311413635692.\n",
      "[I 2026-07-30 16:04:48,196] Trial 78 finished with value: 0.5809119989304236 and parameters: {'num_leaves': 7, 'min_data_in_leaf': 11, 'bagging_fraction': 0.8495167583441371, 'reg_alpha': 0.9886026087396064, 'reg_lambda': 0.6348242884139045}. Best is trial 75 with value: 0.581311413635692.\n",
      "[I 2026-07-30 16:05:10,250] Trial 79 finished with value: 0.5814129626766552 and parameters: {'num_leaves': 7, 'min_data_in_leaf': 11, 'bagging_fraction': 0.8411569842978257, 'reg_alpha': 0.9190155225074205, 'reg_lambda': 0.6911678643886308}. Best is trial 79 with value: 0.5814129626766552.\n"
     ]
    },
    {
     "name": "stdout",
     "output_type": "stream",
     "text": [
      "[16:05:10] danger | LONG -> R2 0.5814\n",
      "[save_progress] Changes to be committed:\n",
      " M Week_8_results/lightgbm_sweep_final.json\n",
      "?? lgbm_final_reg_danger_LONG.db\n",
      "\n",
      "[main 3d3be64] TPE REG Sweep completed: danger | LONG\n",
      " 2 files changed, 14 insertions(+)\n",
      " create mode 100644 lgbm_final_reg_danger_LONG.db\n",
      "[save_progress] Pulling latest from origin/main to check for divergence...\n",
      "PULL STDOUT: Already up to date.\n",
      "\n",
      "[save_progress] Successfully pushed to GitHub at 16:05:12\n"
     ]
    },
    {
     "name": "stderr",
     "output_type": "stream",
     "text": [
      "[I 2026-07-30 16:05:13,191] A new study created in RDB with name: lgbm_final_reg_danger_SHORT\n",
      "[I 2026-07-30 16:05:34,436] Trial 0 finished with value: 0.5338307634738964 and parameters: {'num_leaves': 16, 'min_data_in_leaf': 39, 'bagging_fraction': 0.7829984854528512, 'reg_alpha': 0.5986584841970366, 'reg_lambda': 0.15601864044243652}. Best is trial 0 with value: 0.5338307634738964.\n",
      "[I 2026-07-30 16:05:59,483] Trial 1 finished with value: 0.5350354804404546 and parameters: {'num_leaves': 10, 'min_data_in_leaf': 11, 'bagging_fraction': 0.8165440364437337, 'reg_alpha': 0.6011150117432088, 'reg_lambda': 0.7080725777960455}. Best is trial 1 with value: 0.5350354804404546.\n",
      "[I 2026-07-30 16:06:22,312] Trial 2 finished with value: 0.5334929553853005 and parameters: {'num_leaves': 7, 'min_data_in_leaf': 40, 'bagging_fraction': 0.8081106602001054, 'reg_alpha': 0.21233911067827616, 'reg_lambda': 0.18182496720710062}. Best is trial 1 with value: 0.5350354804404546.\n",
      "[I 2026-07-30 16:06:41,130] Trial 3 finished with value: 0.5351717306204935 and parameters: {'num_leaves': 11, 'min_data_in_leaf': 19, 'bagging_fraction': 0.7311891079080595, 'reg_alpha': 0.43194501864211576, 'reg_lambda': 0.2912291401980419}. Best is trial 3 with value: 0.5351717306204935.\n",
      "[I 2026-07-30 16:06:59,575] Trial 4 finished with value: 0.5333410345130992 and parameters: {'num_leaves': 22, 'min_data_in_leaf': 14, 'bagging_fraction': 0.6730361621338046, 'reg_alpha': 0.3663618432936917, 'reg_lambda': 0.45606998421703593}. Best is trial 3 with value: 0.5351717306204935.\n",
      "[I 2026-07-30 16:07:19,927] Trial 5 finished with value: 0.5329316694801675 and parameters: {'num_leaves': 26, 'min_data_in_leaf': 16, 'bagging_fraction': 0.7285586096034029, 'reg_alpha': 0.5924145688620425, 'reg_lambda': 0.046450412719997725}. Best is trial 3 with value: 0.5351717306204935.\n",
      "[I 2026-07-30 16:07:40,814] Trial 6 finished with value: 0.5334223877365079 and parameters: {'num_leaves': 22, 'min_data_in_leaf': 15, 'bagging_fraction': 0.6162628982463199, 'reg_alpha': 0.9488855372533332, 'reg_lambda': 0.9656320330745594}. Best is trial 3 with value: 0.5351717306204935.\n",
      "[I 2026-07-30 16:07:58,352] Trial 7 finished with value: 0.5323738264530528 and parameters: {'num_leaves': 27, 'min_data_in_leaf': 19, 'bagging_fraction': 0.6244180285015959, 'reg_alpha': 0.6842330265121569, 'reg_lambda': 0.4401524937396013}. Best is trial 3 with value: 0.5351717306204935.\n",
      "[I 2026-07-30 16:08:16,044] Trial 8 finished with value: 0.5352560613150296 and parameters: {'num_leaves': 10, 'min_data_in_leaf': 25, 'bagging_fraction': 0.6085971302788046, 'reg_alpha': 0.9093204020787821, 'reg_lambda': 0.2587799816000169}. Best is trial 8 with value: 0.5352560613150296.\n",
      "[I 2026-07-30 16:08:36,953] Trial 9 finished with value: 0.5325089491360586 and parameters: {'num_leaves': 23, 'min_data_in_leaf': 19, 'bagging_fraction': 0.7300170052944527, 'reg_alpha': 0.5467102793432796, 'reg_lambda': 0.18485445552552704}. Best is trial 8 with value: 0.5352560613150296.\n",
      "[I 2026-07-30 16:08:57,742] Trial 10 finished with value: 0.5310574630488265 and parameters: {'num_leaves': 16, 'min_data_in_leaf': 29, 'bagging_fraction': 0.6701995787974486, 'reg_alpha': 0.017961875614819656, 'reg_lambda': 0.9614933274957964}. Best is trial 8 with value: 0.5352560613150296.\n",
      "[I 2026-07-30 16:09:18,339] Trial 11 finished with value: 0.5339809836152355 and parameters: {'num_leaves': 13, 'min_data_in_leaf': 26, 'bagging_fraction': 0.7372043405073934, 'reg_alpha': 0.9469618763901494, 'reg_lambda': 0.3796042434202234}. Best is trial 8 with value: 0.5352560613150296.\n",
      "[I 2026-07-30 16:09:39,803] Trial 12 finished with value: 0.5347047779296416 and parameters: {'num_leaves': 7, 'min_data_in_leaf': 27, 'bagging_fraction': 0.6714635771112748, 'reg_alpha': 0.8613995349148584, 'reg_lambda': 0.3425159937377566}. Best is trial 8 with value: 0.5352560613150296.\n",
      "[I 2026-07-30 16:10:00,959] Trial 13 finished with value: 0.5327462736849439 and parameters: {'num_leaves': 13, 'min_data_in_leaf': 23, 'bagging_fraction': 0.8467259733983373, 'reg_alpha': 0.37030963665523436, 'reg_lambda': 0.620074380894402}. Best is trial 8 with value: 0.5352560613150296.\n",
      "[I 2026-07-30 16:10:23,915] Trial 14 finished with value: 0.5343987870467414 and parameters: {'num_leaves': 11, 'min_data_in_leaf': 34, 'bagging_fraction': 0.7595582447083746, 'reg_alpha': 0.769440658126583, 'reg_lambda': 0.24389228988871087}. Best is trial 8 with value: 0.5352560613150296.\n",
      "[I 2026-07-30 16:10:44,047] Trial 15 finished with value: 0.5332261829002755 and parameters: {'num_leaves': 17, 'min_data_in_leaf': 22, 'bagging_fraction': 0.6402224363145235, 'reg_alpha': 0.4312825156708856, 'reg_lambda': 0.0052778705598552356}. Best is trial 8 with value: 0.5352560613150296.\n",
      "[I 2026-07-30 16:11:08,936] Trial 16 finished with value: 0.5287161722574012 and parameters: {'num_leaves': 31, 'min_data_in_leaf': 31, 'bagging_fraction': 0.6958804818742366, 'reg_alpha': 0.18916026014856963, 'reg_lambda': 0.6466742551107139}. Best is trial 8 with value: 0.5352560613150296.\n",
      "[I 2026-07-30 16:11:31,279] Trial 17 finished with value: 0.5332298583552928 and parameters: {'num_leaves': 10, 'min_data_in_leaf': 23, 'bagging_fraction': 0.6032458979882204, 'reg_alpha': 0.7933556709382206, 'reg_lambda': 0.3005478434809723}. Best is trial 8 with value: 0.5352560613150296.\n",
      "[I 2026-07-30 16:11:47,873] Trial 18 finished with value: 0.5333673406956748 and parameters: {'num_leaves': 18, 'min_data_in_leaf': 34, 'bagging_fraction': 0.703801654090825, 'reg_alpha': 0.2159299273383225, 'reg_lambda': 0.518838347023388}. Best is trial 8 with value: 0.5352560613150296.\n",
      "[I 2026-07-30 16:12:05,525] Trial 19 finished with value: 0.5319076776151884 and parameters: {'num_leaves': 13, 'min_data_in_leaf': 11, 'bagging_fraction': 0.6432927707836044, 'reg_alpha': 0.010989189243771236, 'reg_lambda': 0.8145901286801431}. Best is trial 8 with value: 0.5352560613150296.\n",
      "[I 2026-07-30 16:12:24,128] Trial 20 finished with value: 0.535247067435354 and parameters: {'num_leaves': 9, 'min_data_in_leaf': 20, 'bagging_fraction': 0.7676362856512217, 'reg_alpha': 0.4739181161341405, 'reg_lambda': 0.09497270278376069}. Best is trial 8 with value: 0.5352560613150296.\n",
      "[I 2026-07-30 16:12:47,998] Trial 21 finished with value: 0.5346998980598292 and parameters: {'num_leaves': 9, 'min_data_in_leaf': 19, 'bagging_fraction': 0.768317947691165, 'reg_alpha': 0.4778257400389069, 'reg_lambda': 0.10011746799775838}. Best is trial 8 with value: 0.5352560613150296.\n",
      "[I 2026-07-30 16:13:07,610] Trial 22 finished with value: 0.5324461827334218 and parameters: {'num_leaves': 12, 'min_data_in_leaf': 21, 'bagging_fraction': 0.7939562215124063, 'reg_alpha': 0.3100360266713609, 'reg_lambda': 0.2667672934117091}. Best is trial 8 with value: 0.5352560613150296.\n",
      "[I 2026-07-30 16:13:27,897] Trial 23 finished with value: 0.5352366793980924 and parameters: {'num_leaves': 7, 'min_data_in_leaf': 25, 'bagging_fraction': 0.7547934758021628, 'reg_alpha': 0.7222793614180628, 'reg_lambda': 0.0726130599927544}. Best is trial 8 with value: 0.5352560613150296.\n",
      "[I 2026-07-30 16:13:51,638] Trial 24 finished with value: 0.5341547356060914 and parameters: {'num_leaves': 8, 'min_data_in_leaf': 25, 'bagging_fraction': 0.8487490175933592, 'reg_alpha': 0.6951044114835142, 'reg_lambda': 0.06475236948510636}. Best is trial 8 with value: 0.5352560613150296.\n",
      "[I 2026-07-30 16:14:09,849] Trial 25 finished with value: 0.533514803982043 and parameters: {'num_leaves': 7, 'min_data_in_leaf': 29, 'bagging_fraction': 0.7581435478594234, 'reg_alpha': 0.8187568380821291, 'reg_lambda': 0.11749953235727961}. Best is trial 8 with value: 0.5352560613150296.\n",
      "[I 2026-07-30 16:14:28,353] Trial 26 finished with value: 0.533474400572868 and parameters: {'num_leaves': 9, 'min_data_in_leaf': 33, 'bagging_fraction': 0.8245745667047292, 'reg_alpha': 0.8795007958880701, 'reg_lambda': 0.21826603829740304}. Best is trial 8 with value: 0.5352560613150296.\n",
      "[I 2026-07-30 16:14:49,469] Trial 27 finished with value: 0.5343034436066307 and parameters: {'num_leaves': 9, 'min_data_in_leaf': 25, 'bagging_fraction': 0.7044115121961302, 'reg_alpha': 0.988020007179187, 'reg_lambda': 0.026967982298847455}. Best is trial 8 with value: 0.5352560613150296.\n",
      "[I 2026-07-30 16:15:09,231] Trial 28 finished with value: 0.5336070533412607 and parameters: {'num_leaves': 15, 'min_data_in_leaf': 28, 'bagging_fraction': 0.7879519335238638, 'reg_alpha': 0.7233720625202594, 'reg_lambda': 0.14861845622715517}. Best is trial 8 with value: 0.5352560613150296.\n",
      "[I 2026-07-30 16:15:28,813] Trial 29 finished with value: 0.5354203243944067 and parameters: {'num_leaves': 15, 'min_data_in_leaf': 36, 'bagging_fraction': 0.7699221976375634, 'reg_alpha': 0.6313171910679307, 'reg_lambda': 0.12138170860782552}. Best is trial 29 with value: 0.5354203243944067.\n",
      "[I 2026-07-30 16:15:50,515] Trial 30 finished with value: 0.5331908911772789 and parameters: {'num_leaves': 15, 'min_data_in_leaf': 37, 'bagging_fraction': 0.784073271997152, 'reg_alpha': 0.5240459372584387, 'reg_lambda': 0.3633429300734684}. Best is trial 29 with value: 0.5354203243944067.\n",
      "[I 2026-07-30 16:16:09,756] Trial 31 finished with value: 0.5323321866303731 and parameters: {'num_leaves': 19, 'min_data_in_leaf': 36, 'bagging_fraction': 0.7501169620675896, 'reg_alpha': 0.658789774401771, 'reg_lambda': 0.11933773094368298}. Best is trial 29 with value: 0.5354203243944067.\n",
      "[I 2026-07-30 16:16:30,921] Trial 32 finished with value: 0.5341679113502347 and parameters: {'num_leaves': 11, 'min_data_in_leaf': 31, 'bagging_fraction': 0.7753561213314498, 'reg_alpha': 0.6141553707517695, 'reg_lambda': 0.18703938780143525}. Best is trial 29 with value: 0.5354203243944067.\n",
      "[I 2026-07-30 16:16:46,295] Trial 33 finished with value: 0.5334477904072747 and parameters: {'num_leaves': 14, 'min_data_in_leaf': 38, 'bagging_fraction': 0.8026745802294918, 'reg_alpha': 0.7470875994109165, 'reg_lambda': 0.09360458220179654}. Best is trial 29 with value: 0.5354203243944067.\n",
      "[I 2026-07-30 16:17:10,480] Trial 34 finished with value: 0.5339356192917499 and parameters: {'num_leaves': 8, 'min_data_in_leaf': 24, 'bagging_fraction': 0.828444941322807, 'reg_alpha': 0.8723257787980139, 'reg_lambda': 0.005908536476942228}. Best is trial 29 with value: 0.5354203243944067.\n",
      "[I 2026-07-30 16:17:36,038] Trial 35 finished with value: 0.5331232125530289 and parameters: {'num_leaves': 10, 'min_data_in_leaf': 21, 'bagging_fraction': 0.7155918614461766, 'reg_alpha': 0.6375050588583435, 'reg_lambda': 0.1609401231105112}. Best is trial 29 with value: 0.5354203243944067.\n",
      "[I 2026-07-30 16:17:55,155] Trial 36 finished with value: 0.5319288699188826 and parameters: {'num_leaves': 20, 'min_data_in_leaf': 17, 'bagging_fraction': 0.7469460618745268, 'reg_alpha': 0.5659852134562071, 'reg_lambda': 0.24098929606971037}. Best is trial 29 with value: 0.5354203243944067.\n",
      "[I 2026-07-30 16:18:16,351] Trial 37 finished with value: 0.535252936645981 and parameters: {'num_leaves': 12, 'min_data_in_leaf': 13, 'bagging_fraction': 0.8022479663512713, 'reg_alpha': 0.5038136744984737, 'reg_lambda': 0.3016510756873859}. Best is trial 29 with value: 0.5354203243944067.\n",
      "[I 2026-07-30 16:18:37,577] Trial 38 finished with value: 0.5336054374713971 and parameters: {'num_leaves': 12, 'min_data_in_leaf': 10, 'bagging_fraction': 0.8198530381347343, 'reg_alpha': 0.48374541228636847, 'reg_lambda': 0.4260950535310517}. Best is trial 29 with value: 0.5354203243944067.\n",
      "[I 2026-07-30 16:18:58,944] Trial 39 finished with value: 0.5324736708242406 and parameters: {'num_leaves': 16, 'min_data_in_leaf': 12, 'bagging_fraction': 0.8060321621230967, 'reg_alpha': 0.351288032763787, 'reg_lambda': 0.30977497791923725}. Best is trial 29 with value: 0.5354203243944067.\n",
