      "[I 2026-07-30 16:35:11,802] Trial 29 finished with value: 0.018795423570913284 and parameters: {'num_leaves': 11, 'min_data_in_leaf': 170, 'bagging_fraction': 0.777908898388957, 'reg_alpha': 0.35438831085817946, 'reg_lambda': 0.6518128884099584}. Best is trial 14 with value: 0.020792693484108483.\n",
      "[I 2026-07-30 16:35:20,939] Trial 30 finished with value: 0.019297297658816093 and parameters: {'num_leaves': 9, 'min_data_in_leaf': 188, 'bagging_fraction': 0.8344697675669783, 'reg_alpha': 0.5017745509631948, 'reg_lambda': 0.5311722628160155}. Best is trial 14 with value: 0.020792693484108483.\n",
      "[I 2026-07-30 16:35:27,186] Trial 31 finished with value: 0.020802062082012896 and parameters: {'num_leaves': 7, 'min_data_in_leaf': 156, 'bagging_fraction': 0.6480145858424802, 'reg_alpha': 0.21956245467163996, 'reg_lambda': 0.6069726681843506}. Best is trial 31 with value: 0.020802062082012896.\n",
      "[I 2026-07-30 16:35:33,477] Trial 32 finished with value: 0.02067101163762939 and parameters: {'num_leaves': 7, 'min_data_in_leaf': 160, 'bagging_fraction': 0.6602673914578827, 'reg_alpha': 0.10121409318423959, 'reg_lambda': 0.7294467370805088}. Best is trial 31 with value: 0.020802062082012896.\n",
      "[I 2026-07-30 16:35:37,989] Trial 33 finished with value: 0.020049376770850103 and parameters: {'num_leaves': 7, 'min_data_in_leaf': 162, 'bagging_fraction': 0.6385999177761634, 'reg_alpha': 0.07664668584605198, 'reg_lambda': 0.7286583217513728}. Best is trial 31 with value: 0.020802062082012896.\n",
      "[I 2026-07-30 16:35:44,219] Trial 34 finished with value: 0.020545649511792007 and parameters: {'num_leaves': 7, 'min_data_in_leaf': 141, 'bagging_fraction': 0.6532439600518656, 'reg_alpha': 0.19722814915927459, 'reg_lambda': 0.6756606369732224}. Best is trial 31 with value: 0.020802062082012896.\n",
      "[I 2026-07-30 16:35:49,808] Trial 35 finished with value: 0.020673227952315097 and parameters: {'num_leaves': 8, 'min_data_in_leaf': 155, 'bagging_fraction': 0.7034965521006754, 'reg_alpha': 0.0934683610772966, 'reg_lambda': 0.9004712975083673}. Best is trial 31 with value: 0.020802062082012896.\n",
      "[I 2026-07-30 16:35:56,972] Trial 36 finished with value: 0.019497897054614976 and parameters: {'num_leaves': 8, 'min_data_in_leaf': 157, 'bagging_fraction': 0.6619385359729996, 'reg_alpha': 0.09404882140583512, 'reg_lambda': 0.919603310407603}. Best is trial 31 with value: 0.020802062082012896.\n",
      "[I 2026-07-30 16:36:03,620] Trial 37 finished with value: 0.020099129670605387 and parameters: {'num_leaves': 8, 'min_data_in_leaf': 100, 'bagging_fraction': 0.7028900291522319, 'reg_alpha': 0.078641062518723, 'reg_lambda': 0.8036199216065382}. Best is trial 31 with value: 0.020802062082012896.\n",
      "[I 2026-07-30 16:36:09,468] Trial 38 finished with value: 0.020407645315451695 and parameters: {'num_leaves': 8, 'min_data_in_leaf': 137, 'bagging_fraction': 0.6779007345340273, 'reg_alpha': 0.15647854862839436, 'reg_lambda': 0.8953732257575614}. Best is trial 31 with value: 0.020802062082012896.\n",
      "[I 2026-07-30 16:36:15,411] Trial 39 finished with value: 0.020104063144792163 and parameters: {'num_leaves': 7, 'min_data_in_leaf': 153, 'bagging_fraction': 0.6374675409591634, 'reg_alpha': 0.7309998564273489, 'reg_lambda': 0.7625658160608288}. Best is trial 31 with value: 0.020802062082012896.\n"
     ]
    },
    {
     "name": "stdout",
     "output_type": "stream",
     "text": [
      "[16:36:15] entry_timing | LONG -> R2 0.0208\n",
      "[save_progress] Changes to be committed:\n",
      " M Week_8_results/lightgbm_sweep_final.json\n",
      "?? lgbm_final_reg_entry_timing_LONG.db\n",
      "\n",
      "[main dcf0866] TPE REG Sweep completed: entry_timing | LONG\n",
      " 2 files changed, 14 insertions(+)\n",
      " create mode 100644 lgbm_final_reg_entry_timing_LONG.db\n",
      "[save_progress] Pulling latest from origin/main to check for divergence...\n",
      "PULL STDOUT: Already up to date.\n",
      "\n",
      "[save_progress] Successfully pushed to GitHub at 16:36:16\n"
     ]
    },
    {
     "name": "stderr",
     "output_type": "stream",
     "text": [
      "[I 2026-07-30 16:36:17,115] A new study created in RDB with name: lgbm_final_reg_entry_timing_SHORT\n",
      "[I 2026-07-30 16:36:21,808] Trial 0 finished with value: 0.01904623757418531 and parameters: {'num_leaves': 10, 'min_data_in_leaf': 196, 'bagging_fraction': 0.7829984854528512, 'reg_alpha': 0.5986584841970366, 'reg_lambda': 0.15601864044243652}. Best is trial 0 with value: 0.01904623757418531.\n",
      "[I 2026-07-30 16:36:27,514] Trial 1 finished with value: 0.01850039168979618 and parameters: {'num_leaves': 8, 'min_data_in_leaf': 105, 'bagging_fraction': 0.8165440364437337, 'reg_alpha': 0.6011150117432088, 'reg_lambda': 0.7080725777960455}. Best is trial 0 with value: 0.01904623757418531.\n",
      "[I 2026-07-30 16:36:32,992] Trial 2 finished with value: 0.018551288831381952 and parameters: {'num_leaves': 7, 'min_data_in_leaf': 197, 'bagging_fraction': 0.8081106602001054, 'reg_alpha': 0.21233911067827616, 'reg_lambda': 0.18182496720710062}. Best is trial 0 with value: 0.01904623757418531.\n",
      "[I 2026-07-30 16:36:38,818] Trial 3 finished with value: 0.01799655566630933 and parameters: {'num_leaves': 8, 'min_data_in_leaf': 130, 'bagging_fraction': 0.7311891079080595, 'reg_alpha': 0.43194501864211576, 'reg_lambda': 0.2912291401980419}. Best is trial 0 with value: 0.01904623757418531.\n",
      "[I 2026-07-30 16:36:43,602] Trial 4 finished with value: 0.018195324027220773 and parameters: {'num_leaves': 12, 'min_data_in_leaf': 114, 'bagging_fraction': 0.6730361621338046, 'reg_alpha': 0.3663618432936917, 'reg_lambda': 0.45606998421703593}. Best is trial 0 with value: 0.01904623757418531.\n",
      "[I 2026-07-30 16:36:48,447] Trial 5 finished with value: 0.018158747592992318 and parameters: {'num_leaves': 14, 'min_data_in_leaf': 120, 'bagging_fraction': 0.7285586096034029, 'reg_alpha': 0.5924145688620425, 'reg_lambda': 0.046450412719997725}. Best is trial 0 with value: 0.01904623757418531.\n",
      "[I 2026-07-30 16:36:52,035] Trial 6 finished with value: 0.017161335304991553 and parameters: {'num_leaves': 12, 'min_data_in_leaf': 117, 'bagging_fraction': 0.6162628982463199, 'reg_alpha': 0.9488855372533332, 'reg_lambda': 0.9656320330745594}. Best is trial 0 with value: 0.01904623757418531.\n",
      "[I 2026-07-30 16:36:57,750] Trial 7 finished with value: 0.01795824347631316 and parameters: {'num_leaves': 14, 'min_data_in_leaf': 130, 'bagging_fraction': 0.6244180285015959, 'reg_alpha': 0.6842330265121569, 'reg_lambda': 0.4401524937396013}. Best is trial 0 with value: 0.01904623757418531.\n",
      "[I 2026-07-30 16:37:02,073] Trial 8 finished with value: 0.018928285894517737 and parameters: {'num_leaves': 8, 'min_data_in_leaf': 150, 'bagging_fraction': 0.6085971302788046, 'reg_alpha': 0.9093204020787821, 'reg_lambda': 0.2587799816000169}. Best is trial 0 with value: 0.01904623757418531.\n",
      "[I 2026-07-30 16:37:06,863] Trial 9 finished with value: 0.018194839238021853 and parameters: {'num_leaves': 12, 'min_data_in_leaf': 131, 'bagging_fraction': 0.7300170052944527, 'reg_alpha': 0.5467102793432796, 'reg_lambda': 0.18485445552552704}. Best is trial 0 with value: 0.01904623757418531.\n",
      "[I 2026-07-30 16:37:12,691] Trial 10 finished with value: 0.018735247165024504 and parameters: {'num_leaves': 10, 'min_data_in_leaf': 191, 'bagging_fraction': 0.8423842776969664, 'reg_alpha': 0.017961875614819656, 'reg_lambda': 0.96182637894382}. Best is trial 0 with value: 0.01904623757418531.\n",
      "[I 2026-07-30 16:37:17,193] Trial 11 finished with value: 0.018509939342151883 and parameters: {'num_leaves': 10, 'min_data_in_leaf': 164, 'bagging_fraction': 0.6752696929032018, 'reg_alpha': 0.9316550102310261, 'reg_lambda': 0.01010013668168433}. Best is trial 0 with value: 0.01904623757418531.\n",
      "[I 2026-07-30 16:37:23,419] Trial 12 finished with value: 0.018412446993338126 and parameters: {'num_leaves': 10, 'min_data_in_leaf': 162, 'bagging_fraction': 0.7803681936143599, 'reg_alpha': 0.7910050842253318, 'reg_lambda': 0.41073238236465626}. Best is trial 0 with value: 0.01904623757418531.\n",
      "[I 2026-07-30 16:37:29,044] Trial 13 finished with value: 0.017943539264780962 and parameters: {'num_leaves': 9, 'min_data_in_leaf': 170, 'bagging_fraction': 0.6654298769877691, 'reg_alpha': 0.8005363812498013, 'reg_lambda': 0.620074380894402}. Best is trial 0 with value: 0.01904623757418531.\n",
      "[I 2026-07-30 16:37:34,368] Trial 14 finished with value: 0.01779614338889244 and parameters: {'num_leaves': 7, 'min_data_in_leaf': 146, 'bagging_fraction': 0.7714075047040414, 'reg_alpha': 0.7894770663194648, 'reg_lambda': 0.16851950058677245}. Best is trial 0 with value: 0.01904623757418531.\n",
      "[I 2026-07-30 16:37:38,307] Trial 15 finished with value: 0.01762218611347084 and parameters: {'num_leaves': 9, 'min_data_in_leaf': 182, 'bagging_fraction': 0.6438361777561683, 'reg_alpha': 0.9858384033811151, 'reg_lambda': 0.2996540345038062}. Best is trial 0 with value: 0.01904623757418531.\n",
      "[I 2026-07-30 16:37:43,641] Trial 16 finished with value: 0.01789903825480208 and parameters: {'num_leaves': 8, 'min_data_in_leaf': 149, 'bagging_fraction': 0.7036849889980936, 'reg_alpha': 0.3531655287582119, 'reg_lambda': 0.3122349359221164}. Best is trial 0 with value: 0.01904623757418531.\n",
      "[I 2026-07-30 16:37:48,205] Trial 17 finished with value: 0.018343929551504212 and parameters: {'num_leaves': 11, 'min_data_in_leaf': 177, 'bagging_fraction': 0.603999724317033, 'reg_alpha': 0.1852597393840844, 'reg_lambda': 0.11052973954850806}. Best is trial 0 with value: 0.01904623757418531.\n",
      "[I 2026-07-30 16:37:52,718] Trial 18 finished with value: 0.018184702131036977 and parameters: {'num_leaves': 15, 'min_data_in_leaf': 150, 'bagging_fraction': 0.7528107850125592, 'reg_alpha': 0.6891558229848622, 'reg_lambda': 0.518838347023388}. Best is trial 0 with value: 0.01904623757418531.\n",
      "[I 2026-07-30 16:37:57,826] Trial 19 finished with value: 0.018565951694485272 and parameters: {'num_leaves': 9, 'min_data_in_leaf': 200, 'bagging_fraction': 0.702128756133111, 'reg_alpha': 0.8487141190106358, 'reg_lambda': 0.7810386441369601}. Best is trial 0 with value: 0.01904623757418531.\n",
      "[I 2026-07-30 16:38:03,858] Trial 20 finished with value: 0.018263141968329188 and parameters: {'num_leaves': 11, 'min_data_in_leaf': 185, 'bagging_fraction': 0.8494848728808269, 'reg_alpha': 0.47052910318477015, 'reg_lambda': 0.2456782577235934}. Best is trial 0 with value: 0.01904623757418531.\n",
      "[I 2026-07-30 16:38:09,781] Trial 21 finished with value: 0.01768855905649345 and parameters: {'num_leaves': 10, 'min_data_in_leaf': 190, 'bagging_fraction': 0.8484470918436088, 'reg_alpha': 0.03148274766361209, 'reg_lambda': 0.9468049264135636}. Best is trial 0 with value: 0.01904623757418531.\n",
      "[I 2026-07-30 16:38:15,448] Trial 22 finished with value: 0.01830045689288349 and parameters: {'num_leaves': 11, 'min_data_in_leaf': 192, 'bagging_fraction': 0.8117912493228819, 'reg_alpha': 0.02216480197953652, 'reg_lambda': 0.8706280011519396}. Best is trial 0 with value: 0.01904623757418531.\n",
      "[I 2026-07-30 16:38:21,142] Trial 23 finished with value: 0.01835893299062774 and parameters: {'num_leaves': 9, 'min_data_in_leaf': 173, 'bagging_fraction': 0.825896397552226, 'reg_alpha': 0.25011087021864753, 'reg_lambda': 0.6066789583597099}. Best is trial 0 with value: 0.01904623757418531.\n",
      "[I 2026-07-30 16:38:27,347] Trial 24 finished with value: 0.01800834225672012 and parameters: {'num_leaves': 10, 'min_data_in_leaf': 158, 'bagging_fraction': 0.7914611948560712, 'reg_alpha': 0.14436005604653318, 'reg_lambda': 0.8120399900016783}. Best is trial 0 with value: 0.01904623757418531.\n",
      "[I 2026-07-30 16:38:32,702] Trial 25 finished with value: 0.018331218860857045 and parameters: {'num_leaves': 8, 'min_data_in_leaf': 184, 'bagging_fraction': 0.7600984907969108, 'reg_alpha': 0.6615809795849088, 'reg_lambda': 0.37182645166396466}. Best is trial 0 with value: 0.01904623757418531.\n",
      "[I 2026-07-30 16:38:39,073] Trial 26 finished with value: 0.017700240150362822 and parameters: {'num_leaves': 7, 'min_data_in_leaf': 140, 'bagging_fraction': 0.7948570505779196, 'reg_alpha': 0.30777959357061224, 'reg_lambda': 0.09444793472380278}. Best is trial 0 with value: 0.01904623757418531.\n",
      "[I 2026-07-30 16:38:44,855] Trial 27 finished with value: 0.018516283659502086 and parameters: {'num_leaves': 13, 'min_data_in_leaf': 192, 'bagging_fraction': 0.8330058901010844, 'reg_alpha': 0.11044540629936828, 'reg_lambda': 0.5401707501811004}. Best is trial 0 with value: 0.01904623757418531.\n",
      "[I 2026-07-30 16:38:49,921] Trial 28 finished with value: 0.01856459667331365 and parameters: {'num_leaves': 11, 'min_data_in_leaf': 177, 'bagging_fraction': 0.645347754986918, 'reg_alpha': 0.8633027997919742, 'reg_lambda': 0.6984506623346187}. Best is trial 0 with value: 0.01904623757418531.\n",
      "[I 2026-07-30 16:38:55,396] Trial 29 finished with value: 0.0184703426241102 and parameters: {'num_leaves': 8, 'min_data_in_leaf': 108, 'bagging_fraction': 0.7074949442052356, 'reg_alpha': 0.5191990575265584, 'reg_lambda': 0.2414113024346805}. Best is trial 0 with value: 0.01904623757418531.\n",
      "[I 2026-07-30 16:39:01,223] Trial 30 finished with value: 0.018401480699597017 and parameters: {'num_leaves': 9, 'min_data_in_leaf': 166, 'bagging_fraction': 0.8312463492205194, 'reg_alpha': 0.4299745589163554, 'reg_lambda': 0.6999118044818852}. Best is trial 0 with value: 0.01904623757418531.\n",
      "[I 2026-07-30 16:39:05,846] Trial 31 finished with value: 0.018250122624064002 and parameters: {'num_leaves': 9, 'min_data_in_leaf': 197, 'bagging_fraction': 0.6974923033549034, 'reg_alpha': 0.8767513369548957, 'reg_lambda': 0.809797949731605}. Best is trial 0 with value: 0.01904623757418531.\n",
      "[I 2026-07-30 16:39:10,443] Trial 32 finished with value: 0.018149821200229455 and parameters: {'num_leaves': 10, 'min_data_in_leaf': 199, 'bagging_fraction': 0.7539439141002863, 'reg_alpha': 0.7494684219963308, 'reg_lambda': 0.8915032751255522}. Best is trial 0 with value: 0.01904623757418531.\n",
      "[I 2026-07-30 16:39:15,714] Trial 33 finished with value: 0.018480780241811722 and parameters: {'num_leaves': 7, 'min_data_in_leaf': 191, 'bagging_fraction': 0.7915870282352467, 'reg_alpha': 0.8895564194661054, 'reg_lambda': 0.772774605551797}. Best is trial 0 with value: 0.01904623757418531.\n",
      "[I 2026-07-30 16:39:20,032] Trial 34 finished with value: 0.017770492007108542 and parameters: {'num_leaves': 8, 'min_data_in_leaf': 199, 'bagging_fraction': 0.6853380394936274, 'reg_alpha': 0.9867241993869762, 'reg_lambda': 0.9106958524211274}. Best is trial 0 with value: 0.01904623757418531.\n",
      "[I 2026-07-30 16:39:25,416] Trial 35 finished with value: 0.018452907939502473 and parameters: {'num_leaves': 9, 'min_data_in_leaf': 186, 'bagging_fraction': 0.6520026405072147, 'reg_alpha': 0.6375050588583435, 'reg_lambda': 0.988091507765255}. Best is trial 0 with value: 0.01904623757418531.\n",
      "[I 2026-07-30 16:39:31,316] Trial 36 finished with value: 0.018465606038721605 and parameters: {'num_leaves': 8, 'min_data_in_leaf': 103, 'bagging_fraction': 0.7224818482203577, 'reg_alpha': 0.7299406338919536, 'reg_lambda': 0.10165566368251114}. Best is trial 0 with value: 0.01904623757418531.\n",
      "[I 2026-07-30 16:39:36,499] Trial 37 finished with value: 0.018466036493225913 and parameters: {'num_leaves': 10, 'min_data_in_leaf': 180, 'bagging_fraction': 0.6308552312799433, 'reg_alpha': 0.5864520279404247, 'reg_lambda': 0.7621231182386293}. Best is trial 0 with value: 0.01904623757418531.\n",
      "[I 2026-07-30 16:39:42,641] Trial 38 finished with value: 0.018463214236416326 and parameters: {'num_leaves': 11, 'min_data_in_leaf': 122, 'bagging_fraction': 0.8071603719417908, 'reg_alpha': 0.8414190301864543, 'reg_lambda': 0.8600408543635144}. Best is trial 0 with value: 0.01904623757418531.\n",
      "[I 2026-07-30 16:39:47,287] Trial 39 finished with value: 0.017990672131087536 and parameters: {'num_leaves': 12, 'min_data_in_leaf': 157, 'bagging_fraction': 0.7418094518199692, 'reg_alpha': 0.9289869000615558, 'reg_lambda': 0.34731210216209135}. Best is trial 0 with value: 0.01904623757418531.\n"
     ]
    },
    {
     "name": "stdout",
     "output_type": "stream",
     "text": [
      "[16:39:47] entry_timing | SHORT -> R2 0.0190\n",
      "[save_progress] Changes to be committed:\n",
      " M Week_8_results/lightgbm_sweep_final.json\n",
      "?? lgbm_final_reg_entry_timing_SHORT.db\n",
      "\n",
      "[main af18f7f] TPE REG Sweep completed: entry_timing | SHORT\n",
      " 2 files changed, 14 insertions(+)\n",
      " create mode 100644 lgbm_final_reg_entry_timing_SHORT.db\n",
      "[save_progress] Pulling latest from origin/main to check for divergence...\n",
      "PULL STDOUT: Already up to date.\n",
      "\n",
      "[save_progress] Successfully pushed to GitHub at 16:39:48\n"
     ]
    },
    {
     "name": "stderr",
     "output_type": "stream",
     "text": [
      "[I 2026-07-30 16:39:49,112] A new study created in RDB with name: lgbm_final_reg_exit_timing_LONG\n",
      "[I 2026-07-30 16:40:01,215] Trial 0 finished with value: 0.05352636449266002 and parameters: {'num_leaves': 10, 'min_data_in_leaf': 196, 'bagging_fraction': 0.7829984854528512, 'reg_alpha': 0.5986584841970366, 'reg_lambda': 0.15601864044243652}. Best is trial 0 with value: 0.05352636449266002.\n",
      "[I 2026-07-30 16:40:14,278] Trial 1 finished with value: 0.053180114084810895 and parameters: {'num_leaves': 8, 'min_data_in_leaf': 105, 'bagging_fraction': 0.8165440364437337, 'reg_alpha': 0.6011150117432088, 'reg_lambda': 0.7080725777960455}. Best is trial 0 with value: 0.05352636449266002.\n",
      "[I 2026-07-30 16:40:27,692] Trial 2 finished with value: 0.05438153453939014 and parameters: {'num_leaves': 7, 'min_data_in_leaf': 197, 'bagging_fraction': 0.8081106602001054, 'reg_alpha': 0.21233911067827616, 'reg_lambda': 0.18182496720710062}. Best is trial 2 with value: 0.05438153453939014.\n",
      "[I 2026-07-30 16:40:39,695] Trial 3 finished with value: 0.053320979329398055 and parameters: {'num_leaves': 8, 'min_data_in_leaf': 130, 'bagging_fraction': 0.7311891079080595, 'reg_alpha': 0.43194501864211576, 'reg_lambda': 0.2912291401980419}. Best is trial 2 with value: 0.05438153453939014.\n",
      "[I 2026-07-30 16:40:52,489] Trial 4 finished with value: 0.047898260764974276 and parameters: {'num_leaves': 12, 'min_data_in_leaf': 114, 'bagging_fraction': 0.6730361621338046, 'reg_alpha': 0.3663618432936917, 'reg_lambda': 0.45606998421703593}. Best is trial 2 with value: 0.05438153453939014.\n",
      "[I 2026-07-30 16:41:03,372] Trial 5 finished with value: 0.05371412509997213 and parameters: {'num_leaves': 14, 'min_data_in_leaf': 120, 'bagging_fraction': 0.7285586096034029, 'reg_alpha': 0.5924145688620425, 'reg_lambda': 0.046450412719997725}. Best is trial 2 with value: 0.05438153453939014.\n",
      "[I 2026-07-30 16:41:12,303] Trial 6 finished with value: 0.05710970119646501 and parameters: {'num_leaves': 12, 'min_data_in_leaf': 117, 'bagging_fraction': 0.6162628982463199, 'reg_alpha': 0.9488855372533332, 'reg_lambda': 0.9656320330745594}. Best is trial 6 with value: 0.05710970119646501.\n",
      "[I 2026-07-30 16:41:20,661] Trial 7 finished with value: 0.0556418687215813 and parameters: {'num_leaves': 14, 'min_data_in_leaf': 130, 'bagging_fraction': 0.6244180285015959, 'reg_alpha': 0.6842330265121569, 'reg_lambda': 0.4401524937396013}. Best is trial 6 with value: 0.05710970119646501.\n",
      "[I 2026-07-30 16:41:28,484] Trial 8 finished with value: 0.06120654179944911 and parameters: {'num_leaves': 8, 'min_data_in_leaf': 150, 'bagging_fraction': 0.6085971302788046, 'reg_alpha': 0.9093204020787821, 'reg_lambda': 0.2587799816000169}. Best is trial 8 with value: 0.06120654179944911.\n",
      "[I 2026-07-30 16:41:41,401] Trial 9 finished with value: 0.046891867089254746 and parameters: {'num_leaves': 12, 'min_data_in_leaf': 131, 'bagging_fraction': 0.7300170052944527, 'reg_alpha': 0.5467102793432796, 'reg_lambda': 0.18485445552552704}. Best is trial 8 with value: 0.06120654179944911.\n",
      "[I 2026-07-30 16:41:48,581] Trial 10 finished with value: 0.05936427190764273 and parameters: {'num_leaves': 10, 'min_data_in_leaf': 162, 'bagging_fraction': 0.6701995787974486, 'reg_alpha': 0.017961875614819656, 'reg_lambda': 0.9614933274957964}. Best is trial 8 with value: 0.06120654179944911.\n",
      "[I 2026-07-30 16:41:56,687] Trial 11 finished with value: 0.05767307242828892 and parameters: {'num_leaves': 10, 'min_data_in_leaf': 162, 'bagging_fraction': 0.664795740050806, 'reg_alpha': 0.08001284273699083, 'reg_lambda': 0.9945871084025937}. Best is trial 8 with value: 0.06120654179944911.\n",
      "[I 2026-07-30 16:42:07,915] Trial 12 finished with value: 0.052145499428019826 and parameters: {'num_leaves': 10, 'min_data_in_leaf': 156, 'bagging_fraction': 0.6597743290158083, 'reg_alpha': 0.9882965352179369, 'reg_lambda': 0.7521932586846078}. Best is trial 8 with value: 0.06120654179944911.\n",
      "[I 2026-07-30 16:42:14,590] Trial 13 finished with value: 0.06113171704233542 and parameters: {'num_leaves': 9, 'min_data_in_leaf': 161, 'bagging_fraction': 0.6031962464422621, 'reg_alpha': 0.8224640506009633, 'reg_lambda': 0.6763257328184634}. Best is trial 8 with value: 0.06120654179944911.\n",
