      "[I 2026-07-30 13:58:28,326] Trial 0 finished with value: 0.702620538797748 and parameters: {'num_leaves': 21, 'min_data_in_leaf': 147, 'bagging_fraction': 0.7829984854528512, 'reg_alpha': 0.8979877262955549, 'reg_lambda': 0.15601864044243652}. Best is trial 0 with value: 0.702620538797748.\n",
      "[I 2026-07-30 13:58:41,307] Trial 1 finished with value: 0.7020428598756338 and parameters: {'num_leaves': 17, 'min_data_in_leaf': 84, 'bagging_fraction': 0.8165440364437337, 'reg_alpha': 0.9016725176148133, 'reg_lambda': 0.7080725777960455}. Best is trial 0 with value: 0.702620538797748.\n",
      "[I 2026-07-30 13:58:52,832] Trial 2 finished with value: 0.7032050789258932 and parameters: {'num_leaves': 15, 'min_data_in_leaf': 148, 'bagging_fraction': 0.8081106602001054, 'reg_alpha': 0.31850866601741423, 'reg_lambda': 0.18182496720710062}. Best is trial 2 with value: 0.7032050789258932.\n",
      "[I 2026-07-30 13:59:04,694] Trial 3 finished with value: 0.7010226301255293 and parameters: {'num_leaves': 18, 'min_data_in_leaf': 101, 'bagging_fraction': 0.7311891079080595, 'reg_alpha': 0.6479175279631737, 'reg_lambda': 0.2912291401980419}. Best is trial 2 with value: 0.7032050789258932.\n",
      "[I 2026-07-30 13:59:14,051] Trial 4 finished with value: 0.701686210587402 and parameters: {'num_leaves': 25, 'min_data_in_leaf': 89, 'bagging_fraction': 0.6730361621338046, 'reg_alpha': 0.5495427649405376, 'reg_lambda': 0.45606998421703593}. Best is trial 2 with value: 0.7032050789258932.\n",
      "[I 2026-07-30 13:59:26,905] Trial 5 finished with value: 0.7010615051851335 and parameters: {'num_leaves': 28, 'min_data_in_leaf': 94, 'bagging_fraction': 0.7285586096034029, 'reg_alpha': 0.8886218532930636, 'reg_lambda': 0.046450412719997725}. Best is trial 2 with value: 0.7032050789258932.\n",
      "[I 2026-07-30 13:59:37,064] Trial 6 finished with value: 0.7016855413755574 and parameters: {'num_leaves': 25, 'min_data_in_leaf': 92, 'bagging_fraction': 0.6162628982463199, 'reg_alpha': 1.42332830588, 'reg_lambda': 0.9656320330745594}. Best is trial 2 with value: 0.7032050789258932.\n",
      "[I 2026-07-30 13:59:45,395] Trial 7 finished with value: 0.7026993062805662 and parameters: {'num_leaves': 28, 'min_data_in_leaf': 101, 'bagging_fraction': 0.6244180285015959, 'reg_alpha': 1.0263495397682354, 'reg_lambda': 0.4401524937396013}. Best is trial 2 with value: 0.7032050789258932.\n",
      "[I 2026-07-30 13:59:56,931] Trial 8 finished with value: 0.7030802482075591 and parameters: {'num_leaves': 17, 'min_data_in_leaf': 115, 'bagging_fraction': 0.6085971302788046, 'reg_alpha': 1.3639806031181732, 'reg_lambda': 0.2587799816000169}. Best is trial 2 with value: 0.7032050789258932.\n",
      "[I 2026-07-30 14:00:08,241] Trial 9 finished with value: 0.701293707605914 and parameters: {'num_leaves': 26, 'min_data_in_leaf': 102, 'bagging_fraction': 0.7300170052944527, 'reg_alpha': 0.8200654190149195, 'reg_lambda': 0.18485445552552704}. Best is trial 2 with value: 0.7032050789258932.\n",
      "[I 2026-07-30 14:00:18,679] Trial 10 finished with value: 0.7008047199643401 and parameters: {'num_leaves': 31, 'min_data_in_leaf': 144, 'bagging_fraction': 0.8423842776969664, 'reg_alpha': 0.026942813422229483, 'reg_lambda': 0.9617195437970019}. Best is trial 2 with value: 0.7032050789258932.\n",
      "[I 2026-07-30 14:00:27,710] Trial 11 finished with value: 0.7021371699649582 and parameters: {'num_leaves': 15, 'min_data_in_leaf': 125, 'bagging_fraction': 0.6794827680929441, 'reg_alpha': 0.07670243751673758, 'reg_lambda': 0.3796042434202234}. Best is trial 2 with value: 0.7032050789258932.\n",
      "[I 2026-07-30 14:00:39,446] Trial 12 finished with value: 0.7019176295568264 and parameters: {'num_leaves': 20, 'min_data_in_leaf': 123, 'bagging_fraction': 0.7823161657422177, 'reg_alpha': 1.4677404336750812, 'reg_lambda': 0.04320579158276874}. Best is trial 2 with value: 0.7032050789258932.\n",
      "[I 2026-07-30 14:00:48,994] Trial 13 finished with value: 0.7022800910630844 and parameters: {'num_leaves': 15, 'min_data_in_leaf': 129, 'bagging_fraction': 0.6656664267880754, 'reg_alpha': 0.32375406106932836, 'reg_lambda': 0.620074380894402}. Best is trial 2 with value: 0.7032050789258932.\n",
      "[I 2026-07-30 14:00:59,751] Trial 14 finished with value: 0.7021382010414893 and parameters: {'num_leaves': 19, 'min_data_in_leaf': 112, 'bagging_fraction': 0.7733544253666719, 'reg_alpha': 1.1902308091261231, 'reg_lambda': 0.18085299707468896}. Best is trial 2 with value: 0.7032050789258932.\n",
      "[I 2026-07-30 14:01:09,599] Trial 15 finished with value: 0.7011723672917176 and parameters: {'num_leaves': 22, 'min_data_in_leaf': 136, 'bagging_fraction': 0.8490041329368588, 'reg_alpha': 0.3054472270840074, 'reg_lambda': 0.2996540345038062}. Best is trial 2 with value: 0.7032050789258932.\n",
      "[I 2026-07-30 14:01:17,072] Trial 16 finished with value: 0.7019240822799653 and parameters: {'num_leaves': 17, 'min_data_in_leaf': 114, 'bagging_fraction': 0.6471081117696473, 'reg_alpha': 1.1769266006211243, 'reg_lambda': 0.6466742551107139}. Best is trial 2 with value: 0.7032050789258932.\n",
      "[I 2026-07-30 14:01:25,966] Trial 17 finished with value: 0.7017144670935386 and parameters: {'num_leaves': 15, 'min_data_in_leaf': 134, 'bagging_fraction': 0.7037540658806137, 'reg_alpha': 0.5243842682482702, 'reg_lambda': 0.5094527189654774}. Best is trial 2 with value: 0.7032050789258932.\n",
      "[I 2026-07-30 14:01:35,143] Trial 18 finished with value: 0.7021927351217634 and parameters: {'num_leaves': 22, 'min_data_in_leaf': 115, 'bagging_fraction': 0.7592188106449155, 'reg_alpha': 0.266744938361388, 'reg_lambda': 0.3208501786198171}. Best is trial 2 with value: 0.7032050789258932.\n",
      "[I 2026-07-30 14:01:45,955] Trial 19 finished with value: 0.7020276755220275 and parameters: {'num_leaves': 17, 'min_data_in_leaf': 150, 'bagging_fraction': 0.6015498025307315, 'reg_alpha': 1.3088699939784505, 'reg_lambda': 0.12177117912612853}. Best is trial 2 with value: 0.7032050789258932.\n",
      "[I 2026-07-30 14:01:54,540] Trial 20 finished with value: 0.7029828050140099 and parameters: {'num_leaves': 19, 'min_data_in_leaf': 139, 'bagging_fraction': 0.8095952404932863, 'reg_alpha': 0.6573260500887133, 'reg_lambda': 0.2456782577235934}. Best is trial 2 with value: 0.7032050789258932.\n",
      "[I 2026-07-30 14:02:03,351] Trial 21 finished with value: 0.7017189283703096 and parameters: {'num_leaves': 19, 'min_data_in_leaf': 141, 'bagging_fraction': 0.8090182036942255, 'reg_alpha': 0.7087726440717015, 'reg_lambda': 0.24684680129524936}. Best is trial 2 with value: 0.7032050789258932.\n",
      "[I 2026-07-30 14:02:15,084] Trial 22 finished with value: 0.7016076526474513 and parameters: {'num_leaves': 16, 'min_data_in_leaf': 138, 'bagging_fraction': 0.8137114064534929, 'reg_alpha': 0.440463877127026, 'reg_lambda': 0.007712701039416431}. Best is trial 2 with value: 0.7032050789258932.\n",
      "[I 2026-07-30 14:02:23,753] Trial 23 finished with value: 0.7013074675347535 and parameters: {'num_leaves': 19, 'min_data_in_leaf': 132, 'bagging_fraction': 0.756619728387904, 'reg_alpha': 0.18032479828702003, 'reg_lambda': 0.23960202137893255}. Best is trial 2 with value: 0.7032050789258932.\n",
      "[I 2026-07-30 14:02:32,197] Trial 24 finished with value: 0.7030002968315872 and parameters: {'num_leaves': 17, 'min_data_in_leaf': 121, 'bagging_fraction': 0.8267817682374988, 'reg_alpha': 0.4284546214338753, 'reg_lambda': 0.3769959707663782}. Best is trial 2 with value: 0.7032050789258932.\n",
      "[I 2026-07-30 14:02:43,709] Trial 25 finished with value: 0.7018390681327343 and parameters: {'num_leaves': 16, 'min_data_in_leaf': 122, 'bagging_fraction': 0.832744539298425, 'reg_alpha': 0.1479877064861836, 'reg_lambda': 0.3815300181957818}. Best is trial 2 with value: 0.7032050789258932.\n",
      "[I 2026-07-30 14:02:51,770] Trial 26 finished with value: 0.7011715981638666 and parameters: {'num_leaves': 17, 'min_data_in_leaf': 108, 'bagging_fraction': 0.707256975337515, 'reg_alpha': 0.4699642097585338, 'reg_lambda': 0.5258424250402544}. Best is trial 2 with value: 0.7032050789258932.\n",
      "[I 2026-07-30 14:03:00,653] Trial 27 finished with value: 0.701246369740359 and parameters: {'num_leaves': 21, 'min_data_in_leaf': 119, 'bagging_fraction': 0.6510457465900988, 'reg_alpha': 0.37689032142324275, 'reg_lambda': 0.0975064976144081}. Best is trial 2 with value: 0.7032050789258932.\n",
      "[I 2026-07-30 14:03:11,443] Trial 28 finished with value: 0.7025797501148078 and parameters: {'num_leaves': 16, 'min_data_in_leaf': 107, 'bagging_fraction': 0.7990573659568778, 'reg_alpha': 1.0682737244021763, 'reg_lambda': 0.3696898189310088}. Best is trial 2 with value: 0.7032050789258932.\n",
      "[I 2026-07-30 14:03:20,688] Trial 29 finished with value: 0.7033085502699876 and parameters: {'num_leaves': 21, 'min_data_in_leaf': 129, 'bagging_fraction': 0.8300953058526889, 'reg_alpha': 0.19071576301330861, 'reg_lambda': 0.775228279167604}. Best is trial 29 with value: 0.7033085502699876.\n",
      "[I 2026-07-30 14:03:29,965] Trial 30 finished with value: 0.702152965113117 and parameters: {'num_leaves': 21, 'min_data_in_leaf': 146, 'bagging_fraction': 0.7931913832716555, 'reg_alpha': 0.201456136192984, 'reg_lambda': 0.8506171326413021}. Best is trial 29 with value: 0.7033085502699876.\n",
      "[I 2026-07-30 14:03:39,769] Trial 31 finished with value: 0.7024897193733266 and parameters: {'num_leaves': 23, 'min_data_in_leaf': 129, 'bagging_fraction': 0.8248083557667717, 'reg_alpha': 0.09225981423079299, 'reg_lambda': 0.8703348869454159}. Best is trial 29 with value: 0.7033085502699876.\n",
      "[I 2026-07-30 14:03:51,983] Trial 32 finished with value: 0.7023952433130001 and parameters: {'num_leaves': 18, 'min_data_in_leaf': 118, 'bagging_fraction': 0.829275912499416, 'reg_alpha': 0.3753987090619414, 'reg_lambda': 0.7028796622321153}. Best is trial 29 with value: 0.7033085502699876.\n",
      "[I 2026-07-30 14:04:02,021] Trial 33 finished with value: 0.7022300453816712 and parameters: {'num_leaves': 18, 'min_data_in_leaf': 126, 'bagging_fraction': 0.7680449969424223, 'reg_alpha': 0.2354130548309272, 'reg_lambda': 0.7734396414473218}. Best is trial 29 with value: 0.7033085502699876.\n",
      "[I 2026-07-30 14:04:12,895] Trial 34 finished with value: 0.7017980684440117 and parameters: {'num_leaves': 20, 'min_data_in_leaf': 109, 'bagging_fraction': 0.8496230786550388, 'reg_alpha': 0.004588668850426941, 'reg_lambda': 0.5679104844583875}. Best is trial 29 with value: 0.7033085502699876.\n",
      "[I 2026-07-30 14:04:22,437] Trial 35 finished with value: 0.7020996527128016 and parameters: {'num_leaves': 16, 'min_data_in_leaf': 82, 'bagging_fraction': 0.7487552789816002, 'reg_alpha': 0.6310497255267434, 'reg_lambda': 0.14061227685818994}. Best is trial 29 with value: 0.7033085502699876.\n",
      "[I 2026-07-30 14:04:34,811] Trial 36 finished with value: 0.7007126369323937 and parameters: {'num_leaves': 24, 'min_data_in_leaf': 119, 'bagging_fraction': 0.7934430339628873, 'reg_alpha': 0.563358828140418, 'reg_lambda': 0.44692999963512464}. Best is trial 29 with value: 0.7033085502699876.\n",
      "[I 2026-07-30 14:04:43,511] Trial 37 finished with value: 0.7023076463813215 and parameters: {'num_leaves': 18, 'min_data_in_leaf': 130, 'bagging_fraction': 0.8345670172315304, 'reg_alpha': 0.8541561151189463, 'reg_lambda': 0.22289554025971184}. Best is trial 29 with value: 0.7033085502699876.\n",
      "[I 2026-07-30 14:04:52,505] Trial 38 finished with value: 0.7029739428428601 and parameters: {'num_leaves': 15, 'min_data_in_leaf': 98, 'bagging_fraction': 0.7048898462644657, 'reg_alpha': 0.7256181184295527, 'reg_lambda': 0.3196553327747095}. Best is trial 29 with value: 0.7033085502699876.\n",
      "[I 2026-07-30 14:05:02,097] Trial 39 finished with value: 0.7027546622206414 and parameters: {'num_leaves': 20, 'min_data_in_leaf': 112, 'bagging_fraction': 0.8216089522634015, 'reg_alpha': 0.9977619441389196, 'reg_lambda': 0.7625658160608288}. Best is trial 29 with value: 0.7033085502699876.\n",
      "[I 2026-07-30 14:05:12,346] Trial 40 finished with value: 0.7025845795036366 and parameters: {'num_leaves': 26, 'min_data_in_leaf': 143, 'bagging_fraction': 0.742649926625751, 'reg_alpha': 1.386735996956646, 'reg_lambda': 0.07946164060670663}. Best is trial 29 with value: 0.7033085502699876.\n",
      "[I 2026-07-30 14:05:22,526] Trial 41 finished with value: 0.7017304289093641 and parameters: {'num_leaves': 18, 'min_data_in_leaf': 139, 'bagging_fraction': 0.8072491081521689, 'reg_alpha': 0.3703827660368206, 'reg_lambda': 0.20017240120902055}. Best is trial 29 with value: 0.7033085502699876.\n",
      "[I 2026-07-30 14:05:34,024] Trial 42 finished with value: 0.7016618260499475 and parameters: {'num_leaves': 19, 'min_data_in_leaf': 149, 'bagging_fraction': 0.7821137694342764, 'reg_alpha': 0.46497432999361427, 'reg_lambda': 0.27806694975406165}. Best is trial 29 with value: 0.7033085502699876.\n",
      "[I 2026-07-30 14:05:41,510] Trial 43 finished with value: 0.7013769200631705 and parameters: {'num_leaves': 21, 'min_data_in_leaf': 134, 'bagging_fraction': 0.802469928097667, 'reg_alpha': 0.6032125259629054, 'reg_lambda': 0.40024778622927515}. Best is trial 29 with value: 0.7033085502699876.\n",
      "[I 2026-07-30 14:05:55,582] Trial 44 finished with value: 0.7020356335137584 and parameters: {'num_leaves': 17, 'min_data_in_leaf': 146, 'bagging_fraction': 0.8189964676897249, 'reg_alpha': 0.7223652541402793, 'reg_lambda': 0.17181253341856392}. Best is trial 29 with value: 0.7033085502699876.\n",
      "[I 2026-07-30 14:06:02,257] Trial 45 finished with value: 0.7011790246927433 and parameters: {'num_leaves': 20, 'min_data_in_leaf': 126, 'bagging_fraction': 0.6882276269306471, 'reg_alpha': 0.11783811698404503, 'reg_lambda': 0.3470763092228206}. Best is trial 29 with value: 0.7033085502699876.\n",
      "[I 2026-07-30 14:06:13,104] Trial 46 finished with value: 0.7017856672027822 and parameters: {'num_leaves': 17, 'min_data_in_leaf': 140, 'bagging_fraction': 0.8392968145125523, 'reg_alpha': 0.9734434468428773, 'reg_lambda': 0.2505289448375085}. Best is trial 29 with value: 0.7033085502699876.\n",
      "[I 2026-07-30 14:06:22,632] Trial 47 finished with value: 0.7026986297973808 and parameters: {'num_leaves': 15, 'min_data_in_leaf': 122, 'bagging_fraction': 0.7854718708771313, 'reg_alpha': 0.8058536829886114, 'reg_lambda': 0.9888062151659365}. Best is trial 29 with value: 0.7033085502699876.\n",
      "[I 2026-07-30 14:06:31,973] Trial 48 finished with value: 0.7000089276173679 and parameters: {'num_leaves': 29, 'min_data_in_leaf': 87, 'bagging_fraction': 0.8142729359904118, 'reg_alpha': 0.30003291111770897, 'reg_lambda': 0.4147555104452005}. Best is trial 29 with value: 0.7033085502699876.\n",
      "[I 2026-07-30 14:06:41,021] Trial 49 finished with value: 0.7031388573471622 and parameters: {'num_leaves': 22, 'min_data_in_leaf': 137, 'bagging_fraction': 0.7177253361248153, 'reg_alpha': 1.096924657853482, 'reg_lambda': 0.4708382501677642}. Best is trial 29 with value: 0.7033085502699876.\n",
      "[I 2026-07-30 14:06:48,687] Trial 50 finished with value: 0.702929996772631 and parameters: {'num_leaves': 23, 'min_data_in_leaf': 133, 'bagging_fraction': 0.6419146943287352, 'reg_alpha': 1.2122644282382107, 'reg_lambda': 0.5035800139195462}. Best is trial 29 with value: 0.7033085502699876.\n",
      "[I 2026-07-30 14:06:59,185] Trial 51 finished with value: 0.7024653005791249 and parameters: {'num_leaves': 22, 'min_data_in_leaf': 142, 'bagging_fraction': 0.7212243323138552, 'reg_alpha': 1.1326989851352915, 'reg_lambda': 0.2969197534057525}. Best is trial 29 with value: 0.7033085502699876.\n",
      "[I 2026-07-30 14:07:10,341] Trial 52 finished with value: 0.7021744594095946 and parameters: {'num_leaves': 23, 'min_data_in_leaf': 137, 'bagging_fraction': 0.6242522770657783, 'reg_alpha': 1.3496584805616856, 'reg_lambda': 0.1520258406300672}. Best is trial 29 with value: 0.7033085502699876.\n",
      "[I 2026-07-30 14:07:17,508] Trial 53 finished with value: 0.7024929529034443 and parameters: {'num_leaves': 19, 'min_data_in_leaf': 129, 'bagging_fraction': 0.6054728787050333, 'reg_alpha': 1.265620304687561, 'reg_lambda': 0.48456921107677087}. Best is trial 29 with value: 0.7033085502699876.\n",
      "[I 2026-07-30 14:07:27,438] Trial 54 finished with value: 0.7016370205014082 and parameters: {'num_leaves': 16, 'min_data_in_leaf': 147, 'bagging_fraction': 0.6709450895987439, 'reg_alpha': 0.4973154069999557, 'reg_lambda': 0.5850115794826939}. Best is trial 29 with value: 0.7033085502699876.\n",
      "[I 2026-07-30 14:07:38,316] Trial 55 finished with value: 0.7025626751848756 and parameters: {'num_leaves': 21, 'min_data_in_leaf': 135, 'bagging_fraction': 0.6916616403816772, 'reg_alpha': 1.4678467339187167, 'reg_lambda': 0.9190681062341622}. Best is trial 29 with value: 0.7033085502699876.\n",
      "[I 2026-07-30 14:07:45,462] Trial 56 finished with value: 0.7024863980692998 and parameters: {'num_leaves': 20, 'min_data_in_leaf': 144, 'bagging_fraction': 0.6593210957866824, 'reg_alpha': 0.4124185188159317, 'reg_lambda': 0.26905033243262294}. Best is trial 29 with value: 0.7033085502699876.\n",
      "[I 2026-07-30 14:07:55,001] Trial 57 finished with value: 0.7023773093906025 and parameters: {'num_leaves': 22, 'min_data_in_leaf': 131, 'bagging_fraction': 0.8419282543699327, 'reg_alpha': 0.9335074882158424, 'reg_lambda': 0.3451236456817318}. Best is trial 29 with value: 0.7033085502699876.\n",
      "[I 2026-07-30 14:08:04,748] Trial 58 finished with value: 0.7016250481670326 and parameters: {'num_leaves': 24, 'min_data_in_leaf': 125, 'bagging_fraction': 0.7782403869589437, 'reg_alpha': 1.0648784191831848, 'reg_lambda': 0.2005863812967068}. Best is trial 29 with value: 0.7033085502699876.\n",
      "[I 2026-07-30 14:08:14,459] Trial 59 finished with value: 0.7025392518500773 and parameters: {'num_leaves': 16, 'min_data_in_leaf': 117, 'bagging_fraction': 0.6321086062556903, 'reg_alpha': 0.25321621224739455, 'reg_lambda': 0.10656382535304137}. Best is trial 29 with value: 0.7033085502699876.\n",
      "[I 2026-07-30 14:08:24,310] Trial 60 finished with value: 0.7031653716208011 and parameters: {'num_leaves': 17, 'min_data_in_leaf': 137, 'bagging_fraction': 0.7927967348342593, 'reg_alpha': 0.05629616688398997, 'reg_lambda': 0.6718642297297281}. Best is trial 29 with value: 0.7033085502699876.\n",
      "[I 2026-07-30 14:08:33,902] Trial 61 finished with value: 0.7027418290248452 and parameters: {'num_leaves': 17, 'min_data_in_leaf': 136, 'bagging_fraction': 0.7916257793722999, 'reg_alpha': 0.16091084146837642, 'reg_lambda': 0.6751177374604294}. Best is trial 29 with value: 0.7033085502699876.\n",
      "[I 2026-07-30 14:08:45,022] Trial 62 finished with value: 0.7026697346226458 and parameters: {'num_leaves': 18, 'min_data_in_leaf': 140, 'bagging_fraction': 0.82590524441651, 'reg_alpha': 0.2087221394779762, 'reg_lambda': 0.7604619077357155}. Best is trial 29 with value: 0.7033085502699876.\n",
      "[I 2026-07-30 14:08:56,028] Trial 63 finished with value: 0.7028811168064989 and parameters: {'num_leaves': 15, 'min_data_in_leaf': 138, 'bagging_fraction': 0.80761050193587, 'reg_alpha': 0.031003041892250505, 'reg_lambda': 0.8207289195663251}. Best is trial 29 with value: 0.7033085502699876.\n",
      "[I 2026-07-30 14:09:04,988] Trial 64 finished with value: 0.7025866413296165 and parameters: {'num_leaves': 19, 'min_data_in_leaf': 127, 'bagging_fraction': 0.769603824117128, 'reg_alpha': 0.2855199077664783, 'reg_lambda': 0.6121713336092851}. Best is trial 29 with value: 0.7033085502699876.\n",
      "[I 2026-07-30 14:09:14,620] Trial 65 finished with value: 0.7028074216333955 and parameters: {'num_leaves': 17, 'min_data_in_leaf': 121, 'bagging_fraction': 0.8000150773706892, 'reg_alpha': 0.046630511713755984, 'reg_lambda': 0.46642991019261426}. Best is trial 29 with value: 0.7033085502699876.\n",
      "[I 2026-07-30 14:09:24,424] Trial 66 finished with value: 0.702969684343595 and parameters: {'num_leaves': 16, 'min_data_in_leaf': 124, 'bagging_fraction': 0.8140280991224534, 'reg_alpha': 1.4991023305689022, 'reg_lambda': 0.7208737561480428}. Best is trial 29 with value: 0.7033085502699876.\n",
      "[I 2026-07-30 14:09:34,574] Trial 67 finished with value: 0.7019654026537403 and parameters: {'num_leaves': 18, 'min_data_in_leaf': 149, 'bagging_fraction': 0.7160928662111744, 'reg_alpha': 0.3280194958717532, 'reg_lambda': 0.5320524749324445}. Best is trial 29 with value: 0.7033085502699876.\n",
      "[I 2026-07-30 14:09:45,241] Trial 68 finished with value: 0.7014893695455013 and parameters: {'num_leaves': 15, 'min_data_in_leaf': 115, 'bagging_fraction': 0.8443007293924712, 'reg_alpha': 0.1131033418716778, 'reg_lambda': 0.4268627483697888}. Best is trial 29 with value: 0.7033085502699876.\n",
