      "[I 2026-07-30 14:09:56,399] Trial 69 finished with value: 0.7014196223931168 and parameters: {'num_leaves': 19, 'min_data_in_leaf': 132, 'bagging_fraction': 0.7362839207055382, 'reg_alpha': 0.07457459028742139, 'reg_lambda': 0.8217597158001457}. Best is trial 29 with value: 0.7033085502699876.\n"
     ]
    },
    {
     "name": "stdout",
     "output_type": "stream",
     "text": [
      "[14:09:56] class_target_1 | LONG -> AUC 0.7033\n",
      "[save_progress] Changes to be committed:\n",
      " M Week_8_results/lightgbm_sweep_final.json\n",
      "?? lgbm_final_clf_class_target_1_LONG.db\n",
      "\n",
      "[main a76ff83] TPE CLF Sweep completed: class_target_1 | LONG\n",
      " 2 files changed, 25 insertions(+), 1 deletion(-)\n",
      " rewrite Week_8_results/lightgbm_sweep_final.json (100%)\n",
      " create mode 100644 lgbm_final_clf_class_target_1_LONG.db\n",
      "[save_progress] Pulling latest from origin/main to check for divergence...\n",
      "PULL STDOUT: Already up to date.\n",
      "\n"
     ]
    },
    {
     "name": "stderr",
     "output_type": "stream",
     "text": [
      "[I 2026-07-30 14:09:58,092] Using an existing study with name 'lgbm_final_clf_class_target_1_SHORT' instead of creating a new one.\n"
     ]
    },
    {
     "name": "stdout",
     "output_type": "stream",
     "text": [
      "[save_progress] Successfully pushed to GitHub at 14:09:58\n",
      "[14:09:58] class_target_1 | SHORT -> AUC 0.7129\n",
      "[save_progress] Changes to be committed:\n",
      " M Week_8_results/lightgbm_sweep_final.json\n",
      "\n",
      "[main aa0924d] TPE CLF Sweep completed: class_target_1 | SHORT\n",
      " 1 file changed, 16 insertions(+), 1 deletion(-)\n",
      "[save_progress] Pulling latest from origin/main to check for divergence...\n",
      "PULL STDOUT: Already up to date.\n",
      "\n"
     ]
    },
    {
     "name": "stderr",
     "output_type": "stream",
     "text": [
      "[I 2026-07-30 14:09:59,605] Using an existing study with name 'lgbm_final_clf_class_target_2_LONG' instead of creating a new one.\n"
     ]
    },
    {
     "name": "stdout",
     "output_type": "stream",
     "text": [
      "[save_progress] Successfully pushed to GitHub at 14:09:59\n",
      "[14:09:59] class_target_2 | LONG -> AUC 0.7583\n",
      "[save_progress] Changes to be committed:\n",
      " M Week_8_results/lightgbm_sweep_final.json\n",
      "\n",
      "[main d1176e3] TPE CLF Sweep completed: class_target_2 | LONG\n",
      " 1 file changed, 14 insertions(+)\n",
      "[save_progress] Pulling latest from origin/main to check for divergence...\n",
      "PULL STDOUT: Already up to date.\n",
      "\n"
     ]
    },
    {
     "name": "stderr",
     "output_type": "stream",
     "text": [
      "[I 2026-07-30 14:10:02,217] Using an existing study with name 'lgbm_final_clf_class_target_2_SHORT' instead of creating a new one.\n"
     ]
    },
    {
     "name": "stdout",
     "output_type": "stream",
     "text": [
      "[save_progress] Successfully pushed to GitHub at 14:10:02\n",
      "[14:10:02] class_target_2 | SHORT -> AUC 0.7656\n",
      "[save_progress] Changes to be committed:\n",
      " M Week_8_results/lightgbm_sweep_final.json\n",
      "\n",
      "[main a26226c] TPE CLF Sweep completed: class_target_2 | SHORT\n",
      " 1 file changed, 14 insertions(+)\n",
      "[save_progress] Pulling latest from origin/main to check for divergence...\n",
      "PULL STDOUT: Already up to date.\n",
      "\n",
      "[save_progress] Successfully pushed to GitHub at 14:10:03\n"
     ]
    },
    {
     "name": "stderr",
     "output_type": "stream",
     "text": [
      "[I 2026-07-30 14:10:04,004] A new study created in RDB with name: lgbm_final_clf_class_target_3_corrected_LONG\n",
      "[I 2026-07-30 14:10:11,562] Trial 0 finished with value: 0.8837156178018226 and parameters: {'num_leaves': 21, 'min_data_in_leaf': 147, 'bagging_fraction': 0.7829984854528512, 'reg_alpha': 0.8979877262955549, 'reg_lambda': 0.15601864044243652}. Best is trial 0 with value: 0.8837156178018226.\n",
      "[I 2026-07-30 14:10:19,870] Trial 1 finished with value: 0.8840242049033279 and parameters: {'num_leaves': 17, 'min_data_in_leaf': 84, 'bagging_fraction': 0.8165440364437337, 'reg_alpha': 0.9016725176148133, 'reg_lambda': 0.7080725777960455}. Best is trial 1 with value: 0.8840242049033279.\n",
      "[I 2026-07-30 14:10:28,687] Trial 2 finished with value: 0.8842563473114176 and parameters: {'num_leaves': 15, 'min_data_in_leaf': 148, 'bagging_fraction': 0.8081106602001054, 'reg_alpha': 0.31850866601741423, 'reg_lambda': 0.18182496720710062}. Best is trial 2 with value: 0.8842563473114176.\n",
      "[I 2026-07-30 14:10:36,737] Trial 3 finished with value: 0.8840931413144641 and parameters: {'num_leaves': 18, 'min_data_in_leaf': 101, 'bagging_fraction': 0.7311891079080595, 'reg_alpha': 0.6479175279631737, 'reg_lambda': 0.2912291401980419}. Best is trial 2 with value: 0.8842563473114176.\n",
      "[I 2026-07-30 14:10:45,455] Trial 4 finished with value: 0.8832850530536179 and parameters: {'num_leaves': 25, 'min_data_in_leaf': 89, 'bagging_fraction': 0.6730361621338046, 'reg_alpha': 0.5495427649405376, 'reg_lambda': 0.45606998421703593}. Best is trial 2 with value: 0.8842563473114176.\n",
      "[I 2026-07-30 14:10:52,789] Trial 5 finished with value: 0.8835866918766493 and parameters: {'num_leaves': 28, 'min_data_in_leaf': 94, 'bagging_fraction': 0.7285586096034029, 'reg_alpha': 0.8886218532930636, 'reg_lambda': 0.046450412719997725}. Best is trial 2 with value: 0.8842563473114176.\n",
      "[I 2026-07-30 14:11:03,786] Trial 6 finished with value: 0.882321675195626 and parameters: {'num_leaves': 25, 'min_data_in_leaf': 92, 'bagging_fraction': 0.6162628982463199, 'reg_alpha': 1.42332830588, 'reg_lambda': 0.9656320330745594}. Best is trial 2 with value: 0.8842563473114176.\n",
      "[I 2026-07-30 14:11:10,567] Trial 7 finished with value: 0.8833131414335547 and parameters: {'num_leaves': 28, 'min_data_in_leaf': 101, 'bagging_fraction': 0.6244180285015959, 'reg_alpha': 1.0263495397682354, 'reg_lambda': 0.4401524937396013}. Best is trial 2 with value: 0.8842563473114176.\n",
      "[I 2026-07-30 14:11:19,530] Trial 8 finished with value: 0.8841843939748986 and parameters: {'num_leaves': 17, 'min_data_in_leaf': 115, 'bagging_fraction': 0.6085971302788046, 'reg_alpha': 1.3639806031181732, 'reg_lambda': 0.2587799816000169}. Best is trial 2 with value: 0.8842563473114176.\n",
      "[I 2026-07-30 14:11:27,367] Trial 9 finished with value: 0.8835268176859188 and parameters: {'num_leaves': 26, 'min_data_in_leaf': 102, 'bagging_fraction': 0.7300170052944527, 'reg_alpha': 0.8200654190149195, 'reg_lambda': 0.18485445552552704}. Best is trial 2 with value: 0.8842563473114176.\n",
      "[I 2026-07-30 14:11:35,125] Trial 10 finished with value: 0.8838752705516502 and parameters: {'num_leaves': 31, 'min_data_in_leaf': 144, 'bagging_fraction': 0.8423842776969664, 'reg_alpha': 0.026942813422229483, 'reg_lambda': 0.9617195437970019}. Best is trial 2 with value: 0.8842563473114176.\n",
      "[I 2026-07-30 14:11:42,930] Trial 11 finished with value: 0.8839786578534679 and parameters: {'num_leaves': 15, 'min_data_in_leaf': 125, 'bagging_fraction': 0.6794827680929441, 'reg_alpha': 0.07670243751673758, 'reg_lambda': 0.3796042434202234}. Best is trial 2 with value: 0.8842563473114176.\n",
      "[I 2026-07-30 14:11:50,380] Trial 12 finished with value: 0.8836484340871775 and parameters: {'num_leaves': 20, 'min_data_in_leaf': 123, 'bagging_fraction': 0.7823161657422177, 'reg_alpha': 1.4677404336750812, 'reg_lambda': 0.04320579158276874}. Best is trial 2 with value: 0.8842563473114176.\n",
      "[I 2026-07-30 14:11:58,783] Trial 13 finished with value: 0.8839637177758185 and parameters: {'num_leaves': 15, 'min_data_in_leaf': 129, 'bagging_fraction': 0.6656664267880754, 'reg_alpha': 0.32375406106932836, 'reg_lambda': 0.620074380894402}. Best is trial 2 with value: 0.8842563473114176.\n",
      "[I 2026-07-30 14:12:07,021] Trial 14 finished with value: 0.8837114512228232 and parameters: {'num_leaves': 19, 'min_data_in_leaf': 112, 'bagging_fraction': 0.7733544253666719, 'reg_alpha': 1.1902308091261231, 'reg_lambda': 0.18085299707468896}. Best is trial 2 with value: 0.8842563473114176.\n",
      "[I 2026-07-30 14:12:14,038] Trial 15 finished with value: 0.8837944936656559 and parameters: {'num_leaves': 22, 'min_data_in_leaf': 136, 'bagging_fraction': 0.8490041329368588, 'reg_alpha': 0.3054472270840074, 'reg_lambda': 0.2996540345038062}. Best is trial 2 with value: 0.8842563473114176.\n",
      "[I 2026-07-30 14:12:21,808] Trial 16 finished with value: 0.8839669386531218 and parameters: {'num_leaves': 17, 'min_data_in_leaf': 114, 'bagging_fraction': 0.6471081117696473, 'reg_alpha': 1.1769266006211243, 'reg_lambda': 0.6466742551107139}. Best is trial 2 with value: 0.8842563473114176.\n",
      "[I 2026-07-30 14:12:30,897] Trial 17 finished with value: 0.8837442604902799 and parameters: {'num_leaves': 15, 'min_data_in_leaf': 134, 'bagging_fraction': 0.7037540658806137, 'reg_alpha': 0.5243842682482702, 'reg_lambda': 0.5094527189654774}. Best is trial 2 with value: 0.8842563473114176.\n",
      "[I 2026-07-30 14:12:39,216] Trial 18 finished with value: 0.8835974810645043 and parameters: {'num_leaves': 22, 'min_data_in_leaf': 115, 'bagging_fraction': 0.7592188106449155, 'reg_alpha': 0.266744938361388, 'reg_lambda': 0.3208501786198171}. Best is trial 2 with value: 0.8842563473114176.\n",
      "[I 2026-07-30 14:12:46,694] Trial 19 finished with value: 0.8841664503462328 and parameters: {'num_leaves': 17, 'min_data_in_leaf': 150, 'bagging_fraction': 0.6015498025307315, 'reg_alpha': 1.3088699939784505, 'reg_lambda': 0.12177117912612853}. Best is trial 2 with value: 0.8842563473114176.\n",
      "[I 2026-07-30 14:12:53,145] Trial 20 finished with value: 0.8832425093276439 and parameters: {'num_leaves': 19, 'min_data_in_leaf': 139, 'bagging_fraction': 0.8095952404932863, 'reg_alpha': 0.6573260500887133, 'reg_lambda': 0.2456782577235934}. Best is trial 2 with value: 0.8842563473114176.\n",
      "[I 2026-07-30 14:13:01,879] Trial 21 finished with value: 0.8833638298522357 and parameters: {'num_leaves': 17, 'min_data_in_leaf': 149, 'bagging_fraction': 0.6005037212880588, 'reg_alpha': 1.2608057875924679, 'reg_lambda': 0.1103148655150702}. Best is trial 2 with value: 0.8842563473114176.\n",
      "[I 2026-07-30 14:13:10,272] Trial 22 finished with value: 0.8840499161590942 and parameters: {'num_leaves': 16, 'min_data_in_leaf': 142, 'bagging_fraction': 0.6498501058711067, 'reg_alpha': 1.3465873930631176, 'reg_lambda': 0.0036382629091087915}. Best is trial 2 with value: 0.8842563473114176.\n",
      "[I 2026-07-30 14:13:18,078] Trial 23 finished with value: 0.8839756538846857 and parameters: {'num_leaves': 18, 'min_data_in_leaf': 148, 'bagging_fraction': 0.6011640835686014, 'reg_alpha': 1.0746564441605377, 'reg_lambda': 0.22285124609039253}. Best is trial 2 with value: 0.8842563473114176.\n",
      "[I 2026-07-30 14:13:25,291] Trial 24 finished with value: 0.8843445076397373 and parameters: {'num_leaves': 16, 'min_data_in_leaf': 121, 'bagging_fraction': 0.6284246412957357, 'reg_alpha': 1.0618128862306404, 'reg_lambda': 0.09854104033346606}. Best is trial 24 with value: 0.8843445076397373.\n",
      "[I 2026-07-30 14:13:32,995] Trial 25 finished with value: 0.8842279781143905 and parameters: {'num_leaves': 15, 'min_data_in_leaf': 107, 'bagging_fraction': 0.6327666086270357, 'reg_alpha': 1.0883144495433215, 'reg_lambda': 0.0901740529474277}. Best is trial 24 with value: 0.8843445076397373.\n",
      "[I 2026-07-30 14:13:39,616] Trial 26 finished with value: 0.8841617347549917 and parameters: {'num_leaves': 15, 'min_data_in_leaf': 108, 'bagging_fraction': 0.6973165038006749, 'reg_alpha': 1.0514477406999765, 'reg_lambda': 0.08845453113406819}. Best is trial 24 with value: 0.8843445076397373.\n",
      "[I 2026-07-30 14:13:46,695] Trial 27 finished with value: 0.8839212196122463 and parameters: {'num_leaves': 16, 'min_data_in_leaf': 122, 'bagging_fraction': 0.6327677148524288, 'reg_alpha': 0.7456575060821553, 'reg_lambda': 0.09196810816771173}. Best is trial 24 with value: 0.8843445076397373.\n",
      "[I 2026-07-30 14:13:53,241] Trial 28 finished with value: 0.8836735521455628 and parameters: {'num_leaves': 19, 'min_data_in_leaf': 107, 'bagging_fraction': 0.6376085928816222, 'reg_alpha': 0.4843766202531441, 'reg_lambda': 0.015021211625687203}. Best is trial 24 with value: 0.8843445076397373.\n",
      "[I 2026-07-30 14:14:00,771] Trial 29 finished with value: 0.883543552988321 and parameters: {'num_leaves': 21, 'min_data_in_leaf': 129, 'bagging_fraction': 0.7058893921606222, 'reg_alpha': 0.17562352976278794, 'reg_lambda': 0.17172478303899963}. Best is trial 24 with value: 0.8843445076397373.\n",
      "[I 2026-07-30 14:14:07,407] Trial 30 finished with value: 0.8837951640708589 and parameters: {'num_leaves': 16, 'min_data_in_leaf': 118, 'bagging_fraction': 0.7586305005739856, 'reg_alpha': 0.9536982341588585, 'reg_lambda': 0.33430484162412333}. Best is trial 24 with value: 0.8843445076397373.\n",
      "[I 2026-07-30 14:14:14,184] Trial 31 finished with value: 0.8844480119818472 and parameters: {'num_leaves': 18, 'min_data_in_leaf': 107, 'bagging_fraction': 0.6604512839191987, 'reg_alpha': 1.173252466385022, 'reg_lambda': 0.23536652308037215}. Best is trial 31 with value: 0.8844480119818472.\n",
      "[I 2026-07-30 14:14:22,551] Trial 32 finished with value: 0.8839984565662723 and parameters: {'num_leaves': 16, 'min_data_in_leaf': 107, 'bagging_fraction': 0.6615498721587159, 'reg_alpha': 1.099649171357303, 'reg_lambda': 0.15441035119449628}. Best is trial 31 with value: 0.8844480119818472.\n",
      "[I 2026-07-30 14:14:30,586] Trial 33 finished with value: 0.8839843769186191 and parameters: {'num_leaves': 18, 'min_data_in_leaf': 96, 'bagging_fraction': 0.8125725115054998, 'reg_alpha': 1.196424381145965, 'reg_lambda': 0.2202669194960864}. Best is trial 31 with value: 0.8844480119818472.\n",
      "[I 2026-07-30 14:14:37,402] Trial 34 finished with value: 0.8845063157931239 and parameters: {'num_leaves': 18, 'min_data_in_leaf': 83, 'bagging_fraction': 0.6853380394936274, 'reg_alpha': 0.9733105741467433, 'reg_lambda': 0.8148272405058854}. Best is trial 34 with value: 0.8845063157931239.\n",
      "[I 2026-07-30 14:14:44,540] Trial 35 finished with value: 0.8836453523256937 and parameters: {'num_leaves': 20, 'min_data_in_leaf': 80, 'bagging_fraction': 0.6917068852165253, 'reg_alpha': 0.9562575882875153, 'reg_lambda': 0.8876490096706745}. Best is trial 34 with value: 0.8845063157931239.\n",
      "[I 2026-07-30 14:14:52,868] Trial 36 finished with value: 0.883227301524275 and parameters: {'num_leaves': 18, 'min_data_in_leaf': 85, 'bagging_fraction': 0.6795849748024217, 'reg_alpha': 0.40470282681211966, 'reg_lambda': 0.738016265315159}. Best is trial 34 with value: 0.8845063157931239.\n",
      "[I 2026-07-30 14:15:00,751] Trial 37 finished with value: 0.8838788195449462 and parameters: {'num_leaves': 20, 'min_data_in_leaf': 88, 'bagging_fraction': 0.7214179337638367, 'reg_alpha': 0.7983081402170547, 'reg_lambda': 0.5605784008801846}. Best is trial 34 with value: 0.8845063157931239.\n",
      "[I 2026-07-30 14:15:08,935] Trial 38 finished with value: 0.8830278202285966 and parameters: {'num_leaves': 23, 'min_data_in_leaf': 96, 'bagging_fraction': 0.6500687392411826, 'reg_alpha': 0.6512593879153837, 'reg_lambda': 0.7375741194337609}. Best is trial 34 with value: 0.8845063157931239.\n",
      "[I 2026-07-30 14:15:18,091] Trial 39 finished with value: 0.8830607242821336 and parameters: {'num_leaves': 18, 'min_data_in_leaf': 80, 'bagging_fraction': 0.8293394707302117, 'reg_alpha': 0.9046553032198471, 'reg_lambda': 0.811609400025393}. Best is trial 34 with value: 0.8845063157931239.\n",
      "[I 2026-07-30 14:15:25,509] Trial 40 finished with value: 0.8835861485287719 and parameters: {'num_leaves': 17, 'min_data_in_leaf': 101, 'bagging_fraction': 0.6188370661779838, 'reg_alpha': 1.0029552414812994, 'reg_lambda': 0.3980144061239095}. Best is trial 34 with value: 0.8845063157931239.\n",
      "[I 2026-07-30 14:15:34,436] Trial 41 finished with value: 0.8838137757464295 and parameters: {'num_leaves': 16, 'min_data_in_leaf': 90, 'bagging_fraction': 0.6291484962841918, 'reg_alpha': 1.1370880361242914, 'reg_lambda': 0.08223974780003931}. Best is trial 34 with value: 0.8845063157931239.\n",
      "[I 2026-07-30 14:15:41,569] Trial 42 finished with value: 0.8845848645813268 and parameters: {'num_leaves': 15, 'min_data_in_leaf': 119, 'bagging_fraction': 0.6566856588088761, 'reg_alpha': 1.2677094097481068, 'reg_lambda': 0.15392777969068924}. Best is trial 42 with value: 0.8845848645813268.\n",
      "[I 2026-07-30 14:15:49,853] Trial 43 finished with value: 0.8838950031809709 and parameters: {'num_leaves': 16, 'min_data_in_leaf': 120, 'bagging_fraction': 0.6612807504498888, 'reg_alpha': 1.2379260247113077, 'reg_lambda': 0.2815531467808481}. Best is trial 42 with value: 0.8845848645813268.\n",
      "[I 2026-07-30 14:15:57,696] Trial 44 finished with value: 0.8837248394887262 and parameters: {'num_leaves': 19, 'min_data_in_leaf': 128, 'bagging_fraction': 0.8004553999759674, 'reg_alpha': 1.2982281157564977, 'reg_lambda': 0.14740777312878697}. Best is trial 42 with value: 0.8845848645813268.\n",
      "[I 2026-07-30 14:16:07,125] Trial 45 finished with value: 0.8838973933333947 and parameters: {'num_leaves': 17, 'min_data_in_leaf': 133, 'bagging_fraction': 0.7456246708275296, 'reg_alpha': 1.420331795061539, 'reg_lambda': 0.9966782327774288}. Best is trial 42 with value: 0.8845848645813268.\n",
      "[I 2026-07-30 14:16:16,299] Trial 46 finished with value: 0.8837946919819594 and parameters: {'num_leaves': 15, 'min_data_in_leaf': 126, 'bagging_fraction': 0.676587287980406, 'reg_alpha': 1.4883181681774256, 'reg_lambda': 0.22146583565510825}. Best is trial 42 with value: 0.8845848645813268.\n",
      "[I 2026-07-30 14:16:22,766] Trial 47 finished with value: 0.8836875251487649 and parameters: {'num_leaves': 17, 'min_data_in_leaf': 102, 'bagging_fraction': 0.6436426219542414, 'reg_alpha': 1.3778490966895263, 'reg_lambda': 0.47619929517918846}. Best is trial 42 with value: 0.8845848645813268.\n",
      "[I 2026-07-30 14:16:32,691] Trial 48 finished with value: 0.8827110924293372 and parameters: {'num_leaves': 29, 'min_data_in_leaf': 145, 'bagging_fraction': 0.6881731256574662, 'reg_alpha': 0.8501929606161837, 'reg_lambda': 0.051740427141243994}. Best is trial 42 with value: 0.8845848645813268.\n",
      "[I 2026-07-30 14:16:40,613] Trial 49 finished with value: 0.8837250757095442 and parameters: {'num_leaves': 18, 'min_data_in_leaf': 117, 'bagging_fraction': 0.6197240663665623, 'reg_alpha': 0.7124296848920788, 'reg_lambda': 0.39128545580437113}. Best is trial 42 with value: 0.8845848645813268.\n",
      "[I 2026-07-30 14:16:51,231] Trial 50 finished with value: 0.8834496083035001 and parameters: {'num_leaves': 15, 'min_data_in_leaf': 112, 'bagging_fraction': 0.6677487718424511, 'reg_alpha': 1.0024915706536974, 'reg_lambda': 0.815554511712228}. Best is trial 42 with value: 0.8845848645813268.\n",
      "[I 2026-07-30 14:16:59,708] Trial 51 finished with value: 0.8842998203017316 and parameters: {'num_leaves': 15, 'min_data_in_leaf': 110, 'bagging_fraction': 0.6571570942688226, 'reg_alpha': 1.1326989851352913, 'reg_lambda': 0.04977089227968401}. Best is trial 42 with value: 0.8845848645813268.\n",
      "[I 2026-07-30 14:17:08,305] Trial 52 finished with value: 0.88420694226054 and parameters: {'num_leaves': 16, 'min_data_in_leaf': 110, 'bagging_fraction': 0.6600910180287933, 'reg_alpha': 1.2123172187421725, 'reg_lambda': 0.04889092612165363}. Best is trial 42 with value: 0.8845848645813268.\n",
      "[I 2026-07-30 14:17:18,085] Trial 53 finished with value: 0.8837358270284037 and parameters: {'num_leaves': 15, 'min_data_in_leaf': 103, 'bagging_fraction': 0.7144177485076799, 'reg_alpha': 1.1415064875340468, 'reg_lambda': 0.18896025252111698}. Best is trial 42 with value: 0.8845848645813268.\n",
      "[I 2026-07-30 14:17:26,758] Trial 54 finished with value: 0.8839038469887239 and parameters: {'num_leaves': 17, 'min_data_in_leaf': 123, 'bagging_fraction': 0.6537423744098008, 'reg_alpha': 1.285036320758185, 'reg_lambda': 0.1273941560512295}. Best is trial 42 with value: 0.8845848645813268.\n",
      "[I 2026-07-30 14:17:34,983] Trial 55 finished with value: 0.8837012634400766 and parameters: {'num_leaves': 16, 'min_data_in_leaf': 98, 'bagging_fraction': 0.6140337198939726, 'reg_alpha': 1.145229259301736, 'reg_lambda': 0.0026679612772813055}. Best is trial 42 with value: 0.8845848645813268.\n",
      "[I 2026-07-30 14:17:42,959] Trial 56 finished with value: 0.8838633079791041 and parameters: {'num_leaves': 15, 'min_data_in_leaf': 119, 'bagging_fraction': 0.641492757145314, 'reg_alpha': 0.5823119086856686, 'reg_lambda': 0.27269770373275004}. Best is trial 42 with value: 0.8845848645813268.\n",
      "[I 2026-07-30 14:17:51,072] Trial 57 finished with value: 0.883648336876262 and parameters: {'num_leaves': 19, 'min_data_in_leaf': 132, 'bagging_fraction': 0.7400958456636768, 'reg_alpha': 0.12977541092861666, 'reg_lambda': 0.05722105355787771}. Best is trial 42 with value: 0.8845848645813268.\n",
      "[I 2026-07-30 14:17:58,202] Trial 58 finished with value: 0.884189728196343 and parameters: {'num_leaves': 17, 'min_data_in_leaf': 138, 'bagging_fraction': 0.6868162449135119, 'reg_alpha': 1.3601481342732709, 'reg_lambda': 0.35349495819865656}. Best is trial 42 with value: 0.8845848645813268.\n",
