      "[I 2026-07-30 15:21:54,943] Trial 54 finished with value: 0.20103313813651721 and parameters: {'num_leaves': 10, 'min_data_in_leaf': 115, 'bagging_fraction': 0.7359950681544696, 'reg_alpha': 1.0658077635344134, 'reg_lambda': 0.48941029634234196}. Best is trial 47 with value: 0.2030183431833165.\n",
      "[I 2026-07-30 15:22:05,603] Trial 55 finished with value: 0.2015101882787403 and parameters: {'num_leaves': 8, 'min_data_in_leaf': 107, 'bagging_fraction': 0.7169925302743286, 'reg_alpha': 1.4207192820088355, 'reg_lambda': 0.7258657794018327}. Best is trial 47 with value: 0.2030183431833165.\n",
      "[I 2026-07-30 15:22:18,858] Trial 56 finished with value: 0.20274344016041795 and parameters: {'num_leaves': 9, 'min_data_in_leaf': 121, 'bagging_fraction': 0.7720580014147312, 'reg_alpha': 1.4474641910500121, 'reg_lambda': 0.241299816354983}. Best is trial 47 with value: 0.2030183431833165.\n",
      "[I 2026-07-30 15:22:28,487] Trial 57 finished with value: 0.2010717158985691 and parameters: {'num_leaves': 12, 'min_data_in_leaf': 142, 'bagging_fraction': 0.7602296781535185, 'reg_alpha': 0.8895454416960265, 'reg_lambda': 0.6281809530644482}. Best is trial 47 with value: 0.2030183431833165.\n",
      "[I 2026-07-30 15:22:39,462] Trial 58 finished with value: 0.2015856352253774 and parameters: {'num_leaves': 13, 'min_data_in_leaf': 124, 'bagging_fraction': 0.7511284323041867, 'reg_alpha': 0.5996969542628661, 'reg_lambda': 0.9735449074116402}. Best is trial 47 with value: 0.2030183431833165.\n",
      "[I 2026-07-30 15:22:51,711] Trial 59 finished with value: 0.20126649262157822 and parameters: {'num_leaves': 7, 'min_data_in_leaf': 129, 'bagging_fraction': 0.6321086062556903, 'reg_alpha': 0.2039270490890398, 'reg_lambda': 0.5103055838216128}. Best is trial 47 with value: 0.2030183431833165.\n",
      "[I 2026-07-30 15:23:04,937] Trial 60 finished with value: 0.20122021090227662 and parameters: {'num_leaves': 11, 'min_data_in_leaf': 117, 'bagging_fraction': 0.7852549083350442, 'reg_alpha': 1.2148208537217435, 'reg_lambda': 0.4069412082497458}. Best is trial 47 with value: 0.2030183431833165.\n",
      "[I 2026-07-30 15:23:17,233] Trial 61 finished with value: 0.20161666579760412 and parameters: {'num_leaves': 9, 'min_data_in_leaf': 134, 'bagging_fraction': 0.7763000295647738, 'reg_alpha': 1.4420716217175784, 'reg_lambda': 0.20787816142293458}. Best is trial 47 with value: 0.2030183431833165.\n",
      "[I 2026-07-30 15:23:29,139] Trial 62 finished with value: 0.20223636132307216 and parameters: {'num_leaves': 9, 'min_data_in_leaf': 121, 'bagging_fraction': 0.7669672888691026, 'reg_alpha': 1.3033712043108228, 'reg_lambda': 0.10143920040927595}. Best is trial 47 with value: 0.2030183431833165.\n",
      "[I 2026-07-30 15:23:41,762] Trial 63 finished with value: 0.20214936972787495 and parameters: {'num_leaves': 8, 'min_data_in_leaf': 109, 'bagging_fraction': 0.8020176373366718, 'reg_alpha': 1.4950022715050582, 'reg_lambda': 0.3426054193233963}. Best is trial 47 with value: 0.2030183431833165.\n",
      "[I 2026-07-30 15:23:52,606] Trial 64 finished with value: 0.2027010695805603 and parameters: {'num_leaves': 7, 'min_data_in_leaf': 102, 'bagging_fraction': 0.6995897938017372, 'reg_alpha': 1.430940827974167, 'reg_lambda': 0.2599181491331629}. Best is trial 47 with value: 0.2030183431833165.\n",
      "[I 2026-07-30 15:24:02,974] Trial 65 finished with value: 0.20011868680179695 and parameters: {'num_leaves': 24, 'min_data_in_leaf': 113, 'bagging_fraction': 0.6787660275647426, 'reg_alpha': 0.6893824936984246, 'reg_lambda': 0.45933025571663133}. Best is trial 47 with value: 0.2030183431833165.\n",
      "[I 2026-07-30 15:24:14,593] Trial 66 finished with value: 0.2020836070639071 and parameters: {'num_leaves': 10, 'min_data_in_leaf': 126, 'bagging_fraction': 0.7300607284358783, 'reg_alpha': 1.368121192173671, 'reg_lambda': 0.5503182504985253}. Best is trial 47 with value: 0.2030183431833165.\n",
      "[I 2026-07-30 15:24:27,665] Trial 67 finished with value: 0.20055070230016914 and parameters: {'num_leaves': 8, 'min_data_in_leaf': 93, 'bagging_fraction': 0.7711605448295983, 'reg_alpha': 0.7689276581054085, 'reg_lambda': 0.24648591284319815}. Best is trial 47 with value: 0.2030183431833165.\n",
      "[I 2026-07-30 15:24:39,628] Trial 68 finished with value: 0.20299744242271323 and parameters: {'num_leaves': 10, 'min_data_in_leaf': 118, 'bagging_fraction': 0.7930133783664027, 'reg_alpha': 1.1296387914047932, 'reg_lambda': 0.7054651023857319}. Best is trial 47 with value: 0.2030183431833165.\n",
      "[I 2026-07-30 15:24:51,182] Trial 69 finished with value: 0.19956958521004348 and parameters: {'num_leaves': 14, 'min_data_in_leaf': 83, 'bagging_fraction': 0.7911144448778836, 'reg_alpha': 0.49720766914511594, 'reg_lambda': 0.7071697225735643}. Best is trial 47 with value: 0.2030183431833165.\n"
     ]
    },
    {
     "name": "stdout",
     "output_type": "stream",
     "text": [
      "[15:24:51] profit | SHORT -> R2 0.2030\n",
      "[save_progress] Changes to be committed:\n",
      " M Week_8_results/lightgbm_sweep_final.json\n",
      "?? lgbm_final_reg_profit_SHORT.db\n",
      "\n",
      "[main 2d02d39] TPE REG Sweep completed: profit | SHORT\n",
      " 2 files changed, 16 insertions(+), 1 deletion(-)\n",
      " create mode 100644 lgbm_final_reg_profit_SHORT.db\n",
      "[save_progress] Pulling latest from origin/main to check for divergence...\n",
      "PULL STDOUT: Already up to date.\n",
      "\n",
      "[save_progress] Successfully pushed to GitHub at 15:24:52\n"
     ]
    },
    {
     "name": "stderr",
     "output_type": "stream",
     "text": [
      "[I 2026-07-30 15:24:53,131] A new study created in RDB with name: lgbm_final_reg_quality_LONG\n",
      "[I 2026-07-30 15:25:00,943] Trial 0 finished with value: 0.09255909751206233 and parameters: {'num_leaves': 16, 'min_data_in_leaf': 195, 'bagging_fraction': 0.7829984854528512, 'reg_alpha': 0.8979877262955549, 'reg_lambda': 0.23402796066365478}. Best is trial 0 with value: 0.09255909751206233.\n",
      "[I 2026-07-30 15:25:08,861] Trial 1 finished with value: 0.0909137164307158 and parameters: {'num_leaves': 10, 'min_data_in_leaf': 87, 'bagging_fraction': 0.8165440364437337, 'reg_alpha': 0.9016725176148133, 'reg_lambda': 1.0621088666940683}. Best is trial 0 with value: 0.09255909751206233.\n",
      "[I 2026-07-30 15:25:16,719] Trial 2 finished with value: 0.09204922057945142 and parameters: {'num_leaves': 7, 'min_data_in_leaf': 197, 'bagging_fraction': 0.8081106602001054, 'reg_alpha': 0.31850866601741423, 'reg_lambda': 0.2727374508106509}. Best is trial 0 with value: 0.09255909751206233.\n",
      "[I 2026-07-30 15:25:25,536] Trial 3 finished with value: 0.09601953146160032 and parameters: {'num_leaves': 11, 'min_data_in_leaf': 116, 'bagging_fraction': 0.7311891079080595, 'reg_alpha': 0.6479175279631737, 'reg_lambda': 0.43684371029706287}. Best is trial 3 with value: 0.09601953146160032.\n",
      "[I 2026-07-30 15:25:32,724] Trial 4 finished with value: 0.09313665498423054 and parameters: {'num_leaves': 22, 'min_data_in_leaf': 96, 'bagging_fraction': 0.6730361621338046, 'reg_alpha': 0.5495427649405376, 'reg_lambda': 0.6841049763255539}. Best is trial 3 with value: 0.09601953146160032.\n",
      "[I 2026-07-30 15:25:41,379] Trial 5 finished with value: 0.09309521999731141 and parameters: {'num_leaves': 26, 'min_data_in_leaf': 104, 'bagging_fraction': 0.7285586096034029, 'reg_alpha': 0.8886218532930636, 'reg_lambda': 0.06967561907999659}. Best is trial 3 with value: 0.09601953146160032.\n",
      "[I 2026-07-30 15:25:49,919] Trial 6 finished with value: 0.09368887284425306 and parameters: {'num_leaves': 22, 'min_data_in_leaf': 100, 'bagging_fraction': 0.6162628982463199, 'reg_alpha': 1.42332830588, 'reg_lambda': 1.448448049611839}. Best is trial 3 with value: 0.09601953146160032.\n",
      "[I 2026-07-30 15:25:57,942] Trial 7 finished with value: 0.09294624667717102 and parameters: {'num_leaves': 27, 'min_data_in_leaf': 116, 'bagging_fraction': 0.6244180285015959, 'reg_alpha': 1.0263495397682354, 'reg_lambda': 0.660228740609402}. Best is trial 3 with value: 0.09601953146160032.\n",
      "[I 2026-07-30 15:26:05,928] Trial 8 finished with value: 0.0929135286341233 and parameters: {'num_leaves': 10, 'min_data_in_leaf': 139, 'bagging_fraction': 0.6085971302788046, 'reg_alpha': 1.3639806031181732, 'reg_lambda': 0.3881699724000254}. Best is trial 3 with value: 0.09601953146160032.\n",
      "[I 2026-07-30 15:26:13,849] Trial 9 finished with value: 0.09287310918844485 and parameters: {'num_leaves': 23, 'min_data_in_leaf': 117, 'bagging_fraction': 0.7300170052944527, 'reg_alpha': 0.8200654190149195, 'reg_lambda': 0.27728168328829056}. Best is trial 3 with value: 0.09601953146160032.\n",
      "[I 2026-07-30 15:26:20,849] Trial 10 finished with value: 0.09194129134927727 and parameters: {'num_leaves': 16, 'min_data_in_leaf': 164, 'bagging_fraction': 0.7295866051138236, 'reg_alpha': 0.026942813422229483, 'reg_lambda': 1.4421875589937174}. Best is trial 3 with value: 0.09601953146160032.\n",
      "[I 2026-07-30 15:26:29,016] Trial 11 finished with value: 0.09471825415534148 and parameters: {'num_leaves': 18, 'min_data_in_leaf': 136, 'bagging_fraction': 0.6729326817884803, 'reg_alpha': 1.4204428145852241, 'reg_lambda': 1.4920665416682979}. Best is trial 3 with value: 0.09601953146160032.\n",
      "[I 2026-07-30 15:26:36,227] Trial 12 finished with value: 0.0921153914208166 and parameters: {'num_leaves': 15, 'min_data_in_leaf': 143, 'bagging_fraction': 0.6823995762607066, 'reg_alpha': 0.5168128084124324, 'reg_lambda': 1.1358893476380243}. Best is trial 3 with value: 0.09601953146160032.\n",
      "[I 2026-07-30 15:26:43,653] Trial 13 finished with value: 0.09245014879126079 and parameters: {'num_leaves': 13, 'min_data_in_leaf': 138, 'bagging_fraction': 0.6758689254132014, 'reg_alpha': 1.2165136617203507, 'reg_lambda': 0.9687846610548618}. Best is trial 3 with value: 0.09601953146160032.\n",
      "[I 2026-07-30 15:26:51,766] Trial 14 finished with value: 0.09374457892212222 and parameters: {'num_leaves': 19, 'min_data_in_leaf': 160, 'bagging_fraction': 0.75314336828171, 'reg_alpha': 1.1654393381680075, 'reg_lambda': 0.8094301602041964}. Best is trial 3 with value: 0.09601953146160032.\n",
      "[I 2026-07-30 15:27:00,130] Trial 15 finished with value: 0.09150454864095403 and parameters: {'num_leaves': 31, 'min_data_in_leaf': 124, 'bagging_fraction': 0.8490041329368588, 'reg_alpha': 0.6317990502328328, 'reg_lambda': 0.46132083878191255}. Best is trial 3 with value: 0.09601953146160032.\n",
      "[I 2026-07-30 15:27:07,158] Trial 16 finished with value: 0.09259747172255575 and parameters: {'num_leaves': 12, 'min_data_in_leaf': 161, 'bagging_fraction': 0.6509246945193511, 'reg_alpha': 0.1041754168099831, 'reg_lambda': 1.2659701525667921}. Best is trial 3 with value: 0.09601953146160032.\n",
      "[I 2026-07-30 15:27:15,243] Trial 17 finished with value: 0.09182800263065076 and parameters: {'num_leaves': 7, 'min_data_in_leaf': 81, 'bagging_fraction': 0.7057247713765991, 'reg_alpha': 0.2778896090761266, 'reg_lambda': 0.015781979900920895}. Best is trial 3 with value: 0.09601953146160032.\n",
      "[I 2026-07-30 15:27:27,355] Trial 18 finished with value: 0.09632194587982865 and parameters: {'num_leaves': 20, 'min_data_in_leaf': 174, 'bagging_fraction': 0.7626742192318425, 'reg_alpha': 1.4837191867624944, 'reg_lambda': 1.2958024692909464}. Best is trial 18 with value: 0.09632194587982865.\n",
      "[I 2026-07-30 15:27:36,171] Trial 19 finished with value: 0.09595072525950718 and parameters: {'num_leaves': 19, 'min_data_in_leaf': 179, 'bagging_fraction': 0.7670002422604885, 'reg_alpha': 1.1852767277009022, 'reg_lambda': 0.8364427835533128}. Best is trial 18 with value: 0.09632194587982865.\n",
      "[I 2026-07-30 15:27:44,814] Trial 20 finished with value: 0.09188402520188539 and parameters: {'num_leaves': 31, 'min_data_in_leaf': 178, 'bagging_fraction': 0.7921797170445904, 'reg_alpha': 0.7202745042237547, 'reg_lambda': 0.566493940880878}. Best is trial 18 with value: 0.09632194587982865.\n",
      "[I 2026-07-30 15:27:53,803] Trial 21 finished with value: 0.09492002880845404 and parameters: {'num_leaves': 20, 'min_data_in_leaf': 181, 'bagging_fraction': 0.7640601106763484, 'reg_alpha': 1.2608057875924679, 'reg_lambda': 0.8654237608345168}. Best is trial 18 with value: 0.09632194587982865.\n",
      "[I 2026-07-30 15:28:02,211] Trial 22 finished with value: 0.09281825470041472 and parameters: {'num_leaves': 25, 'min_data_in_leaf': 180, 'bagging_fraction': 0.7550372269461393, 'reg_alpha': 1.4876503647979724, 'reg_lambda': 1.213827630114783}. Best is trial 18 with value: 0.09632194587982865.\n",
      "[I 2026-07-30 15:28:11,450] Trial 23 finished with value: 0.09426372315070637 and parameters: {'num_leaves': 18, 'min_data_in_leaf': 154, 'bagging_fraction': 0.712140753310131, 'reg_alpha': 1.0447724783013579, 'reg_lambda': 0.820666202973555}. Best is trial 18 with value: 0.09632194587982865.\n",
      "[I 2026-07-30 15:28:21,290] Trial 24 finished with value: 0.0947716003525938 and parameters: {'num_leaves': 14, 'min_data_in_leaf': 171, 'bagging_fraction': 0.7726570915797679, 'reg_alpha': 1.0638370850813272, 'reg_lambda': 1.3104061750748388}. Best is trial 18 with value: 0.09632194587982865.\n",
      "[I 2026-07-30 15:28:30,632] Trial 25 finished with value: 0.09425482286557549 and parameters: {'num_leaves': 10, 'min_data_in_leaf': 187, 'bagging_fraction': 0.7478794177489314, 'reg_alpha': 1.2737843568938612, 'reg_lambda': 0.9965586477353403}. Best is trial 18 with value: 0.09632194587982865.\n",
      "[I 2026-07-30 15:28:40,026] Trial 26 finished with value: 0.09295061260629896 and parameters: {'num_leaves': 28, 'min_data_in_leaf': 152, 'bagging_fraction': 0.8061580563804952, 'reg_alpha': 0.41081525593360935, 'reg_lambda': 0.670428678106198}. Best is trial 18 with value: 0.09632194587982865.\n",
      "[I 2026-07-30 15:28:50,171] Trial 27 finished with value: 0.09495164672974757 and parameters: {'num_leaves': 21, 'min_data_in_leaf': 170, 'bagging_fraction': 0.8345147314019085, 'reg_alpha': 1.4991159284763658, 'reg_lambda': 0.4837596842231147}. Best is trial 18 with value: 0.09632194587982865.\n",
      "[I 2026-07-30 15:28:59,267] Trial 28 finished with value: 0.0940267861949867 and parameters: {'num_leaves': 17, 'min_data_in_leaf': 188, 'bagging_fraction': 0.7838848253079562, 'reg_alpha': 1.337186645108201, 'reg_lambda': 0.9325873218020315}. Best is trial 18 with value: 0.09632194587982865.\n",
      "[I 2026-07-30 15:29:09,843] Trial 29 finished with value: 0.09340909259477129 and parameters: {'num_leaves': 25, 'min_data_in_leaf': 191, 'bagging_fraction': 0.7071227717901082, 'reg_alpha': 1.133315112356733, 'reg_lambda': 0.16972727166976787}. Best is trial 18 with value: 0.09632194587982865.\n",
      "[I 2026-07-30 15:29:20,517] Trial 30 finished with value: 0.09543015951697517 and parameters: {'num_leaves': 12, 'min_data_in_leaf': 146, 'bagging_fraction': 0.7404611652907516, 'reg_alpha': 0.7860689058876582, 'reg_lambda': 1.1255982439401877}. Best is trial 18 with value: 0.09632194587982865.\n",
      "[I 2026-07-30 15:29:29,171] Trial 31 finished with value: 0.09473907626289883 and parameters: {'num_leaves': 12, 'min_data_in_leaf': 129, 'bagging_fraction': 0.7407077084100785, 'reg_alpha': 0.7276017534919651, 'reg_lambda': 1.3431238829404326}. Best is trial 18 with value: 0.09632194587982865.\n",
      "[I 2026-07-30 15:29:38,333] Trial 32 finished with value: 0.09305997489936853 and parameters: {'num_leaves': 9, 'min_data_in_leaf': 199, 'bagging_fraction': 0.7684533980644024, 'reg_alpha': 0.9020682790916353, 'reg_lambda': 1.1347732615329373}. Best is trial 18 with value: 0.09632194587982865.\n",
      "[I 2026-07-30 15:29:47,650] Trial 33 finished with value: 0.09432540154992416 and parameters: {'num_leaves': 15, 'min_data_in_leaf': 149, 'bagging_fraction': 0.7918439394003435, 'reg_alpha': 0.7681507264061411, 'reg_lambda': 1.1591619083276956}. Best is trial 18 with value: 0.09632194587982865.\n",
      "[I 2026-07-30 15:29:56,186] Trial 34 finished with value: 0.09270545567836028 and parameters: {'num_leaves': 8, 'min_data_in_leaf': 172, 'bagging_fraction': 0.7193527914201452, 'reg_alpha': 0.616048065830703, 'reg_lambda': 0.7485140709695255}. Best is trial 18 with value: 0.09632194587982865.\n",
      "[I 2026-07-30 15:30:04,983] Trial 35 finished with value: 0.09368179767532085 and parameters: {'num_leaves': 12, 'min_data_in_leaf': 109, 'bagging_fraction': 0.6917068852165253, 'reg_alpha': 0.9562575882875153, 'reg_lambda': 1.0503574457265212}. Best is trial 18 with value: 0.09632194587982865.\n",
      "[I 2026-07-30 15:30:15,663] Trial 36 finished with value: 0.09352477615418393 and parameters: {'num_leaves': 23, 'min_data_in_leaf': 145, 'bagging_fraction': 0.7368559853722376, 'reg_alpha': 0.44010510133019565, 'reg_lambda': 1.3794049656114045}. Best is trial 18 with value: 0.09632194587982865.\n",
      "[I 2026-07-30 15:30:23,360] Trial 37 finished with value: 0.09027906403846626 and parameters: {'num_leaves': 11, 'min_data_in_leaf': 89, 'bagging_fraction': 0.8100750550634397, 'reg_alpha': 0.8333162594059363, 'reg_lambda': 1.0631437784101512}. Best is trial 18 with value: 0.09632194587982865.\n",
      "[I 2026-07-30 15:30:32,554] Trial 38 finished with value: 0.09407317702059585 and parameters: {'num_leaves': 14, 'min_data_in_leaf': 128, 'bagging_fraction': 0.7790093588966519, 'reg_alpha': 0.9696486738938641, 'reg_lambda': 1.2291347204302352}. Best is trial 18 with value: 0.09632194587982865.\n",
      "[I 2026-07-30 15:30:41,129] Trial 39 finished with value: 0.09313046389081418 and parameters: {'num_leaves': 20, 'min_data_in_leaf': 113, 'bagging_fraction': 0.7606595240183935, 'reg_alpha': 0.19984232234351307, 'reg_lambda': 0.5982629525208913}. Best is trial 18 with value: 0.09632194587982865.\n",
      "[I 2026-07-30 15:30:50,434] Trial 40 finished with value: 0.09282801172630964 and parameters: {'num_leaves': 16, 'min_data_in_leaf': 194, 'bagging_fraction': 0.742649926625751, 'reg_alpha': 0.6505583016519478, 'reg_lambda': 0.3507295875200683}. Best is trial 18 with value: 0.09632194587982865.\n",
      "[I 2026-07-30 15:30:58,835] Trial 41 finished with value: 0.09275574640961089 and parameters: {'num_leaves': 21, 'min_data_in_leaf': 168, 'bagging_fraction': 0.8415486448839956, 'reg_alpha': 1.4735103523923316, 'reg_lambda': 0.4837495884089676}. Best is trial 18 with value: 0.09632194587982865.\n",
      "[I 2026-07-30 15:31:07,291] Trial 42 finished with value: 0.09304536469445863 and parameters: {'num_leaves': 22, 'min_data_in_leaf': 176, 'bagging_fraction': 0.7203778545830588, 'reg_alpha': 1.2904358711171038, 'reg_lambda': 0.19205280293564508}. Best is trial 18 with value: 0.09632194587982865.\n",
      "[I 2026-07-30 15:31:17,750] Trial 43 finished with value: 0.09556693278065698 and parameters: {'num_leaves': 23, 'min_data_in_leaf': 184, 'bagging_fraction': 0.8355850210672711, 'reg_alpha': 1.4068940544624222, 'reg_lambda': 0.46046237385028616}. Best is trial 18 with value: 0.09632194587982865.\n",
      "[I 2026-07-30 15:31:27,684] Trial 44 finished with value: 0.09229502576491336 and parameters: {'num_leaves': 28, 'min_data_in_leaf': 186, 'bagging_fraction': 0.8327095661914726, 'reg_alpha': 1.3670057563145388, 'reg_lambda': 0.3044474212537799}. Best is trial 18 with value: 0.09632194587982865.\n",
      "[I 2026-07-30 15:31:35,206] Trial 45 finished with value: 0.09161828549647948 and parameters: {'num_leaves': 24, 'min_data_in_leaf': 158, 'bagging_fraction': 0.793357275797974, 'reg_alpha': 1.1324761378126182, 'reg_lambda': 0.5877880968095556}. Best is trial 18 with value: 0.09632194587982865.\n",
      "[I 2026-07-30 15:31:41,876] Trial 46 finished with value: 0.09043957381654219 and parameters: {'num_leaves': 17, 'min_data_in_leaf': 183, 'bagging_fraction': 0.6904896749035687, 'reg_alpha': 1.1961344272927386, 'reg_lambda': 0.39414839914218674}. Best is trial 18 with value: 0.09632194587982865.\n",
      "[I 2026-07-30 15:31:51,562] Trial 47 finished with value: 0.09622135070712753 and parameters: {'num_leaves': 19, 'min_data_in_leaf': 164, 'bagging_fraction': 0.8161360085512288, 'reg_alpha': 1.41444697711365, 'reg_lambda': 1.4205601697425416}. Best is trial 18 with value: 0.09632194587982865.\n",
      "[I 2026-07-30 15:32:01,203] Trial 48 finished with value: 0.09557419794785267 and parameters: {'num_leaves': 19, 'min_data_in_leaf': 194, 'bagging_fraction': 0.8190093799698839, 'reg_alpha': 1.3711307086024167, 'reg_lambda': 1.4157263907166113}. Best is trial 18 with value: 0.09632194587982865.\n",
      "[I 2026-07-30 15:32:10,992] Trial 49 finished with value: 0.09430274843293474 and parameters: {'num_leaves': 19, 'min_data_in_leaf': 196, 'bagging_fraction': 0.8116335924312494, 'reg_alpha': 1.3335618480886948, 'reg_lambda': 1.4091704563213219}. Best is trial 18 with value: 0.09632194587982865.\n",
      "[I 2026-07-30 15:32:19,998] Trial 50 finished with value: 0.09415319070772896 and parameters: {'num_leaves': 18, 'min_data_in_leaf': 174, 'bagging_fraction': 0.8236927987033077, 'reg_alpha': 1.4119748182074343, 'reg_lambda': 1.4983396353780614}. Best is trial 18 with value: 0.09632194587982865.\n",
      "[I 2026-07-30 15:32:27,331] Trial 51 finished with value: 0.09086286077809087 and parameters: {'num_leaves': 20, 'min_data_in_leaf': 200, 'bagging_fraction': 0.8235307254878164, 'reg_alpha': 1.4182923785993682, 'reg_lambda': 1.3379460640310674}. Best is trial 18 with value: 0.09632194587982865.\n",
      "[I 2026-07-30 15:32:35,367] Trial 52 finished with value: 0.09175863489993441 and parameters: {'num_leaves': 22, 'min_data_in_leaf': 165, 'bagging_fraction': 0.8005561969935315, 'reg_alpha': 1.3776684438581919, 'reg_lambda': 1.4375998741618}. Best is trial 18 with value: 0.09632194587982865.\n",
