      "[I 2026-07-30 14:30:36,069] Trial 58 finished with value: 0.8903521954985537 and parameters: {'num_leaves': 19, 'min_data_in_leaf': 134, 'bagging_fraction': 0.7544969634215567, 'reg_alpha': 1.459785897424039, 'reg_lambda': 0.993333440344509}. Best is trial 26 with value: 0.8907508494635021.\n",
      "[I 2026-07-30 14:30:46,259] Trial 59 finished with value: 0.8906323613011541 and parameters: {'num_leaves': 16, 'min_data_in_leaf': 139, 'bagging_fraction': 0.7970858925673135, 'reg_alpha': 1.365763764283099, 'reg_lambda': 0.004069232418913271}. Best is trial 26 with value: 0.8907508494635021.\n",
      "[I 2026-07-30 14:30:56,202] Trial 60 finished with value: 0.8899345993227692 and parameters: {'num_leaves': 15, 'min_data_in_leaf': 139, 'bagging_fraction': 0.7964810716413466, 'reg_alpha': 1.3400305228856457, 'reg_lambda': 0.01708769125458584}. Best is trial 26 with value: 0.8907508494635021.\n",
      "[I 2026-07-30 14:31:08,299] Trial 61 finished with value: 0.8896441769024553 and parameters: {'num_leaves': 16, 'min_data_in_leaf': 130, 'bagging_fraction': 0.8011286949629034, 'reg_alpha': 1.3979530513291911, 'reg_lambda': 0.0685191339267837}. Best is trial 26 with value: 0.8907508494635021.\n",
      "[I 2026-07-30 14:31:20,248] Trial 62 finished with value: 0.8898612130725908 and parameters: {'num_leaves': 16, 'min_data_in_leaf': 143, 'bagging_fraction': 0.7776582537175426, 'reg_alpha': 1.3159720077082095, 'reg_lambda': 0.20390882657157175}. Best is trial 26 with value: 0.8907508494635021.\n",
      "[I 2026-07-30 14:31:31,076] Trial 63 finished with value: 0.8898168172153833 and parameters: {'num_leaves': 17, 'min_data_in_leaf': 133, 'bagging_fraction': 0.7860273458010203, 'reg_alpha': 1.269168762653037, 'reg_lambda': 0.03875765185952698}. Best is trial 26 with value: 0.8907508494635021.\n",
      "[I 2026-07-30 14:31:41,110] Trial 64 finished with value: 0.8906171271206675 and parameters: {'num_leaves': 17, 'min_data_in_leaf': 148, 'bagging_fraction': 0.8224218729879923, 'reg_alpha': 1.3553410329879898, 'reg_lambda': 0.12373284030136307}. Best is trial 26 with value: 0.8907508494635021.\n",
      "[I 2026-07-30 14:31:51,667] Trial 65 finished with value: 0.8899749616451672 and parameters: {'num_leaves': 17, 'min_data_in_leaf': 149, 'bagging_fraction': 0.8085013575052616, 'reg_alpha': 0.10758598998536209, 'reg_lambda': 0.15182454520602717}. Best is trial 26 with value: 0.8907508494635021.\n",
      "[I 2026-07-30 14:32:03,554] Trial 66 finished with value: 0.889187370362686 and parameters: {'num_leaves': 25, 'min_data_in_leaf': 146, 'bagging_fraction': 0.8231874975913451, 'reg_alpha': 1.4981790893676954, 'reg_lambda': 0.12289841464313363}. Best is trial 26 with value: 0.8907508494635021.\n",
      "[I 2026-07-30 14:32:14,851] Trial 67 finished with value: 0.8897556642937348 and parameters: {'num_leaves': 15, 'min_data_in_leaf': 140, 'bagging_fraction': 0.7626328491490253, 'reg_alpha': 1.3702392515038662, 'reg_lambda': 0.06616480121656082}. Best is trial 26 with value: 0.8907508494635021.\n",
      "[I 2026-07-30 14:32:23,698] Trial 68 finished with value: 0.8904369770960194 and parameters: {'num_leaves': 18, 'min_data_in_leaf': 148, 'bagging_fraction': 0.8115991767351111, 'reg_alpha': 1.4322499154725814, 'reg_lambda': 0.33996617715744826}. Best is trial 26 with value: 0.8907508494635021.\n",
      "[I 2026-07-30 14:32:35,875] Trial 69 finished with value: 0.89022157415091 and parameters: {'num_leaves': 17, 'min_data_in_leaf': 87, 'bagging_fraction': 0.8279425345525291, 'reg_alpha': 1.0523223783785882, 'reg_lambda': 0.25361955181498963}. Best is trial 26 with value: 0.8907508494635021.\n"
     ]
    },
    {
     "name": "stdout",
     "output_type": "stream",
     "text": [
      "[14:32:35] class_target_3_corrected | SHORT -> AUC 0.8908\n",
      "[save_progress] Changes to be committed:\n",
      " M Week_8_results/lightgbm_sweep_final.json\n",
      "?? lgbm_final_clf_class_target_3_corrected_SHORT.db\n",
      "\n",
      "[main 0792583] TPE CLF Sweep completed: class_target_3_corrected | SHORT\n",
      " 2 files changed, 14 insertions(+)\n",
      " create mode 100644 lgbm_final_clf_class_target_3_corrected_SHORT.db\n",
      "[save_progress] Pulling latest from origin/main to check for divergence...\n",
      "PULL STDOUT: Already up to date.\n",
      "\n",
      "[save_progress] Successfully pushed to GitHub at 14:32:37\n"
     ]
    },
    {
     "name": "stderr",
     "output_type": "stream",
     "text": [
      "[I 2026-07-30 14:32:37,629] A new study created in RDB with name: lgbm_final_clf_class_target_bad_LONG\n",
      "[I 2026-07-30 14:32:44,775] Trial 0 finished with value: 0.8429577759573015 and parameters: {'num_leaves': 21, 'min_data_in_leaf': 147, 'bagging_fraction': 0.7829984854528512, 'reg_alpha': 0.8979877262955549, 'reg_lambda': 0.15601864044243652}. Best is trial 0 with value: 0.8429577759573015.\n",
      "[I 2026-07-30 14:32:53,205] Trial 1 finished with value: 0.8438059259409136 and parameters: {'num_leaves': 17, 'min_data_in_leaf': 84, 'bagging_fraction': 0.8165440364437337, 'reg_alpha': 0.9016725176148133, 'reg_lambda': 0.7080725777960455}. Best is trial 1 with value: 0.8438059259409136.\n",
      "[I 2026-07-30 14:33:03,228] Trial 2 finished with value: 0.8431018968935163 and parameters: {'num_leaves': 15, 'min_data_in_leaf': 148, 'bagging_fraction': 0.8081106602001054, 'reg_alpha': 0.31850866601741423, 'reg_lambda': 0.18182496720710062}. Best is trial 1 with value: 0.8438059259409136.\n",
      "[I 2026-07-30 14:33:12,570] Trial 3 finished with value: 0.8425449150957277 and parameters: {'num_leaves': 18, 'min_data_in_leaf': 101, 'bagging_fraction': 0.7311891079080595, 'reg_alpha': 0.6479175279631737, 'reg_lambda': 0.2912291401980419}. Best is trial 1 with value: 0.8438059259409136.\n",
      "[I 2026-07-30 14:33:22,298] Trial 4 finished with value: 0.8409302179502065 and parameters: {'num_leaves': 25, 'min_data_in_leaf': 89, 'bagging_fraction': 0.6730361621338046, 'reg_alpha': 0.5495427649405376, 'reg_lambda': 0.45606998421703593}. Best is trial 1 with value: 0.8438059259409136.\n",
      "[I 2026-07-30 14:33:31,429] Trial 5 finished with value: 0.8411125549134079 and parameters: {'num_leaves': 28, 'min_data_in_leaf': 94, 'bagging_fraction': 0.7285586096034029, 'reg_alpha': 0.8886218532930636, 'reg_lambda': 0.046450412719997725}. Best is trial 1 with value: 0.8438059259409136.\n",
      "[I 2026-07-30 14:33:40,052] Trial 6 finished with value: 0.8426249723058834 and parameters: {'num_leaves': 25, 'min_data_in_leaf': 92, 'bagging_fraction': 0.6162628982463199, 'reg_alpha': 1.42332830588, 'reg_lambda': 0.9656320330745594}. Best is trial 1 with value: 0.8438059259409136.\n",
      "[I 2026-07-30 14:33:47,690] Trial 7 finished with value: 0.8426494673230994 and parameters: {'num_leaves': 28, 'min_data_in_leaf': 101, 'bagging_fraction': 0.6244180285015959, 'reg_alpha': 1.0263495397682354, 'reg_lambda': 0.4401524937396013}. Best is trial 1 with value: 0.8438059259409136.\n",
      "[I 2026-07-30 14:33:56,243] Trial 8 finished with value: 0.8429345220485631 and parameters: {'num_leaves': 17, 'min_data_in_leaf': 115, 'bagging_fraction': 0.6085971302788046, 'reg_alpha': 1.3639806031181732, 'reg_lambda': 0.2587799816000169}. Best is trial 1 with value: 0.8438059259409136.\n",
      "[I 2026-07-30 14:34:05,978] Trial 9 finished with value: 0.842271123857089 and parameters: {'num_leaves': 26, 'min_data_in_leaf': 102, 'bagging_fraction': 0.7300170052944527, 'reg_alpha': 0.8200654190149195, 'reg_lambda': 0.18485445552552704}. Best is trial 1 with value: 0.8438059259409136.\n",
      "[I 2026-07-30 14:34:16,163] Trial 10 finished with value: 0.8420681959526825 and parameters: {'num_leaves': 31, 'min_data_in_leaf': 129, 'bagging_fraction': 0.8423842776969664, 'reg_alpha': 0.026942813422229483, 'reg_lambda': 0.9740484042425333}. Best is trial 1 with value: 0.8438059259409136.\n",
      "[I 2026-07-30 14:34:23,770] Trial 11 finished with value: 0.8437696159433358 and parameters: {'num_leaves': 15, 'min_data_in_leaf': 148, 'bagging_fraction': 0.8451604289991486, 'reg_alpha': 0.18562456986692755, 'reg_lambda': 0.7384055447250208}. Best is trial 1 with value: 0.8438059259409136.\n",
      "[I 2026-07-30 14:34:33,323] Trial 12 finished with value: 0.8424813179576075 and parameters: {'num_leaves': 19, 'min_data_in_leaf': 80, 'bagging_fraction': 0.8434146891568881, 'reg_alpha': 0.09055963407406223, 'reg_lambda': 0.7359307233974031}. Best is trial 1 with value: 0.8438059259409136.\n",
      "[I 2026-07-30 14:34:43,909] Trial 13 finished with value: 0.8433237310659949 and parameters: {'num_leaves': 15, 'min_data_in_leaf': 128, 'bagging_fraction': 0.7919064994251979, 'reg_alpha': 1.1360545008953231, 'reg_lambda': 0.7242393339184411}. Best is trial 1 with value: 0.8438059259409136.\n",
      "[I 2026-07-30 14:34:56,482] Trial 14 finished with value: 0.8413425170985785 and parameters: {'num_leaves': 21, 'min_data_in_leaf': 136, 'bagging_fraction': 0.8163899716023042, 'reg_alpha': 0.4117274599237213, 'reg_lambda': 0.7364277382583594}. Best is trial 1 with value: 0.8438059259409136.\n",
      "[I 2026-07-30 14:35:05,010] Trial 15 finished with value: 0.8426935478643515 and parameters: {'num_leaves': 20, 'min_data_in_leaf': 115, 'bagging_fraction': 0.7632324375102446, 'reg_alpha': 0.24475079038181768, 'reg_lambda': 0.5856072356657556}. Best is trial 1 with value: 0.8438059259409136.\n",
      "[I 2026-07-30 14:35:16,315] Trial 16 finished with value: 0.8424336257768028 and parameters: {'num_leaves': 17, 'min_data_in_leaf': 119, 'bagging_fraction': 0.8242990807124336, 'reg_alpha': 0.5665836797600037, 'reg_lambda': 0.8439801017111948}. Best is trial 1 with value: 0.8438059259409136.\n",
      "[I 2026-07-30 14:35:24,320] Trial 17 finished with value: 0.8433622481095615 and parameters: {'num_leaves': 15, 'min_data_in_leaf': 80, 'bagging_fraction': 0.7644717997654242, 'reg_alpha': 1.2202162747719254, 'reg_lambda': 0.5688324382285095}. Best is trial 1 with value: 0.8438059259409136.\n",
      "[I 2026-07-30 14:35:32,927] Trial 18 finished with value: 0.8431717152930422 and parameters: {'num_leaves': 23, 'min_data_in_leaf': 137, 'bagging_fraction': 0.8454794268394201, 'reg_alpha': 0.20839976518034944, 'reg_lambda': 0.6115735318081347}. Best is trial 1 with value: 0.8438059259409136.\n",
      "[I 2026-07-30 14:35:43,436] Trial 19 finished with value: 0.8420718660220178 and parameters: {'num_leaves': 17, 'min_data_in_leaf': 122, 'bagging_fraction': 0.7907788570855413, 'reg_alpha': 0.710727421341436, 'reg_lambda': 0.8405216523510918}. Best is trial 1 with value: 0.8438059259409136.\n",
      "[I 2026-07-30 14:35:51,374] Trial 20 finished with value: 0.8432990803683106 and parameters: {'num_leaves': 19, 'min_data_in_leaf': 111, 'bagging_fraction': 0.7555726422352809, 'reg_alpha': 0.46818677925209456, 'reg_lambda': 0.447458020946786}. Best is trial 1 with value: 0.8438059259409136.\n",
      "[I 2026-07-30 14:36:00,846] Trial 21 finished with value: 0.842881144847685 and parameters: {'num_leaves': 15, 'min_data_in_leaf': 80, 'bagging_fraction': 0.7613173001194963, 'reg_alpha': 1.2608057875924679, 'reg_lambda': 0.5807745892407893}. Best is trial 1 with value: 0.8438059259409136.\n",
      "[I 2026-07-30 14:36:08,787] Trial 22 finished with value: 0.84348570710437 and parameters: {'num_leaves': 16, 'min_data_in_leaf': 86, 'bagging_fraction': 0.6895975711976354, 'reg_alpha': 1.1323619364982505, 'reg_lambda': 0.6757815835977208}. Best is trial 1 with value: 0.8438059259409136.\n",
      "[I 2026-07-30 14:36:18,888] Trial 23 finished with value: 0.8415764561567292 and parameters: {'num_leaves': 17, 'min_data_in_leaf': 88, 'bagging_fraction': 0.6773543273306772, 'reg_alpha': 1.013959202972862, 'reg_lambda': 0.8152537176771557}. Best is trial 1 with value: 0.8438059259409136.\n",
      "[I 2026-07-30 14:36:28,226] Trial 24 finished with value: 0.842822954178873 and parameters: {'num_leaves': 16, 'min_data_in_leaf': 108, 'bagging_fraction': 0.6810690468009439, 'reg_alpha': 1.0496022024280562, 'reg_lambda': 0.6683706815861354}. Best is trial 1 with value: 0.8438059259409136.\n",
      "[I 2026-07-30 14:36:37,263] Trial 25 finished with value: 0.8417314788664407 and parameters: {'num_leaves': 19, 'min_data_in_leaf': 87, 'bagging_fraction': 0.6426153196330282, 'reg_alpha': 0.7356380017431658, 'reg_lambda': 0.8800967464914425}. Best is trial 1 with value: 0.8438059259409136.\n",
      "[I 2026-07-30 14:36:47,520] Trial 26 finished with value: 0.8423814810478509 and parameters: {'num_leaves': 18, 'min_data_in_leaf': 97, 'bagging_fraction': 0.707256975337515, 'reg_alpha': 1.319251193832105, 'reg_lambda': 0.4973324140739383}. Best is trial 1 with value: 0.8438059259409136.\n",
      "[I 2026-07-30 14:36:56,026] Trial 27 finished with value: 0.8432223400427354 and parameters: {'num_leaves': 16, 'min_data_in_leaf': 85, 'bagging_fraction': 0.6510457465900988, 'reg_alpha': 1.4877998433924011, 'reg_lambda': 0.6703346818880804}. Best is trial 1 with value: 0.8438059259409136.\n",
      "[I 2026-07-30 14:37:04,844] Trial 28 finished with value: 0.8434808714133814 and parameters: {'num_leaves': 22, 'min_data_in_leaf': 141, 'bagging_fraction': 0.8289257802032922, 'reg_alpha': 1.182440651170823, 'reg_lambda': 0.7666665120287226}. Best is trial 1 with value: 0.8438059259409136.\n",
      "[I 2026-07-30 14:37:14,938] Trial 29 finished with value: 0.8428654018750457 and parameters: {'num_leaves': 20, 'min_data_in_leaf': 142, 'bagging_fraction': 0.8094132722671428, 'reg_alpha': 0.8414494214111836, 'reg_lambda': 0.9069312224175609}. Best is trial 1 with value: 0.8438059259409136.\n",
      "[I 2026-07-30 14:37:24,475] Trial 30 finished with value: 0.8422435052663715 and parameters: {'num_leaves': 16, 'min_data_in_leaf': 107, 'bagging_fraction': 0.6998770025701506, 'reg_alpha': 1.0739304807969001, 'reg_lambda': 0.3826628756441536}. Best is trial 1 with value: 0.8438059259409136.\n",
      "[I 2026-07-30 14:37:34,505] Trial 31 finished with value: 0.842682584587154 and parameters: {'num_leaves': 23, 'min_data_in_leaf': 143, 'bagging_fraction': 0.8213246959711769, 'reg_alpha': 1.197370447046782, 'reg_lambda': 0.7934315065377888}. Best is trial 1 with value: 0.8438059259409136.\n",
      "[I 2026-07-30 14:37:45,698] Trial 32 finished with value: 0.8432672075161662 and parameters: {'num_leaves': 22, 'min_data_in_leaf': 150, 'bagging_fraction': 0.799250231786047, 'reg_alpha': 0.9621095376374383, 'reg_lambda': 0.6720647696045439}. Best is trial 1 with value: 0.8438059259409136.\n",
      "[I 2026-07-30 14:37:57,058] Trial 33 finished with value: 0.8430087803258685 and parameters: {'num_leaves': 18, 'min_data_in_leaf': 144, 'bagging_fraction': 0.8312043998837324, 'reg_alpha': 1.1206313991163748, 'reg_lambda': 0.772774605551797}. Best is trial 1 with value: 0.8438059259409136.\n",
      "[I 2026-07-30 14:38:07,411] Trial 34 finished with value: 0.843579127983307 and parameters: {'num_leaves': 16, 'min_data_in_leaf': 137, 'bagging_fraction': 0.7827292909742779, 'reg_alpha': 0.9410830160007054, 'reg_lambda': 0.5161198867818191}. Best is trial 1 with value: 0.8438059259409136.\n",
      "[I 2026-07-30 14:38:17,428] Trial 35 finished with value: 0.8431411628080481 and parameters: {'num_leaves': 16, 'min_data_in_leaf': 147, 'bagging_fraction': 0.7789029666509113, 'reg_alpha': 0.9417636638579403, 'reg_lambda': 0.5319926699099518}. Best is trial 1 with value: 0.8438059259409136.\n",
      "[I 2026-07-30 14:38:28,827] Trial 36 finished with value: 0.8425406933380207 and parameters: {'num_leaves': 18, 'min_data_in_leaf': 130, 'bagging_fraction': 0.7759853510796421, 'reg_alpha': 0.7308298224226075, 'reg_lambda': 0.6314977569440848}. Best is trial 1 with value: 0.8438059259409136.\n",
      "[I 2026-07-30 14:38:39,149] Trial 37 finished with value: 0.8433435243677989 and parameters: {'num_leaves': 15, 'min_data_in_leaf': 96, 'bagging_fraction': 0.8085130513312184, 'reg_alpha': 0.6155137825469892, 'reg_lambda': 0.5177975072481686}. Best is trial 1 with value: 0.8438059259409136.\n",
      "[I 2026-07-30 14:38:48,645] Trial 38 finished with value: 0.8421445681643899 and parameters: {'num_leaves': 16, 'min_data_in_leaf': 134, 'bagging_fraction': 0.7127213054460184, 'reg_alpha': 0.40176570971114944, 'reg_lambda': 0.36343749058922986}. Best is trial 1 with value: 0.8438059259409136.\n",
      "[I 2026-07-30 14:39:00,207] Trial 39 finished with value: 0.8424277560955981 and parameters: {'num_leaves': 18, 'min_data_in_leaf': 147, 'bagging_fraction': 0.7407483757111174, 'reg_alpha': 0.8740227523288701, 'reg_lambda': 0.9171996365620189}. Best is trial 1 with value: 0.8438059259409136.\n",
      "[I 2026-07-30 14:39:10,272] Trial 40 finished with value: 0.842142400459158 and parameters: {'num_leaves': 17, 'min_data_in_leaf': 91, 'bagging_fraction': 0.7427220364188258, 'reg_alpha': 0.7941356541600353, 'reg_lambda': 0.6925276218915967}. Best is trial 1 with value: 0.8438059259409136.\n",
      "[I 2026-07-30 14:39:21,339] Trial 41 finished with value: 0.8435570950346529 and parameters: {'num_leaves': 27, 'min_data_in_leaf': 139, 'bagging_fraction': 0.8335065177766233, 'reg_alpha': 1.1481226097609505, 'reg_lambda': 0.7669488642059454}. Best is trial 1 with value: 0.8438059259409136.\n",
      "[I 2026-07-30 14:39:31,216] Trial 42 finished with value: 0.8429351303960739 and parameters: {'num_leaves': 31, 'min_data_in_leaf': 84, 'bagging_fraction': 0.8358397869791077, 'reg_alpha': 1.3261902638999883, 'reg_lambda': 0.6370597736495072}. Best is trial 1 with value: 0.8438059259409136.\n",
      "[I 2026-07-30 14:39:45,069] Trial 43 finished with value: 0.8415006199196616 and parameters: {'num_leaves': 30, 'min_data_in_leaf': 138, 'bagging_fraction': 0.7988365905932165, 'reg_alpha': 0.9531498840502214, 'reg_lambda': 0.716409358893584}. Best is trial 1 with value: 0.8438059259409136.\n",
      "[I 2026-07-30 14:39:53,779] Trial 44 finished with value: 0.8429938298227274 and parameters: {'num_leaves': 28, 'min_data_in_leaf': 132, 'bagging_fraction': 0.8152242501400462, 'reg_alpha': 1.1041300717583744, 'reg_lambda': 0.39658941497006905}. Best is trial 1 with value: 0.8438059259409136.\n",
      "[I 2026-07-30 14:40:02,037] Trial 45 finished with value: 0.8431919747252097 and parameters: {'num_leaves': 26, 'min_data_in_leaf': 124, 'bagging_fraction': 0.8439412106341793, 'reg_alpha': 1.2597576842724199, 'reg_lambda': 0.10372772654542955}. Best is trial 1 with value: 0.8438059259409136.\n",
      "[I 2026-07-30 14:40:10,427] Trial 46 finished with value: 0.8445348730913542 and parameters: {'num_leaves': 25, 'min_data_in_leaf': 150, 'bagging_fraction': 0.8486864471853172, 'reg_alpha': 1.426742104899941, 'reg_lambda': 0.2743579499539551}. Best is trial 46 with value: 0.8445348730913542.\n",
      "[I 2026-07-30 14:40:19,353] Trial 47 finished with value: 0.8439713732784332 and parameters: {'num_leaves': 27, 'min_data_in_leaf': 149, 'bagging_fraction': 0.8327376622378729, 'reg_alpha': 1.404226431547958, 'reg_lambda': 0.26191004921377053}. Best is trial 46 with value: 0.8445348730913542.\n",
      "[I 2026-07-30 14:40:28,239] Trial 48 finished with value: 0.844310856691091 and parameters: {'num_leaves': 29, 'min_data_in_leaf': 150, 'bagging_fraction': 0.8460758048344793, 'reg_alpha': 1.4563831571313581, 'reg_lambda': 0.21221998295882644}. Best is trial 46 with value: 0.8445348730913542.\n",
      "[I 2026-07-30 14:40:37,418] Trial 49 finished with value: 0.8436090120001725 and parameters: {'num_leaves': 30, 'min_data_in_leaf': 150, 'bagging_fraction': 0.8450877456274473, 'reg_alpha': 1.4292916105460045, 'reg_lambda': 0.2353934299554174}. Best is trial 46 with value: 0.8445348730913542.\n",
      "[I 2026-07-30 14:40:48,523] Trial 50 finished with value: 0.8432994979285079 and parameters: {'num_leaves': 29, 'min_data_in_leaf': 144, 'bagging_fraction': 0.8483122188305036, 'reg_alpha': 1.4984598070829134, 'reg_lambda': 0.013985685554163851}. Best is trial 46 with value: 0.8445348730913542.\n",
      "[I 2026-07-30 14:40:59,981] Trial 51 finished with value: 0.8432590263154582 and parameters: {'num_leaves': 29, 'min_data_in_leaf': 150, 'bagging_fraction': 0.848937734698811, 'reg_alpha': 1.4151378352265715, 'reg_lambda': 0.2411576648960848}. Best is trial 46 with value: 0.8445348730913542.\n",
      "[I 2026-07-30 14:41:09,006] Trial 52 finished with value: 0.8434951550680404 and parameters: {'num_leaves': 30, 'min_data_in_leaf': 146, 'bagging_fraction': 0.8356952512088407, 'reg_alpha': 1.4155518506699016, 'reg_lambda': 0.19872722167220724}. Best is trial 46 with value: 0.8445348730913542.\n",
      "[I 2026-07-30 14:41:20,083] Trial 53 finished with value: 0.843229368452665 and parameters: {'num_leaves': 25, 'min_data_in_leaf': 150, 'bagging_fraction': 0.8216086386417796, 'reg_alpha': 1.3529768169540917, 'reg_lambda': 0.31804915370462744}. Best is trial 46 with value: 0.8445348730913542.\n",
      "[I 2026-07-30 14:41:31,252] Trial 54 finished with value: 0.8426398108477997 and parameters: {'num_leaves': 27, 'min_data_in_leaf': 145, 'bagging_fraction': 0.8258541333623537, 'reg_alpha': 1.4318069472681676, 'reg_lambda': 0.12319814176255448}. Best is trial 46 with value: 0.8445348730913542.\n",
      "[I 2026-07-30 14:41:40,190] Trial 55 finished with value: 0.8434999897342828 and parameters: {'num_leaves': 30, 'min_data_in_leaf': 140, 'bagging_fraction': 0.8400677662935394, 'reg_alpha': 1.2913072680639148, 'reg_lambda': 0.2939433123387817}. Best is trial 46 with value: 0.8445348730913542.\n",
      "[I 2026-07-30 14:41:48,915] Trial 56 finished with value: 0.8439374721673053 and parameters: {'num_leaves': 29, 'min_data_in_leaf': 148, 'bagging_fraction': 0.8135347518364984, 'reg_alpha': 1.454146367201045, 'reg_lambda': 0.164916748910176}. Best is trial 46 with value: 0.8445348730913542.\n",
