      "[I 2026-07-30 14:18:07,132] Trial 59 finished with value: 0.8836919123602668 and parameters: {'num_leaves': 18, 'min_data_in_leaf': 105, 'bagging_fraction': 0.6723834079491252, 'reg_alpha': 0.9343107795451562, 'reg_lambda': 0.6227376781915723}. Best is trial 42 with value: 0.8845848645813268.\n",
      "[I 2026-07-30 14:18:15,335] Trial 60 finished with value: 0.8837206713215113 and parameters: {'num_leaves': 16, 'min_data_in_leaf': 113, 'bagging_fraction': 0.6258497129429734, 'reg_alpha': 1.0188579487051357, 'reg_lambda': 0.20804560867630922}. Best is trial 42 with value: 0.8845848645813268.\n",
      "[I 2026-07-30 14:18:23,062] Trial 61 finished with value: 0.8835808003815215 and parameters: {'num_leaves': 15, 'min_data_in_leaf': 110, 'bagging_fraction': 0.6338327326909352, 'reg_alpha': 1.080857084478719, 'reg_lambda': 0.1114293037950564}. Best is trial 42 with value: 0.8845848645813268.\n",
      "[I 2026-07-30 14:18:31,075] Trial 62 finished with value: 0.8838741894876575 and parameters: {'num_leaves': 15, 'min_data_in_leaf': 115, 'bagging_fraction': 0.612536900051105, 'reg_alpha': 1.1260051026669755, 'reg_lambda': 0.15435978346272472}. Best is trial 42 with value: 0.8845848645813268.\n",
      "[I 2026-07-30 14:18:39,764] Trial 63 finished with value: 0.8838852207495707 and parameters: {'num_leaves': 16, 'min_data_in_leaf': 99, 'bagging_fraction': 0.6578754946859612, 'reg_alpha': 1.230431123707034, 'reg_lambda': 0.08161010398436055}. Best is trial 42 with value: 0.8845848645813268.\n",
      "[I 2026-07-30 14:18:47,814] Trial 64 finished with value: 0.8837309294605282 and parameters: {'num_leaves': 15, 'min_data_in_leaf': 93, 'bagging_fraction': 0.7915914225800875, 'reg_alpha': 1.0570291255108926, 'reg_lambda': 0.028186320432215195}. Best is trial 42 with value: 0.8845848645813268.\n",
      "[I 2026-07-30 14:18:56,825] Trial 65 finished with value: 0.8833950296762371 and parameters: {'num_leaves': 17, 'min_data_in_leaf': 121, 'bagging_fraction': 0.6414309377911545, 'reg_alpha': 1.1584378730947646, 'reg_lambda': 0.2530218249471298}. Best is trial 42 with value: 0.8845848645813268.\n",
      "[I 2026-07-30 14:19:05,831] Trial 66 finished with value: 0.8834578498425856 and parameters: {'num_leaves': 16, 'min_data_in_leaf': 105, 'bagging_fraction': 0.7736014195967506, 'reg_alpha': 0.8662151974793296, 'reg_lambda': 0.1383929436510923}. Best is trial 42 with value: 0.8845848645813268.\n",
      "[I 2026-07-30 14:19:14,324] Trial 67 finished with value: 0.884245198068986 and parameters: {'num_leaves': 15, 'min_data_in_leaf': 110, 'bagging_fraction': 0.6507717797956574, 'reg_alpha': 1.42626108103148, 'reg_lambda': 0.1908588057028118}. Best is trial 42 with value: 0.8845848645813268.\n",
      "[I 2026-07-30 14:19:22,774] Trial 68 finished with value: 0.8840146698789736 and parameters: {'num_leaves': 17, 'min_data_in_leaf': 117, 'bagging_fraction': 0.6686369985075903, 'reg_alpha': 1.4299920991874084, 'reg_lambda': 0.3120136709689223}. Best is trial 42 with value: 0.8845848645813268.\n",
      "[I 2026-07-30 14:19:32,518] Trial 69 finished with value: 0.8834340299289017 and parameters: {'num_leaves': 15, 'min_data_in_leaf': 125, 'bagging_fraction': 0.6813596523024024, 'reg_alpha': 1.3137898041894367, 'reg_lambda': 0.1776858943547865}. Best is trial 42 with value: 0.8845848645813268.\n"
     ]
    },
    {
     "name": "stdout",
     "output_type": "stream",
     "text": [
      "[14:19:32] class_target_3_corrected | LONG -> AUC 0.8846\n",
      "[save_progress] Changes to be committed:\n",
      " M Week_8_results/lightgbm_sweep_final.json\n",
      "?? lgbm_final_clf_class_target_3_corrected_LONG.db\n",
      "\n",
      "[main 1c5311d] TPE CLF Sweep completed: class_target_3_corrected | LONG\n",
      " 2 files changed, 14 insertions(+)\n",
      " create mode 100644 lgbm_final_clf_class_target_3_corrected_LONG.db\n",
      "[save_progress] Pulling latest from origin/main to check for divergence...\n",
      "PULL STDOUT: Already up to date.\n",
      "\n",
      "[save_progress] Successfully pushed to GitHub at 14:19:34\n"
     ]
    },
    {
     "name": "stderr",
     "output_type": "stream",
     "text": [
      "[I 2026-07-30 14:19:34,542] A new study created in RDB with name: lgbm_final_clf_class_target_3_corrected_SHORT\n",
      "[I 2026-07-30 14:19:46,688] Trial 0 finished with value: 0.8888869364736868 and parameters: {'num_leaves': 21, 'min_data_in_leaf': 147, 'bagging_fraction': 0.7829984854528512, 'reg_alpha': 0.8979877262955549, 'reg_lambda': 0.15601864044243652}. Best is trial 0 with value: 0.8888869364736868.\n",
      "[I 2026-07-30 14:19:57,985] Trial 1 finished with value: 0.8903974512210293 and parameters: {'num_leaves': 17, 'min_data_in_leaf': 84, 'bagging_fraction': 0.8165440364437337, 'reg_alpha': 0.9016725176148133, 'reg_lambda': 0.7080725777960455}. Best is trial 1 with value: 0.8903974512210293.\n",
      "[I 2026-07-30 14:20:08,695] Trial 2 finished with value: 0.8905078101498842 and parameters: {'num_leaves': 15, 'min_data_in_leaf': 148, 'bagging_fraction': 0.8081106602001054, 'reg_alpha': 0.31850866601741423, 'reg_lambda': 0.18182496720710062}. Best is trial 2 with value: 0.8905078101498842.\n",
      "[I 2026-07-30 14:20:20,240] Trial 3 finished with value: 0.8895830120000048 and parameters: {'num_leaves': 18, 'min_data_in_leaf': 101, 'bagging_fraction': 0.7311891079080595, 'reg_alpha': 0.6479175279631737, 'reg_lambda': 0.2912291401980419}. Best is trial 2 with value: 0.8905078101498842.\n",
      "[I 2026-07-30 14:20:30,789] Trial 4 finished with value: 0.8893497260339356 and parameters: {'num_leaves': 25, 'min_data_in_leaf': 89, 'bagging_fraction': 0.6730361621338046, 'reg_alpha': 0.5495427649405376, 'reg_lambda': 0.45606998421703593}. Best is trial 2 with value: 0.8905078101498842.\n",
      "[I 2026-07-30 14:20:40,323] Trial 5 finished with value: 0.8900775967114875 and parameters: {'num_leaves': 28, 'min_data_in_leaf': 94, 'bagging_fraction': 0.7285586096034029, 'reg_alpha': 0.8886218532930636, 'reg_lambda': 0.046450412719997725}. Best is trial 2 with value: 0.8905078101498842.\n",
      "[I 2026-07-30 14:20:48,829] Trial 6 finished with value: 0.8897513682790947 and parameters: {'num_leaves': 25, 'min_data_in_leaf': 92, 'bagging_fraction': 0.6162628982463199, 'reg_alpha': 1.42332830588, 'reg_lambda': 0.9656320330745594}. Best is trial 2 with value: 0.8905078101498842.\n",
      "[I 2026-07-30 14:20:57,335] Trial 7 finished with value: 0.8896327429698871 and parameters: {'num_leaves': 28, 'min_data_in_leaf': 101, 'bagging_fraction': 0.6244180285015959, 'reg_alpha': 1.0263495397682354, 'reg_lambda': 0.4401524937396013}. Best is trial 2 with value: 0.8905078101498842.\n",
      "[I 2026-07-30 14:21:08,674] Trial 8 finished with value: 0.8900541495524668 and parameters: {'num_leaves': 17, 'min_data_in_leaf': 115, 'bagging_fraction': 0.6085971302788046, 'reg_alpha': 1.3639806031181732, 'reg_lambda': 0.2587799816000169}. Best is trial 2 with value: 0.8905078101498842.\n",
      "[I 2026-07-30 14:21:20,233] Trial 9 finished with value: 0.8899197118715033 and parameters: {'num_leaves': 26, 'min_data_in_leaf': 102, 'bagging_fraction': 0.7300170052944527, 'reg_alpha': 0.8200654190149195, 'reg_lambda': 0.18485445552552704}. Best is trial 2 with value: 0.8905078101498842.\n",
      "[I 2026-07-30 14:21:29,349] Trial 10 finished with value: 0.8900996702055892 and parameters: {'num_leaves': 31, 'min_data_in_leaf': 144, 'bagging_fraction': 0.8423842776969664, 'reg_alpha': 0.026942813422229483, 'reg_lambda': 0.9617195437970019}. Best is trial 2 with value: 0.8905078101498842.\n",
      "[I 2026-07-30 14:21:42,606] Trial 11 finished with value: 0.8897947678486231 and parameters: {'num_leaves': 15, 'min_data_in_leaf': 127, 'bagging_fraction': 0.8451604289991486, 'reg_alpha': 0.18562456986692755, 'reg_lambda': 0.7384055447250208}. Best is trial 2 with value: 0.8905078101498842.\n",
      "[I 2026-07-30 14:21:55,081] Trial 12 finished with value: 0.8897227569899492 and parameters: {'num_leaves': 19, 'min_data_in_leaf': 80, 'bagging_fraction': 0.7995679265099108, 'reg_alpha': 0.3706557734506185, 'reg_lambda': 0.6542379166561029}. Best is trial 2 with value: 0.8905078101498842.\n",
      "[I 2026-07-30 14:22:07,521] Trial 13 finished with value: 0.8901962336345086 and parameters: {'num_leaves': 15, 'min_data_in_leaf': 128, 'bagging_fraction': 0.7919064994251979, 'reg_alpha': 1.214162482643352, 'reg_lambda': 0.6582548375857604}. Best is trial 2 with value: 0.8905078101498842.\n",
      "[I 2026-07-30 14:22:15,444] Trial 14 finished with value: 0.8901577661058031 and parameters: {'num_leaves': 21, 'min_data_in_leaf': 136, 'bagging_fraction': 0.8098415673291012, 'reg_alpha': 0.4117274599237213, 'reg_lambda': 0.45731214079064353}. Best is trial 2 with value: 0.8905078101498842.\n",
      "[I 2026-07-30 14:22:27,434] Trial 15 finished with value: 0.8891910191060324 and parameters: {'num_leaves': 20, 'min_data_in_leaf': 115, 'bagging_fraction': 0.7611986340017527, 'reg_alpha': 0.6236996882375204, 'reg_lambda': 0.009883478198845164}. Best is trial 2 with value: 0.8905078101498842.\n",
      "[I 2026-07-30 14:22:38,660] Trial 16 finished with value: 0.8899302738976956 and parameters: {'num_leaves': 17, 'min_data_in_leaf': 119, 'bagging_fraction': 0.8242990807124336, 'reg_alpha': 1.1354920243081683, 'reg_lambda': 0.81434805213321}. Best is trial 2 with value: 0.8905078101498842.\n",
      "[I 2026-07-30 14:22:51,222] Trial 17 finished with value: 0.8890429847459738 and parameters: {'num_leaves': 15, 'min_data_in_leaf': 80, 'bagging_fraction': 0.7609180476948559, 'reg_alpha': 0.20821925632888139, 'reg_lambda': 0.588451095786868}. Best is trial 2 with value: 0.8905078101498842.\n",
      "[I 2026-07-30 14:23:01,705] Trial 18 finished with value: 0.8899619571256867 and parameters: {'num_leaves': 23, 'min_data_in_leaf': 137, 'bagging_fraction': 0.8271825361641972, 'reg_alpha': 0.4413624006643486, 'reg_lambda': 0.8204722531866919}. Best is trial 2 with value: 0.8905078101498842.\n",
      "[I 2026-07-30 14:23:14,531] Trial 19 finished with value: 0.8890853845819914 and parameters: {'num_leaves': 17, 'min_data_in_leaf': 150, 'bagging_fraction': 0.7656302777009298, 'reg_alpha': 0.739609797756192, 'reg_lambda': 0.3515216581332118}. Best is trial 2 with value: 0.8905078101498842.\n",
      "[I 2026-07-30 14:23:24,682] Trial 20 finished with value: 0.8900307399200325 and parameters: {'num_leaves': 19, 'min_data_in_leaf': 111, 'bagging_fraction': 0.6765610643249512, 'reg_alpha': 0.24163383074678949, 'reg_lambda': 0.5692974617387472}. Best is trial 2 with value: 0.8905078101498842.\n",
      "[I 2026-07-30 14:23:35,299] Trial 21 finished with value: 0.8904865793306301 and parameters: {'num_leaves': 15, 'min_data_in_leaf': 131, 'bagging_fraction': 0.795235782897976, 'reg_alpha': 1.2608057875924679, 'reg_lambda': 0.6888524840718024}. Best is trial 2 with value: 0.8905078101498842.\n",
      "[I 2026-07-30 14:23:46,001] Trial 22 finished with value: 0.8905198589968423 and parameters: {'num_leaves': 16, 'min_data_in_leaf': 141, 'bagging_fraction': 0.8140935717422715, 'reg_alpha': 1.2655500359832805, 'reg_lambda': 0.8706280011519396}. Best is trial 22 with value: 0.8905198589968423.\n",
      "[I 2026-07-30 14:23:58,109] Trial 23 finished with value: 0.8902271350010007 and parameters: {'num_leaves': 15, 'min_data_in_leaf': 139, 'bagging_fraction': 0.7815427051279138, 'reg_alpha': 1.4964980874344869, 'reg_lambda': 0.8650080285716297}. Best is trial 22 with value: 0.8905198589968423.\n",
      "[I 2026-07-30 14:24:09,577] Trial 24 finished with value: 0.8904781321048769 and parameters: {'num_leaves': 16, 'min_data_in_leaf': 131, 'bagging_fraction': 0.8494587834267091, 'reg_alpha': 1.2675181503689474, 'reg_lambda': 0.8707506720151507}. Best is trial 22 with value: 0.8905198589968423.\n",
      "[I 2026-07-30 14:24:21,332] Trial 25 finished with value: 0.8902638080419167 and parameters: {'num_leaves': 18, 'min_data_in_leaf': 143, 'bagging_fraction': 0.7478794177489314, 'reg_alpha': 1.0787002211196748, 'reg_lambda': 0.9266834662330949}. Best is trial 22 with value: 0.8905198589968423.\n",
      "[I 2026-07-30 14:24:33,289] Trial 26 finished with value: 0.8907508494635021 and parameters: {'num_leaves': 16, 'min_data_in_leaf': 133, 'bagging_fraction': 0.8034338319147012, 'reg_alpha': 1.285766752419352, 'reg_lambda': 0.7607218311836939}. Best is trial 26 with value: 0.8907508494635021.\n",
      "[I 2026-07-30 14:24:44,801] Trial 27 finished with value: 0.8899703410151046 and parameters: {'num_leaves': 19, 'min_data_in_leaf': 141, 'bagging_fraction': 0.8250861208834764, 'reg_alpha': 1.385356500421, 'reg_lambda': 0.5592585332543203}. Best is trial 26 with value: 0.8907508494635021.\n",
      "[I 2026-07-30 14:24:57,769] Trial 28 finished with value: 0.8901453510905147 and parameters: {'num_leaves': 16, 'min_data_in_leaf': 122, 'bagging_fraction': 0.8038632425418073, 'reg_alpha': 1.012337524715933, 'reg_lambda': 0.7880422978425514}. Best is trial 26 with value: 0.8907508494635021.\n",
      "[I 2026-07-30 14:25:10,478] Trial 29 finished with value: 0.8893775120490093 and parameters: {'num_leaves': 21, 'min_data_in_leaf': 150, 'bagging_fraction': 0.780607876357698, 'reg_alpha': 0.07025340269872088, 'reg_lambda': 0.10451217878941188}. Best is trial 26 with value: 0.8907508494635021.\n",
      "[I 2026-07-30 14:25:19,596] Trial 30 finished with value: 0.8898381094383758 and parameters: {'num_leaves': 18, 'min_data_in_leaf': 135, 'bagging_fraction': 0.7066913263353947, 'reg_alpha': 1.1702127832483713, 'reg_lambda': 0.13425145263656604}. Best is trial 26 with value: 0.8907508494635021.\n",
      "[I 2026-07-30 14:25:32,509] Trial 31 finished with value: 0.8900426857129136 and parameters: {'num_leaves': 16, 'min_data_in_leaf': 132, 'bagging_fraction': 0.7850842086339171, 'reg_alpha': 1.2789726723531885, 'reg_lambda': 0.7459620163586571}. Best is trial 26 with value: 0.8907508494635021.\n",
      "[I 2026-07-30 14:25:45,628] Trial 32 finished with value: 0.8902782115264628 and parameters: {'num_leaves': 16, 'min_data_in_leaf': 145, 'bagging_fraction': 0.8060876476508316, 'reg_alpha': 1.3274587522075458, 'reg_lambda': 0.902275560942676}. Best is trial 26 with value: 0.8907508494635021.\n",
      "[I 2026-07-30 14:25:56,818] Trial 33 finished with value: 0.8902595687568112 and parameters: {'num_leaves': 17, 'min_data_in_leaf': 125, 'bagging_fraction': 0.8328285349890499, 'reg_alpha': 1.4741526662509878, 'reg_lambda': 0.6669899035766524}. Best is trial 26 with value: 0.8907508494635021.\n",
      "[I 2026-07-30 14:26:08,190] Trial 34 finished with value: 0.8901700461919992 and parameters: {'num_leaves': 15, 'min_data_in_leaf': 147, 'bagging_fraction': 0.8165922342745051, 'reg_alpha': 0.9893933454509346, 'reg_lambda': 0.5106609825369348}. Best is trial 26 with value: 0.8907508494635021.\n",
      "[I 2026-07-30 14:26:19,386] Trial 35 finished with value: 0.8906171643563576 and parameters: {'num_leaves': 18, 'min_data_in_leaf': 132, 'bagging_fraction': 0.7786648911444756, 'reg_alpha': 1.2247731547867744, 'reg_lambda': 0.3715568024268865}. Best is trial 26 with value: 0.8907508494635021.\n",
      "[I 2026-07-30 14:26:31,111] Trial 36 finished with value: 0.8896719689524412 and parameters: {'num_leaves': 18, 'min_data_in_leaf': 140, 'bagging_fraction': 0.7696249104304902, 'reg_alpha': 0.8809041271558682, 'reg_lambda': 0.3033739259762415}. Best is trial 26 with value: 0.8907508494635021.\n",
      "[I 2026-07-30 14:26:40,757] Trial 37 finished with value: 0.8903371263255622 and parameters: {'num_leaves': 20, 'min_data_in_leaf': 134, 'bagging_fraction': 0.7471601799204293, 'reg_alpha': 1.12324613101616, 'reg_lambda': 0.3813532389392158}. Best is trial 26 with value: 0.8907508494635021.\n",
      "[I 2026-07-30 14:26:50,599] Trial 38 finished with value: 0.8904615397930542 and parameters: {'num_leaves': 22, 'min_data_in_leaf': 148, 'bagging_fraction': 0.7127213054460184, 'reg_alpha': 0.7256181184295527, 'reg_lambda': 0.16657982492894313}. Best is trial 26 with value: 0.8907508494635021.\n",
      "[I 2026-07-30 14:27:01,113] Trial 39 finished with value: 0.8901420334242705 and parameters: {'num_leaves': 16, 'min_data_in_leaf': 141, 'bagging_fraction': 0.7486047761466874, 'reg_alpha': 0.9362679634469215, 'reg_lambda': 0.21853082776090788}. Best is trial 26 with value: 0.8907508494635021.\n",
      "[I 2026-07-30 14:27:14,853] Trial 40 finished with value: 0.8893348997268523 and parameters: {'num_leaves': 18, 'min_data_in_leaf': 123, 'bagging_fraction': 0.7748036378422695, 'reg_alpha': 1.4294765578392186, 'reg_lambda': 0.08636402904080465}. Best is trial 26 with value: 0.8907508494635021.\n",
      "[I 2026-07-30 14:27:28,030] Trial 41 finished with value: 0.8899467676426351 and parameters: {'num_leaves': 16, 'min_data_in_leaf': 129, 'bagging_fraction': 0.7924570358988654, 'reg_alpha': 1.219750414750416, 'reg_lambda': 0.7721415187639628}. Best is trial 26 with value: 0.8907508494635021.\n",
      "[I 2026-07-30 14:27:39,537] Trial 42 finished with value: 0.8899280742254947 and parameters: {'num_leaves': 17, 'min_data_in_leaf': 131, 'bagging_fraction': 0.8121434117458438, 'reg_alpha': 1.3211691286575684, 'reg_lambda': 0.9965496109816823}. Best is trial 26 with value: 0.8907508494635021.\n",
      "[I 2026-07-30 14:27:52,382] Trial 43 finished with value: 0.8896967803832112 and parameters: {'num_leaves': 15, 'min_data_in_leaf': 138, 'bagging_fraction': 0.7950994004582682, 'reg_alpha': 1.0582839954521732, 'reg_lambda': 0.7049211433340474}. Best is trial 26 with value: 0.8907508494635021.\n",
      "[I 2026-07-30 14:28:03,223] Trial 44 finished with value: 0.8901420682269994 and parameters: {'num_leaves': 17, 'min_data_in_leaf': 144, 'bagging_fraction': 0.8321813713161639, 'reg_alpha': 1.22060751835829, 'reg_lambda': 0.24192568321122168}. Best is trial 26 with value: 0.8907508494635021.\n",
      "[I 2026-07-30 14:28:14,772] Trial 45 finished with value: 0.8900697684092773 and parameters: {'num_leaves': 19, 'min_data_in_leaf': 133, 'bagging_fraction': 0.8169884572219601, 'reg_alpha': 1.3662920348527692, 'reg_lambda': 0.6148077534125612}. Best is trial 26 with value: 0.8907508494635021.\n",
      "[I 2026-07-30 14:28:25,139] Trial 46 finished with value: 0.8900113748910361 and parameters: {'num_leaves': 15, 'min_data_in_leaf': 127, 'bagging_fraction': 0.7906547345982682, 'reg_alpha': 0.5026907289390967, 'reg_lambda': 0.30780908107948346}. Best is trial 26 with value: 0.8907508494635021.\n",
      "[I 2026-07-30 14:28:36,218] Trial 47 finished with value: 0.8899533748084366 and parameters: {'num_leaves': 16, 'min_data_in_leaf': 119, 'bagging_fraction': 0.8015013441426064, 'reg_alpha': 1.2678665216927638, 'reg_lambda': 0.419426558917769}. Best is trial 26 with value: 0.8907508494635021.\n",
      "[I 2026-07-30 14:28:45,853] Trial 48 finished with value: 0.8902073134608539 and parameters: {'num_leaves': 18, 'min_data_in_leaf': 136, 'bagging_fraction': 0.8370799781520373, 'reg_alpha': 1.150749980556946, 'reg_lambda': 0.5041463259349845}. Best is trial 26 with value: 0.8907508494635021.\n",
      "[I 2026-07-30 14:28:57,116] Trial 49 finished with value: 0.8898570622298271 and parameters: {'num_leaves': 20, 'min_data_in_leaf': 109, 'bagging_fraction': 0.818153113033708, 'reg_alpha': 0.8091522352045188, 'reg_lambda': 0.838914119074943}. Best is trial 26 with value: 0.8907508494635021.\n",
      "[I 2026-07-30 14:29:08,980] Trial 50 finished with value: 0.8895812104966874 and parameters: {'num_leaves': 30, 'min_data_in_leaf': 129, 'bagging_fraction': 0.7743344086317453, 'reg_alpha': 0.3286565064708018, 'reg_lambda': 0.7046304155934227}. Best is trial 26 with value: 0.8907508494635021.\n",
      "[I 2026-07-30 14:29:19,904] Trial 51 finished with value: 0.8902666101172366 and parameters: {'num_leaves': 16, 'min_data_in_leaf': 131, 'bagging_fraction': 0.8480700614177852, 'reg_alpha': 1.3071031158164639, 'reg_lambda': 0.869304268937852}. Best is trial 26 with value: 0.8907508494635021.\n",
      "[I 2026-07-30 14:29:30,838] Trial 52 finished with value: 0.8901808533170412 and parameters: {'num_leaves': 17, 'min_data_in_leaf': 124, 'bagging_fraction': 0.8405721633972203, 'reg_alpha': 1.2427688156492267, 'reg_lambda': 0.9113517403269129}. Best is trial 26 with value: 0.8907508494635021.\n",
      "[I 2026-07-30 14:29:43,822] Trial 53 finished with value: 0.8900622704609136 and parameters: {'num_leaves': 15, 'min_data_in_leaf': 146, 'bagging_fraction': 0.8488348596204559, 'reg_alpha': 1.1653171939927975, 'reg_lambda': 0.9495786432186333}. Best is trial 26 with value: 0.8907508494635021.\n",
      "[I 2026-07-30 14:29:53,643] Trial 54 finished with value: 0.8901385422849707 and parameters: {'num_leaves': 16, 'min_data_in_leaf': 137, 'bagging_fraction': 0.6480627935733491, 'reg_alpha': 1.4141196206281672, 'reg_lambda': 0.788645987231476}. Best is trial 26 with value: 0.8907508494635021.\n",
      "[I 2026-07-30 14:30:04,836] Trial 55 finished with value: 0.8904272134118931 and parameters: {'num_leaves': 17, 'min_data_in_leaf': 142, 'bagging_fraction': 0.8078839224095791, 'reg_alpha': 1.1034991057657033, 'reg_lambda': 0.8427980302666447}. Best is trial 26 with value: 0.8907508494635021.\n",
      "[I 2026-07-30 14:30:15,594] Trial 56 finished with value: 0.8900876600057541 and parameters: {'num_leaves': 15, 'min_data_in_leaf': 120, 'bagging_fraction': 0.8236738165763013, 'reg_alpha': 0.5823119086856686, 'reg_lambda': 0.8770568153790761}. Best is trial 26 with value: 0.8907508494635021.\n",
      "[I 2026-07-30 14:30:27,081] Trial 57 finished with value: 0.890321625251711 and parameters: {'num_leaves': 18, 'min_data_in_leaf': 127, 'bagging_fraction': 0.7852644397146373, 'reg_alpha': 1.1985788363539331, 'reg_lambda': 0.7402557959342924}. Best is trial 26 with value: 0.8907508494635021.\n",
