      "[I 2026-07-30 15:08:38,633] Trial 55 finished with value: 0.17757894744926642 and parameters: {'num_leaves': 9, 'min_data_in_leaf': 169, 'bagging_fraction': 0.8111525183367518, 'reg_alpha': 0.31741665162956456, 'reg_lambda': 0.33319854171299174}. Best is trial 3 with value: 0.17814526985948526.\n",
      "[I 2026-07-30 15:08:51,022] Trial 56 finished with value: 0.17666547536424768 and parameters: {'num_leaves': 9, 'min_data_in_leaf': 136, 'bagging_fraction': 0.8412648801014257, 'reg_alpha': 0.32636870731655965, 'reg_lambda': 0.34029640708965636}. Best is trial 3 with value: 0.17814526985948526.\n",
      "[I 2026-07-30 15:09:07,227] Trial 57 finished with value: 0.1758742884074653 and parameters: {'num_leaves': 10, 'min_data_in_leaf': 170, 'bagging_fraction': 0.8264679384618773, 'reg_alpha': 0.49777780380430303, 'reg_lambda': 0.27566729276600016}. Best is trial 3 with value: 0.17814526985948526.\n",
      "[I 2026-07-30 15:09:18,791] Trial 58 finished with value: 0.17477035969570479 and parameters: {'num_leaves': 13, 'min_data_in_leaf': 192, 'bagging_fraction': 0.8497852142388009, 'reg_alpha': 0.8897242630251037, 'reg_lambda': 0.6055615266531771}. Best is trial 3 with value: 0.17814526985948526.\n",
      "[I 2026-07-30 15:09:32,392] Trial 59 finished with value: 0.17593353721563137 and parameters: {'num_leaves': 11, 'min_data_in_leaf': 162, 'bagging_fraction': 0.8111892228497717, 'reg_alpha': 0.7274564432031404, 'reg_lambda': 0.3819019606094327}. Best is trial 3 with value: 0.17814526985948526.\n",
      "[I 2026-07-30 15:09:46,280] Trial 60 finished with value: 0.1744852480415549 and parameters: {'num_leaves': 12, 'min_data_in_leaf': 155, 'bagging_fraction': 0.66919427550727, 'reg_alpha': 0.4036263294865363, 'reg_lambda': 0.7372448293000908}. Best is trial 3 with value: 0.17814526985948526.\n",
      "[I 2026-07-30 15:09:59,263] Trial 61 finished with value: 0.17880054383196073 and parameters: {'num_leaves': 8, 'min_data_in_leaf': 148, 'bagging_fraction': 0.8015281019121165, 'reg_alpha': 0.18822045161891982, 'reg_lambda': 0.16760249992791884}. Best is trial 61 with value: 0.17880054383196073.\n",
      "[I 2026-07-30 15:10:12,480] Trial 62 finished with value: 0.17609130144460805 and parameters: {'num_leaves': 8, 'min_data_in_leaf': 135, 'bagging_fraction': 0.8048234920163331, 'reg_alpha': 0.07625088232949517, 'reg_lambda': 0.17899551270198497}. Best is trial 61 with value: 0.17880054383196073.\n",
      "[I 2026-07-30 15:10:22,946] Trial 63 finished with value: 0.17524412451811267 and parameters: {'num_leaves': 9, 'min_data_in_leaf': 122, 'bagging_fraction': 0.8276378457096077, 'reg_alpha': 0.2925980416297651, 'reg_lambda': 0.2815070022226208}. Best is trial 61 with value: 0.17880054383196073.\n",
      "[I 2026-07-30 15:10:35,666] Trial 64 finished with value: 0.17494785326019252 and parameters: {'num_leaves': 10, 'min_data_in_leaf': 180, 'bagging_fraction': 0.7979867099190073, 'reg_alpha': 0.20918279442798482, 'reg_lambda': 0.4386574629990747}. Best is trial 61 with value: 0.17880054383196073.\n",
      "[I 2026-07-30 15:10:48,413] Trial 65 finished with value: 0.17434827852841234 and parameters: {'num_leaves': 24, 'min_data_in_leaf': 173, 'bagging_fraction': 0.7836488508502333, 'reg_alpha': 0.654979622019617, 'reg_lambda': 1.294068198048426}. Best is trial 61 with value: 0.17880054383196073.\n",
      "[I 2026-07-30 15:11:01,436] Trial 66 finished with value: 0.17626711367315573 and parameters: {'num_leaves': 7, 'min_data_in_leaf': 167, 'bagging_fraction': 0.7342652211224011, 'reg_alpha': 0.5728016414404938, 'reg_lambda': 0.3521450571828544}. Best is trial 61 with value: 0.17880054383196073.\n",
      "[I 2026-07-30 15:11:14,278] Trial 67 finished with value: 0.177128675288533 and parameters: {'num_leaves': 8, 'min_data_in_leaf': 152, 'bagging_fraction': 0.817491659078615, 'reg_alpha': 0.5332728000566707, 'reg_lambda': 0.5075064077422344}. Best is trial 61 with value: 0.17880054383196073.\n",
      "[I 2026-07-30 15:11:26,701] Trial 68 finished with value: 0.1766081468580329 and parameters: {'num_leaves': 9, 'min_data_in_leaf': 132, 'bagging_fraction': 0.710810535135846, 'reg_alpha': 0.33692364608969066, 'reg_lambda': 0.20536560084380878}. Best is trial 61 with value: 0.17880054383196073.\n",
      "[I 2026-07-30 15:11:38,646] Trial 69 finished with value: 0.17622963340551637 and parameters: {'num_leaves': 10, 'min_data_in_leaf': 147, 'bagging_fraction': 0.8405813942142895, 'reg_alpha': 0.2666933662904611, 'reg_lambda': 0.13955597331601433}. Best is trial 61 with value: 0.17880054383196073.\n"
     ]
    },
    {
     "name": "stdout",
     "output_type": "stream",
     "text": [
      "[15:11:38] profit | LONG -> R2 0.1788\n",
      "[save_progress] Changes to be committed:\n",
      " M Week_8_results/lightgbm_sweep_final.json\n",
      "?? lgbm_final_reg_profit_LONG.db\n",
      "\n",
      "[main 82fc724] TPE REG Sweep completed: profit | LONG\n",
      " 2 files changed, 16 insertions(+), 1 deletion(-)\n",
      " create mode 100644 lgbm_final_reg_profit_LONG.db\n",
      "[save_progress] Pulling latest from origin/main to check for divergence...\n",
      "PULL STDOUT: Already up to date.\n",
      "\n",
      "[save_progress] Successfully pushed to GitHub at 15:11:40\n"
     ]
    },
    {
     "name": "stderr",
     "output_type": "stream",
     "text": [
      "[I 2026-07-30 15:11:40,613] A new study created in RDB with name: lgbm_final_reg_profit_SHORT\n",
      "[I 2026-07-30 15:11:49,129] Trial 0 finished with value: 0.1973704170223763 and parameters: {'num_leaves': 16, 'min_data_in_leaf': 195, 'bagging_fraction': 0.7829984854528512, 'reg_alpha': 0.8979877262955549, 'reg_lambda': 0.23402796066365478}. Best is trial 0 with value: 0.1973704170223763.\n",
      "[I 2026-07-30 15:12:00,848] Trial 1 finished with value: 0.2015881339036937 and parameters: {'num_leaves': 10, 'min_data_in_leaf': 87, 'bagging_fraction': 0.8165440364437337, 'reg_alpha': 0.9016725176148133, 'reg_lambda': 1.0621088666940683}. Best is trial 1 with value: 0.2015881339036937.\n",
      "[I 2026-07-30 15:12:10,709] Trial 2 finished with value: 0.19902768111321914 and parameters: {'num_leaves': 7, 'min_data_in_leaf': 197, 'bagging_fraction': 0.8081106602001054, 'reg_alpha': 0.31850866601741423, 'reg_lambda': 0.2727374508106509}. Best is trial 1 with value: 0.2015881339036937.\n",
      "[I 2026-07-30 15:12:21,369] Trial 3 finished with value: 0.20282445458633797 and parameters: {'num_leaves': 11, 'min_data_in_leaf': 116, 'bagging_fraction': 0.7311891079080595, 'reg_alpha': 0.6479175279631737, 'reg_lambda': 0.43684371029706287}. Best is trial 3 with value: 0.20282445458633797.\n",
      "[I 2026-07-30 15:12:30,843] Trial 4 finished with value: 0.2003631416148278 and parameters: {'num_leaves': 22, 'min_data_in_leaf': 96, 'bagging_fraction': 0.6730361621338046, 'reg_alpha': 0.5495427649405376, 'reg_lambda': 0.6841049763255539}. Best is trial 3 with value: 0.20282445458633797.\n",
      "[I 2026-07-30 15:12:40,934] Trial 5 finished with value: 0.19764459199636103 and parameters: {'num_leaves': 26, 'min_data_in_leaf': 104, 'bagging_fraction': 0.7285586096034029, 'reg_alpha': 0.8886218532930636, 'reg_lambda': 0.06967561907999659}. Best is trial 3 with value: 0.20282445458633797.\n",
      "[I 2026-07-30 15:12:49,673] Trial 6 finished with value: 0.19843729287082548 and parameters: {'num_leaves': 22, 'min_data_in_leaf': 100, 'bagging_fraction': 0.6162628982463199, 'reg_alpha': 1.42332830588, 'reg_lambda': 1.448448049611839}. Best is trial 3 with value: 0.20282445458633797.\n",
      "[I 2026-07-30 15:12:58,613] Trial 7 finished with value: 0.19656704044680523 and parameters: {'num_leaves': 27, 'min_data_in_leaf': 116, 'bagging_fraction': 0.6244180285015959, 'reg_alpha': 1.0263495397682354, 'reg_lambda': 0.660228740609402}. Best is trial 3 with value: 0.20282445458633797.\n",
      "[I 2026-07-30 15:13:07,341] Trial 8 finished with value: 0.19993850686125758 and parameters: {'num_leaves': 10, 'min_data_in_leaf': 139, 'bagging_fraction': 0.6085971302788046, 'reg_alpha': 1.3639806031181732, 'reg_lambda': 0.3881699724000254}. Best is trial 3 with value: 0.20282445458633797.\n",
      "[I 2026-07-30 15:13:16,714] Trial 9 finished with value: 0.19830523497170752 and parameters: {'num_leaves': 23, 'min_data_in_leaf': 117, 'bagging_fraction': 0.7300170052944527, 'reg_alpha': 0.8200654190149195, 'reg_lambda': 0.27728168328829056}. Best is trial 3 with value: 0.20282445458633797.\n",
      "[I 2026-07-30 15:13:26,984] Trial 10 finished with value: 0.1981637122899021 and parameters: {'num_leaves': 16, 'min_data_in_leaf': 164, 'bagging_fraction': 0.7295866051138236, 'reg_alpha': 0.026942813422229483, 'reg_lambda': 1.4421875589937174}. Best is trial 3 with value: 0.20282445458633797.\n",
      "[I 2026-07-30 15:13:40,957] Trial 11 finished with value: 0.19743775668057267 and parameters: {'num_leaves': 13, 'min_data_in_leaf': 81, 'bagging_fraction': 0.8442715743063843, 'reg_alpha': 0.6101605747183023, 'reg_lambda': 1.1076083170875313}. Best is trial 3 with value: 0.20282445458633797.\n",
      "[I 2026-07-30 15:13:54,178] Trial 12 finished with value: 0.2028091465793113 and parameters: {'num_leaves': 7, 'min_data_in_leaf': 133, 'bagging_fraction': 0.7763877487719957, 'reg_alpha': 1.1051300077605328, 'reg_lambda': 1.0144931548663663}. Best is trial 3 with value: 0.20282445458633797.\n",
      "[I 2026-07-30 15:14:06,051] Trial 13 finished with value: 0.20126821798795397 and parameters: {'num_leaves': 7, 'min_data_in_leaf': 142, 'bagging_fraction': 0.7674906705144928, 'reg_alpha': 1.1523694888725242, 'reg_lambda': 0.6918772881430464}. Best is trial 3 with value: 0.20282445458633797.\n",
      "[I 2026-07-30 15:14:15,326] Trial 14 finished with value: 0.19804796565726185 and parameters: {'num_leaves': 13, 'min_data_in_leaf': 137, 'bagging_fraction': 0.6866092866236968, 'reg_alpha': 0.5662414280782766, 'reg_lambda': 0.9885160455311977}. Best is trial 3 with value: 0.20282445458633797.\n",
      "[I 2026-07-30 15:14:25,327] Trial 15 finished with value: 0.2003960128760494 and parameters: {'num_leaves': 31, 'min_data_in_leaf': 124, 'bagging_fraction': 0.7611986340017527, 'reg_alpha': 1.2511482152933537, 'reg_lambda': 0.8847222817566343}. Best is trial 3 with value: 0.20282445458633797.\n",
      "[I 2026-07-30 15:14:34,413] Trial 16 finished with value: 0.20018220725714145 and parameters: {'num_leaves': 10, 'min_data_in_leaf': 158, 'bagging_fraction': 0.691199352209729, 'reg_alpha': 0.31662176420112265, 'reg_lambda': 1.2659701525667921}. Best is trial 3 with value: 0.20282445458633797.\n",
      "[I 2026-07-30 15:14:45,481] Trial 17 finished with value: 0.1988898070698109 and parameters: {'num_leaves': 16, 'min_data_in_leaf': 158, 'bagging_fraction': 0.6534094213922294, 'reg_alpha': 0.721142662938366, 'reg_lambda': 0.5208305076608086}. Best is trial 3 with value: 0.20282445458633797.\n",
      "[I 2026-07-30 15:14:54,965] Trial 18 finished with value: 0.198776207137846 and parameters: {'num_leaves': 13, 'min_data_in_leaf': 171, 'bagging_fraction': 0.7149910399291787, 'reg_alpha': 0.3533465379985741, 'reg_lambda': 0.8301711308068886}. Best is trial 3 with value: 0.20282445458633797.\n",
      "[I 2026-07-30 15:15:03,738] Trial 19 finished with value: 0.20055374968111198 and parameters: {'num_leaves': 19, 'min_data_in_leaf': 127, 'bagging_fraction': 0.7646797542667748, 'reg_alpha': 1.1621166815393322, 'reg_lambda': 1.2218851930202148}. Best is trial 3 with value: 0.20282445458633797.\n",
      "[I 2026-07-30 15:15:12,998] Trial 20 finished with value: 0.20145201682293162 and parameters: {'num_leaves': 9, 'min_data_in_leaf': 179, 'bagging_fraction': 0.7991254764805942, 'reg_alpha': 0.15837361572510422, 'reg_lambda': 0.0071101794796339934}. Best is trial 3 with value: 0.20282445458633797.\n",
      "[I 2026-07-30 15:15:23,481] Trial 21 finished with value: 0.20129996395749736 and parameters: {'num_leaves': 11, 'min_data_in_leaf': 80, 'bagging_fraction': 0.8440604261483712, 'reg_alpha': 1.0201209974161407, 'reg_lambda': 1.0332787261077037}. Best is trial 3 with value: 0.20282445458633797.\n",
      "[I 2026-07-30 15:15:35,394] Trial 22 finished with value: 0.2024140928211394 and parameters: {'num_leaves': 7, 'min_data_in_leaf': 90, 'bagging_fraction': 0.8121404616852161, 'reg_alpha': 0.7353454035789071, 'reg_lambda': 1.2146215929455055}. Best is trial 3 with value: 0.20282445458633797.\n",
      "[I 2026-07-30 15:15:47,788] Trial 23 finished with value: 0.20177207178770193 and parameters: {'num_leaves': 7, 'min_data_in_leaf': 110, 'bagging_fraction': 0.7510230557654575, 'reg_alpha': 0.6541497503584202, 'reg_lambda': 1.249984659867461}. Best is trial 3 with value: 0.20282445458633797.\n",
      "[I 2026-07-30 15:16:00,077] Trial 24 finished with value: 0.2016809553033009 and parameters: {'num_leaves': 12, 'min_data_in_leaf': 96, 'bagging_fraction': 0.7888774975268976, 'reg_alpha': 0.4284546214338753, 'reg_lambda': 0.8475809273440642}. Best is trial 3 with value: 0.20282445458633797.\n",
      "[I 2026-07-30 15:16:11,346] Trial 25 finished with value: 0.20114233447795016 and parameters: {'num_leaves': 8, 'min_data_in_leaf': 149, 'bagging_fraction': 0.8225634254132422, 'reg_alpha': 0.7787547439912645, 'reg_lambda': 1.3574081698856781}. Best is trial 3 with value: 0.20282445458633797.\n",
      "[I 2026-07-30 15:16:22,735] Trial 26 finished with value: 0.20145606360187243 and parameters: {'num_leaves': 15, 'min_data_in_leaf': 128, 'bagging_fraction': 0.7806024505379288, 'reg_alpha': 0.4646530311955337, 'reg_lambda': 0.4515457399879006}. Best is trial 3 with value: 0.20282445458633797.\n",
      "[I 2026-07-30 15:16:37,507] Trial 27 finished with value: 0.20245892968876222 and parameters: {'num_leaves': 9, 'min_data_in_leaf': 110, 'bagging_fraction': 0.8284849769307594, 'reg_alpha': 1.4968569349239216, 'reg_lambda': 0.5516307568961293}. Best is trial 3 with value: 0.20282445458633797.\n",
      "[I 2026-07-30 15:16:47,273] Trial 28 finished with value: 0.20132351950587496 and parameters: {'num_leaves': 9, 'min_data_in_leaf': 113, 'bagging_fraction': 0.8320916052595418, 'reg_alpha': 1.4710675901609174, 'reg_lambda': 0.5833803541707635}. Best is trial 3 with value: 0.20282445458633797.\n",
      "[I 2026-07-30 15:16:58,544] Trial 29 finished with value: 0.20202845631487582 and parameters: {'num_leaves': 15, 'min_data_in_leaf': 134, 'bagging_fraction': 0.7840630461459612, 'reg_alpha': 1.3581948614406656, 'reg_lambda': 0.16972727166976787}. Best is trial 3 with value: 0.20282445458633797.\n",
      "[I 2026-07-30 15:17:11,403] Trial 30 finished with value: 0.19917757122588559 and parameters: {'num_leaves': 11, 'min_data_in_leaf': 106, 'bagging_fraction': 0.7430756088923796, 'reg_alpha': 1.265185503725074, 'reg_lambda': 0.3997185223585472}. Best is trial 3 with value: 0.20282445458633797.\n",
      "[I 2026-07-30 15:17:23,302] Trial 31 finished with value: 0.20188820783369738 and parameters: {'num_leaves': 8, 'min_data_in_leaf': 90, 'bagging_fraction': 0.7973425392343644, 'reg_alpha': 0.9881846616026566, 'reg_lambda': 1.181690721138956}. Best is trial 3 with value: 0.20282445458633797.\n",
      "[I 2026-07-30 15:17:37,831] Trial 32 finished with value: 0.20077589929896514 and parameters: {'num_leaves': 9, 'min_data_in_leaf': 122, 'bagging_fraction': 0.8229774851216425, 'reg_alpha': 1.1031968617369712, 'reg_lambda': 0.9291265121993004}. Best is trial 3 with value: 0.20282445458633797.\n",
      "[I 2026-07-30 15:17:50,797] Trial 33 finished with value: 0.20124423227711583 and parameters: {'num_leaves': 7, 'min_data_in_leaf': 88, 'bagging_fraction': 0.8096318993313925, 'reg_alpha': 0.9297056062436294, 'reg_lambda': 0.7507261128890423}. Best is trial 3 with value: 0.20282445458633797.\n",
      "[I 2026-07-30 15:18:06,214] Trial 34 finished with value: 0.1989700973959649 and parameters: {'num_leaves': 12, 'min_data_in_leaf': 95, 'bagging_fraction': 0.8494410606128078, 'reg_alpha': 0.7217569142374486, 'reg_lambda': 1.1177093895852968}. Best is trial 3 with value: 0.20282445458633797.\n",
      "[I 2026-07-30 15:18:16,089] Trial 35 finished with value: 0.20163825997320245 and parameters: {'num_leaves': 11, 'min_data_in_leaf': 105, 'bagging_fraction': 0.7054844671069334, 'reg_alpha': 0.8507288880715945, 'reg_lambda': 1.3314735145060117}. Best is trial 3 with value: 0.20282445458633797.\n",
      "[I 2026-07-30 15:18:27,304] Trial 36 finished with value: 0.20112148003867322 and parameters: {'num_leaves': 9, 'min_data_in_leaf': 119, 'bagging_fraction': 0.7765605267851436, 'reg_alpha': 0.49599300474115593, 'reg_lambda': 0.1903232092690542}. Best is trial 3 with value: 0.20282445458633797.\n",
      "[I 2026-07-30 15:18:41,138] Trial 37 finished with value: 0.202773701726505 and parameters: {'num_leaves': 7, 'min_data_in_leaf': 130, 'bagging_fraction': 0.8061160980272198, 'reg_alpha': 0.6854748520437419, 'reg_lambda': 0.5668686552460162}. Best is trial 3 with value: 0.20282445458633797.\n",
      "[I 2026-07-30 15:18:53,961] Trial 38 finished with value: 0.2012230256883753 and parameters: {'num_leaves': 18, 'min_data_in_leaf': 130, 'bagging_fraction': 0.7464100767805738, 'reg_alpha': 1.2660682572544917, 'reg_lambda': 0.5811551952240664}. Best is trial 3 with value: 0.20282445458633797.\n",
      "[I 2026-07-30 15:19:06,907] Trial 39 finished with value: 0.2021124892504301 and parameters: {'num_leaves': 14, 'min_data_in_leaf': 149, 'bagging_fraction': 0.8295981990973074, 'reg_alpha': 0.9508094683125263, 'reg_lambda': 0.3361571239863671}. Best is trial 3 with value: 0.20282445458633797.\n",
      "[I 2026-07-30 15:19:20,700] Trial 40 finished with value: 0.20055400889134792 and parameters: {'num_leaves': 10, 'min_data_in_leaf': 147, 'bagging_fraction': 0.8015001004286583, 'reg_alpha': 1.0808004253893677, 'reg_lambda': 0.4831448857236038}. Best is trial 3 with value: 0.20282445458633797.\n",
      "[I 2026-07-30 15:19:32,564] Trial 41 finished with value: 0.20079170059962775 and parameters: {'num_leaves': 8, 'min_data_in_leaf': 111, 'bagging_fraction': 0.8110198397254708, 'reg_alpha': 0.6756884793195266, 'reg_lambda': 0.5913957919812015}. Best is trial 3 with value: 0.20282445458633797.\n",
      "[I 2026-07-30 15:19:45,797] Trial 42 finished with value: 0.20289769129337804 and parameters: {'num_leaves': 7, 'min_data_in_leaf': 99, 'bagging_fraction': 0.7939886556066955, 'reg_alpha': 0.7476791640878513, 'reg_lambda': 0.7362562974594916}. Best is trial 42 with value: 0.20289769129337804.\n",
      "[I 2026-07-30 15:19:57,570] Trial 43 finished with value: 0.20108566760385055 and parameters: {'num_leaves': 8, 'min_data_in_leaf': 101, 'bagging_fraction': 0.7927454006858252, 'reg_alpha': 0.8441626104916714, 'reg_lambda': 0.6682910312284643}. Best is trial 42 with value: 0.20289769129337804.\n",
      "[I 2026-07-30 15:20:08,434] Trial 44 finished with value: 0.20104381039458685 and parameters: {'num_leaves': 10, 'min_data_in_leaf': 116, 'bagging_fraction': 0.8339135977861379, 'reg_alpha': 0.6309842996274397, 'reg_lambda': 0.7973530011090458}. Best is trial 42 with value: 0.20289769129337804.\n",
      "[I 2026-07-30 15:20:20,328] Trial 45 finished with value: 0.20123588156521627 and parameters: {'num_leaves': 7, 'min_data_in_leaf': 132, 'bagging_fraction': 0.7703025893544413, 'reg_alpha': 0.5573149197660479, 'reg_lambda': 0.3577165660598018}. Best is trial 42 with value: 0.20289769129337804.\n",
      "[I 2026-07-30 15:20:30,222] Trial 46 finished with value: 0.2010668835539775 and parameters: {'num_leaves': 11, 'min_data_in_leaf': 142, 'bagging_fraction': 0.7374029319502168, 'reg_alpha': 0.7943970277927365, 'reg_lambda': 0.7612633130955127}. Best is trial 42 with value: 0.20289769129337804.\n",
      "[I 2026-07-30 15:20:41,435] Trial 47 finished with value: 0.2030183431833165 and parameters: {'num_leaves': 9, 'min_data_in_leaf': 123, 'bagging_fraction': 0.7098360325416165, 'reg_alpha': 1.4300835127473512, 'reg_lambda': 0.2795331065599044}. Best is trial 47 with value: 0.2030183431833165.\n",
      "[I 2026-07-30 15:20:51,435] Trial 48 finished with value: 0.20145360383943506 and parameters: {'num_leaves': 12, 'min_data_in_leaf': 121, 'bagging_fraction': 0.6624914057708337, 'reg_alpha': 1.1968731329885443, 'reg_lambda': 0.13028851804945477}. Best is trial 47 with value: 0.2030183431833165.\n",
      "[I 2026-07-30 15:21:02,084] Trial 49 finished with value: 0.20130473647017472 and parameters: {'num_leaves': 8, 'min_data_in_leaf': 137, 'bagging_fraction': 0.7066821169110641, 'reg_alpha': 1.3918822176802934, 'reg_lambda': 0.2904855091306383}. Best is trial 47 with value: 0.2030183431833165.\n",
      "[I 2026-07-30 15:21:13,495] Trial 50 finished with value: 0.1982908140246829 and parameters: {'num_leaves': 30, 'min_data_in_leaf': 125, 'bagging_fraction': 0.7231002885964832, 'reg_alpha': 0.3579259044152776, 'reg_lambda': 0.42963417405668936}. Best is trial 47 with value: 0.2030183431833165.\n",
      "[I 2026-07-30 15:21:24,494] Trial 51 finished with value: 0.20281496389308545 and parameters: {'num_leaves': 9, 'min_data_in_leaf': 111, 'bagging_fraction': 0.7563388743975076, 'reg_alpha': 1.4783717028702594, 'reg_lambda': 0.5247795140255929}. Best is trial 47 with value: 0.2030183431833165.\n",
      "[I 2026-07-30 15:21:34,729] Trial 52 finished with value: 0.2020378292031968 and parameters: {'num_leaves': 10, 'min_data_in_leaf': 99, 'bagging_fraction': 0.756089127783378, 'reg_alpha': 1.343527402688985, 'reg_lambda': 0.29809083250831087}. Best is trial 47 with value: 0.2030183431833165.\n",
      "[I 2026-07-30 15:21:45,367] Trial 53 finished with value: 0.19800067037259622 and parameters: {'num_leaves': 7, 'min_data_in_leaf': 192, 'bagging_fraction': 0.6889498112332668, 'reg_alpha': 1.312060933695801, 'reg_lambda': 0.6391471002016905}. Best is trial 47 with value: 0.2030183431833165.\n",
